**** The Simulator log: stage 2
0.0,OOP_Ex0_Elevator_Simulator
0.0,Simulated Building, ex0.simulator.Builging_A [-2,10]
0) ex0.simulator.Elevator_A, Elev_0, speed: 1.0, open/close: 2.0,  start/stop: 3.0
1) ex0.simulator.Elevator_A, Elev_1, speed: 1.0, open/close: 2.0,  start/stop: 3.0
0.0,Simulated Period starTime,0.0,  endTime,1000.0,  dt,1.0
0.0,Simulated  calls,Elevetor log, size: 100
0.0,**** Simulation starts!! ****
0.0, elevID,0,  pos,-2,  cmd, goto,4
0.0, elevID,1,  pos,-2,  cmd, goto,1
5.0,Elevator call,4.374727290393253,0,-1,1,0, got allocated to elevator, 0
7.0, elevID,0,  pos,0,  cmd, stop,0
12.0,Elev,0,  arrived at src, 0, Elevator call,4.374727290393253,0,-1,2,0
12.0, elevID,0,  pos,0,  cmd, goto,2
13.0, elevID,1,  pos,1,  cmd, goto,2
17.0,Elevator call,16.957882888088932,-1,0,1,0, got allocated to elevator, 0
, elevID,0,  pos,0,  WRONG cmd, stop,-1,  the elevator is not moving!
23.0,Elevator call,22.094056301593582,0,-1,1,0, got allocated to elevator, 0
, elevID,0,  pos,2,  WRONG cmd, stop,0,  the elevator is not moving!
24.0, elevID,0,  pos,2,  cmd, goto,4
24.0, elevID,1,  pos,2,  cmd, goto,7
36.0, elevID,0,  pos,4,  cmd, goto,-1
39.0, elevID,1,  pos,7,  cmd, goto,0
51.0,Elev,0,  arrived at dest, -1, this call is done!, Elevator call,4.374727290393253,0,-1,3,0, Done, dt, 46.62527270960675
51.0,Elev,0,  arrived at src, -1, Elevator call,16.957882888088932,-1,0,2,0
51.0, elevID,0,  pos,-1,  cmd, goto,3
56.0, elevID,1,  pos,0,  cmd, goto,2
65.0, elevID,0,  pos,3,  cmd, goto,8
68.0, elevID,1,  pos,2,  cmd, goto,6
80.0, elevID,0,  pos,8,  cmd, goto,7
82.0, elevID,1,  pos,6,  cmd, goto,6
82.0, elevID,1,  pos,6,  cmd, goto,2
86.0,Elevator call,85.5209666204754,3,2,1,1, got allocated to elevator, 1
, elevID,1,  pos,3,  cmd, stop,3
91.0, elevID,0,  pos,7,  cmd, goto,5
92.0,Elevator call,91.21019413453945,-1,-2,1,1, got allocated to elevator, 1
95.0,Elev,1,  arrived at src, 3, Elevator call,85.5209666204754,3,2,2,1
95.0, elevID,1,  pos,3,  cmd, goto,-1
103.0, elevID,0,  pos,5,  cmd, goto,9
, elevID,1,  pos,-1,  WRONG cmd, stop,-1,  the elevator is not moving!
105.0,Elevator call,104.13701241869234,0,4,1,1, got allocated to elevator, 1
, elevID,1,  pos,-1,  WRONG cmd, stop,0,  the elevator is not moving!
109.0,Elev,1,  arrived at src, -1, Elevator call,91.21019413453945,-1,-2,2,1
109.0, elevID,1,  pos,-1,  cmd, goto,1
110.0,Elevator call,109.21352909346587,-1,0,1,1, got allocated to elevator, 1
110.0, elevID,1,  pos,-1,  cmd, stop,-1
115.0,Elevator call,114.39235096774041,3,0,1,1, got allocated to elevator, 1
117.0, elevID,0,  pos,9,  cmd, goto,3
119.0,Elev,1,  arrived at src, -1, Elevator call,109.21352909346587,-1,0,2,1
, elevID,1,  pos,-1,  WRONG cmd, stop,3,  the elevator is not moving!
120.0, elevID,1,  pos,-1,  cmd, goto,0
125.0,Elevator call,124.42557095980362,0,9,1,1, got allocated to elevator, 1
, elevID,1,  pos,0,  WRONG cmd, stop,0,  the elevator is not moving!
131.0,Elevator call,130.02495678190564,8,10,1,0, got allocated to elevator, 0
131.0,Elevator call,130.224911275492,-1,1,1,1, got allocated to elevator, 1
, elevID,0,  pos,3,  WRONG cmd, stop,8,  the elevator is not moving!
131.0,Elev,1,  arrived at src, 0, Elevator call,104.13701241869234,0,4,2,1
131.0,Elev,1,  arrived at dest, 0, this call is done!, Elevator call,109.21352909346587,-1,0,3,1, Done, dt, 21.786470906534134
131.0,Elev,1,  arrived at src, 0, Elevator call,124.42557095980362,0,9,2,1
131.0, elevID,1,  pos,0,  cmd, goto,-1
133.0, elevID,0,  pos,3,  cmd, goto,9
, elevID,1,  pos,-1,  WRONG cmd, stop,-1,  the elevator is not moving!
138.0,Elevator call,137.9515274326701,0,4,1,1, got allocated to elevator, 1
, elevID,1,  pos,-1,  WRONG cmd, stop,0,  the elevator is not moving!
142.0,Elev,1,  arrived at src, -1, Elevator call,130.224911275492,-1,1,2,1
142.0, elevID,1,  pos,-1,  cmd, goto,6
144.0,Elevator call,143.91335838799415,0,6,1,1, got allocated to elevator, 1
148.0, elevID,1,  pos,0,  cmd, stop,0
149.0, elevID,0,  pos,9,  cmd, goto,5
153.0,Elev,1,  arrived at src, 0, Elevator call,137.9515274326701,0,4,2,1
153.0,Elev,1,  arrived at src, 0, Elevator call,143.91335838799415,0,6,2,1
153.0, elevID,1,  pos,0,  cmd, goto,0
153.0, elevID,1,  pos,0,  cmd, goto,8
163.0, elevID,0,  pos,5,  cmd, goto,7
170.0,Elevator call,169.78458339380109,-1,0,1,0, got allocated to elevator, 0
, elevID,0,  pos,7,  WRONG cmd, stop,-1,  the elevator is not moving!
171.0,Elevator call,170.0099620835246,0,6,1,0, got allocated to elevator, 0
, elevID,0,  pos,7,  WRONG cmd, stop,0,  the elevator is not moving!
171.0, elevID,1,  pos,8,  cmd, goto,6
172.0,Elevator call,171.21173315221364,-1,8,1,0, got allocated to elevator, 0
, elevID,0,  pos,7,  WRONG cmd, stop,-1,  the elevator is not moving!
175.0,Elevator call,174.84385152106802,0,-1,1,0, got allocated to elevator, 0
175.0, elevID,0,  pos,7,  cmd, goto,0
183.0,Elev,1,  arrived at dest, 6, this call is done!, Elevator call,143.91335838799415,0,6,3,1, Done, dt, 39.08664161200585
183.0, elevID,1,  pos,6,  cmd, goto,2
, elevID,0,  pos,0,  WRONG cmd, stop,0,  the elevator is not moving!
188.0,Elevator call,187.11678617348463,-1,-2,1,0, got allocated to elevator, 0
188.0,Elevator call,187.7299317966884,-1,-2,1,0, got allocated to elevator, 0
192.0,Elev,0,  arrived at dest, 0, this call is done!, Elevator call,16.957882888088932,-1,0,3,0, Done, dt, 175.04211711191107
192.0,Elev,0,  arrived at src, 0, Elevator call,22.094056301593582,0,-1,2,0
192.0,Elev,0,  arrived at src, 0, Elevator call,170.0099620835246,0,6,2,0
192.0,Elev,0,  arrived at src, 0, Elevator call,174.84385152106802,0,-1,2,0
192.0, elevID,0,  pos,0,  cmd, goto,-1
196.0,Elevator call,195.90869649656992,0,7,1,0, got allocated to elevator, 0
197.0,Elev,1,  arrived at dest, 2, this call is done!, Elevator call,85.5209666204754,3,2,3,1, Done, dt, 111.4790333795246
197.0, elevID,1,  pos,2,  cmd, goto,6
198.0,Elevator call,197.5359191292572,-1,1,1,0, got allocated to elevator, 0
, elevID,0,  pos,-1,  WRONG cmd, stop,-1,  the elevator is not moving!
, elevID,0,  pos,-1,  WRONG cmd, stop,-1,  the elevator is not moving!
, elevID,0,  pos,-1,  WRONG cmd, stop,-1,  the elevator is not moving!
, elevID,0,  pos,-1,  WRONG cmd, stop,0,  the elevator is not moving!
203.0,Elev,0,  arrived at dest, -1, this call is done!, Elevator call,22.094056301593582,0,-1,3,0, Done, dt, 180.90594369840642
203.0,Elev,0,  arrived at src, -1, Elevator call,169.78458339380109,-1,0,2,0
203.0,Elev,0,  arrived at src, -1, Elevator call,171.21173315221364,-1,8,2,0
203.0,Elev,0,  arrived at dest, -1, this call is done!, Elevator call,174.84385152106802,0,-1,3,0, Done, dt, 28.156148478931982
203.0,Elev,0,  arrived at src, -1, Elevator call,187.11678617348463,-1,-2,2,0
203.0,Elev,0,  arrived at src, -1, Elevator call,187.7299317966884,-1,-2,2,0
203.0,Elev,0,  arrived at src, -1, Elevator call,197.5359191292572,-1,1,2,0
203.0, elevID,0,  pos,-1,  cmd, goto,7
206.0,Elevator call,205.9895199338651,-1,0,1,0, got allocated to elevator, 0
206.0, elevID,0,  pos,-1,  cmd, stop,-1
211.0, elevID,1,  pos,6,  cmd, goto,9
213.0,Elev,0,  arrived at src, -1, Elevator call,205.9895199338651,-1,0,2,0
213.0, elevID,0,  pos,-1,  cmd, goto,-1
213.0, elevID,0,  pos,-1,  cmd, goto,-1
214.0, elevID,0,  pos,-1,  cmd, goto,3
224.0,Elev,1,  arrived at dest, 9, this call is done!, Elevator call,124.42557095980362,0,9,3,1, Done, dt, 99.57442904019638
224.0, elevID,1,  pos,9,  cmd, goto,1
228.0,Elevator call,227.0798304557929,-1,5,1,0, got allocated to elevator, 0
228.0, elevID,0,  pos,3,  cmd, goto,-1
232.0,Elevator call,231.51578817426258,-1,0,1,1, got allocated to elevator, 1
233.0,Elevator call,232.95043623946805,0,-1,1,0, got allocated to elevator, 0
, elevID,0,  pos,-1,  WRONG cmd, stop,-1,  the elevator is not moving!
, elevID,0,  pos,-1,  WRONG cmd, stop,0,  the elevator is not moving!
242.0,Elev,0,  arrived at src, -1, Elevator call,227.0798304557929,-1,5,2,0
242.0, elevID,0,  pos,-1,  cmd, goto,3
242.0,Elev,1,  arrived at dest, 1, this call is done!, Elevator call,130.224911275492,-1,1,3,1, Done, dt, 111.77508872450801
242.0, elevID,1,  pos,1,  cmd, goto,-1
, elevID,1,  pos,-1,  WRONG cmd, stop,-1,  the elevator is not moving!
252.0,Elevator call,251.10444690749756,-1,-2,1,1, got allocated to elevator, 1
252.0,Elevator call,251.23593354161653,0,9,1,1, got allocated to elevator, 1
, elevID,1,  pos,-1,  WRONG cmd, stop,-1,  the elevator is not moving!
, elevID,1,  pos,-1,  WRONG cmd, stop,0,  the elevator is not moving!
254.0,Elev,1,  arrived at src, -1, Elevator call,231.51578817426258,-1,0,2,1
254.0,Elev,1,  arrived at src, -1, Elevator call,251.10444690749756,-1,-2,2,1
254.0, elevID,1,  pos,-1,  cmd, goto,5
255.0,Elevator call,254.69771525200505,3,4,1,0, got allocated to elevator, 0
, elevID,0,  pos,3,  WRONG cmd, stop,3,  the elevator is not moving!
256.0,Elev,0,  arrived at src, 3, Elevator call,254.69771525200505,3,4,2,0
256.0, elevID,0,  pos,3,  cmd, goto,-2
258.0,Elevator call,257.7974435335086,-1,0,1,1, got allocated to elevator, 1
258.0, elevID,1,  pos,-1,  cmd, stop,-1
264.0,Elev,1,  arrived at src, -1, Elevator call,257.7974435335086,-1,0,2,1
264.0, elevID,1,  pos,-1,  cmd, goto,3
271.0,Elev,0,  arrived at dest, -2, this call is done!, Elevator call,187.11678617348463,-1,-2,3,0, Done, dt, 83.88321382651537
271.0,Elev,0,  arrived at dest, -2, this call is done!, Elevator call,187.7299317966884,-1,-2,3,0, Done, dt, 83.27006820331161
271.0, elevID,0,  pos,-2,  cmd, goto,-2
271.0, elevID,0,  pos,-2,  cmd, goto,8
278.0,Elev,1,  arrived at src, 3, Elevator call,114.39235096774041,3,0,2,1
278.0, elevID,1,  pos,3,  cmd, goto,0
291.0,Elev,0,  arrived at src, 8, Elevator call,130.02495678190564,8,10,2,0
291.0,Elev,0,  arrived at dest, 8, this call is done!, Elevator call,171.21173315221364,-1,8,3,0, Done, dt, 119.78826684778636
291.0, elevID,0,  pos,8,  cmd, goto,6
291.0,Elev,1,  arrived at dest, 0, this call is done!, Elevator call,114.39235096774041,3,0,3,1, Done, dt, 176.6076490322596
291.0,Elev,1,  arrived at dest, 0, this call is done!, Elevator call,231.51578817426258,-1,0,3,1, Done, dt, 59.48421182573742
291.0,Elev,1,  arrived at src, 0, Elevator call,251.23593354161653,0,9,2,1
291.0,Elev,1,  arrived at dest, 0, this call is done!, Elevator call,257.7974435335086,-1,0,3,1, Done, dt, 33.20255646649139
291.0, elevID,1,  pos,0,  cmd, goto,3
296.0,Elevator call,295.7943356681491,0,1,1,1, got allocated to elevator, 1
296.0, elevID,1,  pos,0,  cmd, stop,0
301.0,Elev,1,  arrived at src, 0, Elevator call,295.7943356681491,0,1,2,1
301.0, elevID,1,  pos,0,  cmd, goto,6
303.0,Elev,0,  arrived at dest, 6, this call is done!, Elevator call,170.0099620835246,0,6,3,0, Done, dt, 132.9900379164754
303.0, elevID,0,  pos,6,  cmd, goto,-2
305.0,Elevator call,304.99843880775313,6,0,1,0, got allocated to elevator, 0
, elevID,0,  pos,6,  cmd, stop,6
310.0,Elevator call,309.30053828560517,0,-1,1,1, got allocated to elevator, 1
, elevID,1,  pos,4,  WRONG cmd, stop,0,  the elevator is not moving!
313.0,Elevator call,312.30185564398687,0,-1,1,0, got allocated to elevator, 0
313.0,Elev,0,  arrived at src, 6, Elevator call,304.99843880775313,6,0,2,0
313.0, elevID,0,  pos,6,  cmd, goto,0
317.0,Elevator call,316.03237827404377,0,-1,1,1, got allocated to elevator, 1
317.0, elevID,1,  pos,6,  cmd, goto,0
320.0,Elevator call,319.90520204415634,6,5,1,1, got allocated to elevator, 1
321.0,Elevator call,320.97607492210807,-1,0,1,0, got allocated to elevator, 0
322.0,Elevator call,321.37040904796595,7,-1,1,1, got allocated to elevator, 1
, elevID,1,  pos,0,  WRONG cmd, stop,0,  the elevator is not moving!
329.0,Elev,0,  arrived at dest, 0, this call is done!, Elevator call,169.78458339380109,-1,0,3,0, Done, dt, 159.21541660619891
329.0,Elev,0,  arrived at src, 0, Elevator call,195.90869649656992,0,7,2,0
329.0,Elev,0,  arrived at dest, 0, this call is done!, Elevator call,205.9895199338651,-1,0,3,0, Done, dt, 123.0104800661349
329.0,Elev,0,  arrived at src, 0, Elevator call,232.95043623946805,0,-1,2,0
329.0,Elev,0,  arrived at dest, 0, this call is done!, Elevator call,304.99843880775313,6,0,3,0, Done, dt, 24.001561192246868
329.0,Elev,0,  arrived at src, 0, Elevator call,312.30185564398687,0,-1,2,0
329.0, elevID,0,  pos,0,  cmd, goto,-1
, elevID,1,  pos,0,  WRONG cmd, stop,6,  the elevator is not moving!
, elevID,1,  pos,0,  WRONG cmd, stop,7,  the elevator is not moving!
333.0,Elevator call,332.4267319393355,0,10,1,0, got allocated to elevator, 0
, elevID,0,  pos,0,  cmd, stop,0
333.0,Elev,1,  arrived at src, 0, Elevator call,309.30053828560517,0,-1,2,1
333.0,Elev,1,  arrived at src, 0, Elevator call,316.03237827404377,0,-1,2,1
333.0, elevID,1,  pos,0,  cmd, goto,-1
337.0,Elevator call,336.93043046159545,-1,0,1,1, got allocated to elevator, 1
339.0,Elev,0,  arrived at src, 0, Elevator call,332.4267319393355,0,10,2,0
339.0, elevID,0,  pos,0,  cmd, goto,-1
, elevID,1,  pos,-1,  WRONG cmd, stop,-1,  the elevator is not moving!
344.0,Elev,1,  arrived at dest, -1, this call is done!, Elevator call,309.30053828560517,0,-1,3,1, Done, dt, 34.69946171439483
344.0,Elev,1,  arrived at dest, -1, this call is done!, Elevator call,316.03237827404377,0,-1,3,1, Done, dt, 27.967621725956235
344.0,Elev,1,  arrived at src, -1, Elevator call,336.93043046159545,-1,0,2,1
344.0, elevID,1,  pos,-1,  cmd, goto,4
, elevID,0,  pos,-1,  WRONG cmd, stop,-1,  the elevator is not moving!
, elevID,0,  pos,-1,  WRONG cmd, stop,0,  the elevator is not moving!
350.0,Elev,0,  arrived at dest, -1, this call is done!, Elevator call,232.95043623946805,0,-1,3,0, Done, dt, 117.04956376053195
350.0,Elev,0,  arrived at dest, -1, this call is done!, Elevator call,312.30185564398687,0,-1,3,0, Done, dt, 37.69814435601313
350.0,Elev,0,  arrived at src, -1, Elevator call,320.97607492210807,-1,0,2,0
350.0, elevID,0,  pos,-1,  cmd, goto,6
359.0,Elev,1,  arrived at dest, 4, this call is done!, Elevator call,104.13701241869234,0,4,3,1, Done, dt, 254.86298758130766
359.0,Elev,1,  arrived at dest, 4, this call is done!, Elevator call,137.9515274326701,0,4,3,1, Done, dt, 221.0484725673299
359.0, elevID,1,  pos,4,  cmd, goto,2
367.0, elevID,0,  pos,6,  cmd, goto,-2
371.0, elevID,1,  pos,2,  cmd, goto,1
376.0,Elevator call,375.49048095381363,1,0,1,0, got allocated to elevator, 0
, elevID,0,  pos,1,  cmd, stop,1
382.0,Elev,0,  arrived at dest, 1, this call is done!, Elevator call,197.5359191292572,-1,1,3,0, Done, dt, 184.4640808707428
382.0,Elev,0,  arrived at src, 1, Elevator call,375.49048095381363,1,0,2,0
382.0, elevID,0,  pos,1,  cmd, goto,8
382.0,Elev,1,  arrived at dest, 1, this call is done!, Elevator call,295.7943356681491,0,1,3,1, Done, dt, 86.20566433185093
382.0, elevID,1,  pos,1,  cmd, goto,1
382.0, elevID,1,  pos,1,  cmd, goto,2
393.0,Elevator call,392.5160764870397,0,5,1,1, got allocated to elevator, 1
393.0, elevID,1,  pos,2,  cmd, goto,0
399.0, elevID,0,  pos,8,  cmd, goto,6
, elevID,1,  pos,0,  WRONG cmd, stop,0,  the elevator is not moving!
405.0,Elev,1,  arrived at dest, 0, this call is done!, Elevator call,336.93043046159545,-1,0,3,1, Done, dt, 68.06956953840455
405.0,Elev,1,  arrived at src, 0, Elevator call,392.5160764870397,0,5,2,1
405.0, elevID,1,  pos,0,  cmd, goto,0
405.0, elevID,1,  pos,0,  cmd, goto,1
406.0,Elevator call,405.1821140884023,-1,10,1,1, got allocated to elevator, 1
, elevID,1,  pos,0,  WRONG cmd, stop,-1,  the elevator is not moving!
411.0, elevID,0,  pos,6,  cmd, goto,5
416.0, elevID,1,  pos,1,  cmd, goto,-2
422.0,Elev,0,  arrived at dest, 5, this call is done!, Elevator call,227.0798304557929,-1,5,3,0, Done, dt, 194.9201695442071
422.0, elevID,0,  pos,5,  cmd, goto,-1
427.0,Elevator call,426.8615805478589,2,0,1,0, got allocated to elevator, 0
429.0,Elev,1,  arrived at dest, -2, this call is done!, Elevator call,91.21019413453945,-1,-2,3,1, Done, dt, 337.78980586546055
429.0,Elev,1,  arrived at dest, -2, this call is done!, Elevator call,251.10444690749756,-1,-2,3,1, Done, dt, 177.89555309250244
429.0, elevID,1,  pos,-2,  cmd, goto,7
, elevID,0,  pos,2,  cmd, stop,2
435.0,Elev,0,  arrived at src, 2, Elevator call,426.8615805478589,2,0,2,0
435.0, elevID,0,  pos,2,  cmd, goto,8
438.0,Elevator call,437.17111576125836,1,0,1,0, got allocated to elevator, 0
, elevID,0,  pos,2,  WRONG cmd, stop,1,  the elevator is not moving!
448.0,Elev,1,  arrived at src, 7, Elevator call,321.37040904796595,7,-1,2,1
448.0, elevID,1,  pos,7,  cmd, goto,-1
451.0, elevID,0,  pos,8,  cmd, goto,7
462.0,Elev,0,  arrived at dest, 7, this call is done!, Elevator call,195.90869649656992,0,7,3,0, Done, dt, 266.0913035034301
462.0, elevID,0,  pos,7,  cmd, goto,0
466.0,Elev,1,  arrived at dest, -1, this call is done!, Elevator call,321.37040904796595,7,-1,3,1, Done, dt, 144.62959095203405
466.0,Elev,1,  arrived at src, -1, Elevator call,405.1821140884023,-1,10,2,1
466.0, elevID,1,  pos,-1,  cmd, goto,9
473.0,Elevator call,472.7445473930129,10,-1,1,0, got allocated to elevator, 0
, elevID,0,  pos,1,  WRONG cmd, stop,10,  the elevator is not moving!
479.0,Elev,0,  arrived at dest, 0, this call is done!, Elevator call,320.97607492210807,-1,0,3,0, Done, dt, 158.02392507789193
479.0,Elev,0,  arrived at dest, 0, this call is done!, Elevator call,375.49048095381363,1,0,3,0, Done, dt, 103.50951904618637
479.0,Elev,0,  arrived at dest, 0, this call is done!, Elevator call,426.8615805478589,2,0,3,0, Done, dt, 52.13841945214108
479.0, elevID,0,  pos,0,  cmd, goto,5
486.0,Elev,1,  arrived at dest, 9, this call is done!, Elevator call,251.23593354161653,0,9,3,1, Done, dt, 234.76406645838347
486.0, elevID,1,  pos,9,  cmd, goto,1
494.0, elevID,0,  pos,5,  cmd, goto,8
501.0,Elevator call,500.3712044996745,8,-1,1,0, got allocated to elevator, 0
, elevID,0,  pos,8,  WRONG cmd, stop,8,  the elevator is not moving!
504.0,Elevator call,503.13847841893045,1,-1,1,1, got allocated to elevator, 1
504.0,Elev,1,  arrived at src, 1, Elevator call,503.13847841893045,1,-1,2,1
, elevID,1,  pos,1,  WRONG cmd, stop,1,  the elevator is not moving!
505.0,Elevator call,504.4317942159655,0,-1,1,1, got allocated to elevator, 1
505.0, elevID,1,  pos,1,  cmd, goto,0
507.0,Elev,0,  arrived at src, 8, Elevator call,500.3712044996745,8,-1,2,0
507.0, elevID,0,  pos,8,  cmd, goto,-2
, elevID,1,  pos,0,  WRONG cmd, stop,0,  the elevator is not moving!
516.0,Elev,1,  arrived at src, 0, Elevator call,504.4317942159655,0,-1,2,1
516.0, elevID,1,  pos,0,  cmd, goto,4
527.0, elevID,0,  pos,-2,  cmd, goto,-2
527.0, elevID,0,  pos,-2,  cmd, goto,0
530.0,Elevator call,529.6277472128405,3,-1,1,1, got allocated to elevator, 1
530.0, elevID,1,  pos,4,  cmd, goto,3
, elevID,1,  pos,3,  WRONG cmd, stop,3,  the elevator is not moving!
538.0,Elevator call,537.7866883694313,-1,6,1,0, got allocated to elevator, 0
, elevID,0,  pos,0,  WRONG cmd, stop,-1,  the elevator is not moving!
539.0, elevID,0,  pos,0,  cmd, goto,8
541.0,Elev,1,  arrived at src, 3, Elevator call,529.6277472128405,3,-1,2,1
541.0, elevID,1,  pos,3,  cmd, goto,5
545.0,Elevator call,544.7880392034898,6,-1,1,1, got allocated to elevator, 1
553.0,Elev,1,  arrived at dest, 5, this call is done!, Elevator call,392.5160764870397,0,5,3,1, Done, dt, 160.4839235129603
, elevID,1,  pos,5,  WRONG cmd, stop,6,  the elevator is not moving!
554.0, elevID,1,  pos,5,  cmd, goto,7
555.0,Elevator call,554.0892922920482,4,0,1,1, got allocated to elevator, 1
, elevID,1,  pos,5,  WRONG cmd, stop,4,  the elevator is not moving!
557.0, elevID,0,  pos,8,  cmd, goto,8
557.0, elevID,0,  pos,8,  cmd, goto,7
558.0,Elevator call,557.2441390036331,10,0,1,0, got allocated to elevator, 0
, elevID,0,  pos,8,  WRONG cmd, stop,10,  the elevator is not moving!
566.0,Elevator call,565.0195521745534,0,-1,1,0, got allocated to elevator, 0
566.0, elevID,1,  pos,7,  cmd, goto,2
568.0, elevID,0,  pos,7,  cmd, goto,0
, elevID,0,  pos,0,  WRONG cmd, stop,0,  the elevator is not moving!
581.0, elevID,1,  pos,2,  cmd, goto,3
582.0,Elevator call,581.8703090238192,0,3,1,0, got allocated to elevator, 0
, elevID,0,  pos,0,  WRONG cmd, stop,0,  the elevator is not moving!
585.0,Elev,0,  arrived at src, 0, Elevator call,565.0195521745534,0,-1,2,0
585.0,Elev,0,  arrived at src, 0, Elevator call,581.8703090238192,0,3,2,0
585.0, elevID,0,  pos,0,  cmd, goto,-1
592.0, elevID,1,  pos,3,  cmd, goto,6
596.0,Elev,0,  arrived at dest, -1, this call is done!, Elevator call,500.3712044996745,8,-1,3,0, Done, dt, 95.62879550032551
596.0,Elev,0,  arrived at src, -1, Elevator call,537.7866883694313,-1,6,2,0
596.0,Elev,0,  arrived at dest, -1, this call is done!, Elevator call,565.0195521745534,0,-1,3,0, Done, dt, 30.980447825446618
596.0, elevID,0,  pos,-1,  cmd, goto,-1
596.0, elevID,0,  pos,-1,  cmd, goto,8
597.0,Elevator call,596.1232022872633,8,0,1,1, got allocated to elevator, 1
601.0,Elevator call,600.9312879686208,1,0,1,0, got allocated to elevator, 0
603.0, elevID,0,  pos,1,  cmd, stop,1
604.0,Elevator call,603.9342326983083,7,0,1,1, got allocated to elevator, 1
605.0,Elev,1,  arrived at src, 6, Elevator call,319.90520204415634,6,5,2,1
605.0,Elev,1,  arrived at src, 6, Elevator call,544.7880392034898,6,-1,2,1
, elevID,1,  pos,6,  WRONG cmd, stop,7,  the elevator is not moving!
605.0, elevID,1,  pos,6,  cmd, goto,8
608.0,Elev,0,  arrived at src, 1, Elevator call,437.17111576125836,1,0,2,0
608.0,Elev,0,  arrived at src, 1, Elevator call,600.9312879686208,1,0,2,0
608.0, elevID,0,  pos,1,  cmd, goto,1
608.0, elevID,0,  pos,1,  cmd, goto,0
, elevID,1,  pos,8,  WRONG cmd, stop,8,  the elevator is not moving!
617.0,Elev,1,  arrived at src, 8, Elevator call,596.1232022872633,8,0,2,1
617.0, elevID,1,  pos,8,  cmd, goto,7
618.0,Elevator call,617.9628338542149,0,3,1,0, got allocated to elevator, 0
, elevID,0,  pos,0,  WRONG cmd, stop,0,  the elevator is not moving!
619.0,Elev,0,  arrived at dest, 0, this call is done!, Elevator call,437.17111576125836,1,0,3,0, Done, dt, 181.82888423874164
619.0,Elev,0,  arrived at dest, 0, this call is done!, Elevator call,600.9312879686208,1,0,3,0, Done, dt, 18.068712031379164
619.0,Elev,0,  arrived at src, 0, Elevator call,617.9628338542149,0,3,2,0
619.0, elevID,0,  pos,0,  cmd, goto,3
620.0,Elevator call,619.6454196970012,9,0,1,1, got allocated to elevator, 1
, elevID,1,  pos,8,  WRONG cmd, stop,9,  the elevator is not moving!
627.0,Elevator call,626.2116172047942,0,1,1,0, got allocated to elevator, 0
, elevID,0,  pos,3,  WRONG cmd, stop,0,  the elevator is not moving!
628.0,Elev,1,  arrived at src, 7, Elevator call,603.9342326983083,7,0,2,1
628.0, elevID,1,  pos,7,  cmd, goto,6
632.0,Elev,0,  arrived at dest, 3, this call is done!, Elevator call,581.8703090238192,0,3,3,0, Done, dt, 50.12969097618077
632.0,Elev,0,  arrived at dest, 3, this call is done!, Elevator call,617.9628338542149,0,3,3,0, Done, dt, 14.037166145785136
632.0, elevID,0,  pos,3,  cmd, goto,-1
639.0, elevID,1,  pos,6,  cmd, goto,7
644.0,Elevator call,643.8547514955396,-1,2,1,0, got allocated to elevator, 0
, elevID,0,  pos,-1,  WRONG cmd, stop,-1,  the elevator is not moving!
646.0,Elev,0,  arrived at src, -1, Elevator call,643.8547514955396,-1,2,2,0
646.0, elevID,0,  pos,-1,  cmd, goto,1
650.0, elevID,1,  pos,7,  cmd, goto,-1
658.0, elevID,0,  pos,1,  cmd, goto,2
661.0,Elevator call,660.0732907797126,6,10,1,0, got allocated to elevator, 0
662.0,Elevator call,661.0420820268716,-1,3,1,1, got allocated to elevator, 1
663.0,Elevator call,662.1730527520776,-1,5,1,1, got allocated to elevator, 1
, elevID,1,  pos,-1,  WRONG cmd, stop,-1,  the elevator is not moving!
, elevID,1,  pos,-1,  WRONG cmd, stop,-1,  the elevator is not moving!
666.0,Elevator call,665.1155548533167,-1,8,1,1, got allocated to elevator, 1
, elevID,1,  pos,-1,  WRONG cmd, stop,-1,  the elevator is not moving!
667.0,Elevator call,666.0340294605869,4,0,1,0, got allocated to elevator, 0
667.0,Elevator call,666.2411586665262,5,-1,1,1, got allocated to elevator, 1
, elevID,1,  pos,-1,  WRONG cmd, stop,5,  the elevator is not moving!
668.0,Elev,1,  arrived at dest, -1, this call is done!, Elevator call,503.13847841893045,1,-1,3,1, Done, dt, 164.86152158106955
668.0,Elev,1,  arrived at dest, -1, this call is done!, Elevator call,504.4317942159655,0,-1,3,1, Done, dt, 163.5682057840345
668.0,Elev,1,  arrived at dest, -1, this call is done!, Elevator call,529.6277472128405,3,-1,3,1, Done, dt, 138.37225278715948
668.0,Elev,1,  arrived at dest, -1, this call is done!, Elevator call,544.7880392034898,6,-1,3,1, Done, dt, 123.2119607965102
668.0,Elev,1,  arrived at src, -1, Elevator call,661.0420820268716,-1,3,2,1
668.0,Elev,1,  arrived at src, -1, Elevator call,662.1730527520776,-1,5,2,1
668.0,Elev,1,  arrived at src, -1, Elevator call,665.1155548533167,-1,8,2,1
668.0, elevID,1,  pos,-1,  cmd, goto,4
669.0,Elev,0,  arrived at dest, 2, this call is done!, Elevator call,643.8547514955396,-1,2,3,0, Done, dt, 25.14524850446037
, elevID,0,  pos,2,  WRONG cmd, stop,4,  the elevator is not moving!
669.0, elevID,0,  pos,2,  cmd, goto,6
673.0,Elevator call,672.677314157026,0,-1,1,1, got allocated to elevator, 1
674.0, elevID,1,  pos,0,  cmd, stop,0
678.0,Elevator call,677.7341948387335,0,-1,1,1, got allocated to elevator, 1
, elevID,0,  pos,6,  WRONG cmd, stop,6,  the elevator is not moving!
, elevID,1,  pos,0,  WRONG cmd, stop,0,  the elevator is not moving!
679.0,Elevator call,678.9953584914538,-1,-2,1,1, got allocated to elevator, 1
679.0,Elev,1,  arrived at dest, 0, this call is done!, Elevator call,596.1232022872633,8,0,3,1, Done, dt, 82.87679771273667
679.0,Elev,1,  arrived at dest, 0, this call is done!, Elevator call,603.9342326983083,7,0,3,1, Done, dt, 75.06576730169172
679.0,Elev,1,  arrived at src, 0, Elevator call,672.677314157026,0,-1,2,1
679.0,Elev,1,  arrived at src, 0, Elevator call,677.7341948387335,0,-1,2,1
679.0, elevID,1,  pos,0,  cmd, goto,-1
683.0,Elev,0,  arrived at dest, 6, this call is done!, Elevator call,537.7866883694313,-1,6,3,0, Done, dt, 145.21331163056868
683.0,Elev,0,  arrived at src, 6, Elevator call,660.0732907797126,6,10,2,0
683.0, elevID,0,  pos,6,  cmd, goto,2
, elevID,1,  pos,-1,  WRONG cmd, stop,-1,  the elevator is not moving!
690.0,Elev,1,  arrived at dest, -1, this call is done!, Elevator call,672.677314157026,0,-1,3,1, Done, dt, 17.32268584297401
690.0,Elev,1,  arrived at dest, -1, this call is done!, Elevator call,677.7341948387335,0,-1,3,1, Done, dt, 12.265805161266485
690.0,Elev,1,  arrived at src, -1, Elevator call,678.9953584914538,-1,-2,2,1
690.0, elevID,1,  pos,-1,  cmd, goto,0
696.0,Elevator call,695.2239881566923,0,10,1,1, got allocated to elevator, 1
, elevID,1,  pos,0,  WRONG cmd, stop,0,  the elevator is not moving!
697.0, elevID,0,  pos,2,  cmd, goto,-2
701.0,Elev,1,  arrived at src, 0, Elevator call,695.2239881566923,0,10,2,1
701.0, elevID,1,  pos,0,  cmd, goto,6
707.0,Elevator call,706.1583474999188,-1,-2,1,0, got allocated to elevator, 0
, elevID,0,  pos,-2,  WRONG cmd, stop,-1,  the elevator is not moving!
711.0,Elevator call,710.3249770041223,0,1,1,0, got allocated to elevator, 0
, elevID,0,  pos,-2,  WRONG cmd, stop,0,  the elevator is not moving!
712.0, elevID,0,  pos,-2,  cmd, goto,7
714.0,Elevator call,713.0191971398395,1,0,1,0, got allocated to elevator, 0
714.0,Elevator call,713.2499766424826,10,-1,1,1, got allocated to elevator, 1
, elevID,1,  pos,6,  WRONG cmd, stop,10,  the elevator is not moving!
718.0, elevID,1,  pos,6,  cmd, goto,5
720.0, elevID,0,  pos,1,  cmd, stop,1
723.0,Elevator call,722.6161212799507,10,0,1,1, got allocated to elevator, 1
, elevID,1,  pos,6,  WRONG cmd, stop,10,  the elevator is not moving!
725.0,Elev,0,  arrived at src, 1, Elevator call,713.0191971398395,1,0,2,0
725.0, elevID,0,  pos,1,  cmd, goto,0
728.0,Elevator call,727.514602863032,-1,0,1,0, got allocated to elevator, 0
729.0,Elev,1,  arrived at dest, 5, this call is done!, Elevator call,319.90520204415634,6,5,3,1, Done, dt, 409.09479795584366
729.0,Elev,1,  arrived at dest, 5, this call is done!, Elevator call,662.1730527520776,-1,5,3,1, Done, dt, 66.82694724792236
729.0,Elev,1,  arrived at src, 5, Elevator call,666.2411586665262,5,-1,2,1
729.0, elevID,1,  pos,5,  cmd, goto,-2
733.0,Elevator call,732.9746341348998,6,-1,1,1, got allocated to elevator, 1
, elevID,1,  pos,5,  WRONG cmd, stop,6,  the elevator is not moving!
736.0,Elev,0,  arrived at src, 0, Elevator call,626.2116172047942,0,1,2,0
736.0,Elev,0,  arrived at src, 0, Elevator call,710.3249770041223,0,1,2,0
736.0,Elev,0,  arrived at dest, 0, this call is done!, Elevator call,713.0191971398395,1,0,3,0, Done, dt, 22.980802860160452
736.0, elevID,0,  pos,0,  cmd, goto,-1
738.0,Elevator call,737.314720213409,1,0,1,1, got allocated to elevator, 1
, elevID,1,  pos,1,  cmd, stop,1
, elevID,0,  pos,-1,  WRONG cmd, stop,-1,  the elevator is not moving!
743.0,Elev,1,  arrived at src, 1, Elevator call,737.314720213409,1,0,2,1
743.0, elevID,1,  pos,1,  cmd, goto,7
747.0,Elev,0,  arrived at src, -1, Elevator call,706.1583474999188,-1,-2,2,0
747.0,Elev,0,  arrived at src, -1, Elevator call,727.514602863032,-1,0,2,0
747.0, elevID,0,  pos,-1,  cmd, goto,7
759.0, elevID,1,  pos,7,  cmd, goto,4
765.0, elevID,0,  pos,7,  cmd, goto,0
772.0,Elev,1,  arrived at src, 4, Elevator call,554.0892922920482,4,0,2,1
772.0, elevID,1,  pos,4,  cmd, goto,2
780.0,Elevator call,779.399691386574,-1,5,1,0, got allocated to elevator, 0
782.0,Elev,0,  arrived at dest, 0, this call is done!, Elevator call,727.514602863032,-1,0,3,0, Done, dt, 54.485397136968004
782.0, elevID,0,  pos,0,  cmd, goto,-1
784.0, elevID,1,  pos,2,  cmd, goto,2
784.0, elevID,1,  pos,2,  cmd, goto,8
, elevID,0,  pos,-1,  WRONG cmd, stop,-1,  the elevator is not moving!
793.0,Elev,0,  arrived at src, -1, Elevator call,779.399691386574,-1,5,2,0
793.0, elevID,0,  pos,-1,  cmd, goto,2
800.0,Elev,1,  arrived at dest, 8, this call is done!, Elevator call,665.1155548533167,-1,8,3,1, Done, dt, 134.88444514668333
800.0, elevID,1,  pos,8,  cmd, goto,2
806.0,Elevator call,805.6754743307536,-1,-2,1,0, got allocated to elevator, 0
806.0, elevID,0,  pos,2,  cmd, goto,-1
811.0,Elevator call,810.4469089359914,2,0,1,0, got allocated to elevator, 0
, elevID,0,  pos,-1,  WRONG cmd, stop,-1,  the elevator is not moving!
, elevID,0,  pos,-1,  WRONG cmd, stop,2,  the elevator is not moving!
816.0, elevID,1,  pos,2,  cmd, goto,3
817.0,Elevator call,816.1516998390152,7,-1,1,1, got allocated to elevator, 1
819.0,Elev,0,  arrived at src, -1, Elevator call,805.6754743307536,-1,-2,2,0
819.0, elevID,0,  pos,-1,  cmd, goto,8
826.0,Elevator call,825.4575184586336,7,0,1,0, got allocated to elevator, 0
827.0,Elev,1,  arrived at dest, 3, this call is done!, Elevator call,661.0420820268716,-1,3,3,1, Done, dt, 165.95791797312836
, elevID,1,  pos,3,  WRONG cmd, stop,7,  the elevator is not moving!
828.0, elevID,1,  pos,3,  cmd, goto,5
832.0, elevID,0,  pos,7,  cmd, stop,7
837.0,Elev,0,  arrived at src, 7, Elevator call,825.4575184586336,7,0,2,0
837.0, elevID,0,  pos,7,  cmd, goto,5
840.0,Elevator call,839.8525652620532,0,1,1,1, got allocated to elevator, 1
840.0, elevID,1,  pos,5,  cmd, goto,0
849.0,Elev,0,  arrived at dest, 5, this call is done!, Elevator call,779.399691386574,-1,5,3,0, Done, dt, 69.60030861342602
849.0, elevID,0,  pos,5,  cmd, goto,6
, elevID,1,  pos,0,  WRONG cmd, stop,0,  the elevator is not moving!
855.0,Elevator call,854.2002278085795,6,-1,1,0, got allocated to elevator, 0
, elevID,0,  pos,6,  WRONG cmd, stop,6,  the elevator is not moving!
855.0,Elev,1,  arrived at dest, 0, this call is done!, Elevator call,554.0892922920482,4,0,3,1, Done, dt, 300.9107077079518
855.0,Elev,1,  arrived at dest, 0, this call is done!, Elevator call,737.314720213409,1,0,3,1, Done, dt, 117.68527978659097
855.0,Elev,1,  arrived at src, 0, Elevator call,839.8525652620532,0,1,2,1
855.0, elevID,1,  pos,0,  cmd, goto,1
860.0,Elev,0,  arrived at src, 6, Elevator call,854.2002278085795,6,-1,2,0
860.0, elevID,0,  pos,6,  cmd, goto,-2
864.0,Elevator call,863.893291272948,0,-1,1,1, got allocated to elevator, 1
, elevID,1,  pos,1,  WRONG cmd, stop,0,  the elevator is not moving!
866.0,Elev,1,  arrived at dest, 1, this call is done!, Elevator call,839.8525652620532,0,1,3,1, Done, dt, 26.14743473794681
866.0, elevID,1,  pos,1,  cmd, goto,7
871.0,Elevator call,870.5053023797483,0,7,1,0, got allocated to elevator, 0
, elevID,0,  pos,0,  cmd, stop,0
876.0,Elev,0,  arrived at dest, 0, this call is done!, Elevator call,825.4575184586336,7,0,3,0, Done, dt, 50.54248154136644
876.0,Elev,0,  arrived at src, 0, Elevator call,870.5053023797483,0,7,2,0
876.0, elevID,0,  pos,0,  cmd, goto,3
882.0,Elev,1,  arrived at src, 7, Elevator call,816.1516998390152,7,-1,2,1
882.0, elevID,1,  pos,7,  cmd, goto,0
887.0,Elevator call,886.5649993239458,-1,-2,1,0, got allocated to elevator, 0
, elevID,0,  pos,3,  WRONG cmd, stop,-1,  the elevator is not moving!
889.0, elevID,0,  pos,3,  cmd, goto,7
893.0,Elevator call,892.5212150591021,9,-1,1,0, got allocated to elevator, 0
899.0,Elev,1,  arrived at src, 0, Elevator call,863.893291272948,0,-1,2,1
899.0, elevID,1,  pos,0,  cmd, goto,-1
903.0,Elev,0,  arrived at dest, 7, this call is done!, Elevator call,870.5053023797483,0,7,3,0, Done, dt, 32.49469762025171
, elevID,0,  pos,7,  WRONG cmd, stop,9,  the elevator is not moving!
904.0, elevID,0,  pos,7,  cmd, goto,2
910.0,Elev,1,  arrived at dest, -1, this call is done!, Elevator call,666.2411586665262,5,-1,3,1, Done, dt, 243.7588413334738
910.0,Elev,1,  arrived at dest, -1, this call is done!, Elevator call,816.1516998390152,7,-1,3,1, Done, dt, 93.84830016098476
910.0,Elev,1,  arrived at dest, -1, this call is done!, Elevator call,863.893291272948,0,-1,3,1, Done, dt, 46.10670872705202
910.0, elevID,1,  pos,-1,  cmd, goto,0
911.0,Elevator call,910.5388559417848,6,5,1,0, got allocated to elevator, 0
, elevID,0,  pos,5,  WRONG cmd, stop,6,  the elevator is not moving!
916.0,Elevator call,915.9490574608818,4,-1,1,0, got allocated to elevator, 0
, elevID,0,  pos,2,  WRONG cmd, stop,4,  the elevator is not moving!
919.0,Elev,0,  arrived at src, 2, Elevator call,810.4469089359914,2,0,2,0
919.0, elevID,0,  pos,2,  cmd, goto,2
919.0, elevID,0,  pos,2,  cmd, goto,5
921.0, elevID,1,  pos,0,  cmd, goto,6
932.0, elevID,0,  pos,5,  cmd, goto,2
934.0,Elevator call,933.8580452488764,7,5,1,1, got allocated to elevator, 1
937.0,Elev,1,  arrived at src, 6, Elevator call,732.9746341348998,6,-1,2,1
, elevID,1,  pos,6,  WRONG cmd, stop,7,  the elevator is not moving!
938.0, elevID,1,  pos,6,  cmd, goto,8
945.0, elevID,0,  pos,2,  cmd, goto,1
950.0, elevID,1,  pos,8,  cmd, goto,1
956.0,Elev,0,  arrived at dest, 1, this call is done!, Elevator call,626.2116172047942,0,1,3,0, Done, dt, 329.78838279520585
956.0,Elev,0,  arrived at dest, 1, this call is done!, Elevator call,710.3249770041223,0,1,3,0, Done, dt, 245.67502299587773
956.0, elevID,0,  pos,1,  cmd, goto,-1
962.0,Elevator call,961.6862855708133,6,-1,1,1, got allocated to elevator, 1
, elevID,1,  pos,1,  WRONG cmd, stop,6,  the elevator is not moving!
967.0, elevID,1,  pos,1,  cmd, goto,3
968.0,Elev,0,  arrived at dest, -1, this call is done!, Elevator call,854.2002278085795,6,-1,3,0, Done, dt, 113.79977219142052
968.0,Elev,0,  arrived at src, -1, Elevator call,886.5649993239458,-1,-2,2,0
968.0, elevID,0,  pos,-1,  cmd, goto,4
973.0,Elevator call,972.8032126022729,1,0,1,1, got allocated to elevator, 1
, elevID,1,  pos,2,  WRONG cmd, stop,1,  the elevator is not moving!
976.0,Elevator call,975.8361202753667,0,-1,1,0, got allocated to elevator, 0
, elevID,0,  pos,2,  WRONG cmd, stop,0,  the elevator is not moving!
979.0,Elevator call,978.5925148564796,10,0,1,0, got allocated to elevator, 0
979.0,Elevator call,978.6210500641439,10,-1,1,1, got allocated to elevator, 1
, elevID,1,  pos,3,  WRONG cmd, stop,10,  the elevator is not moving!
980.0, elevID,1,  pos,3,  cmd, goto,-1
983.0,Elev,0,  arrived at dest, 4, this call is done!, Elevator call,254.69771525200505,3,4,3,0, Done, dt, 728.3022847479949
983.0,Elev,0,  arrived at src, 4, Elevator call,666.0340294605869,4,0,2,0
983.0,Elev,0,  arrived at src, 4, Elevator call,915.9490574608818,4,-1,2,0
, elevID,0,  pos,4,  WRONG cmd, stop,10,  the elevator is not moving!
984.0, elevID,0,  pos,4,  cmd, goto,-1
985.0,Elevator call,984.1840185574983,7,0,1,0, got allocated to elevator, 0
, elevID,0,  pos,4,  WRONG cmd, stop,7,  the elevator is not moving!
994.0,Elev,1,  arrived at dest, -1, this call is done!, Elevator call,732.9746341348998,6,-1,3,1, Done, dt, 261.0253658651002
994.0, elevID,1,  pos,-1,  cmd, goto,-1
994.0, elevID,1,  pos,-1,  cmd, goto,7
999.0,Elev,0,  arrived at dest, -1, this call is done!, Elevator call,915.9490574608818,4,-1,3,0, Done, dt, 83.05094253911818
999.0, elevID,0,  pos,-1,  cmd, goto,9
1000.0,************* Simulation Ended ************
Code Owners,123456789,  Case,2,  Total waiting time: 16156.792822120195,  average waiting time per call: 161.56792822120195,  unCompleted calls,25,  certificate, -5491471228
