**** The Simulator log: stage 1
0.0,OOP_Ex0_Elevator_Simulator
0.0,Simulated Building, ex0.simulator.Builging_A [-2,10]
0) ex0.simulator.Elevator_A, Elev_0, speed: 1.0, open/close: 2.0,  start/stop: 3.0
0.0,Simulated Period starTime,0.0,  endTime,100.0,  dt,1.0
0.0,Simulated  calls,Elevetor log, size: 10
0.0,**** Simulation starts!! ****
0.0, elevID,0,  pos,-2,  cmd, goto,1
1.0,Elevator call,0.437472729039321,0,-1,1,0, got allocated to elevator, 0
3.0,Elevator call,2.2094056301593525,0,-1,1,0, got allocated to elevator, 0
7.0, elevID,0,  pos,0,  cmd, stop,0
, elevID,0,  pos,0,  WRONG cmd, stop,0,  the elevator is not moving!
12.0,Elev,0,  arrived at src, 0, Elevator call,0.437472729039321,0,-1,2,0
12.0,Elev,0,  arrived at src, 0, Elevator call,2.2094056301593525,0,-1,2,0
12.0, elevID,0,  pos,0,  cmd, goto,-2
19.0,Elevator call,18.77299317966884,-1,-2,1,0, got allocated to elevator, 0
, elevID,0,  pos,-2,  WRONG cmd, stop,-1,  the elevator is not moving!
20.0,Elevator call,19.590869649656987,0,7,1,0, got allocated to elevator, 0
, elevID,0,  pos,-2,  WRONG cmd, stop,0,  the elevator is not moving!
24.0, elevID,0,  pos,-2,  cmd, goto,4
30.0,Elevator call,29.579433566814906,0,1,1,0, got allocated to elevator, 0
31.0, elevID,0,  pos,0,  cmd, stop,0
34.0,Elevator call,33.242673193933555,0,10,1,0, got allocated to elevator, 0
, elevID,0,  pos,0,  WRONG cmd, stop,0,  the elevator is not moving!
36.0,Elev,0,  arrived at src, 0, Elevator call,19.590869649656987,0,7,2,0
36.0,Elev,0,  arrived at src, 0, Elevator call,29.579433566814906,0,1,2,0
36.0,Elev,0,  arrived at src, 0, Elevator call,33.242673193933555,0,10,2,0
36.0, elevID,0,  pos,0,  cmd, goto,-1
47.0,Elev,0,  arrived at dest, -1, this call is done!, Elevator call,0.437472729039321,0,-1,3,0, Done, dt, 46.56252727096068
47.0,Elev,0,  arrived at dest, -1, this call is done!, Elevator call,2.2094056301593525,0,-1,3,0, Done, dt, 44.79059436984065
47.0,Elev,0,  arrived at src, -1, Elevator call,18.77299317966884,-1,-2,2,0
47.0, elevID,0,  pos,-1,  cmd, goto,4
53.0,Elevator call,52.96277472128405,3,-1,1,0, got allocated to elevator, 0
56.0, elevID,0,  pos,3,  cmd, stop,3
61.0,Elev,0,  arrived at src, 3, Elevator call,52.96277472128405,3,-1,2,0
61.0, elevID,0,  pos,3,  cmd, goto,4
65.0,Elevator call,64.38547514955395,-1,2,1,0, got allocated to elevator, 0
, elevID,0,  pos,3,  WRONG cmd, stop,-1,  the elevator is not moving!
72.0, elevID,0,  pos,4,  cmd, goto,9
73.0,Elevator call,72.26161212799506,10,0,1,0, got allocated to elevator, 0
81.0,Elevator call,80.56754743307536,-1,-2,1,0, got allocated to elevator, 0
, elevID,0,  pos,8,  WRONG cmd, stop,-1,  the elevator is not moving!
, elevID,0,  pos,9,  WRONG cmd, stop,10,  the elevator is not moving!
88.0, elevID,0,  pos,9,  cmd, goto,8
99.0, elevID,0,  pos,8,  cmd, goto,7
100.0,************* Simulation Ended ************
Code Owners,123456789,  Case,1,  Total waiting time: 519.9897426188186,  average waiting time per call: 51.998974261881855,  unCompleted calls,8,  certificate, -1691185488
