**** The Simulator log: stage 2
0.0,OOP_Ex0_Elevator_Simulator
0.0,Simulated Building, ex0.simulator.Builging_A [-2,10]
0) ex0.simulator.Elevator_A, Elev_0, speed: 1.0, open/close: 2.0,  start/stop: 3.0
1) ex0.simulator.Elevator_A, Elev_1, speed: 1.0, open/close: 2.0,  start/stop: 3.0
0.0,Simulated Period starTime,0.0,  endTime,1000.0,  dt,1.0
0.0,Simulated  calls,Elevetor log, size: 100
0.0,**** Simulation starts!! ****
5.0,Elevator call,4.374727290393253,0,-1,1,0, got allocated to elevator, 0
5.0, elevID,0,  pos,-2,  cmd, goto,0
17.0,Elevator call,16.957882888088932,-1,0,1,0, got allocated to elevator, 0
17.0,Elev,0,  arrived at src, 0, Elevator call,4.374727290393253,0,-1,2,0
17.0, elevID,0,  pos,0,  cmd, goto,-1
23.0,Elevator call,22.094056301593582,0,-1,1,0, got allocated to elevator, 0
28.0,Elev,0,  arrived at dest, -1, this call is done!, Elevator call,4.374727290393253,0,-1,3,0, Done, dt, 23.625272709606747
28.0,Elev,0,  arrived at src, -1, Elevator call,16.957882888088932,-1,0,2,0
28.0, elevID,0,  pos,-1,  cmd, goto,-1
29.0, elevID,0,  pos,-1,  cmd, goto,0
40.0,Elev,0,  arrived at dest, 0, this call is done!, Elevator call,16.957882888088932,-1,0,3,0, Done, dt, 23.042117111911068
40.0,Elev,0,  arrived at src, 0, Elevator call,22.094056301593582,0,-1,2,0
40.0, elevID,0,  pos,0,  cmd, goto,0
41.0, elevID,0,  pos,0,  cmd, goto,-1
52.0,Elev,0,  arrived at dest, -1, this call is done!, Elevator call,22.094056301593582,0,-1,3,0, Done, dt, 29.905943698406418
86.0,Elevator call,85.5209666204754,3,2,1,0, got allocated to elevator, 0
86.0, elevID,0,  pos,-1,  cmd, goto,3
92.0,Elevator call,91.21019413453945,-1,-2,1,0, got allocated to elevator, 0
100.0,Elev,0,  arrived at src, 3, Elevator call,85.5209666204754,3,2,2,0
100.0, elevID,0,  pos,3,  cmd, goto,2
105.0,Elevator call,104.13701241869234,0,4,1,1, got allocated to elevator, 1
105.0, elevID,1,  pos,-2,  cmd, goto,0
110.0,Elevator call,109.21352909346587,-1,0,1,0, got allocated to elevator, 0
111.0,Elev,0,  arrived at dest, 2, this call is done!, Elevator call,85.5209666204754,3,2,3,0, Done, dt, 25.479033379524594
111.0, elevID,0,  pos,2,  cmd, goto,-1
115.0,Elevator call,114.39235096774041,3,0,1,0, got allocated to elevator, 0
117.0,Elev,1,  arrived at src, 0, Elevator call,104.13701241869234,0,4,2,1
117.0, elevID,1,  pos,0,  cmd, goto,4
124.0,Elev,0,  arrived at src, -1, Elevator call,91.21019413453945,-1,-2,2,0
124.0,Elev,0,  arrived at src, -1, Elevator call,109.21352909346587,-1,0,2,0
124.0, elevID,0,  pos,-1,  cmd, goto,-2
125.0,Elevator call,124.42557095980362,0,9,1,0, got allocated to elevator, 0
131.0,Elevator call,130.02495678190564,8,10,1,1, got allocated to elevator, 1
131.0,Elevator call,130.224911275492,-1,1,1,0, got allocated to elevator, 0
131.0,Elev,1,  arrived at dest, 4, this call is done!, Elevator call,104.13701241869234,0,4,3,1, Done, dt, 26.862987581307664
131.0, elevID,1,  pos,4,  cmd, goto,8
135.0,Elev,0,  arrived at dest, -2, this call is done!, Elevator call,91.21019413453945,-1,-2,3,0, Done, dt, 43.78980586546055
135.0, elevID,0,  pos,-2,  cmd, goto,-1
138.0,Elevator call,137.9515274326701,0,4,1,0, got allocated to elevator, 0
144.0,Elevator call,143.91335838799415,0,6,1,0, got allocated to elevator, 0
145.0,Elev,1,  arrived at src, 8, Elevator call,130.02495678190564,8,10,2,1
145.0, elevID,1,  pos,8,  cmd, goto,10
146.0,Elev,0,  arrived at src, -1, Elevator call,130.224911275492,-1,1,2,0
146.0, elevID,0,  pos,-1,  cmd, goto,0
157.0,Elev,0,  arrived at dest, 0, this call is done!, Elevator call,109.21352909346587,-1,0,3,0, Done, dt, 47.786470906534134
157.0,Elev,0,  arrived at src, 0, Elevator call,124.42557095980362,0,9,2,0
157.0,Elev,0,  arrived at src, 0, Elevator call,137.9515274326701,0,4,2,0
157.0,Elev,0,  arrived at src, 0, Elevator call,143.91335838799415,0,6,2,0
157.0, elevID,0,  pos,0,  cmd, goto,3
157.0,Elev,1,  arrived at dest, 10, this call is done!, Elevator call,130.02495678190564,8,10,3,1, Done, dt, 26.975043218094356
170.0,Elevator call,169.78458339380109,-1,0,1,0, got allocated to elevator, 0
170.0,Elev,0,  arrived at src, 3, Elevator call,114.39235096774041,3,0,2,0
170.0, elevID,0,  pos,3,  cmd, goto,0
171.0,Elevator call,170.0099620835246,0,6,1,0, got allocated to elevator, 0
172.0,Elevator call,171.21173315221364,-1,8,1,0, got allocated to elevator, 0
175.0,Elevator call,174.84385152106802,0,-1,1,0, got allocated to elevator, 0
183.0,Elev,0,  arrived at dest, 0, this call is done!, Elevator call,114.39235096774041,3,0,3,0, Done, dt, 68.60764903225959
183.0,Elev,0,  arrived at src, 0, Elevator call,170.0099620835246,0,6,2,0
183.0,Elev,0,  arrived at src, 0, Elevator call,174.84385152106802,0,-1,2,0
183.0, elevID,0,  pos,0,  cmd, goto,0
184.0, elevID,0,  pos,0,  cmd, goto,9
188.0,Elevator call,187.11678617348463,-1,-2,1,0, got allocated to elevator, 0
188.0,Elevator call,187.7299317966884,-1,-2,1,0, got allocated to elevator, 0
196.0,Elevator call,195.90869649656992,0,7,1,1, got allocated to elevator, 1
196.0, elevID,1,  pos,10,  cmd, goto,0
198.0,Elevator call,197.5359191292572,-1,1,1,0, got allocated to elevator, 0
203.0,Elev,0,  arrived at dest, 9, this call is done!, Elevator call,124.42557095980362,0,9,3,0, Done, dt, 78.57442904019638
203.0, elevID,0,  pos,9,  cmd, goto,-1
206.0,Elevator call,205.9895199338651,-1,0,1,0, got allocated to elevator, 0
216.0,Elev,1,  arrived at src, 0, Elevator call,195.90869649656992,0,7,2,1
216.0, elevID,1,  pos,0,  cmd, goto,7
223.0,Elev,0,  arrived at src, -1, Elevator call,169.78458339380109,-1,0,2,0
223.0,Elev,0,  arrived at src, -1, Elevator call,171.21173315221364,-1,8,2,0
223.0,Elev,0,  arrived at dest, -1, this call is done!, Elevator call,174.84385152106802,0,-1,3,0, Done, dt, 48.15614847893198
223.0,Elev,0,  arrived at src, -1, Elevator call,187.11678617348463,-1,-2,2,0
223.0,Elev,0,  arrived at src, -1, Elevator call,187.7299317966884,-1,-2,2,0
223.0,Elev,0,  arrived at src, -1, Elevator call,197.5359191292572,-1,1,2,0
223.0,Elev,0,  arrived at src, -1, Elevator call,205.9895199338651,-1,0,2,0
223.0, elevID,0,  pos,-1,  cmd, goto,1
228.0,Elevator call,227.0798304557929,-1,5,1,0, got allocated to elevator, 0
232.0,Elevator call,231.51578817426258,-1,0,1,0, got allocated to elevator, 0
233.0,Elevator call,232.95043623946805,0,-1,1,0, got allocated to elevator, 0
233.0,Elev,1,  arrived at dest, 7, this call is done!, Elevator call,195.90869649656992,0,7,3,1, Done, dt, 37.09130350343008
235.0,Elev,0,  arrived at dest, 1, this call is done!, Elevator call,130.224911275492,-1,1,3,0, Done, dt, 104.77508872450801
235.0,Elev,0,  arrived at dest, 1, this call is done!, Elevator call,197.5359191292572,-1,1,3,0, Done, dt, 37.464080870742805
235.0, elevID,0,  pos,1,  cmd, goto,0
246.0,Elev,0,  arrived at dest, 0, this call is done!, Elevator call,169.78458339380109,-1,0,3,0, Done, dt, 76.21541660619891
246.0,Elev,0,  arrived at dest, 0, this call is done!, Elevator call,205.9895199338651,-1,0,3,0, Done, dt, 40.0104800661349
246.0,Elev,0,  arrived at src, 0, Elevator call,232.95043623946805,0,-1,2,0
246.0, elevID,0,  pos,0,  cmd, goto,4
252.0,Elevator call,251.10444690749756,-1,-2,1,1, got allocated to elevator, 1
252.0,Elevator call,251.23593354161653,0,9,1,1, got allocated to elevator, 1
252.0, elevID,1,  pos,7,  cmd, goto,-1
255.0,Elevator call,254.69771525200505,3,4,1,0, got allocated to elevator, 0
258.0,Elevator call,257.7974435335086,-1,0,1,0, got allocated to elevator, 0
260.0,Elev,0,  arrived at dest, 4, this call is done!, Elevator call,137.9515274326701,0,4,3,0, Done, dt, 122.0484725673299
260.0, elevID,0,  pos,4,  cmd, goto,0
270.0,Elev,1,  arrived at src, -1, Elevator call,251.10444690749756,-1,-2,2,1
270.0, elevID,1,  pos,-1,  cmd, goto,-2
274.0, elevID,0,  pos,0,  cmd, goto,6
281.0,Elev,1,  arrived at dest, -2, this call is done!, Elevator call,251.10444690749756,-1,-2,3,1, Done, dt, 29.89555309250244
281.0, elevID,1,  pos,-2,  cmd, goto,0
290.0,Elev,0,  arrived at dest, 6, this call is done!, Elevator call,143.91335838799415,0,6,3,0, Done, dt, 146.08664161200585
290.0,Elev,0,  arrived at dest, 6, this call is done!, Elevator call,170.0099620835246,0,6,3,0, Done, dt, 119.99003791647539
290.0, elevID,0,  pos,6,  cmd, goto,-1
293.0,Elev,1,  arrived at src, 0, Elevator call,251.23593354161653,0,9,2,1
293.0, elevID,1,  pos,0,  cmd, goto,9
296.0,Elevator call,295.7943356681491,0,1,1,0, got allocated to elevator, 0
305.0,Elevator call,304.99843880775313,6,0,1,0, got allocated to elevator, 0
307.0,Elev,0,  arrived at src, -1, Elevator call,227.0798304557929,-1,5,2,0
307.0,Elev,0,  arrived at src, -1, Elevator call,231.51578817426258,-1,0,2,0
307.0,Elev,0,  arrived at dest, -1, this call is done!, Elevator call,232.95043623946805,0,-1,3,0, Done, dt, 74.04956376053195
307.0,Elev,0,  arrived at src, -1, Elevator call,257.7974435335086,-1,0,2,0
307.0, elevID,0,  pos,-1,  cmd, goto,0
310.0,Elevator call,309.30053828560517,0,-1,1,0, got allocated to elevator, 0
312.0,Elev,1,  arrived at dest, 9, this call is done!, Elevator call,251.23593354161653,0,9,3,1, Done, dt, 60.76406645838347
313.0,Elevator call,312.30185564398687,0,-1,1,1, got allocated to elevator, 1
313.0, elevID,1,  pos,9,  cmd, goto,0
317.0,Elevator call,316.03237827404377,0,-1,1,0, got allocated to elevator, 0
318.0,Elev,0,  arrived at dest, 0, this call is done!, Elevator call,231.51578817426258,-1,0,3,0, Done, dt, 86.48421182573742
318.0,Elev,0,  arrived at dest, 0, this call is done!, Elevator call,257.7974435335086,-1,0,3,0, Done, dt, 60.20255646649139
318.0,Elev,0,  arrived at src, 0, Elevator call,295.7943356681491,0,1,2,0
318.0,Elev,0,  arrived at src, 0, Elevator call,309.30053828560517,0,-1,2,0
318.0,Elev,0,  arrived at src, 0, Elevator call,316.03237827404377,0,-1,2,0
318.0, elevID,0,  pos,0,  cmd, goto,-1
320.0,Elevator call,319.90520204415634,6,5,1,0, got allocated to elevator, 0
321.0,Elevator call,320.97607492210807,-1,0,1,0, got allocated to elevator, 0
322.0,Elevator call,321.37040904796595,7,-1,1,0, got allocated to elevator, 0
329.0,Elev,0,  arrived at dest, -1, this call is done!, Elevator call,309.30053828560517,0,-1,3,0, Done, dt, 19.69946171439483
329.0,Elev,0,  arrived at dest, -1, this call is done!, Elevator call,316.03237827404377,0,-1,3,0, Done, dt, 12.967621725956235
329.0,Elev,0,  arrived at src, -1, Elevator call,320.97607492210807,-1,0,2,0
329.0, elevID,0,  pos,-1,  cmd, goto,8
332.0,Elev,1,  arrived at src, 0, Elevator call,312.30185564398687,0,-1,2,1
332.0, elevID,1,  pos,0,  cmd, goto,-1
333.0,Elevator call,332.4267319393355,0,10,1,0, got allocated to elevator, 0
337.0,Elevator call,336.93043046159545,-1,0,1,0, got allocated to elevator, 0
343.0,Elev,1,  arrived at dest, -1, this call is done!, Elevator call,312.30185564398687,0,-1,3,1, Done, dt, 30.69814435601313
348.0,Elev,0,  arrived at dest, 8, this call is done!, Elevator call,171.21173315221364,-1,8,3,0, Done, dt, 176.78826684778636
348.0, elevID,0,  pos,8,  cmd, goto,0
366.0,Elev,0,  arrived at dest, 0, this call is done!, Elevator call,320.97607492210807,-1,0,3,0, Done, dt, 45.02392507789193
366.0,Elev,0,  arrived at src, 0, Elevator call,332.4267319393355,0,10,2,0
366.0, elevID,0,  pos,0,  cmd, goto,-1
376.0,Elevator call,375.49048095381363,1,0,1,1, got allocated to elevator, 1
376.0, elevID,1,  pos,-1,  cmd, goto,1
377.0,Elev,0,  arrived at src, -1, Elevator call,336.93043046159545,-1,0,2,0
377.0, elevID,0,  pos,-1,  cmd, goto,-2
388.0,Elev,0,  arrived at dest, -2, this call is done!, Elevator call,187.11678617348463,-1,-2,3,0, Done, dt, 200.88321382651537
388.0,Elev,0,  arrived at dest, -2, this call is done!, Elevator call,187.7299317966884,-1,-2,3,0, Done, dt, 200.2700682033116
388.0, elevID,0,  pos,-2,  cmd, goto,-1
388.0,Elev,1,  arrived at src, 1, Elevator call,375.49048095381363,1,0,2,1
388.0, elevID,1,  pos,1,  cmd, goto,0
393.0,Elevator call,392.5160764870397,0,5,1,0, got allocated to elevator, 0
399.0, elevID,0,  pos,-1,  cmd, goto,-1
399.0,Elev,1,  arrived at dest, 0, this call is done!, Elevator call,375.49048095381363,1,0,3,1, Done, dt, 23.50951904618637
400.0, elevID,0,  pos,-1,  cmd, goto,-1
401.0, elevID,0,  pos,-1,  cmd, goto,-1
402.0, elevID,0,  pos,-1,  cmd, goto,5
406.0,Elevator call,405.1821140884023,-1,10,1,1, got allocated to elevator, 1
406.0, elevID,1,  pos,0,  cmd, goto,-1
417.0,Elev,1,  arrived at src, -1, Elevator call,405.1821140884023,-1,10,2,1
417.0, elevID,1,  pos,-1,  cmd, goto,10
418.0,Elev,0,  arrived at dest, 5, this call is done!, Elevator call,227.0798304557929,-1,5,3,0, Done, dt, 190.9201695442071
418.0, elevID,0,  pos,5,  cmd, goto,-1
427.0,Elevator call,426.8615805478589,2,0,1,0, got allocated to elevator, 0
434.0, elevID,0,  pos,-1,  cmd, goto,0
438.0,Elevator call,437.17111576125836,1,0,1,0, got allocated to elevator, 0
438.0,Elev,1,  arrived at dest, 10, this call is done!, Elevator call,405.1821140884023,-1,10,3,1, Done, dt, 32.81788591159773
445.0,Elev,0,  arrived at dest, 0, this call is done!, Elevator call,336.93043046159545,-1,0,3,0, Done, dt, 108.06956953840455
445.0,Elev,0,  arrived at src, 0, Elevator call,392.5160764870397,0,5,2,0
445.0, elevID,0,  pos,0,  cmd, goto,3
458.0,Elev,0,  arrived at src, 3, Elevator call,254.69771525200505,3,4,2,0
458.0, elevID,0,  pos,3,  cmd, goto,4
469.0,Elev,0,  arrived at dest, 4, this call is done!, Elevator call,254.69771525200505,3,4,3,0, Done, dt, 214.30228474799495
469.0, elevID,0,  pos,4,  cmd, goto,-1
473.0,Elevator call,472.7445473930129,10,-1,1,1, got allocated to elevator, 1
473.0,Elev,1,  arrived at src, 10, Elevator call,472.7445473930129,10,-1,2,1
473.0, elevID,1,  pos,10,  cmd, goto,-1
484.0, elevID,0,  pos,-1,  cmd, goto,0
494.0,Elev,1,  arrived at dest, -1, this call is done!, Elevator call,472.7445473930129,10,-1,3,1, Done, dt, 21.25545260698709
495.0, elevID,0,  pos,0,  cmd, goto,1
501.0,Elevator call,500.3712044996745,8,-1,1,1, got allocated to elevator, 1
501.0, elevID,1,  pos,-1,  cmd, goto,8
504.0,Elevator call,503.13847841893045,1,-1,1,0, got allocated to elevator, 0
505.0,Elevator call,504.4317942159655,0,-1,1,0, got allocated to elevator, 0
506.0,Elev,0,  arrived at dest, 1, this call is done!, Elevator call,295.7943356681491,0,1,3,0, Done, dt, 210.20566433185093
506.0,Elev,0,  arrived at src, 1, Elevator call,437.17111576125836,1,0,2,0
506.0,Elev,0,  arrived at src, 1, Elevator call,503.13847841893045,1,-1,2,0
506.0, elevID,0,  pos,1,  cmd, goto,6
520.0,Elev,1,  arrived at src, 8, Elevator call,500.3712044996745,8,-1,2,1
520.0, elevID,1,  pos,8,  cmd, goto,-1
521.0,Elev,0,  arrived at src, 6, Elevator call,304.99843880775313,6,0,2,0
521.0,Elev,0,  arrived at src, 6, Elevator call,319.90520204415634,6,5,2,0
521.0, elevID,0,  pos,6,  cmd, goto,0
530.0,Elevator call,529.6277472128405,3,-1,1,0, got allocated to elevator, 0
537.0,Elev,0,  arrived at dest, 0, this call is done!, Elevator call,304.99843880775313,6,0,3,0, Done, dt, 232.00156119224687
537.0,Elev,0,  arrived at dest, 0, this call is done!, Elevator call,437.17111576125836,1,0,3,0, Done, dt, 99.82888423874164
537.0,Elev,0,  arrived at src, 0, Elevator call,504.4317942159655,0,-1,2,0
537.0, elevID,0,  pos,0,  cmd, goto,0
538.0,Elevator call,537.7866883694313,-1,6,1,0, got allocated to elevator, 0
538.0, elevID,0,  pos,0,  cmd, goto,0
539.0, elevID,0,  pos,0,  cmd, goto,6
539.0,Elev,1,  arrived at dest, -1, this call is done!, Elevator call,500.3712044996745,8,-1,3,1, Done, dt, 38.62879550032551
545.0,Elevator call,544.7880392034898,6,-1,1,1, got allocated to elevator, 1
545.0, elevID,1,  pos,-1,  cmd, goto,6
555.0,Elevator call,554.0892922920482,4,0,1,0, got allocated to elevator, 0
555.0, elevID,0,  pos,6,  cmd, goto,5
558.0,Elevator call,557.2441390036331,10,0,1,0, got allocated to elevator, 0
562.0,Elev,1,  arrived at src, 6, Elevator call,544.7880392034898,6,-1,2,1
562.0, elevID,1,  pos,6,  cmd, goto,-1
566.0,Elevator call,565.0195521745534,0,-1,1,0, got allocated to elevator, 0
566.0,Elev,0,  arrived at dest, 5, this call is done!, Elevator call,319.90520204415634,6,5,3,0, Done, dt, 246.09479795584366
566.0,Elev,0,  arrived at dest, 5, this call is done!, Elevator call,392.5160764870397,0,5,3,0, Done, dt, 173.4839235129603
566.0, elevID,0,  pos,5,  cmd, goto,-1
579.0,Elev,1,  arrived at dest, -1, this call is done!, Elevator call,544.7880392034898,6,-1,3,1, Done, dt, 34.2119607965102
582.0,Elevator call,581.8703090238192,0,3,1,1, got allocated to elevator, 1
582.0,Elev,0,  arrived at dest, -1, this call is done!, Elevator call,503.13847841893045,1,-1,3,0, Done, dt, 78.86152158106955
582.0,Elev,0,  arrived at dest, -1, this call is done!, Elevator call,504.4317942159655,0,-1,3,0, Done, dt, 77.56820578403449
582.0,Elev,0,  arrived at src, -1, Elevator call,537.7866883694313,-1,6,2,0
582.0, elevID,0,  pos,-1,  cmd, goto,7
582.0, elevID,1,  pos,-1,  cmd, goto,0
593.0,Elev,1,  arrived at src, 0, Elevator call,581.8703090238192,0,3,2,1
593.0, elevID,1,  pos,0,  cmd, goto,3
597.0,Elevator call,596.1232022872633,8,0,1,0, got allocated to elevator, 0
600.0,Elev,0,  arrived at src, 7, Elevator call,321.37040904796595,7,-1,2,0
600.0, elevID,0,  pos,7,  cmd, goto,-1
601.0,Elevator call,600.9312879686208,1,0,1,0, got allocated to elevator, 0
604.0,Elevator call,603.9342326983083,7,0,1,0, got allocated to elevator, 0
606.0,Elev,1,  arrived at dest, 3, this call is done!, Elevator call,581.8703090238192,0,3,3,1, Done, dt, 24.12969097618077
618.0,Elevator call,617.9628338542149,0,3,1,1, got allocated to elevator, 1
618.0,Elev,0,  arrived at dest, -1, this call is done!, Elevator call,321.37040904796595,7,-1,3,0, Done, dt, 296.62959095203405
618.0, elevID,0,  pos,-1,  cmd, goto,0
618.0, elevID,1,  pos,3,  cmd, goto,0
620.0,Elevator call,619.6454196970012,9,0,1,0, got allocated to elevator, 0
627.0,Elevator call,626.2116172047942,0,1,1,0, got allocated to elevator, 0
629.0,Elev,0,  arrived at src, 0, Elevator call,565.0195521745534,0,-1,2,0
629.0,Elev,0,  arrived at src, 0, Elevator call,626.2116172047942,0,1,2,0
629.0, elevID,0,  pos,0,  cmd, goto,10
631.0,Elev,1,  arrived at src, 0, Elevator call,617.9628338542149,0,3,2,1
631.0, elevID,1,  pos,0,  cmd, goto,3
644.0,Elevator call,643.8547514955396,-1,2,1,0, got allocated to elevator, 0
644.0,Elev,1,  arrived at dest, 3, this call is done!, Elevator call,617.9628338542149,0,3,3,1, Done, dt, 26.037166145785136
649.0,Elev,0,  arrived at dest, 10, this call is done!, Elevator call,332.4267319393355,0,10,3,0, Done, dt, 316.5732680606645
649.0,Elev,0,  arrived at src, 10, Elevator call,557.2441390036331,10,0,2,0
649.0, elevID,0,  pos,10,  cmd, goto,-1
661.0,Elevator call,660.0732907797126,6,10,1,1, got allocated to elevator, 1
661.0, elevID,1,  pos,3,  cmd, goto,6
662.0,Elevator call,661.0420820268716,-1,3,1,0, got allocated to elevator, 0
663.0,Elevator call,662.1730527520776,-1,5,1,0, got allocated to elevator, 0
666.0,Elevator call,665.1155548533167,-1,8,1,0, got allocated to elevator, 0
667.0,Elevator call,666.0340294605869,4,0,1,0, got allocated to elevator, 0
667.0,Elevator call,666.2411586665262,5,-1,1,0, got allocated to elevator, 0
670.0,Elev,0,  arrived at dest, -1, this call is done!, Elevator call,565.0195521745534,0,-1,3,0, Done, dt, 104.98044782544662
670.0,Elev,0,  arrived at src, -1, Elevator call,643.8547514955396,-1,2,2,0
670.0,Elev,0,  arrived at src, -1, Elevator call,661.0420820268716,-1,3,2,0
670.0,Elev,0,  arrived at src, -1, Elevator call,662.1730527520776,-1,5,2,0
670.0,Elev,0,  arrived at src, -1, Elevator call,665.1155548533167,-1,8,2,0
670.0, elevID,0,  pos,-1,  cmd, goto,0
673.0,Elevator call,672.677314157026,0,-1,1,0, got allocated to elevator, 0
674.0,Elev,1,  arrived at src, 6, Elevator call,660.0732907797126,6,10,2,1
674.0, elevID,1,  pos,6,  cmd, goto,10
678.0,Elevator call,677.7341948387335,0,-1,1,0, got allocated to elevator, 0
679.0,Elevator call,678.9953584914538,-1,-2,1,0, got allocated to elevator, 0
681.0,Elev,0,  arrived at dest, 0, this call is done!, Elevator call,557.2441390036331,10,0,3,0, Done, dt, 123.75586099636689
681.0,Elev,0,  arrived at src, 0, Elevator call,672.677314157026,0,-1,2,0
681.0,Elev,0,  arrived at src, 0, Elevator call,677.7341948387335,0,-1,2,0
681.0, elevID,0,  pos,0,  cmd, goto,2
688.0,Elev,1,  arrived at dest, 10, this call is done!, Elevator call,660.0732907797126,6,10,3,1, Done, dt, 27.92670922028742
693.0,Elev,0,  arrived at src, 2, Elevator call,426.8615805478589,2,0,2,0
693.0,Elev,0,  arrived at dest, 2, this call is done!, Elevator call,643.8547514955396,-1,2,3,0, Done, dt, 49.14524850446037
693.0, elevID,0,  pos,2,  cmd, goto,0
696.0,Elevator call,695.2239881566923,0,10,1,1, got allocated to elevator, 1
696.0, elevID,1,  pos,10,  cmd, goto,0
705.0,Elev,0,  arrived at dest, 0, this call is done!, Elevator call,426.8615805478589,2,0,3,0, Done, dt, 278.1384194521411
705.0, elevID,0,  pos,0,  cmd, goto,1
707.0,Elevator call,706.1583474999188,-1,-2,1,1, got allocated to elevator, 1
711.0,Elevator call,710.3249770041223,0,1,1,0, got allocated to elevator, 0
714.0,Elevator call,713.0191971398395,1,0,1,1, got allocated to elevator, 1
714.0,Elevator call,713.2499766424826,10,-1,1,1, got allocated to elevator, 1
716.0,Elev,0,  arrived at src, 1, Elevator call,600.9312879686208,1,0,2,0
716.0,Elev,0,  arrived at dest, 1, this call is done!, Elevator call,626.2116172047942,0,1,3,0, Done, dt, 89.78838279520585
716.0, elevID,0,  pos,1,  cmd, goto,1
716.0,Elev,1,  arrived at src, 0, Elevator call,695.2239881566923,0,10,2,1
716.0, elevID,1,  pos,0,  cmd, goto,10
717.0, elevID,0,  pos,1,  cmd, goto,0
723.0,Elevator call,722.6161212799507,10,0,1,0, got allocated to elevator, 0
728.0,Elevator call,727.514602863032,-1,0,1,0, got allocated to elevator, 0
728.0,Elev,0,  arrived at dest, 0, this call is done!, Elevator call,600.9312879686208,1,0,3,0, Done, dt, 127.06871203137916
728.0,Elev,0,  arrived at src, 0, Elevator call,710.3249770041223,0,1,2,0
728.0, elevID,0,  pos,0,  cmd, goto,3
733.0,Elevator call,732.9746341348998,6,-1,1,0, got allocated to elevator, 0
736.0,Elev,1,  arrived at dest, 10, this call is done!, Elevator call,695.2239881566923,0,10,3,1, Done, dt, 40.77601184330774
736.0,Elev,1,  arrived at src, 10, Elevator call,713.2499766424826,10,-1,2,1
736.0, elevID,1,  pos,10,  cmd, goto,-1
738.0,Elevator call,737.314720213409,1,0,1,0, got allocated to elevator, 0
741.0,Elev,0,  arrived at src, 3, Elevator call,529.6277472128405,3,-1,2,0
741.0,Elev,0,  arrived at dest, 3, this call is done!, Elevator call,661.0420820268716,-1,3,3,0, Done, dt, 79.95791797312836
741.0, elevID,0,  pos,3,  cmd, goto,-1
755.0,Elev,0,  arrived at dest, -1, this call is done!, Elevator call,529.6277472128405,3,-1,3,0, Done, dt, 225.37225278715948
755.0,Elev,0,  arrived at dest, -1, this call is done!, Elevator call,672.677314157026,0,-1,3,0, Done, dt, 82.32268584297401
755.0,Elev,0,  arrived at dest, -1, this call is done!, Elevator call,677.7341948387335,0,-1,3,0, Done, dt, 77.26580516126648
755.0,Elev,0,  arrived at src, -1, Elevator call,678.9953584914538,-1,-2,2,0
755.0,Elev,0,  arrived at src, -1, Elevator call,727.514602863032,-1,0,2,0
755.0, elevID,0,  pos,-1,  cmd, goto,-1
756.0, elevID,0,  pos,-1,  cmd, goto,6
757.0,Elev,1,  arrived at src, -1, Elevator call,706.1583474999188,-1,-2,2,1
757.0,Elev,1,  arrived at dest, -1, this call is done!, Elevator call,713.2499766424826,10,-1,3,1, Done, dt, 43.75002335751742
757.0, elevID,1,  pos,-1,  cmd, goto,-2
768.0,Elev,1,  arrived at dest, -2, this call is done!, Elevator call,706.1583474999188,-1,-2,3,1, Done, dt, 61.84165250008118
768.0, elevID,1,  pos,-2,  cmd, goto,1
773.0,Elev,0,  arrived at dest, 6, this call is done!, Elevator call,537.7866883694313,-1,6,3,0, Done, dt, 235.21331163056868
773.0,Elev,0,  arrived at src, 6, Elevator call,732.9746341348998,6,-1,2,0
773.0, elevID,0,  pos,6,  cmd, goto,4
780.0,Elevator call,779.399691386574,-1,5,1,0, got allocated to elevator, 0
781.0,Elev,1,  arrived at src, 1, Elevator call,713.0191971398395,1,0,2,1
781.0, elevID,1,  pos,1,  cmd, goto,0
785.0,Elev,0,  arrived at src, 4, Elevator call,554.0892922920482,4,0,2,0
785.0,Elev,0,  arrived at src, 4, Elevator call,666.0340294605869,4,0,2,0
785.0, elevID,0,  pos,4,  cmd, goto,0
792.0,Elev,1,  arrived at dest, 0, this call is done!, Elevator call,713.0191971398395,1,0,3,1, Done, dt, 78.98080286016045
792.0, elevID,1,  pos,0,  cmd, goto,10
799.0,Elev,0,  arrived at dest, 0, this call is done!, Elevator call,554.0892922920482,4,0,3,0, Done, dt, 244.91070770795181
799.0,Elev,0,  arrived at dest, 0, this call is done!, Elevator call,666.0340294605869,4,0,3,0, Done, dt, 132.9659705394131
799.0,Elev,0,  arrived at dest, 0, this call is done!, Elevator call,727.514602863032,-1,0,3,0, Done, dt, 71.485397136968
799.0, elevID,0,  pos,0,  cmd, goto,10
806.0,Elevator call,805.6754743307536,-1,-2,1,0, got allocated to elevator, 0
811.0,Elevator call,810.4469089359914,2,0,1,0, got allocated to elevator, 0
817.0,Elevator call,816.1516998390152,7,-1,1,1, got allocated to elevator, 1
817.0, elevID,1,  pos,10,  cmd, goto,7
819.0,Elev,0,  arrived at src, 10, Elevator call,722.6161212799507,10,0,2,0
819.0, elevID,0,  pos,10,  cmd, goto,0
826.0,Elevator call,825.4575184586336,7,0,1,0, got allocated to elevator, 0
830.0,Elev,1,  arrived at src, 7, Elevator call,816.1516998390152,7,-1,2,1
830.0, elevID,1,  pos,7,  cmd, goto,-1
839.0,Elev,0,  arrived at dest, 0, this call is done!, Elevator call,722.6161212799507,10,0,3,0, Done, dt, 116.38387872004932
839.0, elevID,0,  pos,0,  cmd, goto,8
840.0,Elevator call,839.8525652620532,0,1,1,0, got allocated to elevator, 0
848.0,Elev,1,  arrived at dest, -1, this call is done!, Elevator call,816.1516998390152,7,-1,3,1, Done, dt, 31.848300160984763
855.0,Elevator call,854.2002278085795,6,-1,1,1, got allocated to elevator, 1
855.0, elevID,1,  pos,-1,  cmd, goto,6
857.0,Elev,0,  arrived at src, 8, Elevator call,596.1232022872633,8,0,2,0
857.0,Elev,0,  arrived at dest, 8, this call is done!, Elevator call,665.1155548533167,-1,8,3,0, Done, dt, 191.88444514668333
857.0, elevID,0,  pos,8,  cmd, goto,0
864.0,Elevator call,863.893291272948,0,-1,1,0, got allocated to elevator, 0
871.0,Elevator call,870.5053023797483,0,7,1,1, got allocated to elevator, 1
872.0,Elev,1,  arrived at src, 6, Elevator call,854.2002278085795,6,-1,2,1
872.0, elevID,1,  pos,6,  cmd, goto,-1
875.0,Elev,0,  arrived at dest, 0, this call is done!, Elevator call,596.1232022872633,8,0,3,0, Done, dt, 278.8767977127367
875.0,Elev,0,  arrived at src, 0, Elevator call,839.8525652620532,0,1,2,0
875.0,Elev,0,  arrived at src, 0, Elevator call,863.893291272948,0,-1,2,0
875.0, elevID,0,  pos,0,  cmd, goto,1
886.0,Elev,0,  arrived at dest, 1, this call is done!, Elevator call,710.3249770041223,0,1,3,0, Done, dt, 175.67502299587773
886.0,Elev,0,  arrived at src, 1, Elevator call,737.314720213409,1,0,2,0
886.0,Elev,0,  arrived at dest, 1, this call is done!, Elevator call,839.8525652620532,0,1,3,0, Done, dt, 46.14743473794681
886.0, elevID,0,  pos,1,  cmd, goto,7
887.0,Elevator call,886.5649993239458,-1,-2,1,1, got allocated to elevator, 1
889.0,Elev,1,  arrived at dest, -1, this call is done!, Elevator call,854.2002278085795,6,-1,3,1, Done, dt, 34.799772191420516
889.0,Elev,1,  arrived at src, -1, Elevator call,886.5649993239458,-1,-2,2,1
889.0, elevID,1,  pos,-1,  cmd, goto,0
893.0,Elevator call,892.5212150591021,9,-1,1,0, got allocated to elevator, 0
900.0,Elev,1,  arrived at src, 0, Elevator call,870.5053023797483,0,7,2,1
900.0, elevID,1,  pos,0,  cmd, goto,7
902.0,Elev,0,  arrived at src, 7, Elevator call,603.9342326983083,7,0,2,0
902.0,Elev,0,  arrived at src, 7, Elevator call,825.4575184586336,7,0,2,0
902.0, elevID,0,  pos,7,  cmd, goto,0
911.0,Elevator call,910.5388559417848,6,5,1,0, got allocated to elevator, 0
916.0,Elevator call,915.9490574608818,4,-1,1,0, got allocated to elevator, 0
917.0,Elev,1,  arrived at dest, 7, this call is done!, Elevator call,870.5053023797483,0,7,3,1, Done, dt, 46.49469762025171
917.0, elevID,1,  pos,7,  cmd, goto,-1
919.0,Elev,0,  arrived at dest, 0, this call is done!, Elevator call,603.9342326983083,7,0,3,0, Done, dt, 315.0657673016917
919.0,Elev,0,  arrived at dest, 0, this call is done!, Elevator call,737.314720213409,1,0,3,0, Done, dt, 181.68527978659097
919.0,Elev,0,  arrived at dest, 0, this call is done!, Elevator call,825.4575184586336,7,0,3,0, Done, dt, 93.54248154136644
919.0, elevID,0,  pos,0,  cmd, goto,9
934.0,Elevator call,933.8580452488764,7,5,1,0, got allocated to elevator, 0
935.0, elevID,1,  pos,-1,  cmd, goto,-2
938.0,Elev,0,  arrived at src, 9, Elevator call,619.6454196970012,9,0,2,0
938.0,Elev,0,  arrived at src, 9, Elevator call,892.5212150591021,9,-1,2,0
938.0, elevID,0,  pos,9,  cmd, goto,0
946.0,Elev,1,  arrived at dest, -2, this call is done!, Elevator call,886.5649993239458,-1,-2,3,1, Done, dt, 59.43500067605419
957.0,Elev,0,  arrived at dest, 0, this call is done!, Elevator call,619.6454196970012,9,0,3,0, Done, dt, 337.3545803029988
957.0, elevID,0,  pos,0,  cmd, goto,0
958.0, elevID,0,  pos,0,  cmd, goto,-1
962.0,Elevator call,961.6862855708133,6,-1,1,1, got allocated to elevator, 1
962.0, elevID,1,  pos,-2,  cmd, goto,6
969.0,Elev,0,  arrived at dest, -1, this call is done!, Elevator call,732.9746341348998,6,-1,3,0, Done, dt, 236.02536586510018
969.0,Elev,0,  arrived at src, -1, Elevator call,779.399691386574,-1,5,2,0
969.0,Elev,0,  arrived at src, -1, Elevator call,805.6754743307536,-1,-2,2,0
969.0,Elev,0,  arrived at dest, -1, this call is done!, Elevator call,863.893291272948,0,-1,3,0, Done, dt, 105.10670872705202
969.0,Elev,0,  arrived at dest, -1, this call is done!, Elevator call,892.5212150591021,9,-1,3,0, Done, dt, 76.47878494089787
969.0, elevID,0,  pos,-1,  cmd, goto,-1
970.0, elevID,0,  pos,-1,  cmd, goto,-1
971.0, elevID,0,  pos,-1,  cmd, goto,5
973.0,Elevator call,972.8032126022729,1,0,1,0, got allocated to elevator, 0
976.0,Elevator call,975.8361202753667,0,-1,1,0, got allocated to elevator, 0
979.0,Elevator call,978.5925148564796,10,0,1,0, got allocated to elevator, 0
979.0,Elevator call,978.6210500641439,10,-1,1,0, got allocated to elevator, 0
980.0,Elev,1,  arrived at src, 6, Elevator call,961.6862855708133,6,-1,2,1
980.0, elevID,1,  pos,6,  cmd, goto,-1
985.0,Elevator call,984.1840185574983,7,0,1,0, got allocated to elevator, 0
987.0,Elev,0,  arrived at dest, 5, this call is done!, Elevator call,662.1730527520776,-1,5,3,0, Done, dt, 324.82694724792236
987.0,Elev,0,  arrived at src, 5, Elevator call,666.2411586665262,5,-1,2,0
987.0,Elev,0,  arrived at dest, 5, this call is done!, Elevator call,779.399691386574,-1,5,3,0, Done, dt, 207.60030861342602
987.0, elevID,0,  pos,5,  cmd, goto,-1
997.0,Elev,1,  arrived at dest, -1, this call is done!, Elevator call,961.6862855708133,6,-1,3,1, Done, dt, 35.31371442918669
1000.0,************* Simulation Ended ************
Code Owners,206795841,209011840,209496041,  Case,2,  Total waiting time: 11027.792822120187,  average waiting time per call: 110.27792822120188,  unCompleted calls,12,  certificate, -3868354255
