**** The Simulator log: stage 2
0.0,OOP_Ex0_Elevator_Simulator
0.0,Simulated Building, ex0.simulator.Builging_A [-2,10]
0) ex0.simulator.Elevator_A, Elev_0, speed: 1.0, open/close: 2.0,  start/stop: 3.0
1) ex0.simulator.Elevator_A, Elev_1, speed: 1.0, open/close: 2.0,  start/stop: 3.0
0.0,Simulated Period starTime,0.0,  endTime,1000.0,  dt,1.0
0.0,Simulated  calls,Elevetor log, size: 100
0.0,**** Simulation starts!! ****
0.0, elevID,0,  pos,-2,  cmd, goto,2
0.0, elevID,1,  pos,-2,  cmd, goto,1
5.0,Elevator call,4.374727290393253,0,-1,1,0, got allocated to elevator, 0
13.0, elevID,1,  pos,1,  cmd, goto,2
14.0, elevID,0,  pos,2,  cmd, goto,1
17.0,Elevator call,16.957882888088932,-1,0,1,1, got allocated to elevator, 1
23.0,Elevator call,22.094056301593582,0,-1,1,0, got allocated to elevator, 0
24.0, elevID,1,  pos,2,  cmd, goto,3
25.0, elevID,0,  pos,1,  cmd, goto,0
35.0, elevID,1,  pos,3,  cmd, goto,4
36.0,Elev,0,  arrived at src, 0, Elevator call,4.374727290393253,0,-1,2,0
36.0,Elev,0,  arrived at src, 0, Elevator call,22.094056301593582,0,-1,2,0
36.0, elevID,0,  pos,0,  cmd, goto,-1
46.0, elevID,1,  pos,4,  cmd, goto,5
47.0,Elev,0,  arrived at dest, -1, this call is done!, Elevator call,4.374727290393253,0,-1,3,0, Done, dt, 42.62527270960675
47.0,Elev,0,  arrived at dest, -1, this call is done!, Elevator call,22.094056301593582,0,-1,3,0, Done, dt, 24.905943698406418
47.0, elevID,0,  pos,-1,  cmd, goto,-2
57.0, elevID,1,  pos,5,  cmd, goto,6
58.0, elevID,0,  pos,-2,  cmd, goto,10
68.0, elevID,1,  pos,6,  cmd, goto,7
79.0, elevID,1,  pos,7,  cmd, goto,8
80.0, elevID,0,  pos,10,  cmd, goto,9
86.0,Elevator call,85.5209666204754,3,2,1,0, got allocated to elevator, 0
90.0, elevID,1,  pos,8,  cmd, goto,9
91.0, elevID,0,  pos,9,  cmd, goto,8
92.0,Elevator call,91.21019413453945,-1,-2,1,0, got allocated to elevator, 0
101.0, elevID,1,  pos,9,  cmd, goto,10
102.0, elevID,0,  pos,8,  cmd, goto,7
105.0,Elevator call,104.13701241869234,0,4,1,1, got allocated to elevator, 1
110.0,Elevator call,109.21352909346587,-1,0,1,1, got allocated to elevator, 1
112.0, elevID,1,  pos,10,  cmd, goto,-2
113.0, elevID,0,  pos,7,  cmd, goto,6
115.0,Elevator call,114.39235096774041,3,0,1,0, got allocated to elevator, 0
124.0, elevID,0,  pos,6,  cmd, goto,5
125.0,Elevator call,124.42557095980362,0,9,1,1, got allocated to elevator, 1
131.0,Elevator call,130.02495678190564,8,10,1,1, got allocated to elevator, 1
131.0,Elevator call,130.224911275492,-1,1,1,1, got allocated to elevator, 1
134.0, elevID,1,  pos,-2,  cmd, goto,-1
135.0, elevID,0,  pos,5,  cmd, goto,4
138.0,Elevator call,137.9515274326701,0,4,1,1, got allocated to elevator, 1
144.0,Elevator call,143.91335838799415,0,6,1,1, got allocated to elevator, 1
145.0,Elev,1,  arrived at src, -1, Elevator call,16.957882888088932,-1,0,2,1
145.0,Elev,1,  arrived at src, -1, Elevator call,109.21352909346587,-1,0,2,1
145.0,Elev,1,  arrived at src, -1, Elevator call,130.224911275492,-1,1,2,1
145.0, elevID,1,  pos,-1,  cmd, goto,0
146.0, elevID,0,  pos,4,  cmd, goto,3
156.0,Elev,1,  arrived at dest, 0, this call is done!, Elevator call,16.957882888088932,-1,0,3,1, Done, dt, 139.04211711191107
156.0,Elev,1,  arrived at src, 0, Elevator call,104.13701241869234,0,4,2,1
156.0,Elev,1,  arrived at dest, 0, this call is done!, Elevator call,109.21352909346587,-1,0,3,1, Done, dt, 46.786470906534134
156.0,Elev,1,  arrived at src, 0, Elevator call,124.42557095980362,0,9,2,1
156.0,Elev,1,  arrived at src, 0, Elevator call,137.9515274326701,0,4,2,1
156.0,Elev,1,  arrived at src, 0, Elevator call,143.91335838799415,0,6,2,1
156.0, elevID,1,  pos,0,  cmd, goto,1
157.0,Elev,0,  arrived at src, 3, Elevator call,85.5209666204754,3,2,2,0
157.0,Elev,0,  arrived at src, 3, Elevator call,114.39235096774041,3,0,2,0
157.0, elevID,0,  pos,3,  cmd, goto,2
167.0,Elev,1,  arrived at dest, 1, this call is done!, Elevator call,130.224911275492,-1,1,3,1, Done, dt, 36.77508872450801
167.0, elevID,1,  pos,1,  cmd, goto,2
168.0,Elev,0,  arrived at dest, 2, this call is done!, Elevator call,85.5209666204754,3,2,3,0, Done, dt, 82.4790333795246
168.0, elevID,0,  pos,2,  cmd, goto,1
170.0,Elevator call,169.78458339380109,-1,0,1,1, got allocated to elevator, 1
171.0,Elevator call,170.0099620835246,0,6,1,1, got allocated to elevator, 1
172.0,Elevator call,171.21173315221364,-1,8,1,1, got allocated to elevator, 1
175.0,Elevator call,174.84385152106802,0,-1,1,0, got allocated to elevator, 0
178.0, elevID,1,  pos,2,  cmd, goto,3
179.0, elevID,0,  pos,1,  cmd, goto,0
188.0,Elevator call,187.11678617348463,-1,-2,1,0, got allocated to elevator, 0
188.0,Elevator call,187.7299317966884,-1,-2,1,0, got allocated to elevator, 0
189.0, elevID,1,  pos,3,  cmd, goto,4
190.0,Elev,0,  arrived at dest, 0, this call is done!, Elevator call,114.39235096774041,3,0,3,0, Done, dt, 75.60764903225959
190.0,Elev,0,  arrived at src, 0, Elevator call,174.84385152106802,0,-1,2,0
190.0, elevID,0,  pos,0,  cmd, goto,-1
196.0,Elevator call,195.90869649656992,0,7,1,1, got allocated to elevator, 1
198.0,Elevator call,197.5359191292572,-1,1,1,1, got allocated to elevator, 1
200.0,Elev,1,  arrived at dest, 4, this call is done!, Elevator call,104.13701241869234,0,4,3,1, Done, dt, 95.86298758130766
200.0,Elev,1,  arrived at dest, 4, this call is done!, Elevator call,137.9515274326701,0,4,3,1, Done, dt, 62.048472567329895
200.0, elevID,1,  pos,4,  cmd, goto,5
201.0,Elev,0,  arrived at src, -1, Elevator call,91.21019413453945,-1,-2,2,0
201.0,Elev,0,  arrived at dest, -1, this call is done!, Elevator call,174.84385152106802,0,-1,3,0, Done, dt, 26.156148478931982
201.0,Elev,0,  arrived at src, -1, Elevator call,187.11678617348463,-1,-2,2,0
201.0,Elev,0,  arrived at src, -1, Elevator call,187.7299317966884,-1,-2,2,0
201.0, elevID,0,  pos,-1,  cmd, goto,-2
206.0,Elevator call,205.9895199338651,-1,0,1,1, got allocated to elevator, 1
211.0, elevID,1,  pos,5,  cmd, goto,6
212.0,Elev,0,  arrived at dest, -2, this call is done!, Elevator call,91.21019413453945,-1,-2,3,0, Done, dt, 120.78980586546055
212.0,Elev,0,  arrived at dest, -2, this call is done!, Elevator call,187.11678617348463,-1,-2,3,0, Done, dt, 24.883213826515373
212.0,Elev,0,  arrived at dest, -2, this call is done!, Elevator call,187.7299317966884,-1,-2,3,0, Done, dt, 24.27006820331161
212.0, elevID,0,  pos,-2,  cmd, goto,10
222.0,Elev,1,  arrived at dest, 6, this call is done!, Elevator call,143.91335838799415,0,6,3,1, Done, dt, 78.08664161200585
222.0, elevID,1,  pos,6,  cmd, goto,7
228.0,Elevator call,227.0798304557929,-1,5,1,1, got allocated to elevator, 1
232.0,Elevator call,231.51578817426258,-1,0,1,1, got allocated to elevator, 1
233.0,Elevator call,232.95043623946805,0,-1,1,0, got allocated to elevator, 0
233.0, elevID,1,  pos,7,  cmd, goto,8
234.0, elevID,0,  pos,10,  cmd, goto,9
244.0,Elev,1,  arrived at src, 8, Elevator call,130.02495678190564,8,10,2,1
244.0, elevID,1,  pos,8,  cmd, goto,9
245.0, elevID,0,  pos,9,  cmd, goto,8
252.0,Elevator call,251.10444690749756,-1,-2,1,0, got allocated to elevator, 0
252.0,Elevator call,251.23593354161653,0,9,1,1, got allocated to elevator, 1
255.0,Elevator call,254.69771525200505,3,4,1,1, got allocated to elevator, 1
255.0,Elev,1,  arrived at dest, 9, this call is done!, Elevator call,124.42557095980362,0,9,3,1, Done, dt, 130.57442904019638
255.0, elevID,1,  pos,9,  cmd, goto,10
256.0, elevID,0,  pos,8,  cmd, goto,7
258.0,Elevator call,257.7974435335086,-1,0,1,1, got allocated to elevator, 1
266.0,Elev,1,  arrived at dest, 10, this call is done!, Elevator call,130.02495678190564,8,10,3,1, Done, dt, 135.97504321809436
266.0, elevID,1,  pos,10,  cmd, goto,-2
267.0, elevID,0,  pos,7,  cmd, goto,6
278.0, elevID,0,  pos,6,  cmd, goto,5
288.0, elevID,1,  pos,-2,  cmd, goto,-1
289.0, elevID,0,  pos,5,  cmd, goto,4
296.0,Elevator call,295.7943356681491,0,1,1,1, got allocated to elevator, 1
299.0,Elev,1,  arrived at src, -1, Elevator call,169.78458339380109,-1,0,2,1
299.0,Elev,1,  arrived at src, -1, Elevator call,171.21173315221364,-1,8,2,1
299.0,Elev,1,  arrived at src, -1, Elevator call,197.5359191292572,-1,1,2,1
299.0,Elev,1,  arrived at src, -1, Elevator call,205.9895199338651,-1,0,2,1
299.0,Elev,1,  arrived at src, -1, Elevator call,227.0798304557929,-1,5,2,1
299.0,Elev,1,  arrived at src, -1, Elevator call,231.51578817426258,-1,0,2,1
299.0,Elev,1,  arrived at src, -1, Elevator call,257.7974435335086,-1,0,2,1
299.0, elevID,1,  pos,-1,  cmd, goto,0
300.0, elevID,0,  pos,4,  cmd, goto,3
305.0,Elevator call,304.99843880775313,6,0,1,0, got allocated to elevator, 0
310.0,Elevator call,309.30053828560517,0,-1,1,0, got allocated to elevator, 0
310.0,Elev,1,  arrived at dest, 0, this call is done!, Elevator call,169.78458339380109,-1,0,3,1, Done, dt, 140.21541660619891
310.0,Elev,1,  arrived at src, 0, Elevator call,170.0099620835246,0,6,2,1
310.0,Elev,1,  arrived at src, 0, Elevator call,195.90869649656992,0,7,2,1
310.0,Elev,1,  arrived at dest, 0, this call is done!, Elevator call,205.9895199338651,-1,0,3,1, Done, dt, 104.0104800661349
310.0,Elev,1,  arrived at dest, 0, this call is done!, Elevator call,231.51578817426258,-1,0,3,1, Done, dt, 78.48421182573742
310.0,Elev,1,  arrived at src, 0, Elevator call,251.23593354161653,0,9,2,1
310.0,Elev,1,  arrived at dest, 0, this call is done!, Elevator call,257.7974435335086,-1,0,3,1, Done, dt, 52.20255646649139
310.0,Elev,1,  arrived at src, 0, Elevator call,295.7943356681491,0,1,2,1
310.0, elevID,1,  pos,0,  cmd, goto,1
311.0, elevID,0,  pos,3,  cmd, goto,2
313.0,Elevator call,312.30185564398687,0,-1,1,0, got allocated to elevator, 0
317.0,Elevator call,316.03237827404377,0,-1,1,0, got allocated to elevator, 0
320.0,Elevator call,319.90520204415634,6,5,1,0, got allocated to elevator, 0
321.0,Elevator call,320.97607492210807,-1,0,1,1, got allocated to elevator, 1
321.0,Elev,1,  arrived at dest, 1, this call is done!, Elevator call,197.5359191292572,-1,1,3,1, Done, dt, 123.4640808707428
321.0,Elev,1,  arrived at dest, 1, this call is done!, Elevator call,295.7943356681491,0,1,3,1, Done, dt, 25.205664331850926
321.0, elevID,1,  pos,1,  cmd, goto,2
322.0,Elevator call,321.37040904796595,7,-1,1,0, got allocated to elevator, 0
322.0, elevID,0,  pos,2,  cmd, goto,1
332.0, elevID,1,  pos,2,  cmd, goto,3
333.0,Elevator call,332.4267319393355,0,10,1,1, got allocated to elevator, 1
333.0, elevID,0,  pos,1,  cmd, goto,0
337.0,Elevator call,336.93043046159545,-1,0,1,1, got allocated to elevator, 1
343.0,Elev,1,  arrived at src, 3, Elevator call,254.69771525200505,3,4,2,1
343.0, elevID,1,  pos,3,  cmd, goto,4
344.0,Elev,0,  arrived at src, 0, Elevator call,232.95043623946805,0,-1,2,0
344.0,Elev,0,  arrived at src, 0, Elevator call,309.30053828560517,0,-1,2,0
344.0,Elev,0,  arrived at src, 0, Elevator call,312.30185564398687,0,-1,2,0
344.0,Elev,0,  arrived at src, 0, Elevator call,316.03237827404377,0,-1,2,0
344.0, elevID,0,  pos,0,  cmd, goto,-1
354.0,Elev,1,  arrived at dest, 4, this call is done!, Elevator call,254.69771525200505,3,4,3,1, Done, dt, 99.30228474799495
354.0, elevID,1,  pos,4,  cmd, goto,5
355.0,Elev,0,  arrived at dest, -1, this call is done!, Elevator call,232.95043623946805,0,-1,3,0, Done, dt, 122.04956376053195
355.0,Elev,0,  arrived at src, -1, Elevator call,251.10444690749756,-1,-2,2,0
355.0,Elev,0,  arrived at dest, -1, this call is done!, Elevator call,309.30053828560517,0,-1,3,0, Done, dt, 45.69946171439483
355.0,Elev,0,  arrived at dest, -1, this call is done!, Elevator call,312.30185564398687,0,-1,3,0, Done, dt, 42.69814435601313
355.0,Elev,0,  arrived at dest, -1, this call is done!, Elevator call,316.03237827404377,0,-1,3,0, Done, dt, 38.967621725956235
355.0, elevID,0,  pos,-1,  cmd, goto,-2
365.0,Elev,1,  arrived at dest, 5, this call is done!, Elevator call,227.0798304557929,-1,5,3,1, Done, dt, 137.9201695442071
365.0, elevID,1,  pos,5,  cmd, goto,6
366.0,Elev,0,  arrived at dest, -2, this call is done!, Elevator call,251.10444690749756,-1,-2,3,0, Done, dt, 114.89555309250244
366.0, elevID,0,  pos,-2,  cmd, goto,10
376.0,Elevator call,375.49048095381363,1,0,1,0, got allocated to elevator, 0
376.0,Elev,1,  arrived at dest, 6, this call is done!, Elevator call,170.0099620835246,0,6,3,1, Done, dt, 205.9900379164754
376.0, elevID,1,  pos,6,  cmd, goto,7
387.0,Elev,1,  arrived at dest, 7, this call is done!, Elevator call,195.90869649656992,0,7,3,1, Done, dt, 191.09130350343008
387.0, elevID,1,  pos,7,  cmd, goto,8
388.0, elevID,0,  pos,10,  cmd, goto,9
393.0,Elevator call,392.5160764870397,0,5,1,1, got allocated to elevator, 1
398.0,Elev,1,  arrived at dest, 8, this call is done!, Elevator call,171.21173315221364,-1,8,3,1, Done, dt, 226.78826684778636
398.0, elevID,1,  pos,8,  cmd, goto,9
399.0, elevID,0,  pos,9,  cmd, goto,8
406.0,Elevator call,405.1821140884023,-1,10,1,1, got allocated to elevator, 1
409.0,Elev,1,  arrived at dest, 9, this call is done!, Elevator call,251.23593354161653,0,9,3,1, Done, dt, 157.76406645838347
409.0, elevID,1,  pos,9,  cmd, goto,10
410.0, elevID,0,  pos,8,  cmd, goto,7
420.0, elevID,1,  pos,10,  cmd, goto,-2
421.0,Elev,0,  arrived at src, 7, Elevator call,321.37040904796595,7,-1,2,0
421.0, elevID,0,  pos,7,  cmd, goto,6
427.0,Elevator call,426.8615805478589,2,0,1,0, got allocated to elevator, 0
432.0,Elev,0,  arrived at src, 6, Elevator call,304.99843880775313,6,0,2,0
432.0,Elev,0,  arrived at src, 6, Elevator call,319.90520204415634,6,5,2,0
432.0, elevID,0,  pos,6,  cmd, goto,5
438.0,Elevator call,437.17111576125836,1,0,1,0, got allocated to elevator, 0
442.0, elevID,1,  pos,-2,  cmd, goto,-1
443.0,Elev,0,  arrived at dest, 5, this call is done!, Elevator call,319.90520204415634,6,5,3,0, Done, dt, 123.09479795584366
443.0, elevID,0,  pos,5,  cmd, goto,4
453.0,Elev,1,  arrived at src, -1, Elevator call,320.97607492210807,-1,0,2,1
453.0,Elev,1,  arrived at src, -1, Elevator call,336.93043046159545,-1,0,2,1
453.0,Elev,1,  arrived at src, -1, Elevator call,405.1821140884023,-1,10,2,1
453.0, elevID,1,  pos,-1,  cmd, goto,0
454.0, elevID,0,  pos,4,  cmd, goto,3
464.0,Elev,1,  arrived at dest, 0, this call is done!, Elevator call,320.97607492210807,-1,0,3,1, Done, dt, 143.02392507789193
464.0,Elev,1,  arrived at src, 0, Elevator call,332.4267319393355,0,10,2,1
464.0,Elev,1,  arrived at dest, 0, this call is done!, Elevator call,336.93043046159545,-1,0,3,1, Done, dt, 127.06956953840455
464.0,Elev,1,  arrived at src, 0, Elevator call,392.5160764870397,0,5,2,1
464.0, elevID,1,  pos,0,  cmd, goto,1
465.0, elevID,0,  pos,3,  cmd, goto,2
473.0,Elevator call,472.7445473930129,10,-1,1,0, got allocated to elevator, 0
475.0, elevID,1,  pos,1,  cmd, goto,2
476.0,Elev,0,  arrived at src, 2, Elevator call,426.8615805478589,2,0,2,0
476.0, elevID,0,  pos,2,  cmd, goto,1
486.0, elevID,1,  pos,2,  cmd, goto,3
487.0,Elev,0,  arrived at src, 1, Elevator call,375.49048095381363,1,0,2,0
487.0,Elev,0,  arrived at src, 1, Elevator call,437.17111576125836,1,0,2,0
487.0, elevID,0,  pos,1,  cmd, goto,0
497.0, elevID,1,  pos,3,  cmd, goto,4
498.0,Elev,0,  arrived at dest, 0, this call is done!, Elevator call,304.99843880775313,6,0,3,0, Done, dt, 193.00156119224687
498.0,Elev,0,  arrived at dest, 0, this call is done!, Elevator call,375.49048095381363,1,0,3,0, Done, dt, 122.50951904618637
498.0,Elev,0,  arrived at dest, 0, this call is done!, Elevator call,426.8615805478589,2,0,3,0, Done, dt, 71.13841945214108
498.0,Elev,0,  arrived at dest, 0, this call is done!, Elevator call,437.17111576125836,1,0,3,0, Done, dt, 60.82888423874164
498.0, elevID,0,  pos,0,  cmd, goto,-1
501.0,Elevator call,500.3712044996745,8,-1,1,0, got allocated to elevator, 0
504.0,Elevator call,503.13847841893045,1,-1,1,0, got allocated to elevator, 0
505.0,Elevator call,504.4317942159655,0,-1,1,0, got allocated to elevator, 0
508.0, elevID,1,  pos,4,  cmd, goto,5
509.0,Elev,0,  arrived at dest, -1, this call is done!, Elevator call,321.37040904796595,7,-1,3,0, Done, dt, 187.62959095203405
509.0, elevID,0,  pos,-1,  cmd, goto,-2
519.0,Elev,1,  arrived at dest, 5, this call is done!, Elevator call,392.5160764870397,0,5,3,1, Done, dt, 126.4839235129603
519.0, elevID,1,  pos,5,  cmd, goto,6
520.0, elevID,0,  pos,-2,  cmd, goto,10
530.0,Elevator call,529.6277472128405,3,-1,1,0, got allocated to elevator, 0
530.0, elevID,1,  pos,6,  cmd, goto,7
538.0,Elevator call,537.7866883694313,-1,6,1,1, got allocated to elevator, 1
541.0, elevID,1,  pos,7,  cmd, goto,8
542.0,Elev,0,  arrived at src, 10, Elevator call,472.7445473930129,10,-1,2,0
542.0, elevID,0,  pos,10,  cmd, goto,9
545.0,Elevator call,544.7880392034898,6,-1,1,0, got allocated to elevator, 0
552.0, elevID,1,  pos,8,  cmd, goto,9
553.0, elevID,0,  pos,9,  cmd, goto,8
555.0,Elevator call,554.0892922920482,4,0,1,0, got allocated to elevator, 0
558.0,Elevator call,557.2441390036331,10,0,1,0, got allocated to elevator, 0
563.0, elevID,1,  pos,9,  cmd, goto,10
564.0,Elev,0,  arrived at src, 8, Elevator call,500.3712044996745,8,-1,2,0
564.0, elevID,0,  pos,8,  cmd, goto,7
566.0,Elevator call,565.0195521745534,0,-1,1,0, got allocated to elevator, 0
574.0,Elev,1,  arrived at dest, 10, this call is done!, Elevator call,332.4267319393355,0,10,3,1, Done, dt, 241.57326806066447
574.0,Elev,1,  arrived at dest, 10, this call is done!, Elevator call,405.1821140884023,-1,10,3,1, Done, dt, 168.81788591159773
574.0, elevID,1,  pos,10,  cmd, goto,-2
575.0, elevID,0,  pos,7,  cmd, goto,6
582.0,Elevator call,581.8703090238192,0,3,1,1, got allocated to elevator, 1
586.0,Elev,0,  arrived at src, 6, Elevator call,544.7880392034898,6,-1,2,0
586.0, elevID,0,  pos,6,  cmd, goto,5
596.0, elevID,1,  pos,-2,  cmd, goto,-1
597.0,Elevator call,596.1232022872633,8,0,1,0, got allocated to elevator, 0
597.0, elevID,0,  pos,5,  cmd, goto,4
601.0,Elevator call,600.9312879686208,1,0,1,0, got allocated to elevator, 0
604.0,Elevator call,603.9342326983083,7,0,1,0, got allocated to elevator, 0
607.0,Elev,1,  arrived at src, -1, Elevator call,537.7866883694313,-1,6,2,1
607.0, elevID,1,  pos,-1,  cmd, goto,0
608.0,Elev,0,  arrived at src, 4, Elevator call,554.0892922920482,4,0,2,0
608.0, elevID,0,  pos,4,  cmd, goto,3
618.0,Elevator call,617.9628338542149,0,3,1,1, got allocated to elevator, 1
618.0,Elev,1,  arrived at src, 0, Elevator call,581.8703090238192,0,3,2,1
618.0,Elev,1,  arrived at src, 0, Elevator call,617.9628338542149,0,3,2,1
618.0, elevID,1,  pos,0,  cmd, goto,1
619.0,Elev,0,  arrived at src, 3, Elevator call,529.6277472128405,3,-1,2,0
619.0, elevID,0,  pos,3,  cmd, goto,2
620.0,Elevator call,619.6454196970012,9,0,1,0, got allocated to elevator, 0
627.0,Elevator call,626.2116172047942,0,1,1,1, got allocated to elevator, 1
629.0, elevID,1,  pos,1,  cmd, goto,2
630.0, elevID,0,  pos,2,  cmd, goto,1
640.0, elevID,1,  pos,2,  cmd, goto,3
641.0,Elev,0,  arrived at src, 1, Elevator call,503.13847841893045,1,-1,2,0
641.0,Elev,0,  arrived at src, 1, Elevator call,600.9312879686208,1,0,2,0
641.0, elevID,0,  pos,1,  cmd, goto,0
644.0,Elevator call,643.8547514955396,-1,2,1,1, got allocated to elevator, 1
651.0,Elev,1,  arrived at dest, 3, this call is done!, Elevator call,581.8703090238192,0,3,3,1, Done, dt, 69.12969097618077
651.0,Elev,1,  arrived at dest, 3, this call is done!, Elevator call,617.9628338542149,0,3,3,1, Done, dt, 33.037166145785136
651.0, elevID,1,  pos,3,  cmd, goto,4
652.0,Elev,0,  arrived at src, 0, Elevator call,504.4317942159655,0,-1,2,0
652.0,Elev,0,  arrived at dest, 0, this call is done!, Elevator call,554.0892922920482,4,0,3,0, Done, dt, 97.91070770795181
652.0,Elev,0,  arrived at src, 0, Elevator call,565.0195521745534,0,-1,2,0
652.0,Elev,0,  arrived at dest, 0, this call is done!, Elevator call,600.9312879686208,1,0,3,0, Done, dt, 51.068712031379164
652.0, elevID,0,  pos,0,  cmd, goto,-1
661.0,Elevator call,660.0732907797126,6,10,1,1, got allocated to elevator, 1
662.0,Elevator call,661.0420820268716,-1,3,1,1, got allocated to elevator, 1
662.0, elevID,1,  pos,4,  cmd, goto,5
663.0,Elevator call,662.1730527520776,-1,5,1,1, got allocated to elevator, 1
663.0,Elev,0,  arrived at dest, -1, this call is done!, Elevator call,472.7445473930129,10,-1,3,0, Done, dt, 190.2554526069871
663.0,Elev,0,  arrived at dest, -1, this call is done!, Elevator call,500.3712044996745,8,-1,3,0, Done, dt, 162.6287955003255
663.0,Elev,0,  arrived at dest, -1, this call is done!, Elevator call,503.13847841893045,1,-1,3,0, Done, dt, 159.86152158106955
663.0,Elev,0,  arrived at dest, -1, this call is done!, Elevator call,504.4317942159655,0,-1,3,0, Done, dt, 158.5682057840345
663.0,Elev,0,  arrived at dest, -1, this call is done!, Elevator call,529.6277472128405,3,-1,3,0, Done, dt, 133.37225278715948
663.0,Elev,0,  arrived at dest, -1, this call is done!, Elevator call,544.7880392034898,6,-1,3,0, Done, dt, 118.2119607965102
663.0,Elev,0,  arrived at dest, -1, this call is done!, Elevator call,565.0195521745534,0,-1,3,0, Done, dt, 97.98044782544662
663.0, elevID,0,  pos,-1,  cmd, goto,-2
666.0,Elevator call,665.1155548533167,-1,8,1,1, got allocated to elevator, 1
667.0,Elevator call,666.0340294605869,4,0,1,0, got allocated to elevator, 0
667.0,Elevator call,666.2411586665262,5,-1,1,0, got allocated to elevator, 0
673.0,Elevator call,672.677314157026,0,-1,1,0, got allocated to elevator, 0
673.0, elevID,1,  pos,5,  cmd, goto,6
674.0, elevID,0,  pos,-2,  cmd, goto,10
678.0,Elevator call,677.7341948387335,0,-1,1,0, got allocated to elevator, 0
679.0,Elevator call,678.9953584914538,-1,-2,1,0, got allocated to elevator, 0
684.0,Elev,1,  arrived at dest, 6, this call is done!, Elevator call,537.7866883694313,-1,6,3,1, Done, dt, 146.21331163056868
684.0,Elev,1,  arrived at src, 6, Elevator call,660.0732907797126,6,10,2,1
684.0, elevID,1,  pos,6,  cmd, goto,7
695.0, elevID,1,  pos,7,  cmd, goto,8
696.0,Elevator call,695.2239881566923,0,10,1,1, got allocated to elevator, 1
696.0,Elev,0,  arrived at src, 10, Elevator call,557.2441390036331,10,0,2,0
696.0, elevID,0,  pos,10,  cmd, goto,9
706.0, elevID,1,  pos,8,  cmd, goto,9
707.0,Elevator call,706.1583474999188,-1,-2,1,0, got allocated to elevator, 0
707.0,Elev,0,  arrived at src, 9, Elevator call,619.6454196970012,9,0,2,0
707.0, elevID,0,  pos,9,  cmd, goto,8
711.0,Elevator call,710.3249770041223,0,1,1,1, got allocated to elevator, 1
714.0,Elevator call,713.0191971398395,1,0,1,0, got allocated to elevator, 0
714.0,Elevator call,713.2499766424826,10,-1,1,0, got allocated to elevator, 0
717.0, elevID,1,  pos,9,  cmd, goto,10
718.0,Elev,0,  arrived at src, 8, Elevator call,596.1232022872633,8,0,2,0
718.0, elevID,0,  pos,8,  cmd, goto,7
723.0,Elevator call,722.6161212799507,10,0,1,0, got allocated to elevator, 0
728.0,Elevator call,727.514602863032,-1,0,1,1, got allocated to elevator, 1
728.0,Elev,1,  arrived at dest, 10, this call is done!, Elevator call,660.0732907797126,6,10,3,1, Done, dt, 67.92670922028742
728.0, elevID,1,  pos,10,  cmd, goto,-2
729.0,Elev,0,  arrived at src, 7, Elevator call,603.9342326983083,7,0,2,0
729.0, elevID,0,  pos,7,  cmd, goto,6
733.0,Elevator call,732.9746341348998,6,-1,1,0, got allocated to elevator, 0
738.0,Elevator call,737.314720213409,1,0,1,0, got allocated to elevator, 0
740.0,Elev,0,  arrived at src, 6, Elevator call,732.9746341348998,6,-1,2,0
740.0, elevID,0,  pos,6,  cmd, goto,5
750.0, elevID,1,  pos,-2,  cmd, goto,-1
751.0,Elev,0,  arrived at src, 5, Elevator call,666.2411586665262,5,-1,2,0
751.0, elevID,0,  pos,5,  cmd, goto,4
761.0,Elev,1,  arrived at src, -1, Elevator call,643.8547514955396,-1,2,2,1
761.0,Elev,1,  arrived at src, -1, Elevator call,661.0420820268716,-1,3,2,1
761.0,Elev,1,  arrived at src, -1, Elevator call,662.1730527520776,-1,5,2,1
761.0,Elev,1,  arrived at src, -1, Elevator call,665.1155548533167,-1,8,2,1
761.0,Elev,1,  arrived at src, -1, Elevator call,727.514602863032,-1,0,2,1
761.0, elevID,1,  pos,-1,  cmd, goto,0
762.0,Elev,0,  arrived at src, 4, Elevator call,666.0340294605869,4,0,2,0
762.0, elevID,0,  pos,4,  cmd, goto,3
772.0,Elev,1,  arrived at src, 0, Elevator call,626.2116172047942,0,1,2,1
772.0,Elev,1,  arrived at src, 0, Elevator call,695.2239881566923,0,10,2,1
772.0,Elev,1,  arrived at src, 0, Elevator call,710.3249770041223,0,1,2,1
772.0,Elev,1,  arrived at dest, 0, this call is done!, Elevator call,727.514602863032,-1,0,3,1, Done, dt, 44.485397136968004
772.0, elevID,1,  pos,0,  cmd, goto,1
773.0, elevID,0,  pos,3,  cmd, goto,2
780.0,Elevator call,779.399691386574,-1,5,1,1, got allocated to elevator, 1
783.0,Elev,1,  arrived at dest, 1, this call is done!, Elevator call,626.2116172047942,0,1,3,1, Done, dt, 156.78838279520585
783.0,Elev,1,  arrived at dest, 1, this call is done!, Elevator call,710.3249770041223,0,1,3,1, Done, dt, 72.67502299587773
783.0, elevID,1,  pos,1,  cmd, goto,2
784.0, elevID,0,  pos,2,  cmd, goto,1
794.0,Elev,1,  arrived at dest, 2, this call is done!, Elevator call,643.8547514955396,-1,2,3,1, Done, dt, 150.14524850446037
794.0, elevID,1,  pos,2,  cmd, goto,3
795.0,Elev,0,  arrived at src, 1, Elevator call,713.0191971398395,1,0,2,0
795.0,Elev,0,  arrived at src, 1, Elevator call,737.314720213409,1,0,2,0
795.0, elevID,0,  pos,1,  cmd, goto,0
805.0,Elev,1,  arrived at dest, 3, this call is done!, Elevator call,661.0420820268716,-1,3,3,1, Done, dt, 143.95791797312836
805.0, elevID,1,  pos,3,  cmd, goto,4
806.0,Elevator call,805.6754743307536,-1,-2,1,0, got allocated to elevator, 0
806.0,Elev,0,  arrived at dest, 0, this call is done!, Elevator call,557.2441390036331,10,0,3,0, Done, dt, 248.7558609963669
806.0,Elev,0,  arrived at dest, 0, this call is done!, Elevator call,596.1232022872633,8,0,3,0, Done, dt, 209.87679771273667
806.0,Elev,0,  arrived at dest, 0, this call is done!, Elevator call,603.9342326983083,7,0,3,0, Done, dt, 202.06576730169172
806.0,Elev,0,  arrived at dest, 0, this call is done!, Elevator call,619.6454196970012,9,0,3,0, Done, dt, 186.35458030299878
806.0,Elev,0,  arrived at dest, 0, this call is done!, Elevator call,666.0340294605869,4,0,3,0, Done, dt, 139.9659705394131
806.0,Elev,0,  arrived at src, 0, Elevator call,672.677314157026,0,-1,2,0
806.0,Elev,0,  arrived at src, 0, Elevator call,677.7341948387335,0,-1,2,0
806.0,Elev,0,  arrived at dest, 0, this call is done!, Elevator call,713.0191971398395,1,0,3,0, Done, dt, 92.98080286016045
806.0,Elev,0,  arrived at dest, 0, this call is done!, Elevator call,737.314720213409,1,0,3,0, Done, dt, 68.68527978659097
806.0, elevID,0,  pos,0,  cmd, goto,-1
811.0,Elevator call,810.4469089359914,2,0,1,0, got allocated to elevator, 0
816.0, elevID,1,  pos,4,  cmd, goto,5
817.0,Elevator call,816.1516998390152,7,-1,1,0, got allocated to elevator, 0
817.0,Elev,0,  arrived at dest, -1, this call is done!, Elevator call,666.2411586665262,5,-1,3,0, Done, dt, 150.7588413334738
817.0,Elev,0,  arrived at dest, -1, this call is done!, Elevator call,672.677314157026,0,-1,3,0, Done, dt, 144.322685842974
817.0,Elev,0,  arrived at dest, -1, this call is done!, Elevator call,677.7341948387335,0,-1,3,0, Done, dt, 139.26580516126648
817.0,Elev,0,  arrived at src, -1, Elevator call,678.9953584914538,-1,-2,2,0
817.0,Elev,0,  arrived at src, -1, Elevator call,706.1583474999188,-1,-2,2,0
817.0,Elev,0,  arrived at dest, -1, this call is done!, Elevator call,732.9746341348998,6,-1,3,0, Done, dt, 84.02536586510018
817.0,Elev,0,  arrived at src, -1, Elevator call,805.6754743307536,-1,-2,2,0
817.0, elevID,0,  pos,-1,  cmd, goto,-2
826.0,Elevator call,825.4575184586336,7,0,1,0, got allocated to elevator, 0
827.0,Elev,1,  arrived at dest, 5, this call is done!, Elevator call,662.1730527520776,-1,5,3,1, Done, dt, 164.82694724792236
827.0, elevID,1,  pos,5,  cmd, goto,6
828.0,Elev,0,  arrived at dest, -2, this call is done!, Elevator call,678.9953584914538,-1,-2,3,0, Done, dt, 149.00464150854623
828.0,Elev,0,  arrived at dest, -2, this call is done!, Elevator call,706.1583474999188,-1,-2,3,0, Done, dt, 121.84165250008118
828.0,Elev,0,  arrived at dest, -2, this call is done!, Elevator call,805.6754743307536,-1,-2,3,0, Done, dt, 22.32452566924644
828.0, elevID,0,  pos,-2,  cmd, goto,10
838.0, elevID,1,  pos,6,  cmd, goto,7
840.0,Elevator call,839.8525652620532,0,1,1,1, got allocated to elevator, 1
849.0, elevID,1,  pos,7,  cmd, goto,8
850.0,Elev,0,  arrived at src, 10, Elevator call,713.2499766424826,10,-1,2,0
850.0,Elev,0,  arrived at src, 10, Elevator call,722.6161212799507,10,0,2,0
850.0, elevID,0,  pos,10,  cmd, goto,9
855.0,Elevator call,854.2002278085795,6,-1,1,0, got allocated to elevator, 0
860.0,Elev,1,  arrived at dest, 8, this call is done!, Elevator call,665.1155548533167,-1,8,3,1, Done, dt, 194.88444514668333
860.0, elevID,1,  pos,8,  cmd, goto,9
861.0, elevID,0,  pos,9,  cmd, goto,8
864.0,Elevator call,863.893291272948,0,-1,1,0, got allocated to elevator, 0
871.0,Elevator call,870.5053023797483,0,7,1,1, got allocated to elevator, 1
871.0, elevID,1,  pos,9,  cmd, goto,10
872.0, elevID,0,  pos,8,  cmd, goto,7
882.0,Elev,1,  arrived at dest, 10, this call is done!, Elevator call,695.2239881566923,0,10,3,1, Done, dt, 186.77601184330774
882.0, elevID,1,  pos,10,  cmd, goto,-2
883.0,Elev,0,  arrived at src, 7, Elevator call,816.1516998390152,7,-1,2,0
883.0,Elev,0,  arrived at src, 7, Elevator call,825.4575184586336,7,0,2,0
883.0, elevID,0,  pos,7,  cmd, goto,6
887.0,Elevator call,886.5649993239458,-1,-2,1,0, got allocated to elevator, 0
893.0,Elevator call,892.5212150591021,9,-1,1,0, got allocated to elevator, 0
894.0,Elev,0,  arrived at src, 6, Elevator call,854.2002278085795,6,-1,2,0
894.0, elevID,0,  pos,6,  cmd, goto,5
904.0, elevID,1,  pos,-2,  cmd, goto,-1
905.0, elevID,0,  pos,5,  cmd, goto,4
911.0,Elevator call,910.5388559417848,6,5,1,0, got allocated to elevator, 0
915.0,Elev,1,  arrived at src, -1, Elevator call,779.399691386574,-1,5,2,1
915.0, elevID,1,  pos,-1,  cmd, goto,0
916.0,Elevator call,915.9490574608818,4,-1,1,0, got allocated to elevator, 0
916.0,Elev,0,  arrived at src, 4, Elevator call,915.9490574608818,4,-1,2,0
916.0, elevID,0,  pos,4,  cmd, goto,3
926.0,Elev,1,  arrived at src, 0, Elevator call,839.8525652620532,0,1,2,1
926.0,Elev,1,  arrived at src, 0, Elevator call,870.5053023797483,0,7,2,1
926.0, elevID,1,  pos,0,  cmd, goto,1
927.0, elevID,0,  pos,3,  cmd, goto,2
934.0,Elevator call,933.8580452488764,7,5,1,0, got allocated to elevator, 0
937.0,Elev,1,  arrived at dest, 1, this call is done!, Elevator call,839.8525652620532,0,1,3,1, Done, dt, 97.14743473794681
937.0, elevID,1,  pos,1,  cmd, goto,2
938.0,Elev,0,  arrived at src, 2, Elevator call,810.4469089359914,2,0,2,0
938.0, elevID,0,  pos,2,  cmd, goto,1
948.0, elevID,1,  pos,2,  cmd, goto,3
949.0, elevID,0,  pos,1,  cmd, goto,0
959.0, elevID,1,  pos,3,  cmd, goto,4
960.0,Elev,0,  arrived at dest, 0, this call is done!, Elevator call,722.6161212799507,10,0,3,0, Done, dt, 237.38387872004932
960.0,Elev,0,  arrived at dest, 0, this call is done!, Elevator call,810.4469089359914,2,0,3,0, Done, dt, 149.55309106400864
960.0,Elev,0,  arrived at dest, 0, this call is done!, Elevator call,825.4575184586336,7,0,3,0, Done, dt, 134.54248154136644
960.0,Elev,0,  arrived at src, 0, Elevator call,863.893291272948,0,-1,2,0
960.0, elevID,0,  pos,0,  cmd, goto,-1
962.0,Elevator call,961.6862855708133,6,-1,1,0, got allocated to elevator, 0
970.0, elevID,1,  pos,4,  cmd, goto,5
971.0,Elev,0,  arrived at dest, -1, this call is done!, Elevator call,713.2499766424826,10,-1,3,0, Done, dt, 257.7500233575174
971.0,Elev,0,  arrived at dest, -1, this call is done!, Elevator call,816.1516998390152,7,-1,3,0, Done, dt, 154.84830016098476
971.0,Elev,0,  arrived at dest, -1, this call is done!, Elevator call,854.2002278085795,6,-1,3,0, Done, dt, 116.79977219142052
971.0,Elev,0,  arrived at dest, -1, this call is done!, Elevator call,863.893291272948,0,-1,3,0, Done, dt, 107.10670872705202
971.0,Elev,0,  arrived at src, -1, Elevator call,886.5649993239458,-1,-2,2,0
971.0,Elev,0,  arrived at dest, -1, this call is done!, Elevator call,915.9490574608818,4,-1,3,0, Done, dt, 55.05094253911818
971.0, elevID,0,  pos,-1,  cmd, goto,-2
973.0,Elevator call,972.8032126022729,1,0,1,0, got allocated to elevator, 0
976.0,Elevator call,975.8361202753667,0,-1,1,0, got allocated to elevator, 0
979.0,Elevator call,978.5925148564796,10,0,1,0, got allocated to elevator, 0
979.0,Elevator call,978.6210500641439,10,-1,1,0, got allocated to elevator, 0
981.0,Elev,1,  arrived at dest, 5, this call is done!, Elevator call,779.399691386574,-1,5,3,1, Done, dt, 201.60030861342602
981.0, elevID,1,  pos,5,  cmd, goto,6
982.0,Elev,0,  arrived at dest, -2, this call is done!, Elevator call,886.5649993239458,-1,-2,3,0, Done, dt, 95.43500067605419
982.0, elevID,0,  pos,-2,  cmd, goto,10
985.0,Elevator call,984.1840185574983,7,0,1,0, got allocated to elevator, 0
992.0, elevID,1,  pos,6,  cmd, goto,7
1000.0,************* Simulation Ended ************
Code Owners,123456789,  Case,2,  Total waiting time: 11327.792822120187,  average waiting time per call: 113.27792822120188,  unCompleted calls,10,  certificate, -3833133721
