**** The Simulator log: stage 2
0.0,OOP_Ex0_Elevator_Simulator
0.0,Simulated Building, ex0.simulator.Builging_A [-2,10]
0) ex0.simulator.Elevator_A, Elev_0, speed: 1.0, open/close: 2.0,  start/stop: 3.0
1) ex0.simulator.Elevator_A, Elev_1, speed: 1.0, open/close: 2.0,  start/stop: 3.0
0.0,Simulated Period starTime,0.0,  endTime,1000.0,  dt,1.0
0.0,Simulated  calls,Elevetor log, size: 100
0.0,**** Simulation starts!! ****
0.0, elevID,0,  pos,-2,  cmd, goto,8
5.0,Elevator call,4.374727290393253,0,-1,1,0, got allocated to elevator, 0
17.0,Elevator call,16.957882888088932,-1,0,1,0, got allocated to elevator, 0
20.0, elevID,0,  pos,8,  cmd, goto,0
23.0,Elevator call,22.094056301593582,0,-1,1,0, got allocated to elevator, 0
38.0,Elev,0,  arrived at src, 0, Elevator call,4.374727290393253,0,-1,2,0
38.0,Elev,0,  arrived at src, 0, Elevator call,22.094056301593582,0,-1,2,0
38.0, elevID,0,  pos,0,  cmd, goto,0
38.0, elevID,0,  pos,0,  cmd, goto,0
39.0, elevID,0,  pos,0,  cmd, goto,0
86.0,Elevator call,85.5209666204754,3,2,1,0, got allocated to elevator, 0
86.0, elevID,0,  pos,0,  cmd, goto,3
92.0,Elevator call,91.21019413453945,-1,-2,1,0, got allocated to elevator, 0
99.0,Elev,0,  arrived at src, 3, Elevator call,85.5209666204754,3,2,2,0
99.0, elevID,0,  pos,3,  cmd, goto,3
99.0, elevID,0,  pos,3,  cmd, goto,-1
105.0,Elevator call,104.13701241869234,0,4,1,0, got allocated to elevator, 0
110.0,Elevator call,109.21352909346587,-1,0,1,0, got allocated to elevator, 0
113.0,Elev,0,  arrived at dest, -1, this call is done!, Elevator call,4.374727290393253,0,-1,3,0, Done, dt, 108.62527270960675
113.0,Elev,0,  arrived at src, -1, Elevator call,16.957882888088932,-1,0,2,0
113.0,Elev,0,  arrived at dest, -1, this call is done!, Elevator call,22.094056301593582,0,-1,3,0, Done, dt, 90.90594369840642
113.0,Elev,0,  arrived at src, -1, Elevator call,91.21019413453945,-1,-2,2,0
113.0,Elev,0,  arrived at src, -1, Elevator call,109.21352909346587,-1,0,2,0
113.0, elevID,0,  pos,-1,  cmd, goto,4
115.0,Elevator call,114.39235096774041,3,0,1,0, got allocated to elevator, 0
125.0,Elevator call,124.42557095980362,0,9,1,0, got allocated to elevator, 0
128.0, elevID,0,  pos,4,  cmd, goto,9
131.0,Elevator call,130.02495678190564,8,10,1,0, got allocated to elevator, 0
131.0,Elevator call,130.224911275492,-1,1,1,0, got allocated to elevator, 0
138.0,Elevator call,137.9515274326701,0,4,1,0, got allocated to elevator, 0
143.0, elevID,0,  pos,9,  cmd, goto,10
144.0,Elevator call,143.91335838799415,0,6,1,0, got allocated to elevator, 0
154.0, elevID,0,  pos,10,  cmd, goto,10
154.0, elevID,0,  pos,10,  cmd, goto,1
170.0,Elevator call,169.78458339380109,-1,0,1,0, got allocated to elevator, 0
171.0,Elevator call,170.0099620835246,0,6,1,0, got allocated to elevator, 0
172.0,Elevator call,171.21173315221364,-1,8,1,0, got allocated to elevator, 0
173.0, elevID,0,  pos,1,  cmd, goto,10
175.0,Elevator call,174.84385152106802,0,-1,1,0, got allocated to elevator, 0
188.0,Elevator call,187.11678617348463,-1,-2,1,0, got allocated to elevator, 0
188.0,Elevator call,187.7299317966884,-1,-2,1,0, got allocated to elevator, 0
192.0, elevID,0,  pos,10,  cmd, goto,10
192.0, elevID,0,  pos,10,  cmd, goto,-1
196.0,Elevator call,195.90869649656992,0,7,1,0, got allocated to elevator, 0
198.0,Elevator call,197.5359191292572,-1,1,1,0, got allocated to elevator, 0
206.0,Elevator call,205.9895199338651,-1,0,1,0, got allocated to elevator, 0
213.0,Elev,0,  arrived at src, -1, Elevator call,130.224911275492,-1,1,2,0
213.0,Elev,0,  arrived at src, -1, Elevator call,169.78458339380109,-1,0,2,0
213.0,Elev,0,  arrived at src, -1, Elevator call,171.21173315221364,-1,8,2,0
213.0,Elev,0,  arrived at src, -1, Elevator call,187.11678617348463,-1,-2,2,0
213.0,Elev,0,  arrived at src, -1, Elevator call,187.7299317966884,-1,-2,2,0
213.0,Elev,0,  arrived at src, -1, Elevator call,197.5359191292572,-1,1,2,0
213.0,Elev,0,  arrived at src, -1, Elevator call,205.9895199338651,-1,0,2,0
213.0, elevID,0,  pos,-1,  cmd, goto,10
228.0,Elevator call,227.0798304557929,-1,5,1,0, got allocated to elevator, 0
232.0,Elevator call,231.51578817426258,-1,0,1,0, got allocated to elevator, 0
233.0,Elevator call,232.95043623946805,0,-1,1,0, got allocated to elevator, 0
234.0, elevID,0,  pos,10,  cmd, goto,10
234.0, elevID,0,  pos,10,  cmd, goto,0
252.0,Elevator call,251.10444690749756,-1,-2,1,0, got allocated to elevator, 0
252.0,Elevator call,251.23593354161653,0,9,1,0, got allocated to elevator, 0
254.0,Elev,0,  arrived at dest, 0, this call is done!, Elevator call,16.957882888088932,-1,0,3,0, Done, dt, 237.04211711191107
254.0,Elev,0,  arrived at src, 0, Elevator call,104.13701241869234,0,4,2,0
254.0,Elev,0,  arrived at dest, 0, this call is done!, Elevator call,109.21352909346587,-1,0,3,0, Done, dt, 144.78647090653413
254.0,Elev,0,  arrived at src, 0, Elevator call,124.42557095980362,0,9,2,0
254.0,Elev,0,  arrived at src, 0, Elevator call,137.9515274326701,0,4,2,0
254.0,Elev,0,  arrived at src, 0, Elevator call,143.91335838799415,0,6,2,0
254.0,Elev,0,  arrived at dest, 0, this call is done!, Elevator call,169.78458339380109,-1,0,3,0, Done, dt, 84.21541660619891
254.0,Elev,0,  arrived at src, 0, Elevator call,170.0099620835246,0,6,2,0
254.0,Elev,0,  arrived at src, 0, Elevator call,174.84385152106802,0,-1,2,0
254.0,Elev,0,  arrived at src, 0, Elevator call,195.90869649656992,0,7,2,0
254.0,Elev,0,  arrived at dest, 0, this call is done!, Elevator call,205.9895199338651,-1,0,3,0, Done, dt, 48.0104800661349
254.0,Elev,0,  arrived at src, 0, Elevator call,232.95043623946805,0,-1,2,0
254.0,Elev,0,  arrived at src, 0, Elevator call,251.23593354161653,0,9,2,0
254.0, elevID,0,  pos,0,  cmd, goto,10
255.0,Elevator call,254.69771525200505,3,4,1,0, got allocated to elevator, 0
258.0,Elevator call,257.7974435335086,-1,0,1,0, got allocated to elevator, 0
274.0, elevID,0,  pos,10,  cmd, goto,10
274.0, elevID,0,  pos,10,  cmd, goto,0
294.0, elevID,0,  pos,0,  cmd, goto,10
296.0,Elevator call,295.7943356681491,0,1,1,0, got allocated to elevator, 0
305.0,Elevator call,304.99843880775313,6,0,1,0, got allocated to elevator, 0
310.0,Elevator call,309.30053828560517,0,-1,1,0, got allocated to elevator, 0
313.0,Elevator call,312.30185564398687,0,-1,1,0, got allocated to elevator, 0
314.0, elevID,0,  pos,10,  cmd, goto,10
314.0, elevID,0,  pos,10,  cmd, goto,0
317.0,Elevator call,316.03237827404377,0,-1,1,0, got allocated to elevator, 0
320.0,Elevator call,319.90520204415634,6,5,1,0, got allocated to elevator, 0
321.0,Elevator call,320.97607492210807,-1,0,1,0, got allocated to elevator, 0
322.0,Elevator call,321.37040904796595,7,-1,1,0, got allocated to elevator, 0
333.0,Elevator call,332.4267319393355,0,10,1,0, got allocated to elevator, 0
334.0,Elev,0,  arrived at src, 0, Elevator call,295.7943356681491,0,1,2,0
334.0,Elev,0,  arrived at src, 0, Elevator call,309.30053828560517,0,-1,2,0
334.0,Elev,0,  arrived at src, 0, Elevator call,312.30185564398687,0,-1,2,0
334.0,Elev,0,  arrived at src, 0, Elevator call,316.03237827404377,0,-1,2,0
334.0,Elev,0,  arrived at src, 0, Elevator call,332.4267319393355,0,10,2,0
334.0, elevID,0,  pos,0,  cmd, goto,10
337.0,Elevator call,336.93043046159545,-1,0,1,0, got allocated to elevator, 0
354.0,Elev,0,  arrived at dest, 10, this call is done!, Elevator call,332.4267319393355,0,10,3,0, Done, dt, 21.573268060664475
354.0, elevID,0,  pos,10,  cmd, goto,10
354.0, elevID,0,  pos,10,  cmd, goto,0
374.0, elevID,0,  pos,0,  cmd, goto,10
376.0,Elevator call,375.49048095381363,1,0,1,0, got allocated to elevator, 0
393.0,Elevator call,392.5160764870397,0,5,1,0, got allocated to elevator, 0
394.0, elevID,0,  pos,10,  cmd, goto,10
394.0, elevID,0,  pos,10,  cmd, goto,1
406.0,Elevator call,405.1821140884023,-1,10,1,0, got allocated to elevator, 0
413.0,Elev,0,  arrived at dest, 1, this call is done!, Elevator call,130.224911275492,-1,1,3,0, Done, dt, 282.775088724508
413.0,Elev,0,  arrived at dest, 1, this call is done!, Elevator call,197.5359191292572,-1,1,3,0, Done, dt, 215.4640808707428
413.0,Elev,0,  arrived at dest, 1, this call is done!, Elevator call,295.7943356681491,0,1,3,0, Done, dt, 117.20566433185093
413.0,Elev,0,  arrived at src, 1, Elevator call,375.49048095381363,1,0,2,0
413.0, elevID,0,  pos,1,  cmd, goto,10
427.0,Elevator call,426.8615805478589,2,0,1,0, got allocated to elevator, 0
432.0, elevID,0,  pos,10,  cmd, goto,10
432.0, elevID,0,  pos,10,  cmd, goto,1
438.0,Elevator call,437.17111576125836,1,0,1,0, got allocated to elevator, 0
451.0,Elev,0,  arrived at src, 1, Elevator call,437.17111576125836,1,0,2,0
451.0, elevID,0,  pos,1,  cmd, goto,10
470.0, elevID,0,  pos,10,  cmd, goto,10
470.0, elevID,0,  pos,10,  cmd, goto,2
473.0,Elevator call,472.7445473930129,10,-1,1,0, got allocated to elevator, 0
488.0,Elev,0,  arrived at dest, 2, this call is done!, Elevator call,85.5209666204754,3,2,3,0, Done, dt, 402.4790333795246
488.0,Elev,0,  arrived at src, 2, Elevator call,426.8615805478589,2,0,2,0
488.0, elevID,0,  pos,2,  cmd, goto,10
501.0,Elevator call,500.3712044996745,8,-1,1,0, got allocated to elevator, 0
504.0,Elevator call,503.13847841893045,1,-1,1,0, got allocated to elevator, 0
505.0,Elevator call,504.4317942159655,0,-1,1,0, got allocated to elevator, 0
506.0,Elev,0,  arrived at src, 10, Elevator call,472.7445473930129,10,-1,2,0
506.0, elevID,0,  pos,10,  cmd, goto,10
506.0, elevID,0,  pos,10,  cmd, goto,0
526.0,Elev,0,  arrived at dest, 0, this call is done!, Elevator call,375.49048095381363,1,0,3,0, Done, dt, 150.50951904618637
526.0,Elev,0,  arrived at src, 0, Elevator call,392.5160764870397,0,5,2,0
526.0,Elev,0,  arrived at dest, 0, this call is done!, Elevator call,426.8615805478589,2,0,3,0, Done, dt, 99.13841945214108
526.0,Elev,0,  arrived at dest, 0, this call is done!, Elevator call,437.17111576125836,1,0,3,0, Done, dt, 88.82888423874164
526.0,Elev,0,  arrived at src, 0, Elevator call,504.4317942159655,0,-1,2,0
526.0, elevID,0,  pos,0,  cmd, goto,10
530.0,Elevator call,529.6277472128405,3,-1,1,0, got allocated to elevator, 0
538.0,Elevator call,537.7866883694313,-1,6,1,0, got allocated to elevator, 0
545.0,Elevator call,544.7880392034898,6,-1,1,0, got allocated to elevator, 0
546.0, elevID,0,  pos,10,  cmd, goto,10
546.0, elevID,0,  pos,10,  cmd, goto,1
555.0,Elevator call,554.0892922920482,4,0,1,0, got allocated to elevator, 0
558.0,Elevator call,557.2441390036331,10,0,1,0, got allocated to elevator, 0
565.0,Elev,0,  arrived at src, 1, Elevator call,503.13847841893045,1,-1,2,0
565.0, elevID,0,  pos,1,  cmd, goto,10
566.0,Elevator call,565.0195521745534,0,-1,1,0, got allocated to elevator, 0
582.0,Elevator call,581.8703090238192,0,3,1,0, got allocated to elevator, 0
584.0,Elev,0,  arrived at src, 10, Elevator call,557.2441390036331,10,0,2,0
584.0, elevID,0,  pos,10,  cmd, goto,10
584.0, elevID,0,  pos,10,  cmd, goto,0
597.0,Elevator call,596.1232022872633,8,0,1,0, got allocated to elevator, 0
601.0,Elevator call,600.9312879686208,1,0,1,0, got allocated to elevator, 0
604.0,Elevator call,603.9342326983083,7,0,1,0, got allocated to elevator, 0
604.0,Elev,0,  arrived at dest, 0, this call is done!, Elevator call,557.2441390036331,10,0,3,0, Done, dt, 46.75586099636689
604.0,Elev,0,  arrived at src, 0, Elevator call,565.0195521745534,0,-1,2,0
604.0,Elev,0,  arrived at src, 0, Elevator call,581.8703090238192,0,3,2,0
604.0, elevID,0,  pos,0,  cmd, goto,10
618.0,Elevator call,617.9628338542149,0,3,1,0, got allocated to elevator, 0
620.0,Elevator call,619.6454196970012,9,0,1,0, got allocated to elevator, 0
624.0, elevID,0,  pos,10,  cmd, goto,10
624.0, elevID,0,  pos,10,  cmd, goto,1
627.0,Elevator call,626.2116172047942,0,1,1,0, got allocated to elevator, 0
643.0,Elev,0,  arrived at src, 1, Elevator call,600.9312879686208,1,0,2,0
643.0, elevID,0,  pos,1,  cmd, goto,10
644.0,Elevator call,643.8547514955396,-1,2,1,0, got allocated to elevator, 0
661.0,Elevator call,660.0732907797126,6,10,1,0, got allocated to elevator, 0
662.0,Elevator call,661.0420820268716,-1,3,1,0, got allocated to elevator, 0
662.0, elevID,0,  pos,10,  cmd, goto,10
662.0, elevID,0,  pos,10,  cmd, goto,1
663.0,Elevator call,662.1730527520776,-1,5,1,0, got allocated to elevator, 0
666.0,Elevator call,665.1155548533167,-1,8,1,0, got allocated to elevator, 0
667.0,Elevator call,666.0340294605869,4,0,1,0, got allocated to elevator, 0
667.0,Elevator call,666.2411586665262,5,-1,1,0, got allocated to elevator, 0
673.0,Elevator call,672.677314157026,0,-1,1,0, got allocated to elevator, 0
678.0,Elevator call,677.7341948387335,0,-1,1,0, got allocated to elevator, 0
679.0,Elevator call,678.9953584914538,-1,-2,1,0, got allocated to elevator, 0
681.0, elevID,0,  pos,1,  cmd, goto,10
696.0,Elevator call,695.2239881566923,0,10,1,0, got allocated to elevator, 0
700.0, elevID,0,  pos,10,  cmd, goto,10
700.0, elevID,0,  pos,10,  cmd, goto,0
707.0,Elevator call,706.1583474999188,-1,-2,1,0, got allocated to elevator, 0
711.0,Elevator call,710.3249770041223,0,1,1,0, got allocated to elevator, 0
714.0,Elevator call,713.0191971398395,1,0,1,0, got allocated to elevator, 0
714.0,Elevator call,713.2499766424826,10,-1,1,0, got allocated to elevator, 0
720.0,Elev,0,  arrived at dest, 0, this call is done!, Elevator call,600.9312879686208,1,0,3,0, Done, dt, 119.06871203137916
720.0,Elev,0,  arrived at src, 0, Elevator call,617.9628338542149,0,3,2,0
720.0,Elev,0,  arrived at src, 0, Elevator call,626.2116172047942,0,1,2,0
720.0,Elev,0,  arrived at src, 0, Elevator call,672.677314157026,0,-1,2,0
720.0,Elev,0,  arrived at src, 0, Elevator call,677.7341948387335,0,-1,2,0
720.0,Elev,0,  arrived at src, 0, Elevator call,695.2239881566923,0,10,2,0
720.0,Elev,0,  arrived at src, 0, Elevator call,710.3249770041223,0,1,2,0
720.0, elevID,0,  pos,0,  cmd, goto,10
723.0,Elevator call,722.6161212799507,10,0,1,0, got allocated to elevator, 0
728.0,Elevator call,727.514602863032,-1,0,1,0, got allocated to elevator, 0
733.0,Elevator call,732.9746341348998,6,-1,1,0, got allocated to elevator, 0
738.0,Elevator call,737.314720213409,1,0,1,0, got allocated to elevator, 0
740.0,Elev,0,  arrived at dest, 10, this call is done!, Elevator call,695.2239881566923,0,10,3,0, Done, dt, 44.77601184330774
740.0,Elev,0,  arrived at src, 10, Elevator call,713.2499766424826,10,-1,2,0
740.0,Elev,0,  arrived at src, 10, Elevator call,722.6161212799507,10,0,2,0
740.0, elevID,0,  pos,10,  cmd, goto,10
740.0, elevID,0,  pos,10,  cmd, goto,0
760.0,Elev,0,  arrived at dest, 0, this call is done!, Elevator call,722.6161212799507,10,0,3,0, Done, dt, 37.383878720049324
760.0, elevID,0,  pos,0,  cmd, goto,10
780.0,Elevator call,779.399691386574,-1,5,1,0, got allocated to elevator, 0
780.0, elevID,0,  pos,10,  cmd, goto,10
780.0, elevID,0,  pos,10,  cmd, goto,1
799.0,Elev,0,  arrived at dest, 1, this call is done!, Elevator call,626.2116172047942,0,1,3,0, Done, dt, 172.78838279520585
799.0,Elev,0,  arrived at dest, 1, this call is done!, Elevator call,710.3249770041223,0,1,3,0, Done, dt, 88.67502299587773
799.0,Elev,0,  arrived at src, 1, Elevator call,713.0191971398395,1,0,2,0
799.0,Elev,0,  arrived at src, 1, Elevator call,737.314720213409,1,0,2,0
799.0, elevID,0,  pos,1,  cmd, goto,10
806.0,Elevator call,805.6754743307536,-1,-2,1,0, got allocated to elevator, 0
811.0,Elevator call,810.4469089359914,2,0,1,0, got allocated to elevator, 0
817.0,Elevator call,816.1516998390152,7,-1,1,0, got allocated to elevator, 0
818.0, elevID,0,  pos,10,  cmd, goto,10
818.0, elevID,0,  pos,10,  cmd, goto,-1
826.0,Elevator call,825.4575184586336,7,0,1,0, got allocated to elevator, 0
839.0,Elev,0,  arrived at dest, -1, this call is done!, Elevator call,174.84385152106802,0,-1,3,0, Done, dt, 664.156148478932
839.0,Elev,0,  arrived at src, -1, Elevator call,227.0798304557929,-1,5,2,0
839.0,Elev,0,  arrived at src, -1, Elevator call,231.51578817426258,-1,0,2,0
839.0,Elev,0,  arrived at dest, -1, this call is done!, Elevator call,232.95043623946805,0,-1,3,0, Done, dt, 606.049563760532
839.0,Elev,0,  arrived at src, -1, Elevator call,251.10444690749756,-1,-2,2,0
839.0,Elev,0,  arrived at src, -1, Elevator call,257.7974435335086,-1,0,2,0
839.0,Elev,0,  arrived at dest, -1, this call is done!, Elevator call,309.30053828560517,0,-1,3,0, Done, dt, 529.6994617143948
839.0,Elev,0,  arrived at dest, -1, this call is done!, Elevator call,312.30185564398687,0,-1,3,0, Done, dt, 526.6981443560131
839.0,Elev,0,  arrived at dest, -1, this call is done!, Elevator call,316.03237827404377,0,-1,3,0, Done, dt, 522.9676217259562
839.0,Elev,0,  arrived at src, -1, Elevator call,320.97607492210807,-1,0,2,0
839.0,Elev,0,  arrived at src, -1, Elevator call,336.93043046159545,-1,0,2,0
839.0,Elev,0,  arrived at src, -1, Elevator call,405.1821140884023,-1,10,2,0
839.0,Elev,0,  arrived at dest, -1, this call is done!, Elevator call,472.7445473930129,10,-1,3,0, Done, dt, 366.2554526069871
839.0,Elev,0,  arrived at dest, -1, this call is done!, Elevator call,503.13847841893045,1,-1,3,0, Done, dt, 335.86152158106955
839.0,Elev,0,  arrived at dest, -1, this call is done!, Elevator call,504.4317942159655,0,-1,3,0, Done, dt, 334.5682057840345
839.0,Elev,0,  arrived at src, -1, Elevator call,537.7866883694313,-1,6,2,0
839.0,Elev,0,  arrived at dest, -1, this call is done!, Elevator call,565.0195521745534,0,-1,3,0, Done, dt, 273.9804478254466
839.0,Elev,0,  arrived at src, -1, Elevator call,643.8547514955396,-1,2,2,0
839.0,Elev,0,  arrived at src, -1, Elevator call,661.0420820268716,-1,3,2,0
839.0,Elev,0,  arrived at src, -1, Elevator call,662.1730527520776,-1,5,2,0
839.0,Elev,0,  arrived at src, -1, Elevator call,665.1155548533167,-1,8,2,0
839.0,Elev,0,  arrived at dest, -1, this call is done!, Elevator call,672.677314157026,0,-1,3,0, Done, dt, 166.322685842974
839.0,Elev,0,  arrived at dest, -1, this call is done!, Elevator call,677.7341948387335,0,-1,3,0, Done, dt, 161.26580516126648
839.0,Elev,0,  arrived at src, -1, Elevator call,678.9953584914538,-1,-2,2,0
839.0,Elev,0,  arrived at src, -1, Elevator call,706.1583474999188,-1,-2,2,0
839.0,Elev,0,  arrived at dest, -1, this call is done!, Elevator call,713.2499766424826,10,-1,3,0, Done, dt, 125.75002335751742
839.0,Elev,0,  arrived at src, -1, Elevator call,727.514602863032,-1,0,2,0
839.0,Elev,0,  arrived at src, -1, Elevator call,779.399691386574,-1,5,2,0
839.0,Elev,0,  arrived at src, -1, Elevator call,805.6754743307536,-1,-2,2,0
839.0, elevID,0,  pos,-1,  cmd, goto,10
840.0,Elevator call,839.8525652620532,0,1,1,0, got allocated to elevator, 0
855.0,Elevator call,854.2002278085795,6,-1,1,0, got allocated to elevator, 0
860.0,Elev,0,  arrived at dest, 10, this call is done!, Elevator call,405.1821140884023,-1,10,3,0, Done, dt, 454.8178859115977
860.0, elevID,0,  pos,10,  cmd, goto,10
860.0, elevID,0,  pos,10,  cmd, goto,0
864.0,Elevator call,863.893291272948,0,-1,1,0, got allocated to elevator, 0
871.0,Elevator call,870.5053023797483,0,7,1,0, got allocated to elevator, 0
880.0,Elev,0,  arrived at dest, 0, this call is done!, Elevator call,231.51578817426258,-1,0,3,0, Done, dt, 648.4842118257375
880.0,Elev,0,  arrived at dest, 0, this call is done!, Elevator call,257.7974435335086,-1,0,3,0, Done, dt, 622.2025564664914
880.0,Elev,0,  arrived at dest, 0, this call is done!, Elevator call,320.97607492210807,-1,0,3,0, Done, dt, 559.0239250778919
880.0,Elev,0,  arrived at dest, 0, this call is done!, Elevator call,336.93043046159545,-1,0,3,0, Done, dt, 543.0695695384045
880.0,Elev,0,  arrived at dest, 0, this call is done!, Elevator call,713.0191971398395,1,0,3,0, Done, dt, 166.98080286016045
880.0,Elev,0,  arrived at dest, 0, this call is done!, Elevator call,727.514602863032,-1,0,3,0, Done, dt, 152.485397136968
880.0,Elev,0,  arrived at dest, 0, this call is done!, Elevator call,737.314720213409,1,0,3,0, Done, dt, 142.68527978659097
880.0,Elev,0,  arrived at src, 0, Elevator call,839.8525652620532,0,1,2,0
880.0,Elev,0,  arrived at src, 0, Elevator call,863.893291272948,0,-1,2,0
880.0,Elev,0,  arrived at src, 0, Elevator call,870.5053023797483,0,7,2,0
880.0, elevID,0,  pos,0,  cmd, goto,10
887.0,Elevator call,886.5649993239458,-1,-2,1,0, got allocated to elevator, 0
893.0,Elevator call,892.5212150591021,9,-1,1,0, got allocated to elevator, 0
900.0, elevID,0,  pos,10,  cmd, goto,10
900.0, elevID,0,  pos,10,  cmd, goto,-1
911.0,Elevator call,910.5388559417848,6,5,1,0, got allocated to elevator, 0
916.0,Elevator call,915.9490574608818,4,-1,1,0, got allocated to elevator, 0
921.0,Elev,0,  arrived at dest, -1, this call is done!, Elevator call,863.893291272948,0,-1,3,0, Done, dt, 57.10670872705202
921.0,Elev,0,  arrived at src, -1, Elevator call,886.5649993239458,-1,-2,2,0
921.0, elevID,0,  pos,-1,  cmd, goto,10
934.0,Elevator call,933.8580452488764,7,5,1,0, got allocated to elevator, 0
942.0, elevID,0,  pos,10,  cmd, goto,10
942.0, elevID,0,  pos,10,  cmd, goto,1
961.0,Elev,0,  arrived at dest, 1, this call is done!, Elevator call,839.8525652620532,0,1,3,0, Done, dt, 121.14743473794681
961.0, elevID,0,  pos,1,  cmd, goto,10
962.0,Elevator call,961.6862855708133,6,-1,1,0, got allocated to elevator, 0
973.0,Elevator call,972.8032126022729,1,0,1,0, got allocated to elevator, 0
976.0,Elevator call,975.8361202753667,0,-1,1,0, got allocated to elevator, 0
979.0,Elevator call,978.5925148564796,10,0,1,0, got allocated to elevator, 0
979.0,Elevator call,978.6210500641439,10,-1,1,0, got allocated to elevator, 0
980.0,Elev,0,  arrived at src, 10, Elevator call,978.5925148564796,10,0,2,0
980.0,Elev,0,  arrived at src, 10, Elevator call,978.6210500641439,10,-1,2,0
980.0, elevID,0,  pos,10,  cmd, goto,10
980.0, elevID,0,  pos,10,  cmd, goto,0
985.0,Elevator call,984.1840185574983,7,0,1,0, got allocated to elevator, 0
1000.0,************* Simulation Ended ************
Code Owners,123456789,  Case,2,  Total waiting time: 36019.792822120195,  average waiting time per call: 360.19792822120195,  unCompleted calls,58,  certificate, -10393209717
