**** The Simulator log: stage 2
0.0,OOP_Ex0_Elevator_Simulator
0.0,Simulated Building, ex0.simulator.Builging_A [-2,10]
0) ex0.simulator.Elevator_A, Elev_0, speed: 1.0, open/close: 2.0,  start/stop: 3.0
1) ex0.simulator.Elevator_A, Elev_1, speed: 1.0, open/close: 2.0,  start/stop: 3.0
0.0,Simulated Period starTime,0.0,  endTime,1000.0,  dt,1.0
0.0,Simulated  calls,Elevetor log, size: 100
0.0,**** Simulation starts!! ****
0.0, elevID,0,  pos,-2,  cmd, goto,6
5.0,Elevator call,4.374727290393253,0,-1,1,0, got allocated to elevator, 0
17.0,Elevator call,16.957882888088932,-1,0,1,0, got allocated to elevator, 0
18.0, elevID,0,  pos,6,  cmd, goto,0
23.0,Elevator call,22.094056301593582,0,-1,1,0, got allocated to elevator, 0
34.0,Elev,0,  arrived at src, 0, Elevator call,4.374727290393253,0,-1,2,0
34.0,Elev,0,  arrived at src, 0, Elevator call,22.094056301593582,0,-1,2,0
34.0, elevID,0,  pos,0,  cmd, goto,0
35.0, elevID,0,  pos,0,  cmd, goto,0
86.0,Elevator call,85.5209666204754,3,2,1,0, got allocated to elevator, 0
86.0, elevID,0,  pos,0,  cmd, goto,3
92.0,Elevator call,91.21019413453945,-1,-2,1,0, got allocated to elevator, 0
99.0,Elev,0,  arrived at src, 3, Elevator call,85.5209666204754,3,2,2,0
99.0, elevID,0,  pos,3,  cmd, goto,-1
105.0,Elevator call,104.13701241869234,0,4,1,0, got allocated to elevator, 0
110.0,Elevator call,109.21352909346587,-1,0,1,0, got allocated to elevator, 0
113.0,Elev,0,  arrived at dest, -1, this call is done!, Elevator call,4.374727290393253,0,-1,3,0, Done, dt, 108.62527270960675
113.0,Elev,0,  arrived at src, -1, Elevator call,16.957882888088932,-1,0,2,0
113.0,Elev,0,  arrived at dest, -1, this call is done!, Elevator call,22.094056301593582,0,-1,3,0, Done, dt, 90.90594369840642
113.0,Elev,0,  arrived at src, -1, Elevator call,91.21019413453945,-1,-2,2,0
113.0,Elev,0,  arrived at src, -1, Elevator call,109.21352909346587,-1,0,2,0
113.0, elevID,0,  pos,-1,  cmd, goto,0
115.0,Elevator call,114.39235096774041,3,0,1,0, got allocated to elevator, 0
124.0,Elev,0,  arrived at dest, 0, this call is done!, Elevator call,16.957882888088932,-1,0,3,0, Done, dt, 107.04211711191107
124.0,Elev,0,  arrived at src, 0, Elevator call,104.13701241869234,0,4,2,0
124.0,Elev,0,  arrived at dest, 0, this call is done!, Elevator call,109.21352909346587,-1,0,3,0, Done, dt, 14.786470906534134
124.0, elevID,0,  pos,0,  cmd, goto,3
125.0,Elevator call,124.42557095980362,0,9,1,0, got allocated to elevator, 0
131.0,Elevator call,130.02495678190564,8,10,1,0, got allocated to elevator, 0
131.0,Elevator call,130.224911275492,-1,1,1,0, got allocated to elevator, 0
137.0,Elev,0,  arrived at src, 3, Elevator call,114.39235096774041,3,0,2,0
137.0, elevID,0,  pos,3,  cmd, goto,0
138.0,Elevator call,137.9515274326701,0,4,1,0, got allocated to elevator, 0
144.0,Elevator call,143.91335838799415,0,6,1,0, got allocated to elevator, 0
150.0,Elev,0,  arrived at dest, 0, this call is done!, Elevator call,114.39235096774041,3,0,3,0, Done, dt, 35.60764903225959
150.0,Elev,0,  arrived at src, 0, Elevator call,124.42557095980362,0,9,2,0
150.0,Elev,0,  arrived at src, 0, Elevator call,137.9515274326701,0,4,2,0
150.0,Elev,0,  arrived at src, 0, Elevator call,143.91335838799415,0,6,2,0
150.0, elevID,0,  pos,0,  cmd, goto,1
161.0, elevID,0,  pos,1,  cmd, goto,3
170.0,Elevator call,169.78458339380109,-1,0,1,0, got allocated to elevator, 0
171.0,Elevator call,170.0099620835246,0,6,1,0, got allocated to elevator, 0
172.0,Elevator call,171.21173315221364,-1,8,1,0, got allocated to elevator, 0
173.0, elevID,0,  pos,3,  cmd, goto,0
175.0,Elevator call,174.84385152106802,0,-1,1,0, got allocated to elevator, 0
186.0,Elev,0,  arrived at src, 0, Elevator call,170.0099620835246,0,6,2,0
186.0,Elev,0,  arrived at src, 0, Elevator call,174.84385152106802,0,-1,2,0
186.0, elevID,0,  pos,0,  cmd, goto,0
187.0, elevID,0,  pos,0,  cmd, goto,3
188.0,Elevator call,187.11678617348463,-1,-2,1,0, got allocated to elevator, 0
188.0,Elevator call,187.7299317966884,-1,-2,1,0, got allocated to elevator, 0
196.0,Elevator call,195.90869649656992,0,7,1,0, got allocated to elevator, 0
198.0,Elevator call,197.5359191292572,-1,1,1,0, got allocated to elevator, 0
200.0, elevID,0,  pos,3,  cmd, goto,-1
206.0,Elevator call,205.9895199338651,-1,0,1,0, got allocated to elevator, 0
214.0,Elev,0,  arrived at src, -1, Elevator call,130.224911275492,-1,1,2,0
214.0,Elev,0,  arrived at src, -1, Elevator call,169.78458339380109,-1,0,2,0
214.0,Elev,0,  arrived at src, -1, Elevator call,171.21173315221364,-1,8,2,0
214.0,Elev,0,  arrived at dest, -1, this call is done!, Elevator call,174.84385152106802,0,-1,3,0, Done, dt, 39.15614847893198
214.0,Elev,0,  arrived at src, -1, Elevator call,187.11678617348463,-1,-2,2,0
214.0,Elev,0,  arrived at src, -1, Elevator call,187.7299317966884,-1,-2,2,0
214.0,Elev,0,  arrived at src, -1, Elevator call,197.5359191292572,-1,1,2,0
214.0,Elev,0,  arrived at src, -1, Elevator call,205.9895199338651,-1,0,2,0
214.0, elevID,0,  pos,-1,  cmd, goto,0
225.0,Elev,0,  arrived at dest, 0, this call is done!, Elevator call,169.78458339380109,-1,0,3,0, Done, dt, 55.215416606198914
225.0,Elev,0,  arrived at src, 0, Elevator call,195.90869649656992,0,7,2,0
225.0,Elev,0,  arrived at dest, 0, this call is done!, Elevator call,205.9895199338651,-1,0,3,0, Done, dt, 19.010480066134903
225.0, elevID,0,  pos,0,  cmd, goto,1
228.0,Elevator call,227.0798304557929,-1,5,1,0, got allocated to elevator, 0
232.0,Elevator call,231.51578817426258,-1,0,1,0, got allocated to elevator, 0
233.0,Elevator call,232.95043623946805,0,-1,1,0, got allocated to elevator, 0
236.0,Elev,0,  arrived at dest, 1, this call is done!, Elevator call,130.224911275492,-1,1,3,0, Done, dt, 105.77508872450801
236.0,Elev,0,  arrived at dest, 1, this call is done!, Elevator call,197.5359191292572,-1,1,3,0, Done, dt, 38.464080870742805
236.0, elevID,0,  pos,1,  cmd, goto,0
247.0,Elev,0,  arrived at src, 0, Elevator call,232.95043623946805,0,-1,2,0
247.0, elevID,0,  pos,0,  cmd, goto,1
252.0,Elevator call,251.10444690749756,-1,-2,1,0, got allocated to elevator, 0
252.0,Elevator call,251.23593354161653,0,9,1,0, got allocated to elevator, 0
255.0,Elevator call,254.69771525200505,3,4,1,0, got allocated to elevator, 0
258.0,Elevator call,257.7974435335086,-1,0,1,0, got allocated to elevator, 0
258.0, elevID,0,  pos,1,  cmd, goto,-1
270.0,Elev,0,  arrived at src, -1, Elevator call,227.0798304557929,-1,5,2,0
270.0,Elev,0,  arrived at src, -1, Elevator call,231.51578817426258,-1,0,2,0
270.0,Elev,0,  arrived at dest, -1, this call is done!, Elevator call,232.95043623946805,0,-1,3,0, Done, dt, 37.04956376053195
270.0,Elev,0,  arrived at src, -1, Elevator call,251.10444690749756,-1,-2,2,0
270.0,Elev,0,  arrived at src, -1, Elevator call,257.7974435335086,-1,0,2,0
270.0, elevID,0,  pos,-1,  cmd, goto,0
281.0,Elev,0,  arrived at dest, 0, this call is done!, Elevator call,231.51578817426258,-1,0,3,0, Done, dt, 49.48421182573742
281.0,Elev,0,  arrived at src, 0, Elevator call,251.23593354161653,0,9,2,0
281.0,Elev,0,  arrived at dest, 0, this call is done!, Elevator call,257.7974435335086,-1,0,3,0, Done, dt, 23.202556466491387
281.0, elevID,0,  pos,0,  cmd, goto,1
292.0, elevID,0,  pos,1,  cmd, goto,3
296.0,Elevator call,295.7943356681491,0,1,1,0, got allocated to elevator, 0
304.0,Elev,0,  arrived at src, 3, Elevator call,254.69771525200505,3,4,2,0
304.0, elevID,0,  pos,3,  cmd, goto,1
305.0,Elevator call,304.99843880775313,6,0,1,0, got allocated to elevator, 0
310.0,Elevator call,309.30053828560517,0,-1,1,0, got allocated to elevator, 0
313.0,Elevator call,312.30185564398687,0,-1,1,0, got allocated to elevator, 0
316.0, elevID,0,  pos,1,  cmd, goto,0
317.0,Elevator call,316.03237827404377,0,-1,1,0, got allocated to elevator, 0
320.0,Elevator call,319.90520204415634,6,5,1,0, got allocated to elevator, 0
321.0,Elevator call,320.97607492210807,-1,0,1,0, got allocated to elevator, 0
322.0,Elevator call,321.37040904796595,7,-1,1,0, got allocated to elevator, 0
327.0,Elev,0,  arrived at src, 0, Elevator call,295.7943356681491,0,1,2,0
327.0,Elev,0,  arrived at src, 0, Elevator call,309.30053828560517,0,-1,2,0
327.0,Elev,0,  arrived at src, 0, Elevator call,312.30185564398687,0,-1,2,0
327.0,Elev,0,  arrived at src, 0, Elevator call,316.03237827404377,0,-1,2,0
327.0, elevID,0,  pos,0,  cmd, goto,0
328.0, elevID,0,  pos,0,  cmd, goto,1
333.0,Elevator call,332.4267319393355,0,10,1,0, got allocated to elevator, 0
337.0,Elevator call,336.93043046159545,-1,0,1,0, got allocated to elevator, 0
339.0,Elev,0,  arrived at dest, 1, this call is done!, Elevator call,295.7943356681491,0,1,3,0, Done, dt, 43.205664331850926
339.0, elevID,0,  pos,1,  cmd, goto,0
350.0,Elev,0,  arrived at src, 0, Elevator call,332.4267319393355,0,10,2,0
350.0, elevID,0,  pos,0,  cmd, goto,1
361.0, elevID,0,  pos,1,  cmd, goto,3
373.0, elevID,0,  pos,3,  cmd, goto,4
376.0,Elevator call,375.49048095381363,1,0,1,0, got allocated to elevator, 0
384.0,Elev,0,  arrived at dest, 4, this call is done!, Elevator call,104.13701241869234,0,4,3,0, Done, dt, 279.86298758130766
384.0,Elev,0,  arrived at dest, 4, this call is done!, Elevator call,137.9515274326701,0,4,3,0, Done, dt, 246.0484725673299
384.0,Elev,0,  arrived at dest, 4, this call is done!, Elevator call,254.69771525200505,3,4,3,0, Done, dt, 129.30228474799495
384.0, elevID,0,  pos,4,  cmd, goto,1
393.0,Elevator call,392.5160764870397,0,5,1,0, got allocated to elevator, 0
397.0,Elev,0,  arrived at src, 1, Elevator call,375.49048095381363,1,0,2,0
397.0, elevID,0,  pos,1,  cmd, goto,1
398.0, elevID,0,  pos,1,  cmd, goto,4
406.0,Elevator call,405.1821140884023,-1,10,1,0, got allocated to elevator, 0
411.0, elevID,0,  pos,4,  cmd, goto,4
412.0, elevID,0,  pos,4,  cmd, goto,5
423.0,Elev,0,  arrived at dest, 5, this call is done!, Elevator call,227.0798304557929,-1,5,3,0, Done, dt, 195.9201695442071
423.0, elevID,0,  pos,5,  cmd, goto,6
427.0,Elevator call,426.8615805478589,2,0,1,0, got allocated to elevator, 0
434.0,Elev,0,  arrived at dest, 6, this call is done!, Elevator call,143.91335838799415,0,6,3,0, Done, dt, 290.08664161200585
434.0,Elev,0,  arrived at dest, 6, this call is done!, Elevator call,170.0099620835246,0,6,3,0, Done, dt, 263.9900379164754
434.0,Elev,0,  arrived at src, 6, Elevator call,304.99843880775313,6,0,2,0
434.0,Elev,0,  arrived at src, 6, Elevator call,319.90520204415634,6,5,2,0
434.0, elevID,0,  pos,6,  cmd, goto,2
438.0,Elevator call,437.17111576125836,1,0,1,0, got allocated to elevator, 0
448.0,Elev,0,  arrived at dest, 2, this call is done!, Elevator call,85.5209666204754,3,2,3,0, Done, dt, 362.4790333795246
448.0,Elev,0,  arrived at src, 2, Elevator call,426.8615805478589,2,0,2,0
448.0, elevID,0,  pos,2,  cmd, goto,1
459.0,Elev,0,  arrived at src, 1, Elevator call,437.17111576125836,1,0,2,0
459.0, elevID,0,  pos,1,  cmd, goto,2
470.0, elevID,0,  pos,2,  cmd, goto,6
473.0,Elevator call,472.7445473930129,10,-1,1,0, got allocated to elevator, 0
484.0, elevID,0,  pos,6,  cmd, goto,6
485.0, elevID,0,  pos,6,  cmd, goto,7
496.0,Elev,0,  arrived at dest, 7, this call is done!, Elevator call,195.90869649656992,0,7,3,0, Done, dt, 300.0913035034301
496.0,Elev,0,  arrived at src, 7, Elevator call,321.37040904796595,7,-1,2,0
496.0, elevID,0,  pos,7,  cmd, goto,8
501.0,Elevator call,500.3712044996745,8,-1,1,0, got allocated to elevator, 0
504.0,Elevator call,503.13847841893045,1,-1,1,0, got allocated to elevator, 0
505.0,Elevator call,504.4317942159655,0,-1,1,0, got allocated to elevator, 0
507.0,Elev,0,  arrived at src, 8, Elevator call,130.02495678190564,8,10,2,0
507.0,Elev,0,  arrived at dest, 8, this call is done!, Elevator call,171.21173315221364,-1,8,3,0, Done, dt, 335.78826684778636
507.0,Elev,0,  arrived at src, 8, Elevator call,500.3712044996745,8,-1,2,0
507.0, elevID,0,  pos,8,  cmd, goto,0
525.0,Elev,0,  arrived at dest, 0, this call is done!, Elevator call,304.99843880775313,6,0,3,0, Done, dt, 220.00156119224687
525.0,Elev,0,  arrived at dest, 0, this call is done!, Elevator call,375.49048095381363,1,0,3,0, Done, dt, 149.50951904618637
525.0,Elev,0,  arrived at src, 0, Elevator call,392.5160764870397,0,5,2,0
525.0,Elev,0,  arrived at dest, 0, this call is done!, Elevator call,426.8615805478589,2,0,3,0, Done, dt, 98.13841945214108
525.0,Elev,0,  arrived at dest, 0, this call is done!, Elevator call,437.17111576125836,1,0,3,0, Done, dt, 87.82888423874164
525.0,Elev,0,  arrived at src, 0, Elevator call,504.4317942159655,0,-1,2,0
525.0, elevID,0,  pos,0,  cmd, goto,1
530.0,Elevator call,529.6277472128405,3,-1,1,0, got allocated to elevator, 0
536.0,Elev,0,  arrived at src, 1, Elevator call,503.13847841893045,1,-1,2,0
536.0, elevID,0,  pos,1,  cmd, goto,1
537.0, elevID,0,  pos,1,  cmd, goto,3
538.0,Elevator call,537.7866883694313,-1,6,1,0, got allocated to elevator, 0
545.0,Elevator call,544.7880392034898,6,-1,1,0, got allocated to elevator, 0
549.0,Elev,0,  arrived at src, 3, Elevator call,529.6277472128405,3,-1,2,0
549.0, elevID,0,  pos,3,  cmd, goto,3
550.0, elevID,0,  pos,3,  cmd, goto,6
555.0,Elevator call,554.0892922920482,4,0,1,0, got allocated to elevator, 0
558.0,Elevator call,557.2441390036331,10,0,1,0, got allocated to elevator, 0
563.0,Elev,0,  arrived at src, 6, Elevator call,544.7880392034898,6,-1,2,0
563.0, elevID,0,  pos,6,  cmd, goto,4
566.0,Elevator call,565.0195521745534,0,-1,1,0, got allocated to elevator, 0
575.0,Elev,0,  arrived at src, 4, Elevator call,554.0892922920482,4,0,2,0
575.0, elevID,0,  pos,4,  cmd, goto,0
582.0,Elevator call,581.8703090238192,0,3,1,0, got allocated to elevator, 0
589.0,Elev,0,  arrived at dest, 0, this call is done!, Elevator call,554.0892922920482,4,0,3,0, Done, dt, 34.910707707951815
589.0,Elev,0,  arrived at src, 0, Elevator call,565.0195521745534,0,-1,2,0
589.0,Elev,0,  arrived at src, 0, Elevator call,581.8703090238192,0,3,2,0
589.0, elevID,0,  pos,0,  cmd, goto,3
597.0,Elevator call,596.1232022872633,8,0,1,0, got allocated to elevator, 0
601.0,Elevator call,600.9312879686208,1,0,1,0, got allocated to elevator, 0
602.0,Elev,0,  arrived at dest, 3, this call is done!, Elevator call,581.8703090238192,0,3,3,0, Done, dt, 20.12969097618077
602.0, elevID,0,  pos,3,  cmd, goto,1
604.0,Elevator call,603.9342326983083,7,0,1,0, got allocated to elevator, 0
614.0,Elev,0,  arrived at src, 1, Elevator call,600.9312879686208,1,0,2,0
614.0, elevID,0,  pos,1,  cmd, goto,1
615.0, elevID,0,  pos,1,  cmd, goto,3
618.0,Elevator call,617.9628338542149,0,3,1,0, got allocated to elevator, 0
620.0,Elevator call,619.6454196970012,9,0,1,0, got allocated to elevator, 0
627.0,Elevator call,626.2116172047942,0,1,1,0, got allocated to elevator, 0
627.0, elevID,0,  pos,3,  cmd, goto,1
639.0, elevID,0,  pos,1,  cmd, goto,3
644.0,Elevator call,643.8547514955396,-1,2,1,0, got allocated to elevator, 0
651.0, elevID,0,  pos,3,  cmd, goto,2
661.0,Elevator call,660.0732907797126,6,10,1,0, got allocated to elevator, 0
662.0,Elevator call,661.0420820268716,-1,3,1,0, got allocated to elevator, 0
662.0, elevID,0,  pos,2,  cmd, goto,2
663.0,Elevator call,662.1730527520776,-1,5,1,0, got allocated to elevator, 0
663.0, elevID,0,  pos,2,  cmd, goto,2
664.0, elevID,0,  pos,2,  cmd, goto,3
666.0,Elevator call,665.1155548533167,-1,8,1,0, got allocated to elevator, 0
667.0,Elevator call,666.0340294605869,4,0,1,0, got allocated to elevator, 0
667.0,Elevator call,666.2411586665262,5,-1,1,0, got allocated to elevator, 0
673.0,Elevator call,672.677314157026,0,-1,1,0, got allocated to elevator, 0
675.0, elevID,0,  pos,3,  cmd, goto,0
678.0,Elevator call,677.7341948387335,0,-1,1,0, got allocated to elevator, 0
679.0,Elevator call,678.9953584914538,-1,-2,1,0, got allocated to elevator, 0
688.0,Elev,0,  arrived at dest, 0, this call is done!, Elevator call,600.9312879686208,1,0,3,0, Done, dt, 87.06871203137916
688.0,Elev,0,  arrived at src, 0, Elevator call,617.9628338542149,0,3,2,0
688.0,Elev,0,  arrived at src, 0, Elevator call,626.2116172047942,0,1,2,0
688.0,Elev,0,  arrived at src, 0, Elevator call,672.677314157026,0,-1,2,0
688.0,Elev,0,  arrived at src, 0, Elevator call,677.7341948387335,0,-1,2,0
688.0, elevID,0,  pos,0,  cmd, goto,-1
696.0,Elevator call,695.2239881566923,0,10,1,0, got allocated to elevator, 0
699.0,Elev,0,  arrived at dest, -1, this call is done!, Elevator call,309.30053828560517,0,-1,3,0, Done, dt, 389.69946171439483
699.0,Elev,0,  arrived at dest, -1, this call is done!, Elevator call,312.30185564398687,0,-1,3,0, Done, dt, 386.69814435601313
699.0,Elev,0,  arrived at dest, -1, this call is done!, Elevator call,316.03237827404377,0,-1,3,0, Done, dt, 382.96762172595623
699.0,Elev,0,  arrived at src, -1, Elevator call,320.97607492210807,-1,0,2,0
699.0,Elev,0,  arrived at dest, -1, this call is done!, Elevator call,321.37040904796595,7,-1,3,0, Done, dt, 377.62959095203405
699.0,Elev,0,  arrived at src, -1, Elevator call,336.93043046159545,-1,0,2,0
699.0,Elev,0,  arrived at src, -1, Elevator call,405.1821140884023,-1,10,2,0
699.0,Elev,0,  arrived at dest, -1, this call is done!, Elevator call,500.3712044996745,8,-1,3,0, Done, dt, 198.6287955003255
699.0,Elev,0,  arrived at dest, -1, this call is done!, Elevator call,503.13847841893045,1,-1,3,0, Done, dt, 195.86152158106955
699.0,Elev,0,  arrived at dest, -1, this call is done!, Elevator call,504.4317942159655,0,-1,3,0, Done, dt, 194.5682057840345
699.0,Elev,0,  arrived at dest, -1, this call is done!, Elevator call,529.6277472128405,3,-1,3,0, Done, dt, 169.37225278715948
699.0,Elev,0,  arrived at src, -1, Elevator call,537.7866883694313,-1,6,2,0
699.0,Elev,0,  arrived at dest, -1, this call is done!, Elevator call,544.7880392034898,6,-1,3,0, Done, dt, 154.2119607965102
699.0,Elev,0,  arrived at dest, -1, this call is done!, Elevator call,565.0195521745534,0,-1,3,0, Done, dt, 133.98044782544662
699.0,Elev,0,  arrived at src, -1, Elevator call,643.8547514955396,-1,2,2,0
699.0,Elev,0,  arrived at src, -1, Elevator call,661.0420820268716,-1,3,2,0
699.0,Elev,0,  arrived at src, -1, Elevator call,662.1730527520776,-1,5,2,0
699.0,Elev,0,  arrived at src, -1, Elevator call,665.1155548533167,-1,8,2,0
699.0,Elev,0,  arrived at dest, -1, this call is done!, Elevator call,672.677314157026,0,-1,3,0, Done, dt, 26.32268584297401
699.0,Elev,0,  arrived at dest, -1, this call is done!, Elevator call,677.7341948387335,0,-1,3,0, Done, dt, 21.265805161266485
699.0,Elev,0,  arrived at src, -1, Elevator call,678.9953584914538,-1,-2,2,0
699.0, elevID,0,  pos,-1,  cmd, goto,0
707.0,Elevator call,706.1583474999188,-1,-2,1,0, got allocated to elevator, 0
710.0,Elev,0,  arrived at dest, 0, this call is done!, Elevator call,320.97607492210807,-1,0,3,0, Done, dt, 389.02392507789193
710.0,Elev,0,  arrived at dest, 0, this call is done!, Elevator call,336.93043046159545,-1,0,3,0, Done, dt, 373.06956953840455
710.0,Elev,0,  arrived at src, 0, Elevator call,695.2239881566923,0,10,2,0
710.0, elevID,0,  pos,0,  cmd, goto,-1
711.0,Elevator call,710.3249770041223,0,1,1,0, got allocated to elevator, 0
714.0,Elevator call,713.0191971398395,1,0,1,0, got allocated to elevator, 0
714.0,Elevator call,713.2499766424826,10,-1,1,0, got allocated to elevator, 0
721.0,Elev,0,  arrived at src, -1, Elevator call,706.1583474999188,-1,-2,2,0
721.0, elevID,0,  pos,-1,  cmd, goto,0
723.0,Elevator call,722.6161212799507,10,0,1,0, got allocated to elevator, 0
728.0,Elevator call,727.514602863032,-1,0,1,0, got allocated to elevator, 0
732.0,Elev,0,  arrived at src, 0, Elevator call,710.3249770041223,0,1,2,0
732.0, elevID,0,  pos,0,  cmd, goto,0
733.0,Elevator call,732.9746341348998,6,-1,1,0, got allocated to elevator, 0
733.0, elevID,0,  pos,0,  cmd, goto,0
734.0, elevID,0,  pos,0,  cmd, goto,1
738.0,Elevator call,737.314720213409,1,0,1,0, got allocated to elevator, 0
745.0,Elev,0,  arrived at dest, 1, this call is done!, Elevator call,626.2116172047942,0,1,3,0, Done, dt, 118.78838279520585
745.0,Elev,0,  arrived at dest, 1, this call is done!, Elevator call,710.3249770041223,0,1,3,0, Done, dt, 34.675022995877725
745.0,Elev,0,  arrived at src, 1, Elevator call,713.0191971398395,1,0,2,0
745.0,Elev,0,  arrived at src, 1, Elevator call,737.314720213409,1,0,2,0
745.0, elevID,0,  pos,1,  cmd, goto,1
746.0, elevID,0,  pos,1,  cmd, goto,3
758.0,Elev,0,  arrived at dest, 3, this call is done!, Elevator call,617.9628338542149,0,3,3,0, Done, dt, 140.03716614578514
758.0,Elev,0,  arrived at dest, 3, this call is done!, Elevator call,661.0420820268716,-1,3,3,0, Done, dt, 96.95791797312836
758.0, elevID,0,  pos,3,  cmd, goto,4
769.0,Elev,0,  arrived at src, 4, Elevator call,666.0340294605869,4,0,2,0
769.0, elevID,0,  pos,4,  cmd, goto,5
780.0,Elevator call,779.399691386574,-1,5,1,0, got allocated to elevator, 0
780.0,Elev,0,  arrived at dest, 5, this call is done!, Elevator call,319.90520204415634,6,5,3,0, Done, dt, 460.09479795584366
780.0,Elev,0,  arrived at dest, 5, this call is done!, Elevator call,392.5160764870397,0,5,3,0, Done, dt, 387.4839235129603
780.0,Elev,0,  arrived at dest, 5, this call is done!, Elevator call,662.1730527520776,-1,5,3,0, Done, dt, 117.82694724792236
780.0,Elev,0,  arrived at src, 5, Elevator call,666.2411586665262,5,-1,2,0
780.0, elevID,0,  pos,5,  cmd, goto,5
781.0, elevID,0,  pos,5,  cmd, goto,6
792.0,Elev,0,  arrived at dest, 6, this call is done!, Elevator call,537.7866883694313,-1,6,3,0, Done, dt, 254.21331163056868
792.0,Elev,0,  arrived at src, 6, Elevator call,660.0732907797126,6,10,2,0
792.0,Elev,0,  arrived at src, 6, Elevator call,732.9746341348998,6,-1,2,0
792.0, elevID,0,  pos,6,  cmd, goto,7
803.0,Elev,0,  arrived at src, 7, Elevator call,603.9342326983083,7,0,2,0
803.0, elevID,0,  pos,7,  cmd, goto,8
806.0,Elevator call,805.6754743307536,-1,-2,1,0, got allocated to elevator, 0
811.0,Elevator call,810.4469089359914,2,0,1,0, got allocated to elevator, 0
814.0,Elev,0,  arrived at src, 8, Elevator call,596.1232022872633,8,0,2,0
814.0,Elev,0,  arrived at dest, 8, this call is done!, Elevator call,665.1155548533167,-1,8,3,0, Done, dt, 148.88444514668333
814.0, elevID,0,  pos,8,  cmd, goto,-1
817.0,Elevator call,816.1516998390152,7,-1,1,0, got allocated to elevator, 0
826.0,Elevator call,825.4575184586336,7,0,1,0, got allocated to elevator, 0
833.0,Elev,0,  arrived at dest, -1, this call is done!, Elevator call,666.2411586665262,5,-1,3,0, Done, dt, 166.7588413334738
833.0,Elev,0,  arrived at src, -1, Elevator call,727.514602863032,-1,0,2,0
833.0,Elev,0,  arrived at dest, -1, this call is done!, Elevator call,732.9746341348998,6,-1,3,0, Done, dt, 100.02536586510018
833.0,Elev,0,  arrived at src, -1, Elevator call,779.399691386574,-1,5,2,0
833.0,Elev,0,  arrived at src, -1, Elevator call,805.6754743307536,-1,-2,2,0
833.0, elevID,0,  pos,-1,  cmd, goto,0
840.0,Elevator call,839.8525652620532,0,1,1,0, got allocated to elevator, 0
844.0,Elev,0,  arrived at dest, 0, this call is done!, Elevator call,596.1232022872633,8,0,3,0, Done, dt, 247.87679771273667
844.0,Elev,0,  arrived at dest, 0, this call is done!, Elevator call,603.9342326983083,7,0,3,0, Done, dt, 240.06576730169172
844.0,Elev,0,  arrived at dest, 0, this call is done!, Elevator call,666.0340294605869,4,0,3,0, Done, dt, 177.9659705394131
844.0,Elev,0,  arrived at dest, 0, this call is done!, Elevator call,713.0191971398395,1,0,3,0, Done, dt, 130.98080286016045
844.0,Elev,0,  arrived at dest, 0, this call is done!, Elevator call,727.514602863032,-1,0,3,0, Done, dt, 116.485397136968
844.0,Elev,0,  arrived at dest, 0, this call is done!, Elevator call,737.314720213409,1,0,3,0, Done, dt, 106.68527978659097
844.0,Elev,0,  arrived at src, 0, Elevator call,839.8525652620532,0,1,2,0
844.0, elevID,0,  pos,0,  cmd, goto,1
855.0,Elevator call,854.2002278085795,6,-1,1,0, got allocated to elevator, 0
855.0,Elev,0,  arrived at dest, 1, this call is done!, Elevator call,839.8525652620532,0,1,3,0, Done, dt, 15.14743473794681
855.0, elevID,0,  pos,1,  cmd, goto,1
856.0, elevID,0,  pos,1,  cmd, goto,2
864.0,Elevator call,863.893291272948,0,-1,1,0, got allocated to elevator, 0
867.0,Elev,0,  arrived at dest, 2, this call is done!, Elevator call,643.8547514955396,-1,2,3,0, Done, dt, 223.14524850446037
867.0,Elev,0,  arrived at src, 2, Elevator call,810.4469089359914,2,0,2,0
867.0, elevID,0,  pos,2,  cmd, goto,0
871.0,Elevator call,870.5053023797483,0,7,1,0, got allocated to elevator, 0
879.0,Elev,0,  arrived at dest, 0, this call is done!, Elevator call,810.4469089359914,2,0,3,0, Done, dt, 68.55309106400864
879.0,Elev,0,  arrived at src, 0, Elevator call,863.893291272948,0,-1,2,0
879.0,Elev,0,  arrived at src, 0, Elevator call,870.5053023797483,0,7,2,0
879.0, elevID,0,  pos,0,  cmd, goto,2
887.0,Elevator call,886.5649993239458,-1,-2,1,0, got allocated to elevator, 0
891.0, elevID,0,  pos,2,  cmd, goto,-1
893.0,Elevator call,892.5212150591021,9,-1,1,0, got allocated to elevator, 0
904.0,Elev,0,  arrived at dest, -1, this call is done!, Elevator call,863.893291272948,0,-1,3,0, Done, dt, 40.10670872705202
904.0,Elev,0,  arrived at src, -1, Elevator call,886.5649993239458,-1,-2,2,0
904.0, elevID,0,  pos,-1,  cmd, goto,2
911.0,Elevator call,910.5388559417848,6,5,1,0, got allocated to elevator, 0
916.0,Elevator call,915.9490574608818,4,-1,1,0, got allocated to elevator, 0
917.0, elevID,0,  pos,2,  cmd, goto,2
918.0, elevID,0,  pos,2,  cmd, goto,4
930.0,Elev,0,  arrived at src, 4, Elevator call,915.9490574608818,4,-1,2,0
930.0, elevID,0,  pos,4,  cmd, goto,5
934.0,Elevator call,933.8580452488764,7,5,1,0, got allocated to elevator, 0
941.0,Elev,0,  arrived at dest, 5, this call is done!, Elevator call,779.399691386574,-1,5,3,0, Done, dt, 161.60030861342602
941.0, elevID,0,  pos,5,  cmd, goto,6
952.0,Elev,0,  arrived at src, 6, Elevator call,854.2002278085795,6,-1,2,0
952.0,Elev,0,  arrived at src, 6, Elevator call,910.5388559417848,6,5,2,0
952.0, elevID,0,  pos,6,  cmd, goto,7
962.0,Elevator call,961.6862855708133,6,-1,1,0, got allocated to elevator, 0
963.0,Elev,0,  arrived at src, 7, Elevator call,816.1516998390152,7,-1,2,0
963.0,Elev,0,  arrived at src, 7, Elevator call,825.4575184586336,7,0,2,0
963.0,Elev,0,  arrived at dest, 7, this call is done!, Elevator call,870.5053023797483,0,7,3,0, Done, dt, 92.49469762025171
963.0,Elev,0,  arrived at src, 7, Elevator call,933.8580452488764,7,5,2,0
963.0, elevID,0,  pos,7,  cmd, goto,6
973.0,Elevator call,972.8032126022729,1,0,1,0, got allocated to elevator, 0
974.0,Elev,0,  arrived at src, 6, Elevator call,961.6862855708133,6,-1,2,0
974.0, elevID,0,  pos,6,  cmd, goto,1
976.0,Elevator call,975.8361202753667,0,-1,1,0, got allocated to elevator, 0
979.0,Elevator call,978.5925148564796,10,0,1,0, got allocated to elevator, 0
979.0,Elevator call,978.6210500641439,10,-1,1,0, got allocated to elevator, 0
985.0,Elevator call,984.1840185574983,7,0,1,0, got allocated to elevator, 0
989.0,Elev,0,  arrived at src, 1, Elevator call,972.8032126022729,1,0,2,0
989.0, elevID,0,  pos,1,  cmd, goto,0
1000.0,************* Simulation Ended ************
Code Owners,123456789,  Case,2,  Total waiting time: 22429.792822120202,  average waiting time per call: 224.29792822120203,  unCompleted calls,33,  certificate, -7631461847
