**** The Simulator log: stage 2
0.0,OOP_Ex0_Elevator_Simulator
0.0,Simulated Building, ex0.simulator.Builging_A [-2,10]
0) ex0.simulator.Elevator_A, Elev_0, speed: 1.0, open/close: 2.0,  start/stop: 3.0
1) ex0.simulator.Elevator_A, Elev_1, speed: 1.0, open/close: 2.0,  start/stop: 3.0
0.0,Simulated Period starTime,0.0,  endTime,1000.0,  dt,1.0
0.0,Simulated  calls,Elevetor log, size: 100
0.0,**** Simulation starts!! ****
0.0, elevID,0,  pos,-2,  cmd, goto,1
5.0,Elevator call,4.374727290393253,0,-1,1,0, got allocated to elevator, 0
13.0, elevID,0,  pos,1,  cmd, goto,0
, elevID,0,  pos,1,  WRONG cmd, stop,0,  the elevator is not moving!
17.0,Elevator call,16.957882888088932,-1,0,1,0, got allocated to elevator, 0
23.0,Elevator call,22.094056301593582,0,-1,1,0, got allocated to elevator, 0
24.0,Elev,0,  arrived at src, 0, Elevator call,4.374727290393253,0,-1,2,0
24.0,Elev,0,  arrived at src, 0, Elevator call,22.094056301593582,0,-1,2,0
24.0, elevID,0,  pos,0,  cmd, goto,0
, elevID,0,  pos,0,  WRONG cmd, stop,0,  the elevator is not moving!
25.0, elevID,0,  pos,0,  cmd, goto,0
86.0,Elevator call,85.5209666204754,3,2,1,0, got allocated to elevator, 0
86.0, elevID,0,  pos,0,  cmd, goto,3
, elevID,0,  pos,0,  WRONG cmd, stop,3,  the elevator is not moving!
92.0,Elevator call,91.21019413453945,-1,-2,1,1, got allocated to elevator, 1
92.0, elevID,1,  pos,-2,  cmd, goto,-1
, elevID,1,  pos,-2,  WRONG cmd, stop,-1,  the elevator is not moving!
99.0,Elev,0,  arrived at src, 3, Elevator call,85.5209666204754,3,2,2,0
99.0, elevID,0,  pos,3,  cmd, goto,3
103.0,Elev,1,  arrived at src, -1, Elevator call,91.21019413453945,-1,-2,2,1
103.0, elevID,1,  pos,-1,  cmd, goto,-1
105.0,Elevator call,104.13701241869234,0,4,1,1, got allocated to elevator, 1
105.0, elevID,1,  pos,-1,  cmd, goto,4
, elevID,1,  pos,-1,  WRONG cmd, stop,4,  the elevator is not moving!
110.0,Elevator call,109.21352909346587,-1,0,1,0, got allocated to elevator, 0
110.0, elevID,0,  pos,3,  cmd, goto,0
, elevID,0,  pos,3,  WRONG cmd, stop,0,  the elevator is not moving!
115.0,Elevator call,114.39235096774041,3,0,1,0, got allocated to elevator, 0
120.0, elevID,1,  pos,4,  cmd, goto,4
123.0, elevID,0,  pos,0,  cmd, goto,3
, elevID,0,  pos,0,  WRONG cmd, stop,3,  the elevator is not moving!
125.0,Elevator call,124.42557095980362,0,9,1,1, got allocated to elevator, 1
125.0, elevID,1,  pos,4,  cmd, goto,9
, elevID,1,  pos,4,  WRONG cmd, stop,9,  the elevator is not moving!
131.0,Elevator call,130.02495678190564,8,10,1,1, got allocated to elevator, 1
131.0,Elevator call,130.224911275492,-1,1,1,0, got allocated to elevator, 0
136.0,Elev,0,  arrived at src, 3, Elevator call,114.39235096774041,3,0,2,0
136.0, elevID,0,  pos,3,  cmd, goto,3
, elevID,0,  pos,3,  WRONG cmd, stop,1,  the elevator is not moving!
137.0, elevID,0,  pos,3,  cmd, goto,3
, elevID,0,  pos,3,  WRONG cmd, stop,3,  the elevator is not moving!
138.0,Elevator call,137.9515274326701,0,4,1,1, got allocated to elevator, 1
138.0, elevID,0,  pos,3,  cmd, goto,3
140.0, elevID,1,  pos,9,  cmd, goto,10
, elevID,1,  pos,9,  WRONG cmd, stop,4,  the elevator is not moving!
144.0,Elevator call,143.91335838799415,0,6,1,1, got allocated to elevator, 1
151.0, elevID,1,  pos,10,  cmd, goto,10
, elevID,1,  pos,10,  WRONG cmd, stop,4,  the elevator is not moving!
152.0, elevID,1,  pos,10,  cmd, goto,10
, elevID,1,  pos,10,  WRONG cmd, stop,6,  the elevator is not moving!
153.0, elevID,1,  pos,10,  cmd, goto,10
, elevID,1,  pos,10,  WRONG cmd, stop,8,  the elevator is not moving!
154.0, elevID,1,  pos,10,  cmd, goto,10
, elevID,1,  pos,10,  WRONG cmd, stop,9,  the elevator is not moving!
155.0, elevID,1,  pos,10,  cmd, goto,10
, elevID,1,  pos,10,  WRONG cmd, stop,10,  the elevator is not moving!
156.0, elevID,1,  pos,10,  cmd, goto,10
170.0,Elevator call,169.78458339380109,-1,0,1,0, got allocated to elevator, 0
170.0, elevID,0,  pos,3,  cmd, goto,0
, elevID,0,  pos,3,  WRONG cmd, stop,0,  the elevator is not moving!
171.0,Elevator call,170.0099620835246,0,6,1,1, got allocated to elevator, 1
171.0, elevID,1,  pos,10,  cmd, goto,6
, elevID,1,  pos,10,  WRONG cmd, stop,6,  the elevator is not moving!
172.0,Elevator call,171.21173315221364,-1,8,1,0, got allocated to elevator, 0
175.0,Elevator call,174.84385152106802,0,-1,1,1, got allocated to elevator, 1
183.0,Elev,0,  arrived at dest, 0, this call is done!, Elevator call,114.39235096774041,3,0,3,0, Done, dt, 68.60764903225959
183.0, elevID,0,  pos,0,  cmd, goto,8
183.0, elevID,0,  pos,0,  cmd, stop,0
185.0, elevID,1,  pos,6,  cmd, goto,6
, elevID,1,  pos,6,  WRONG cmd, stop,0,  the elevator is not moving!
186.0, elevID,1,  pos,6,  cmd, goto,6
, elevID,1,  pos,6,  WRONG cmd, stop,6,  the elevator is not moving!
187.0, elevID,1,  pos,6,  cmd, goto,6
188.0,Elevator call,187.11678617348463,-1,-2,1,0, got allocated to elevator, 0
188.0,Elevator call,187.7299317966884,-1,-2,1,1, got allocated to elevator, 1
188.0, elevID,1,  pos,6,  cmd, goto,-1
, elevID,1,  pos,6,  WRONG cmd, stop,-1,  the elevator is not moving!
193.0, elevID,0,  pos,0,  cmd, goto,8
, elevID,0,  pos,0,  WRONG cmd, stop,-1,  the elevator is not moving!
196.0,Elevator call,195.90869649656992,0,7,1,0, got allocated to elevator, 0
198.0,Elevator call,197.5359191292572,-1,1,1,1, got allocated to elevator, 1
205.0,Elev,1,  arrived at src, -1, Elevator call,187.7299317966884,-1,-2,2,1
205.0,Elev,1,  arrived at src, -1, Elevator call,197.5359191292572,-1,1,2,1
205.0, elevID,1,  pos,-1,  cmd, goto,1
, elevID,1,  pos,-1,  WRONG cmd, stop,1,  the elevator is not moving!
206.0,Elevator call,205.9895199338651,-1,0,1,1, got allocated to elevator, 1
211.0, elevID,0,  pos,8,  cmd, goto,8
, elevID,0,  pos,8,  WRONG cmd, stop,0,  the elevator is not moving!
212.0, elevID,0,  pos,8,  cmd, goto,8
, elevID,0,  pos,8,  WRONG cmd, stop,7,  the elevator is not moving!
213.0, elevID,0,  pos,8,  cmd, goto,8
, elevID,0,  pos,8,  WRONG cmd, stop,8,  the elevator is not moving!
214.0, elevID,0,  pos,8,  cmd, goto,8
217.0,Elev,1,  arrived at dest, 1, this call is done!, Elevator call,197.5359191292572,-1,1,3,1, Done, dt, 19.464080870742805
217.0, elevID,1,  pos,1,  cmd, goto,1
, elevID,1,  pos,1,  WRONG cmd, stop,0,  the elevator is not moving!
218.0, elevID,1,  pos,1,  cmd, goto,1
, elevID,1,  pos,1,  WRONG cmd, stop,1,  the elevator is not moving!
219.0, elevID,1,  pos,1,  cmd, goto,1
228.0,Elevator call,227.0798304557929,-1,5,1,1, got allocated to elevator, 1
228.0, elevID,1,  pos,1,  cmd, goto,5
, elevID,1,  pos,1,  WRONG cmd, stop,5,  the elevator is not moving!
232.0,Elevator call,231.51578817426258,-1,0,1,0, got allocated to elevator, 0
232.0, elevID,0,  pos,8,  cmd, goto,0
, elevID,0,  pos,8,  WRONG cmd, stop,0,  the elevator is not moving!
233.0,Elevator call,232.95043623946805,0,-1,1,0, got allocated to elevator, 0
242.0, elevID,1,  pos,5,  cmd, goto,5
250.0,Elev,0,  arrived at src, 0, Elevator call,195.90869649656992,0,7,2,0
250.0,Elev,0,  arrived at src, 0, Elevator call,232.95043623946805,0,-1,2,0
250.0, elevID,0,  pos,0,  cmd, goto,0
, elevID,0,  pos,0,  WRONG cmd, stop,0,  the elevator is not moving!
251.0, elevID,0,  pos,0,  cmd, goto,0
252.0,Elevator call,251.10444690749756,-1,-2,1,0, got allocated to elevator, 0
252.0,Elevator call,251.23593354161653,0,9,1,1, got allocated to elevator, 1
252.0, elevID,0,  pos,0,  cmd, goto,-1
, elevID,0,  pos,0,  WRONG cmd, stop,-1,  the elevator is not moving!
252.0, elevID,1,  pos,5,  cmd, goto,9
, elevID,1,  pos,5,  WRONG cmd, stop,9,  the elevator is not moving!
255.0,Elevator call,254.69771525200505,3,4,1,1, got allocated to elevator, 1
258.0,Elevator call,257.7974435335086,-1,0,1,1, got allocated to elevator, 1
263.0,Elev,0,  arrived at dest, -1, this call is done!, Elevator call,4.374727290393253,0,-1,3,0, Done, dt, 258.62527270960675
263.0,Elev,0,  arrived at src, -1, Elevator call,16.957882888088932,-1,0,2,0
263.0,Elev,0,  arrived at dest, -1, this call is done!, Elevator call,22.094056301593582,0,-1,3,0, Done, dt, 240.90594369840642
263.0,Elev,0,  arrived at src, -1, Elevator call,109.21352909346587,-1,0,2,0
263.0,Elev,0,  arrived at src, -1, Elevator call,130.224911275492,-1,1,2,0
263.0,Elev,0,  arrived at src, -1, Elevator call,169.78458339380109,-1,0,2,0
263.0,Elev,0,  arrived at src, -1, Elevator call,171.21173315221364,-1,8,2,0
263.0,Elev,0,  arrived at src, -1, Elevator call,187.11678617348463,-1,-2,2,0
263.0,Elev,0,  arrived at src, -1, Elevator call,231.51578817426258,-1,0,2,0
263.0,Elev,0,  arrived at dest, -1, this call is done!, Elevator call,232.95043623946805,0,-1,3,0, Done, dt, 30.049563760531953
263.0,Elev,0,  arrived at src, -1, Elevator call,251.10444690749756,-1,-2,2,0
263.0, elevID,0,  pos,-1,  cmd, goto,-1
266.0, elevID,1,  pos,9,  cmd, goto,9
, elevID,1,  pos,9,  WRONG cmd, stop,0,  the elevator is not moving!
267.0, elevID,1,  pos,9,  cmd, goto,9
, elevID,1,  pos,9,  WRONG cmd, stop,3,  the elevator is not moving!
268.0, elevID,1,  pos,9,  cmd, goto,9
, elevID,1,  pos,9,  WRONG cmd, stop,4,  the elevator is not moving!
269.0, elevID,1,  pos,9,  cmd, goto,9
, elevID,1,  pos,9,  WRONG cmd, stop,9,  the elevator is not moving!
270.0, elevID,1,  pos,9,  cmd, goto,9
296.0,Elevator call,295.7943356681491,0,1,1,0, got allocated to elevator, 0
296.0, elevID,0,  pos,-1,  cmd, goto,1
, elevID,0,  pos,-1,  WRONG cmd, stop,1,  the elevator is not moving!
305.0,Elevator call,304.99843880775313,6,0,1,1, got allocated to elevator, 1
305.0, elevID,1,  pos,9,  cmd, goto,6
, elevID,1,  pos,9,  WRONG cmd, stop,6,  the elevator is not moving!
308.0,Elev,0,  arrived at dest, 1, this call is done!, Elevator call,130.224911275492,-1,1,3,0, Done, dt, 177.775088724508
308.0, elevID,0,  pos,1,  cmd, goto,1
310.0,Elevator call,309.30053828560517,0,-1,1,1, got allocated to elevator, 1
313.0,Elevator call,312.30185564398687,0,-1,1,1, got allocated to elevator, 1
317.0,Elevator call,316.03237827404377,0,-1,1,1, got allocated to elevator, 1
318.0,Elev,1,  arrived at src, 6, Elevator call,304.99843880775313,6,0,2,1
318.0, elevID,1,  pos,6,  cmd, goto,6
, elevID,1,  pos,6,  WRONG cmd, stop,0,  the elevator is not moving!
319.0, elevID,1,  pos,6,  cmd, goto,6
, elevID,1,  pos,6,  WRONG cmd, stop,6,  the elevator is not moving!
320.0,Elevator call,319.90520204415634,6,5,1,0, got allocated to elevator, 0
320.0, elevID,0,  pos,1,  cmd, goto,6
, elevID,0,  pos,1,  WRONG cmd, stop,6,  the elevator is not moving!
320.0, elevID,1,  pos,6,  cmd, goto,6
321.0,Elevator call,320.97607492210807,-1,0,1,0, got allocated to elevator, 0
322.0,Elevator call,321.37040904796595,7,-1,1,1, got allocated to elevator, 1
322.0, elevID,1,  pos,6,  cmd, goto,7
, elevID,1,  pos,6,  WRONG cmd, stop,7,  the elevator is not moving!
333.0,Elevator call,332.4267319393355,0,10,1,1, got allocated to elevator, 1
333.0,Elev,1,  arrived at src, 7, Elevator call,321.37040904796595,7,-1,2,1
333.0, elevID,1,  pos,7,  cmd, goto,10
333.0, elevID,1,  pos,7,  cmd, stop,7
335.0,Elev,0,  arrived at src, 6, Elevator call,319.90520204415634,6,5,2,0
335.0, elevID,0,  pos,6,  cmd, goto,6
, elevID,0,  pos,6,  WRONG cmd, stop,0,  the elevator is not moving!
336.0, elevID,0,  pos,6,  cmd, goto,6
, elevID,0,  pos,6,  WRONG cmd, stop,6,  the elevator is not moving!
337.0,Elevator call,336.93043046159545,-1,0,1,0, got allocated to elevator, 0
337.0, elevID,0,  pos,6,  cmd, goto,6
, elevID,0,  pos,6,  WRONG cmd, stop,0,  the elevator is not moving!
338.0, elevID,0,  pos,6,  cmd, goto,6
, elevID,0,  pos,6,  WRONG cmd, stop,6,  the elevator is not moving!
339.0, elevID,0,  pos,6,  cmd, goto,6
343.0, elevID,1,  pos,7,  cmd, goto,10
, elevID,1,  pos,7,  WRONG cmd, stop,10,  the elevator is not moving!
356.0, elevID,1,  pos,10,  cmd, goto,10
376.0,Elevator call,375.49048095381363,1,0,1,0, got allocated to elevator, 0
376.0, elevID,0,  pos,6,  cmd, goto,1
, elevID,0,  pos,6,  WRONG cmd, stop,1,  the elevator is not moving!
391.0,Elev,0,  arrived at src, 1, Elevator call,375.49048095381363,1,0,2,0
391.0, elevID,0,  pos,1,  cmd, goto,1
393.0,Elevator call,392.5160764870397,0,5,1,0, got allocated to elevator, 0
393.0, elevID,0,  pos,1,  cmd, goto,5
, elevID,0,  pos,1,  WRONG cmd, stop,5,  the elevator is not moving!
406.0,Elevator call,405.1821140884023,-1,10,1,0, got allocated to elevator, 0
407.0,Elev,0,  arrived at dest, 5, this call is done!, Elevator call,319.90520204415634,6,5,3,0, Done, dt, 87.09479795584366
407.0, elevID,0,  pos,5,  cmd, goto,10
407.0, elevID,0,  pos,5,  cmd, stop,5
417.0, elevID,0,  pos,5,  cmd, goto,10
, elevID,0,  pos,5,  WRONG cmd, stop,10,  the elevator is not moving!
427.0,Elevator call,426.8615805478589,2,0,1,1, got allocated to elevator, 1
427.0, elevID,1,  pos,10,  cmd, goto,2
, elevID,1,  pos,10,  WRONG cmd, stop,2,  the elevator is not moving!
432.0, elevID,0,  pos,10,  cmd, goto,10
438.0,Elevator call,437.17111576125836,1,0,1,0, got allocated to elevator, 0
438.0, elevID,0,  pos,10,  cmd, goto,1
, elevID,0,  pos,10,  WRONG cmd, stop,1,  the elevator is not moving!
445.0,Elev,1,  arrived at src, 2, Elevator call,426.8615805478589,2,0,2,1
445.0, elevID,1,  pos,2,  cmd, goto,2
457.0,Elev,0,  arrived at src, 1, Elevator call,437.17111576125836,1,0,2,0
457.0, elevID,0,  pos,1,  cmd, goto,1
473.0,Elevator call,472.7445473930129,10,-1,1,1, got allocated to elevator, 1
473.0, elevID,1,  pos,2,  cmd, goto,10
, elevID,1,  pos,2,  WRONG cmd, stop,10,  the elevator is not moving!
491.0,Elev,1,  arrived at src, 10, Elevator call,472.7445473930129,10,-1,2,1
491.0, elevID,1,  pos,10,  cmd, goto,10
501.0,Elevator call,500.3712044996745,8,-1,1,1, got allocated to elevator, 1
501.0, elevID,1,  pos,10,  cmd, goto,8
, elevID,1,  pos,10,  WRONG cmd, stop,8,  the elevator is not moving!
504.0,Elevator call,503.13847841893045,1,-1,1,1, got allocated to elevator, 1
505.0,Elevator call,504.4317942159655,0,-1,1,1, got allocated to elevator, 1
513.0,Elev,1,  arrived at src, 8, Elevator call,130.02495678190564,8,10,2,1
513.0,Elev,1,  arrived at src, 8, Elevator call,500.3712044996745,8,-1,2,1
513.0, elevID,1,  pos,8,  cmd, goto,8
, elevID,1,  pos,8,  WRONG cmd, stop,0,  the elevator is not moving!
514.0, elevID,1,  pos,8,  cmd, goto,8
, elevID,1,  pos,8,  WRONG cmd, stop,1,  the elevator is not moving!
515.0, elevID,1,  pos,8,  cmd, goto,8
, elevID,1,  pos,8,  WRONG cmd, stop,8,  the elevator is not moving!
516.0, elevID,1,  pos,8,  cmd, goto,8
530.0,Elevator call,529.6277472128405,3,-1,1,0, got allocated to elevator, 0
530.0, elevID,0,  pos,1,  cmd, goto,3
, elevID,0,  pos,1,  WRONG cmd, stop,3,  the elevator is not moving!
538.0,Elevator call,537.7866883694313,-1,6,1,1, got allocated to elevator, 1
538.0, elevID,1,  pos,8,  cmd, goto,6
, elevID,1,  pos,8,  WRONG cmd, stop,6,  the elevator is not moving!
542.0,Elev,0,  arrived at src, 3, Elevator call,529.6277472128405,3,-1,2,0
542.0, elevID,0,  pos,3,  cmd, goto,3
545.0,Elevator call,544.7880392034898,6,-1,1,0, got allocated to elevator, 0
545.0, elevID,0,  pos,3,  cmd, goto,6
, elevID,0,  pos,3,  WRONG cmd, stop,6,  the elevator is not moving!
550.0, elevID,1,  pos,6,  cmd, goto,6
555.0,Elevator call,554.0892922920482,4,0,1,1, got allocated to elevator, 1
555.0, elevID,1,  pos,6,  cmd, goto,4
, elevID,1,  pos,6,  WRONG cmd, stop,4,  the elevator is not moving!
558.0,Elevator call,557.2441390036331,10,0,1,1, got allocated to elevator, 1
558.0,Elev,0,  arrived at src, 6, Elevator call,544.7880392034898,6,-1,2,0
558.0, elevID,0,  pos,6,  cmd, goto,6
566.0,Elevator call,565.0195521745534,0,-1,1,1, got allocated to elevator, 1
567.0,Elev,1,  arrived at src, 4, Elevator call,554.0892922920482,4,0,2,1
567.0, elevID,1,  pos,4,  cmd, goto,10
, elevID,1,  pos,4,  WRONG cmd, stop,0,  the elevator is not moving!
582.0,Elevator call,581.8703090238192,0,3,1,1, got allocated to elevator, 1
583.0,Elev,1,  arrived at dest, 10, this call is done!, Elevator call,130.02495678190564,8,10,3,1, Done, dt, 452.97504321809436
583.0,Elev,1,  arrived at src, 10, Elevator call,557.2441390036331,10,0,2,1
583.0, elevID,1,  pos,10,  cmd, goto,10
, elevID,1,  pos,10,  WRONG cmd, stop,3,  the elevator is not moving!
584.0, elevID,1,  pos,10,  cmd, goto,10
, elevID,1,  pos,10,  WRONG cmd, stop,4,  the elevator is not moving!
585.0, elevID,1,  pos,10,  cmd, goto,10
, elevID,1,  pos,10,  WRONG cmd, stop,10,  the elevator is not moving!
586.0, elevID,1,  pos,10,  cmd, goto,10
597.0,Elevator call,596.1232022872633,8,0,1,0, got allocated to elevator, 0
597.0, elevID,0,  pos,6,  cmd, goto,8
, elevID,0,  pos,6,  WRONG cmd, stop,8,  the elevator is not moving!
601.0,Elevator call,600.9312879686208,1,0,1,1, got allocated to elevator, 1
601.0, elevID,1,  pos,10,  cmd, goto,1
, elevID,1,  pos,10,  WRONG cmd, stop,1,  the elevator is not moving!
604.0,Elevator call,603.9342326983083,7,0,1,0, got allocated to elevator, 0
609.0,Elev,0,  arrived at dest, 8, this call is done!, Elevator call,171.21173315221364,-1,8,3,0, Done, dt, 437.78826684778636
609.0,Elev,0,  arrived at src, 8, Elevator call,596.1232022872633,8,0,2,0
609.0, elevID,0,  pos,8,  cmd, goto,8
, elevID,0,  pos,8,  WRONG cmd, stop,7,  the elevator is not moving!
610.0, elevID,0,  pos,8,  cmd, goto,8
, elevID,0,  pos,8,  WRONG cmd, stop,8,  the elevator is not moving!
611.0, elevID,0,  pos,8,  cmd, goto,8
618.0,Elevator call,617.9628338542149,0,3,1,1, got allocated to elevator, 1
620.0,Elevator call,619.6454196970012,9,0,1,1, got allocated to elevator, 1
620.0,Elev,1,  arrived at src, 1, Elevator call,503.13847841893045,1,-1,2,1
620.0,Elev,1,  arrived at src, 1, Elevator call,600.9312879686208,1,0,2,1
620.0, elevID,1,  pos,1,  cmd, goto,9
620.0, elevID,1,  pos,1,  cmd, stop,1
627.0,Elevator call,626.2116172047942,0,1,1,0, got allocated to elevator, 0
627.0, elevID,0,  pos,8,  cmd, goto,1
, elevID,0,  pos,8,  WRONG cmd, stop,1,  the elevator is not moving!
630.0, elevID,1,  pos,1,  cmd, goto,9
630.0, elevID,1,  pos,1,  cmd, stop,3
642.0,Elev,1,  arrived at src, 3, Elevator call,254.69771525200505,3,4,2,1
642.0, elevID,1,  pos,3,  cmd, goto,9
, elevID,1,  pos,3,  WRONG cmd, stop,9,  the elevator is not moving!
644.0,Elevator call,643.8547514955396,-1,2,1,0, got allocated to elevator, 0
644.0, elevID,0,  pos,1,  cmd, goto,2
644.0, elevID,0,  pos,1,  cmd, stop,1
654.0, elevID,0,  pos,1,  cmd, goto,2
, elevID,0,  pos,1,  WRONG cmd, stop,2,  the elevator is not moving!
658.0,Elev,1,  arrived at src, 9, Elevator call,619.6454196970012,9,0,2,1
658.0, elevID,1,  pos,9,  cmd, goto,9
661.0,Elevator call,660.0732907797126,6,10,1,1, got allocated to elevator, 1
661.0, elevID,1,  pos,9,  cmd, goto,10
, elevID,1,  pos,9,  WRONG cmd, stop,10,  the elevator is not moving!
662.0,Elevator call,661.0420820268716,-1,3,1,0, got allocated to elevator, 0
663.0,Elevator call,662.1730527520776,-1,5,1,1, got allocated to elevator, 1
665.0,Elev,0,  arrived at dest, 2, this call is done!, Elevator call,85.5209666204754,3,2,3,0, Done, dt, 579.4790333795246
665.0, elevID,0,  pos,2,  cmd, goto,3
665.0, elevID,0,  pos,2,  cmd, stop,2
666.0,Elevator call,665.1155548533167,-1,8,1,0, got allocated to elevator, 0
667.0,Elevator call,666.0340294605869,4,0,1,1, got allocated to elevator, 1
667.0,Elevator call,666.2411586665262,5,-1,1,0, got allocated to elevator, 0
672.0, elevID,1,  pos,10,  cmd, goto,10
, elevID,1,  pos,10,  WRONG cmd, stop,0,  the elevator is not moving!
673.0,Elevator call,672.677314157026,0,-1,1,0, got allocated to elevator, 0
673.0, elevID,1,  pos,10,  cmd, goto,10
, elevID,1,  pos,10,  WRONG cmd, stop,4,  the elevator is not moving!
674.0, elevID,1,  pos,10,  cmd, goto,10
, elevID,1,  pos,10,  WRONG cmd, stop,5,  the elevator is not moving!
675.0, elevID,0,  pos,2,  cmd, goto,8
, elevID,0,  pos,2,  WRONG cmd, stop,0,  the elevator is not moving!
675.0, elevID,1,  pos,10,  cmd, goto,10
, elevID,1,  pos,10,  WRONG cmd, stop,10,  the elevator is not moving!
676.0, elevID,1,  pos,10,  cmd, goto,10
678.0,Elevator call,677.7341948387335,0,-1,1,1, got allocated to elevator, 1
678.0, elevID,1,  pos,10,  cmd, goto,0
, elevID,1,  pos,10,  WRONG cmd, stop,0,  the elevator is not moving!
679.0,Elevator call,678.9953584914538,-1,-2,1,0, got allocated to elevator, 0
691.0, elevID,0,  pos,8,  cmd, goto,8
, elevID,0,  pos,8,  WRONG cmd, stop,-1,  the elevator is not moving!
692.0, elevID,0,  pos,8,  cmd, goto,8
, elevID,0,  pos,8,  WRONG cmd, stop,0,  the elevator is not moving!
693.0, elevID,0,  pos,8,  cmd, goto,8
, elevID,0,  pos,8,  WRONG cmd, stop,2,  the elevator is not moving!
694.0, elevID,0,  pos,8,  cmd, goto,8
, elevID,0,  pos,8,  WRONG cmd, stop,3,  the elevator is not moving!
695.0, elevID,0,  pos,8,  cmd, goto,8
, elevID,0,  pos,8,  WRONG cmd, stop,5,  the elevator is not moving!
696.0,Elevator call,695.2239881566923,0,10,1,1, got allocated to elevator, 1
696.0, elevID,0,  pos,8,  cmd, goto,8
, elevID,0,  pos,8,  WRONG cmd, stop,8,  the elevator is not moving!
697.0, elevID,0,  pos,8,  cmd, goto,8
698.0,Elev,1,  arrived at src, 0, Elevator call,104.13701241869234,0,4,2,1
698.0,Elev,1,  arrived at src, 0, Elevator call,124.42557095980362,0,9,2,1
698.0,Elev,1,  arrived at src, 0, Elevator call,137.9515274326701,0,4,2,1
698.0,Elev,1,  arrived at src, 0, Elevator call,143.91335838799415,0,6,2,1
698.0,Elev,1,  arrived at src, 0, Elevator call,170.0099620835246,0,6,2,1
698.0,Elev,1,  arrived at src, 0, Elevator call,174.84385152106802,0,-1,2,1
698.0,Elev,1,  arrived at src, 0, Elevator call,251.23593354161653,0,9,2,1
698.0,Elev,1,  arrived at dest, 0, this call is done!, Elevator call,304.99843880775313,6,0,3,1, Done, dt, 393.00156119224687
698.0,Elev,1,  arrived at src, 0, Elevator call,309.30053828560517,0,-1,2,1
698.0,Elev,1,  arrived at src, 0, Elevator call,312.30185564398687,0,-1,2,1
698.0,Elev,1,  arrived at src, 0, Elevator call,316.03237827404377,0,-1,2,1
698.0,Elev,1,  arrived at src, 0, Elevator call,332.4267319393355,0,10,2,1
698.0,Elev,1,  arrived at dest, 0, this call is done!, Elevator call,426.8615805478589,2,0,3,1, Done, dt, 271.1384194521411
698.0,Elev,1,  arrived at src, 0, Elevator call,504.4317942159655,0,-1,2,1
698.0,Elev,1,  arrived at dest, 0, this call is done!, Elevator call,554.0892922920482,4,0,3,1, Done, dt, 143.91070770795181
698.0,Elev,1,  arrived at dest, 0, this call is done!, Elevator call,557.2441390036331,10,0,3,1, Done, dt, 140.7558609963669
698.0,Elev,1,  arrived at src, 0, Elevator call,565.0195521745534,0,-1,2,1
698.0,Elev,1,  arrived at src, 0, Elevator call,581.8703090238192,0,3,2,1
698.0,Elev,1,  arrived at dest, 0, this call is done!, Elevator call,600.9312879686208,1,0,3,1, Done, dt, 97.06871203137916
698.0,Elev,1,  arrived at src, 0, Elevator call,617.9628338542149,0,3,2,1
698.0,Elev,1,  arrived at dest, 0, this call is done!, Elevator call,619.6454196970012,9,0,3,1, Done, dt, 78.35458030299878
698.0,Elev,1,  arrived at src, 0, Elevator call,677.7341948387335,0,-1,2,1
698.0,Elev,1,  arrived at src, 0, Elevator call,695.2239881566923,0,10,2,1
698.0, elevID,1,  pos,0,  cmd, goto,10
, elevID,1,  pos,0,  WRONG cmd, stop,10,  the elevator is not moving!
707.0,Elevator call,706.1583474999188,-1,-2,1,1, got allocated to elevator, 1
711.0,Elevator call,710.3249770041223,0,1,1,1, got allocated to elevator, 1
714.0,Elevator call,713.0191971398395,1,0,1,1, got allocated to elevator, 1
714.0,Elevator call,713.2499766424826,10,-1,1,1, got allocated to elevator, 1
718.0,Elev,1,  arrived at dest, 10, this call is done!, Elevator call,332.4267319393355,0,10,3,1, Done, dt, 385.5732680606645
718.0,Elev,1,  arrived at dest, 10, this call is done!, Elevator call,695.2239881566923,0,10,3,1, Done, dt, 22.776011843307742
718.0,Elev,1,  arrived at src, 10, Elevator call,713.2499766424826,10,-1,2,1
718.0, elevID,1,  pos,10,  cmd, goto,10
, elevID,1,  pos,10,  WRONG cmd, stop,-1,  the elevator is not moving!
719.0, elevID,1,  pos,10,  cmd, goto,10
, elevID,1,  pos,10,  WRONG cmd, stop,0,  the elevator is not moving!
720.0, elevID,1,  pos,10,  cmd, goto,10
, elevID,1,  pos,10,  WRONG cmd, stop,1,  the elevator is not moving!
721.0, elevID,1,  pos,10,  cmd, goto,10
, elevID,1,  pos,10,  WRONG cmd, stop,10,  the elevator is not moving!
722.0, elevID,1,  pos,10,  cmd, goto,10
723.0,Elevator call,722.6161212799507,10,0,1,0, got allocated to elevator, 0
723.0, elevID,0,  pos,8,  cmd, goto,10
, elevID,0,  pos,8,  WRONG cmd, stop,10,  the elevator is not moving!
728.0,Elevator call,727.514602863032,-1,0,1,1, got allocated to elevator, 1
728.0, elevID,1,  pos,10,  cmd, goto,0
, elevID,1,  pos,10,  WRONG cmd, stop,0,  the elevator is not moving!
733.0,Elevator call,732.9746341348998,6,-1,1,0, got allocated to elevator, 0
735.0,Elev,0,  arrived at src, 10, Elevator call,722.6161212799507,10,0,2,0
735.0, elevID,0,  pos,10,  cmd, goto,10
, elevID,0,  pos,10,  WRONG cmd, stop,6,  the elevator is not moving!
736.0, elevID,0,  pos,10,  cmd, goto,10
, elevID,0,  pos,10,  WRONG cmd, stop,10,  the elevator is not moving!
737.0, elevID,0,  pos,10,  cmd, goto,10
738.0,Elevator call,737.314720213409,1,0,1,0, got allocated to elevator, 0
738.0, elevID,0,  pos,10,  cmd, goto,1
, elevID,0,  pos,10,  WRONG cmd, stop,1,  the elevator is not moving!
748.0,Elev,1,  arrived at src, 0, Elevator call,710.3249770041223,0,1,2,1
748.0, elevID,1,  pos,0,  cmd, goto,0
757.0,Elev,0,  arrived at src, 1, Elevator call,737.314720213409,1,0,2,0
757.0, elevID,0,  pos,1,  cmd, goto,1
780.0,Elevator call,779.399691386574,-1,5,1,1, got allocated to elevator, 1
780.0, elevID,1,  pos,0,  cmd, goto,5
, elevID,1,  pos,0,  WRONG cmd, stop,5,  the elevator is not moving!
795.0, elevID,1,  pos,5,  cmd, goto,5
806.0,Elevator call,805.6754743307536,-1,-2,1,0, got allocated to elevator, 0
806.0, elevID,0,  pos,1,  cmd, goto,-1
, elevID,0,  pos,1,  WRONG cmd, stop,-1,  the elevator is not moving!
811.0,Elevator call,810.4469089359914,2,0,1,1, got allocated to elevator, 1
811.0, elevID,1,  pos,5,  cmd, goto,2
, elevID,1,  pos,5,  WRONG cmd, stop,2,  the elevator is not moving!
817.0,Elevator call,816.1516998390152,7,-1,1,1, got allocated to elevator, 1
818.0,Elev,0,  arrived at src, -1, Elevator call,320.97607492210807,-1,0,2,0
818.0,Elev,0,  arrived at src, -1, Elevator call,336.93043046159545,-1,0,2,0
818.0,Elev,0,  arrived at src, -1, Elevator call,405.1821140884023,-1,10,2,0
818.0,Elev,0,  arrived at dest, -1, this call is done!, Elevator call,529.6277472128405,3,-1,3,0, Done, dt, 288.3722527871595
818.0,Elev,0,  arrived at dest, -1, this call is done!, Elevator call,544.7880392034898,6,-1,3,0, Done, dt, 273.2119607965102
818.0,Elev,0,  arrived at src, -1, Elevator call,643.8547514955396,-1,2,2,0
818.0,Elev,0,  arrived at src, -1, Elevator call,661.0420820268716,-1,3,2,0
818.0,Elev,0,  arrived at src, -1, Elevator call,665.1155548533167,-1,8,2,0
818.0,Elev,0,  arrived at src, -1, Elevator call,678.9953584914538,-1,-2,2,0
818.0,Elev,0,  arrived at src, -1, Elevator call,805.6754743307536,-1,-2,2,0
818.0, elevID,0,  pos,-1,  cmd, goto,-1
824.0,Elev,1,  arrived at src, 2, Elevator call,810.4469089359914,2,0,2,1
824.0, elevID,1,  pos,2,  cmd, goto,7
824.0, elevID,1,  pos,2,  cmd, stop,2
826.0,Elevator call,825.4575184586336,7,0,1,1, got allocated to elevator, 1
834.0, elevID,1,  pos,2,  cmd, goto,7
834.0, elevID,1,  pos,2,  cmd, stop,2
840.0,Elevator call,839.8525652620532,0,1,1,1, got allocated to elevator, 1
844.0, elevID,1,  pos,2,  cmd, goto,7
, elevID,1,  pos,2,  WRONG cmd, stop,1,  the elevator is not moving!
855.0,Elevator call,854.2002278085795,6,-1,1,1, got allocated to elevator, 1
859.0,Elev,1,  arrived at src, 7, Elevator call,816.1516998390152,7,-1,2,1
859.0,Elev,1,  arrived at src, 7, Elevator call,825.4575184586336,7,0,2,1
859.0, elevID,1,  pos,7,  cmd, goto,7
, elevID,1,  pos,7,  WRONG cmd, stop,1,  the elevator is not moving!
860.0, elevID,1,  pos,7,  cmd, goto,7
, elevID,1,  pos,7,  WRONG cmd, stop,2,  the elevator is not moving!
861.0, elevID,1,  pos,7,  cmd, goto,7
, elevID,1,  pos,7,  WRONG cmd, stop,6,  the elevator is not moving!
862.0, elevID,1,  pos,7,  cmd, goto,7
, elevID,1,  pos,7,  WRONG cmd, stop,7,  the elevator is not moving!
863.0, elevID,1,  pos,7,  cmd, goto,7
864.0,Elevator call,863.893291272948,0,-1,1,1, got allocated to elevator, 1
864.0, elevID,1,  pos,7,  cmd, goto,0
, elevID,1,  pos,7,  WRONG cmd, stop,0,  the elevator is not moving!
871.0,Elevator call,870.5053023797483,0,7,1,1, got allocated to elevator, 1
881.0,Elev,1,  arrived at dest, 0, this call is done!, Elevator call,810.4469089359914,2,0,3,1, Done, dt, 70.55309106400864
881.0,Elev,1,  arrived at dest, 0, this call is done!, Elevator call,825.4575184586336,7,0,3,1, Done, dt, 55.54248154136644
881.0,Elev,1,  arrived at src, 0, Elevator call,839.8525652620532,0,1,2,1
881.0,Elev,1,  arrived at src, 0, Elevator call,863.893291272948,0,-1,2,1
881.0,Elev,1,  arrived at src, 0, Elevator call,870.5053023797483,0,7,2,1
881.0, elevID,1,  pos,0,  cmd, goto,7
, elevID,1,  pos,0,  WRONG cmd, stop,7,  the elevator is not moving!
887.0,Elevator call,886.5649993239458,-1,-2,1,1, got allocated to elevator, 1
893.0,Elevator call,892.5212150591021,9,-1,1,1, got allocated to elevator, 1
898.0,Elev,1,  arrived at dest, 7, this call is done!, Elevator call,870.5053023797483,0,7,3,1, Done, dt, 27.494697620251713
898.0, elevID,1,  pos,7,  cmd, goto,9
, elevID,1,  pos,7,  WRONG cmd, stop,-1,  the elevator is not moving!
910.0,Elev,1,  arrived at dest, 9, this call is done!, Elevator call,124.42557095980362,0,9,3,1, Done, dt, 785.5744290401964
910.0,Elev,1,  arrived at dest, 9, this call is done!, Elevator call,251.23593354161653,0,9,3,1, Done, dt, 658.7640664583835
910.0,Elev,1,  arrived at src, 9, Elevator call,892.5212150591021,9,-1,2,1
910.0, elevID,1,  pos,9,  cmd, goto,9
, elevID,1,  pos,9,  WRONG cmd, stop,7,  the elevator is not moving!
911.0,Elevator call,910.5388559417848,6,5,1,0, got allocated to elevator, 0
911.0, elevID,0,  pos,-1,  cmd, goto,6
, elevID,0,  pos,-1,  WRONG cmd, stop,6,  the elevator is not moving!
911.0, elevID,1,  pos,9,  cmd, goto,9
, elevID,1,  pos,9,  WRONG cmd, stop,9,  the elevator is not moving!
912.0, elevID,1,  pos,9,  cmd, goto,9
916.0,Elevator call,915.9490574608818,4,-1,1,1, got allocated to elevator, 1
916.0, elevID,1,  pos,9,  cmd, goto,4
, elevID,1,  pos,9,  WRONG cmd, stop,4,  the elevator is not moving!
928.0,Elev,0,  arrived at src, 6, Elevator call,732.9746341348998,6,-1,2,0
928.0,Elev,0,  arrived at src, 6, Elevator call,910.5388559417848,6,5,2,0
928.0, elevID,0,  pos,6,  cmd, goto,6
931.0,Elev,1,  arrived at dest, 4, this call is done!, Elevator call,104.13701241869234,0,4,3,1, Done, dt, 826.8629875813076
931.0,Elev,1,  arrived at dest, 4, this call is done!, Elevator call,137.9515274326701,0,4,3,1, Done, dt, 793.0484725673299
931.0,Elev,1,  arrived at dest, 4, this call is done!, Elevator call,254.69771525200505,3,4,3,1, Done, dt, 676.3022847479949
931.0,Elev,1,  arrived at src, 4, Elevator call,666.0340294605869,4,0,2,1
931.0,Elev,1,  arrived at src, 4, Elevator call,915.9490574608818,4,-1,2,1
931.0, elevID,1,  pos,4,  cmd, goto,4
934.0,Elevator call,933.8580452488764,7,5,1,0, got allocated to elevator, 0
934.0, elevID,0,  pos,6,  cmd, goto,7
, elevID,0,  pos,6,  WRONG cmd, stop,7,  the elevator is not moving!
945.0,Elev,0,  arrived at dest, 7, this call is done!, Elevator call,195.90869649656992,0,7,3,0, Done, dt, 749.09130350343
945.0,Elev,0,  arrived at src, 7, Elevator call,603.9342326983083,7,0,2,0
945.0,Elev,0,  arrived at src, 7, Elevator call,933.8580452488764,7,5,2,0
945.0, elevID,0,  pos,7,  cmd, goto,7
962.0,Elevator call,961.6862855708133,6,-1,1,0, got allocated to elevator, 0
962.0, elevID,0,  pos,7,  cmd, goto,6
, elevID,0,  pos,7,  WRONG cmd, stop,6,  the elevator is not moving!
973.0,Elevator call,972.8032126022729,1,0,1,1, got allocated to elevator, 1
973.0,Elev,0,  arrived at src, 6, Elevator call,961.6862855708133,6,-1,2,0
973.0, elevID,0,  pos,6,  cmd, goto,6
973.0, elevID,1,  pos,4,  cmd, goto,1
, elevID,1,  pos,4,  WRONG cmd, stop,1,  the elevator is not moving!
976.0,Elevator call,975.8361202753667,0,-1,1,0, got allocated to elevator, 0
976.0, elevID,0,  pos,6,  cmd, goto,0
, elevID,0,  pos,6,  WRONG cmd, stop,0,  the elevator is not moving!
979.0,Elevator call,978.5925148564796,10,0,1,1, got allocated to elevator, 1
979.0,Elevator call,978.6210500641439,10,-1,1,1, got allocated to elevator, 1
985.0,Elevator call,984.1840185574983,7,0,1,1, got allocated to elevator, 1
986.0,Elev,1,  arrived at dest, 1, this call is done!, Elevator call,710.3249770041223,0,1,3,1, Done, dt, 275.6750229958777
986.0,Elev,1,  arrived at src, 1, Elevator call,713.0191971398395,1,0,2,1
986.0,Elev,1,  arrived at dest, 1, this call is done!, Elevator call,839.8525652620532,0,1,3,1, Done, dt, 146.1474347379468
986.0,Elev,1,  arrived at src, 1, Elevator call,972.8032126022729,1,0,2,1
986.0, elevID,1,  pos,1,  cmd, goto,10
, elevID,1,  pos,1,  WRONG cmd, stop,0,  the elevator is not moving!
992.0,Elev,0,  arrived at dest, 0, this call is done!, Elevator call,16.957882888088932,-1,0,3,0, Done, dt, 975.042117111911
992.0,Elev,0,  arrived at dest, 0, this call is done!, Elevator call,109.21352909346587,-1,0,3,0, Done, dt, 882.7864709065341
992.0,Elev,0,  arrived at dest, 0, this call is done!, Elevator call,169.78458339380109,-1,0,3,0, Done, dt, 822.2154166061989
992.0,Elev,0,  arrived at dest, 0, this call is done!, Elevator call,231.51578817426258,-1,0,3,0, Done, dt, 760.4842118257375
992.0,Elev,0,  arrived at src, 0, Elevator call,295.7943356681491,0,1,2,0
992.0,Elev,0,  arrived at dest, 0, this call is done!, Elevator call,320.97607492210807,-1,0,3,0, Done, dt, 671.0239250778919
992.0,Elev,0,  arrived at dest, 0, this call is done!, Elevator call,336.93043046159545,-1,0,3,0, Done, dt, 655.0695695384045
992.0,Elev,0,  arrived at dest, 0, this call is done!, Elevator call,375.49048095381363,1,0,3,0, Done, dt, 616.5095190461864
992.0,Elev,0,  arrived at src, 0, Elevator call,392.5160764870397,0,5,2,0
992.0,Elev,0,  arrived at dest, 0, this call is done!, Elevator call,437.17111576125836,1,0,3,0, Done, dt, 554.8288842387417
992.0,Elev,0,  arrived at dest, 0, this call is done!, Elevator call,596.1232022872633,8,0,3,0, Done, dt, 395.8767977127367
992.0,Elev,0,  arrived at dest, 0, this call is done!, Elevator call,603.9342326983083,7,0,3,0, Done, dt, 388.0657673016917
992.0,Elev,0,  arrived at src, 0, Elevator call,626.2116172047942,0,1,2,0
992.0,Elev,0,  arrived at src, 0, Elevator call,672.677314157026,0,-1,2,0
992.0,Elev,0,  arrived at dest, 0, this call is done!, Elevator call,722.6161212799507,10,0,3,0, Done, dt, 269.3838787200493
992.0,Elev,0,  arrived at dest, 0, this call is done!, Elevator call,737.314720213409,1,0,3,0, Done, dt, 254.68527978659097
992.0,Elev,0,  arrived at src, 0, Elevator call,975.8361202753667,0,-1,2,0
992.0, elevID,0,  pos,0,  cmd, goto,0
1000.0,************* Simulation Ended ************
Code Owners,123456789,  Case,2,  Total waiting time: 39841.792822120195,  average waiting time per call: 398.4179282212019,  unCompleted calls,57,  certificate, -14054822466
