**** The Simulator log: stage 2
0.0,OOP_Ex0_Elevator_Simulator
0.0,Simulated Building, ex0.simulator.Builging_A [-2,10]
0) ex0.simulator.Elevator_A, Elev_0, speed: 1.0, open/close: 2.0,  start/stop: 3.0
1) ex0.simulator.Elevator_A, Elev_1, speed: 1.0, open/close: 2.0,  start/stop: 3.0
0.0,Simulated Period starTime,0.0,  endTime,1000.0,  dt,1.0
0.0,Simulated  calls,Elevetor log, size: 100
0.0,**** Simulation starts!! ****
5.0,Elevator call,4.374727290393253,0,-1,1,0, got allocated to elevator, 0
5.0, elevID,0,  pos,-2,  cmd, goto,0
17.0,Elevator call,16.957882888088932,-1,0,1,1, got allocated to elevator, 1
17.0,Elev,0,  arrived at src, 0, Elevator call,4.374727290393253,0,-1,2,0
17.0, elevID,0,  pos,0,  cmd, goto,-1
17.0, elevID,1,  pos,-2,  cmd, goto,-1
23.0,Elevator call,22.094056301593582,0,-1,1,0, got allocated to elevator, 0
28.0,Elev,0,  arrived at dest, -1, this call is done!, Elevator call,4.374727290393253,0,-1,3,0, Done, dt, 23.625272709606747
28.0, elevID,0,  pos,-1,  cmd, goto,0
28.0,Elev,1,  arrived at src, -1, Elevator call,16.957882888088932,-1,0,2,1
28.0, elevID,1,  pos,-1,  cmd, goto,0
39.0,Elev,0,  arrived at src, 0, Elevator call,22.094056301593582,0,-1,2,0
39.0, elevID,0,  pos,0,  cmd, goto,-1
39.0,Elev,1,  arrived at dest, 0, this call is done!, Elevator call,16.957882888088932,-1,0,3,1, Done, dt, 22.042117111911068
50.0,Elev,0,  arrived at dest, -1, this call is done!, Elevator call,22.094056301593582,0,-1,3,0, Done, dt, 27.905943698406418
86.0,Elevator call,85.5209666204754,3,2,1,0, got allocated to elevator, 0
86.0, elevID,0,  pos,-1,  cmd, goto,3
92.0,Elevator call,91.21019413453945,-1,-2,1,1, got allocated to elevator, 1
92.0, elevID,1,  pos,0,  cmd, goto,-1
100.0,Elev,0,  arrived at src, 3, Elevator call,85.5209666204754,3,2,2,0
100.0, elevID,0,  pos,3,  cmd, goto,2
103.0,Elev,1,  arrived at src, -1, Elevator call,91.21019413453945,-1,-2,2,1
103.0, elevID,1,  pos,-1,  cmd, goto,-2
105.0,Elevator call,104.13701241869234,0,4,1,0, got allocated to elevator, 0
110.0,Elevator call,109.21352909346587,-1,0,1,0, got allocated to elevator, 0
111.0,Elev,0,  arrived at dest, 2, this call is done!, Elevator call,85.5209666204754,3,2,3,0, Done, dt, 25.479033379524594
111.0, elevID,0,  pos,2,  cmd, goto,0
114.0,Elev,1,  arrived at dest, -2, this call is done!, Elevator call,91.21019413453945,-1,-2,3,1, Done, dt, 22.78980586546055
115.0,Elevator call,114.39235096774041,3,0,1,1, got allocated to elevator, 1
115.0, elevID,1,  pos,-2,  cmd, goto,3
123.0,Elev,0,  arrived at src, 0, Elevator call,104.13701241869234,0,4,2,0
123.0, elevID,0,  pos,0,  cmd, goto,4
125.0,Elevator call,124.42557095980362,0,9,1,0, got allocated to elevator, 0
130.0,Elev,1,  arrived at src, 3, Elevator call,114.39235096774041,3,0,2,1
130.0, elevID,1,  pos,3,  cmd, goto,0
131.0,Elevator call,130.02495678190564,8,10,1,0, got allocated to elevator, 0
131.0,Elevator call,130.224911275492,-1,1,1,0, got allocated to elevator, 0
137.0,Elev,0,  arrived at dest, 4, this call is done!, Elevator call,104.13701241869234,0,4,3,0, Done, dt, 32.862987581307664
137.0, elevID,0,  pos,4,  cmd, goto,-1
138.0,Elevator call,137.9515274326701,0,4,1,0, got allocated to elevator, 0
143.0,Elev,1,  arrived at dest, 0, this call is done!, Elevator call,114.39235096774041,3,0,3,1, Done, dt, 28.607649032259587
144.0,Elevator call,143.91335838799415,0,6,1,0, got allocated to elevator, 0
152.0,Elev,0,  arrived at src, -1, Elevator call,109.21352909346587,-1,0,2,0
152.0,Elev,0,  arrived at src, -1, Elevator call,130.224911275492,-1,1,2,0
152.0, elevID,0,  pos,-1,  cmd, goto,0
163.0,Elev,0,  arrived at dest, 0, this call is done!, Elevator call,109.21352909346587,-1,0,3,0, Done, dt, 53.786470906534134
163.0,Elev,0,  arrived at src, 0, Elevator call,124.42557095980362,0,9,2,0
163.0,Elev,0,  arrived at src, 0, Elevator call,137.9515274326701,0,4,2,0
163.0,Elev,0,  arrived at src, 0, Elevator call,143.91335838799415,0,6,2,0
163.0, elevID,0,  pos,0,  cmd, goto,0
164.0, elevID,0,  pos,0,  cmd, goto,9
170.0,Elevator call,169.78458339380109,-1,0,1,0, got allocated to elevator, 0
171.0,Elevator call,170.0099620835246,0,6,1,0, got allocated to elevator, 0
172.0,Elevator call,171.21173315221364,-1,8,1,0, got allocated to elevator, 0
175.0,Elevator call,174.84385152106802,0,-1,1,0, got allocated to elevator, 0
183.0,Elev,0,  arrived at dest, 9, this call is done!, Elevator call,124.42557095980362,0,9,3,0, Done, dt, 58.57442904019638
183.0, elevID,0,  pos,9,  cmd, goto,8
188.0,Elevator call,187.11678617348463,-1,-2,1,0, got allocated to elevator, 0
188.0,Elevator call,187.7299317966884,-1,-2,1,0, got allocated to elevator, 0
194.0,Elev,0,  arrived at src, 8, Elevator call,130.02495678190564,8,10,2,0
194.0, elevID,0,  pos,8,  cmd, goto,10
196.0,Elevator call,195.90869649656992,0,7,1,0, got allocated to elevator, 0
198.0,Elevator call,197.5359191292572,-1,1,1,0, got allocated to elevator, 0
206.0,Elevator call,205.9895199338651,-1,0,1,0, got allocated to elevator, 0
206.0,Elev,0,  arrived at dest, 10, this call is done!, Elevator call,130.02495678190564,8,10,3,0, Done, dt, 75.97504321809436
206.0, elevID,0,  pos,10,  cmd, goto,-1
227.0,Elev,0,  arrived at src, -1, Elevator call,169.78458339380109,-1,0,2,0
227.0,Elev,0,  arrived at src, -1, Elevator call,171.21173315221364,-1,8,2,0
227.0,Elev,0,  arrived at src, -1, Elevator call,187.11678617348463,-1,-2,2,0
227.0,Elev,0,  arrived at src, -1, Elevator call,187.7299317966884,-1,-2,2,0
227.0,Elev,0,  arrived at src, -1, Elevator call,197.5359191292572,-1,1,2,0
227.0,Elev,0,  arrived at src, -1, Elevator call,205.9895199338651,-1,0,2,0
227.0, elevID,0,  pos,-1,  cmd, goto,1
228.0,Elevator call,227.0798304557929,-1,5,1,1, got allocated to elevator, 1
228.0, elevID,1,  pos,0,  cmd, goto,-1
232.0,Elevator call,231.51578817426258,-1,0,1,0, got allocated to elevator, 0
233.0,Elevator call,232.95043623946805,0,-1,1,1, got allocated to elevator, 1
239.0,Elev,0,  arrived at dest, 1, this call is done!, Elevator call,130.224911275492,-1,1,3,0, Done, dt, 108.77508872450801
239.0,Elev,0,  arrived at dest, 1, this call is done!, Elevator call,197.5359191292572,-1,1,3,0, Done, dt, 41.464080870742805
239.0, elevID,0,  pos,1,  cmd, goto,0
239.0,Elev,1,  arrived at src, -1, Elevator call,227.0798304557929,-1,5,2,1
239.0, elevID,1,  pos,-1,  cmd, goto,5
250.0,Elev,0,  arrived at dest, 0, this call is done!, Elevator call,169.78458339380109,-1,0,3,0, Done, dt, 80.21541660619891
250.0,Elev,0,  arrived at src, 0, Elevator call,170.0099620835246,0,6,2,0
250.0,Elev,0,  arrived at src, 0, Elevator call,174.84385152106802,0,-1,2,0
250.0,Elev,0,  arrived at src, 0, Elevator call,195.90869649656992,0,7,2,0
250.0,Elev,0,  arrived at dest, 0, this call is done!, Elevator call,205.9895199338651,-1,0,3,0, Done, dt, 44.0104800661349
250.0, elevID,0,  pos,0,  cmd, goto,4
252.0,Elevator call,251.10444690749756,-1,-2,1,0, got allocated to elevator, 0
252.0,Elevator call,251.23593354161653,0,9,1,0, got allocated to elevator, 0
255.0,Elevator call,254.69771525200505,3,4,1,0, got allocated to elevator, 0
255.0,Elev,1,  arrived at dest, 5, this call is done!, Elevator call,227.0798304557929,-1,5,3,1, Done, dt, 27.920169544207113
255.0, elevID,1,  pos,5,  cmd, goto,0
258.0,Elevator call,257.7974435335086,-1,0,1,0, got allocated to elevator, 0
264.0,Elev,0,  arrived at dest, 4, this call is done!, Elevator call,137.9515274326701,0,4,3,0, Done, dt, 126.0484725673299
264.0, elevID,0,  pos,4,  cmd, goto,0
270.0,Elev,1,  arrived at src, 0, Elevator call,232.95043623946805,0,-1,2,1
270.0, elevID,1,  pos,0,  cmd, goto,-1
278.0,Elev,0,  arrived at src, 0, Elevator call,251.23593354161653,0,9,2,0
278.0, elevID,0,  pos,0,  cmd, goto,6
281.0,Elev,1,  arrived at dest, -1, this call is done!, Elevator call,232.95043623946805,0,-1,3,1, Done, dt, 48.04956376053195
294.0,Elev,0,  arrived at dest, 6, this call is done!, Elevator call,143.91335838799415,0,6,3,0, Done, dt, 150.08664161200585
294.0,Elev,0,  arrived at dest, 6, this call is done!, Elevator call,170.0099620835246,0,6,3,0, Done, dt, 123.99003791647539
294.0, elevID,0,  pos,6,  cmd, goto,-1
296.0,Elevator call,295.7943356681491,0,1,1,0, got allocated to elevator, 0
305.0,Elevator call,304.99843880775313,6,0,1,1, got allocated to elevator, 1
305.0, elevID,1,  pos,-1,  cmd, goto,6
310.0,Elevator call,309.30053828560517,0,-1,1,0, got allocated to elevator, 0
311.0,Elev,0,  arrived at dest, -1, this call is done!, Elevator call,174.84385152106802,0,-1,3,0, Done, dt, 136.15614847893198
311.0,Elev,0,  arrived at src, -1, Elevator call,231.51578817426258,-1,0,2,0
311.0,Elev,0,  arrived at src, -1, Elevator call,251.10444690749756,-1,-2,2,0
311.0,Elev,0,  arrived at src, -1, Elevator call,257.7974435335086,-1,0,2,0
311.0, elevID,0,  pos,-1,  cmd, goto,0
313.0,Elevator call,312.30185564398687,0,-1,1,0, got allocated to elevator, 0
317.0,Elevator call,316.03237827404377,0,-1,1,0, got allocated to elevator, 0
320.0,Elevator call,319.90520204415634,6,5,1,0, got allocated to elevator, 0
321.0,Elevator call,320.97607492210807,-1,0,1,0, got allocated to elevator, 0
322.0,Elevator call,321.37040904796595,7,-1,1,0, got allocated to elevator, 0
322.0,Elev,0,  arrived at dest, 0, this call is done!, Elevator call,231.51578817426258,-1,0,3,0, Done, dt, 90.48421182573742
322.0,Elev,0,  arrived at dest, 0, this call is done!, Elevator call,257.7974435335086,-1,0,3,0, Done, dt, 64.20255646649139
322.0,Elev,0,  arrived at src, 0, Elevator call,295.7943356681491,0,1,2,0
322.0,Elev,0,  arrived at src, 0, Elevator call,309.30053828560517,0,-1,2,0
322.0,Elev,0,  arrived at src, 0, Elevator call,312.30185564398687,0,-1,2,0
322.0,Elev,0,  arrived at src, 0, Elevator call,316.03237827404377,0,-1,2,0
322.0, elevID,0,  pos,0,  cmd, goto,-1
322.0,Elev,1,  arrived at src, 6, Elevator call,304.99843880775313,6,0,2,1
322.0, elevID,1,  pos,6,  cmd, goto,0
333.0,Elevator call,332.4267319393355,0,10,1,0, got allocated to elevator, 0
333.0,Elev,0,  arrived at dest, -1, this call is done!, Elevator call,309.30053828560517,0,-1,3,0, Done, dt, 23.69946171439483
333.0,Elev,0,  arrived at dest, -1, this call is done!, Elevator call,312.30185564398687,0,-1,3,0, Done, dt, 20.69814435601313
333.0,Elev,0,  arrived at dest, -1, this call is done!, Elevator call,316.03237827404377,0,-1,3,0, Done, dt, 16.967621725956235
333.0,Elev,0,  arrived at src, -1, Elevator call,320.97607492210807,-1,0,2,0
333.0, elevID,0,  pos,-1,  cmd, goto,8
337.0,Elevator call,336.93043046159545,-1,0,1,0, got allocated to elevator, 0
338.0,Elev,1,  arrived at dest, 0, this call is done!, Elevator call,304.99843880775313,6,0,3,1, Done, dt, 33.00156119224687
352.0,Elev,0,  arrived at dest, 8, this call is done!, Elevator call,171.21173315221364,-1,8,3,0, Done, dt, 180.78826684778636
352.0, elevID,0,  pos,8,  cmd, goto,0
370.0,Elev,0,  arrived at dest, 0, this call is done!, Elevator call,320.97607492210807,-1,0,3,0, Done, dt, 49.02392507789193
370.0,Elev,0,  arrived at src, 0, Elevator call,332.4267319393355,0,10,2,0
370.0, elevID,0,  pos,0,  cmd, goto,-1
376.0,Elevator call,375.49048095381363,1,0,1,0, got allocated to elevator, 0
381.0,Elev,0,  arrived at src, -1, Elevator call,336.93043046159545,-1,0,2,0
381.0, elevID,0,  pos,-1,  cmd, goto,-2
392.0,Elev,0,  arrived at dest, -2, this call is done!, Elevator call,187.11678617348463,-1,-2,3,0, Done, dt, 204.88321382651537
392.0,Elev,0,  arrived at dest, -2, this call is done!, Elevator call,187.7299317966884,-1,-2,3,0, Done, dt, 204.2700682033116
392.0,Elev,0,  arrived at dest, -2, this call is done!, Elevator call,251.10444690749756,-1,-2,3,0, Done, dt, 140.89555309250244
392.0, elevID,0,  pos,-2,  cmd, goto,-1
393.0,Elevator call,392.5160764870397,0,5,1,0, got allocated to elevator, 0
403.0, elevID,0,  pos,-1,  cmd, goto,0
406.0,Elevator call,405.1821140884023,-1,10,1,1, got allocated to elevator, 1
406.0, elevID,1,  pos,0,  cmd, goto,-1
414.0,Elev,0,  arrived at dest, 0, this call is done!, Elevator call,336.93043046159545,-1,0,3,0, Done, dt, 77.06956953840455
414.0,Elev,0,  arrived at src, 0, Elevator call,392.5160764870397,0,5,2,0
414.0, elevID,0,  pos,0,  cmd, goto,7
417.0,Elev,1,  arrived at src, -1, Elevator call,405.1821140884023,-1,10,2,1
417.0, elevID,1,  pos,-1,  cmd, goto,10
427.0,Elevator call,426.8615805478589,2,0,1,0, got allocated to elevator, 0
431.0,Elev,0,  arrived at dest, 7, this call is done!, Elevator call,195.90869649656992,0,7,3,0, Done, dt, 235.09130350343008
431.0,Elev,0,  arrived at src, 7, Elevator call,321.37040904796595,7,-1,2,0
431.0, elevID,0,  pos,7,  cmd, goto,-1
438.0,Elevator call,437.17111576125836,1,0,1,0, got allocated to elevator, 0
438.0,Elev,1,  arrived at dest, 10, this call is done!, Elevator call,405.1821140884023,-1,10,3,1, Done, dt, 32.81788591159773
449.0,Elev,0,  arrived at dest, -1, this call is done!, Elevator call,321.37040904796595,7,-1,3,0, Done, dt, 127.62959095203405
449.0, elevID,0,  pos,-1,  cmd, goto,-1
450.0, elevID,0,  pos,-1,  cmd, goto,-1
451.0, elevID,0,  pos,-1,  cmd, goto,-1
452.0, elevID,0,  pos,-1,  cmd, goto,0
463.0, elevID,0,  pos,0,  cmd, goto,9
473.0,Elevator call,472.7445473930129,10,-1,1,0, got allocated to elevator, 0
482.0,Elev,0,  arrived at dest, 9, this call is done!, Elevator call,251.23593354161653,0,9,3,0, Done, dt, 230.76406645838347
482.0, elevID,0,  pos,9,  cmd, goto,3
498.0,Elev,0,  arrived at src, 3, Elevator call,254.69771525200505,3,4,2,0
498.0, elevID,0,  pos,3,  cmd, goto,4
501.0,Elevator call,500.3712044996745,8,-1,1,0, got allocated to elevator, 0
504.0,Elevator call,503.13847841893045,1,-1,1,1, got allocated to elevator, 1
504.0, elevID,1,  pos,10,  cmd, goto,1
505.0,Elevator call,504.4317942159655,0,-1,1,0, got allocated to elevator, 0
509.0,Elev,0,  arrived at dest, 4, this call is done!, Elevator call,254.69771525200505,3,4,3,0, Done, dt, 254.30228474799495
509.0, elevID,0,  pos,4,  cmd, goto,-1
523.0,Elev,1,  arrived at src, 1, Elevator call,503.13847841893045,1,-1,2,1
523.0, elevID,1,  pos,1,  cmd, goto,-1
524.0, elevID,0,  pos,-1,  cmd, goto,0
530.0,Elevator call,529.6277472128405,3,-1,1,0, got allocated to elevator, 0
535.0,Elev,0,  arrived at src, 0, Elevator call,504.4317942159655,0,-1,2,0
535.0, elevID,0,  pos,0,  cmd, goto,1
535.0,Elev,1,  arrived at dest, -1, this call is done!, Elevator call,503.13847841893045,1,-1,3,1, Done, dt, 31.861521581069553
538.0,Elevator call,537.7866883694313,-1,6,1,0, got allocated to elevator, 0
545.0,Elevator call,544.7880392034898,6,-1,1,1, got allocated to elevator, 1
545.0, elevID,1,  pos,-1,  cmd, goto,6
546.0,Elev,0,  arrived at dest, 1, this call is done!, Elevator call,295.7943356681491,0,1,3,0, Done, dt, 250.20566433185093
546.0,Elev,0,  arrived at src, 1, Elevator call,375.49048095381363,1,0,2,0
546.0,Elev,0,  arrived at src, 1, Elevator call,437.17111576125836,1,0,2,0
546.0, elevID,0,  pos,1,  cmd, goto,0
555.0,Elevator call,554.0892922920482,4,0,1,0, got allocated to elevator, 0
557.0,Elev,0,  arrived at dest, 0, this call is done!, Elevator call,375.49048095381363,1,0,3,0, Done, dt, 181.50951904618637
557.0,Elev,0,  arrived at dest, 0, this call is done!, Elevator call,437.17111576125836,1,0,3,0, Done, dt, 119.82888423874164
557.0, elevID,0,  pos,0,  cmd, goto,0
558.0,Elevator call,557.2441390036331,10,0,1,0, got allocated to elevator, 0
558.0, elevID,0,  pos,0,  cmd, goto,0
559.0, elevID,0,  pos,0,  cmd, goto,6
562.0,Elev,1,  arrived at src, 6, Elevator call,544.7880392034898,6,-1,2,1
562.0, elevID,1,  pos,6,  cmd, goto,-1
566.0,Elevator call,565.0195521745534,0,-1,1,0, got allocated to elevator, 0
575.0,Elev,0,  arrived at src, 6, Elevator call,319.90520204415634,6,5,2,0
575.0, elevID,0,  pos,6,  cmd, goto,5
579.0,Elev,1,  arrived at dest, -1, this call is done!, Elevator call,544.7880392034898,6,-1,3,1, Done, dt, 34.2119607965102
582.0,Elevator call,581.8703090238192,0,3,1,0, got allocated to elevator, 0
586.0,Elev,0,  arrived at dest, 5, this call is done!, Elevator call,319.90520204415634,6,5,3,0, Done, dt, 266.09479795584366
586.0,Elev,0,  arrived at dest, 5, this call is done!, Elevator call,392.5160764870397,0,5,3,0, Done, dt, 193.4839235129603
586.0, elevID,0,  pos,5,  cmd, goto,-1
597.0,Elevator call,596.1232022872633,8,0,1,1, got allocated to elevator, 1
597.0, elevID,1,  pos,-1,  cmd, goto,8
601.0,Elevator call,600.9312879686208,1,0,1,0, got allocated to elevator, 0
602.0,Elev,0,  arrived at dest, -1, this call is done!, Elevator call,504.4317942159655,0,-1,3,0, Done, dt, 97.56820578403449
602.0,Elev,0,  arrived at src, -1, Elevator call,537.7866883694313,-1,6,2,0
602.0, elevID,0,  pos,-1,  cmd, goto,7
604.0,Elevator call,603.9342326983083,7,0,1,0, got allocated to elevator, 0
616.0,Elev,1,  arrived at src, 8, Elevator call,596.1232022872633,8,0,2,1
616.0, elevID,1,  pos,8,  cmd, goto,0
618.0,Elevator call,617.9628338542149,0,3,1,0, got allocated to elevator, 0
620.0,Elevator call,619.6454196970012,9,0,1,0, got allocated to elevator, 0
620.0,Elev,0,  arrived at src, 7, Elevator call,603.9342326983083,7,0,2,0
620.0, elevID,0,  pos,7,  cmd, goto,0
627.0,Elevator call,626.2116172047942,0,1,1,0, got allocated to elevator, 0
634.0,Elev,1,  arrived at dest, 0, this call is done!, Elevator call,596.1232022872633,8,0,3,1, Done, dt, 37.876797712736675
637.0,Elev,0,  arrived at src, 0, Elevator call,565.0195521745534,0,-1,2,0
637.0,Elev,0,  arrived at src, 0, Elevator call,581.8703090238192,0,3,2,0
637.0,Elev,0,  arrived at dest, 0, this call is done!, Elevator call,603.9342326983083,7,0,3,0, Done, dt, 33.06576730169172
637.0,Elev,0,  arrived at src, 0, Elevator call,617.9628338542149,0,3,2,0
637.0,Elev,0,  arrived at src, 0, Elevator call,626.2116172047942,0,1,2,0
637.0, elevID,0,  pos,0,  cmd, goto,10
644.0,Elevator call,643.8547514955396,-1,2,1,0, got allocated to elevator, 0
657.0,Elev,0,  arrived at dest, 10, this call is done!, Elevator call,332.4267319393355,0,10,3,0, Done, dt, 324.5732680606645
657.0,Elev,0,  arrived at src, 10, Elevator call,472.7445473930129,10,-1,2,0
657.0,Elev,0,  arrived at src, 10, Elevator call,557.2441390036331,10,0,2,0
657.0, elevID,0,  pos,10,  cmd, goto,-1
661.0,Elevator call,660.0732907797126,6,10,1,1, got allocated to elevator, 1
661.0, elevID,1,  pos,0,  cmd, goto,6
662.0,Elevator call,661.0420820268716,-1,3,1,0, got allocated to elevator, 0
663.0,Elevator call,662.1730527520776,-1,5,1,0, got allocated to elevator, 0
666.0,Elevator call,665.1155548533167,-1,8,1,0, got allocated to elevator, 0
667.0,Elevator call,666.0340294605869,4,0,1,0, got allocated to elevator, 0
667.0,Elevator call,666.2411586665262,5,-1,1,0, got allocated to elevator, 0
673.0,Elevator call,672.677314157026,0,-1,1,0, got allocated to elevator, 0
677.0,Elev,1,  arrived at src, 6, Elevator call,660.0732907797126,6,10,2,1
677.0, elevID,1,  pos,6,  cmd, goto,10
678.0,Elevator call,677.7341948387335,0,-1,1,0, got allocated to elevator, 0
678.0,Elev,0,  arrived at dest, -1, this call is done!, Elevator call,472.7445473930129,10,-1,3,0, Done, dt, 205.2554526069871
678.0,Elev,0,  arrived at dest, -1, this call is done!, Elevator call,565.0195521745534,0,-1,3,0, Done, dt, 112.98044782544662
678.0,Elev,0,  arrived at src, -1, Elevator call,643.8547514955396,-1,2,2,0
678.0,Elev,0,  arrived at src, -1, Elevator call,661.0420820268716,-1,3,2,0
678.0,Elev,0,  arrived at src, -1, Elevator call,662.1730527520776,-1,5,2,0
678.0,Elev,0,  arrived at src, -1, Elevator call,665.1155548533167,-1,8,2,0
678.0, elevID,0,  pos,-1,  cmd, goto,1
679.0,Elevator call,678.9953584914538,-1,-2,1,0, got allocated to elevator, 0
690.0,Elev,0,  arrived at src, 1, Elevator call,600.9312879686208,1,0,2,0
690.0,Elev,0,  arrived at dest, 1, this call is done!, Elevator call,626.2116172047942,0,1,3,0, Done, dt, 63.78838279520585
690.0, elevID,0,  pos,1,  cmd, goto,0
691.0,Elev,1,  arrived at dest, 10, this call is done!, Elevator call,660.0732907797126,6,10,3,1, Done, dt, 30.92670922028742
696.0,Elevator call,695.2239881566923,0,10,1,1, got allocated to elevator, 1
696.0, elevID,1,  pos,10,  cmd, goto,0
701.0,Elev,0,  arrived at dest, 0, this call is done!, Elevator call,557.2441390036331,10,0,3,0, Done, dt, 143.7558609963669
701.0,Elev,0,  arrived at dest, 0, this call is done!, Elevator call,600.9312879686208,1,0,3,0, Done, dt, 100.06871203137916
701.0,Elev,0,  arrived at src, 0, Elevator call,672.677314157026,0,-1,2,0
701.0,Elev,0,  arrived at src, 0, Elevator call,677.7341948387335,0,-1,2,0
701.0, elevID,0,  pos,0,  cmd, goto,2
707.0,Elevator call,706.1583474999188,-1,-2,1,1, got allocated to elevator, 1
711.0,Elevator call,710.3249770041223,0,1,1,0, got allocated to elevator, 0
713.0,Elev,0,  arrived at src, 2, Elevator call,426.8615805478589,2,0,2,0
713.0,Elev,0,  arrived at dest, 2, this call is done!, Elevator call,643.8547514955396,-1,2,3,0, Done, dt, 69.14524850446037
713.0, elevID,0,  pos,2,  cmd, goto,0
714.0,Elevator call,713.0191971398395,1,0,1,1, got allocated to elevator, 1
714.0,Elevator call,713.2499766424826,10,-1,1,0, got allocated to elevator, 0
716.0,Elev,1,  arrived at src, 0, Elevator call,695.2239881566923,0,10,2,1
716.0, elevID,1,  pos,0,  cmd, goto,10
723.0,Elevator call,722.6161212799507,10,0,1,0, got allocated to elevator, 0
725.0,Elev,0,  arrived at dest, 0, this call is done!, Elevator call,426.8615805478589,2,0,3,0, Done, dt, 298.1384194521411
725.0,Elev,0,  arrived at src, 0, Elevator call,710.3249770041223,0,1,2,0
725.0, elevID,0,  pos,0,  cmd, goto,1
728.0,Elevator call,727.514602863032,-1,0,1,0, got allocated to elevator, 0
733.0,Elevator call,732.9746341348998,6,-1,1,0, got allocated to elevator, 0
736.0,Elev,0,  arrived at dest, 1, this call is done!, Elevator call,710.3249770041223,0,1,3,0, Done, dt, 25.675022995877725
736.0, elevID,0,  pos,1,  cmd, goto,10
736.0,Elev,1,  arrived at dest, 10, this call is done!, Elevator call,695.2239881566923,0,10,3,1, Done, dt, 40.77601184330774
736.0, elevID,1,  pos,10,  cmd, goto,-1
738.0,Elevator call,737.314720213409,1,0,1,0, got allocated to elevator, 0
755.0,Elev,0,  arrived at src, 10, Elevator call,713.2499766424826,10,-1,2,0
755.0,Elev,0,  arrived at src, 10, Elevator call,722.6161212799507,10,0,2,0
755.0, elevID,0,  pos,10,  cmd, goto,8
757.0,Elev,1,  arrived at src, -1, Elevator call,706.1583474999188,-1,-2,2,1
757.0, elevID,1,  pos,-1,  cmd, goto,-2
767.0,Elev,0,  arrived at src, 8, Elevator call,500.3712044996745,8,-1,2,0
767.0,Elev,0,  arrived at dest, 8, this call is done!, Elevator call,665.1155548533167,-1,8,3,0, Done, dt, 101.88444514668333
767.0, elevID,0,  pos,8,  cmd, goto,-1
768.0,Elev,1,  arrived at dest, -2, this call is done!, Elevator call,706.1583474999188,-1,-2,3,1, Done, dt, 61.84165250008118
768.0, elevID,1,  pos,-2,  cmd, goto,1
780.0,Elevator call,779.399691386574,-1,5,1,0, got allocated to elevator, 0
781.0,Elev,1,  arrived at src, 1, Elevator call,713.0191971398395,1,0,2,1
781.0, elevID,1,  pos,1,  cmd, goto,0
786.0,Elev,0,  arrived at dest, -1, this call is done!, Elevator call,500.3712044996745,8,-1,3,0, Done, dt, 285.6287955003255
786.0,Elev,0,  arrived at dest, -1, this call is done!, Elevator call,672.677314157026,0,-1,3,0, Done, dt, 113.32268584297401
786.0,Elev,0,  arrived at dest, -1, this call is done!, Elevator call,677.7341948387335,0,-1,3,0, Done, dt, 108.26580516126648
786.0,Elev,0,  arrived at src, -1, Elevator call,678.9953584914538,-1,-2,2,0
786.0,Elev,0,  arrived at dest, -1, this call is done!, Elevator call,713.2499766424826,10,-1,3,0, Done, dt, 72.75002335751742
786.0,Elev,0,  arrived at src, -1, Elevator call,727.514602863032,-1,0,2,0
786.0,Elev,0,  arrived at src, -1, Elevator call,779.399691386574,-1,5,2,0
786.0, elevID,0,  pos,-1,  cmd, goto,0
792.0,Elev,1,  arrived at dest, 0, this call is done!, Elevator call,713.0191971398395,1,0,3,1, Done, dt, 78.98080286016045
797.0,Elev,0,  arrived at dest, 0, this call is done!, Elevator call,722.6161212799507,10,0,3,0, Done, dt, 74.38387872004932
797.0,Elev,0,  arrived at dest, 0, this call is done!, Elevator call,727.514602863032,-1,0,3,0, Done, dt, 69.485397136968
797.0, elevID,0,  pos,0,  cmd, goto,3
806.0,Elevator call,805.6754743307536,-1,-2,1,0, got allocated to elevator, 0
810.0,Elev,0,  arrived at src, 3, Elevator call,529.6277472128405,3,-1,2,0
810.0,Elev,0,  arrived at dest, 3, this call is done!, Elevator call,581.8703090238192,0,3,3,0, Done, dt, 228.12969097618077
810.0,Elev,0,  arrived at dest, 3, this call is done!, Elevator call,617.9628338542149,0,3,3,0, Done, dt, 192.03716614578514
810.0,Elev,0,  arrived at dest, 3, this call is done!, Elevator call,661.0420820268716,-1,3,3,0, Done, dt, 148.95791797312836
810.0, elevID,0,  pos,3,  cmd, goto,-1
811.0,Elevator call,810.4469089359914,2,0,1,1, got allocated to elevator, 1
811.0, elevID,1,  pos,0,  cmd, goto,2
817.0,Elevator call,816.1516998390152,7,-1,1,0, got allocated to elevator, 0
823.0,Elev,1,  arrived at src, 2, Elevator call,810.4469089359914,2,0,2,1
823.0, elevID,1,  pos,2,  cmd, goto,0
824.0,Elev,0,  arrived at dest, -1, this call is done!, Elevator call,529.6277472128405,3,-1,3,0, Done, dt, 294.3722527871595
824.0,Elev,0,  arrived at src, -1, Elevator call,805.6754743307536,-1,-2,2,0
824.0, elevID,0,  pos,-1,  cmd, goto,-1
825.0, elevID,0,  pos,-1,  cmd, goto,6
826.0,Elevator call,825.4575184586336,7,0,1,0, got allocated to elevator, 0
835.0,Elev,1,  arrived at dest, 0, this call is done!, Elevator call,810.4469089359914,2,0,3,1, Done, dt, 24.55309106400864
840.0,Elevator call,839.8525652620532,0,1,1,0, got allocated to elevator, 0
842.0,Elev,0,  arrived at dest, 6, this call is done!, Elevator call,537.7866883694313,-1,6,3,0, Done, dt, 304.2133116305687
842.0,Elev,0,  arrived at src, 6, Elevator call,732.9746341348998,6,-1,2,0
842.0, elevID,0,  pos,6,  cmd, goto,4
854.0,Elev,0,  arrived at src, 4, Elevator call,554.0892922920482,4,0,2,0
854.0,Elev,0,  arrived at src, 4, Elevator call,666.0340294605869,4,0,2,0
854.0, elevID,0,  pos,4,  cmd, goto,0
855.0,Elevator call,854.2002278085795,6,-1,1,1, got allocated to elevator, 1
855.0, elevID,1,  pos,0,  cmd, goto,6
864.0,Elevator call,863.893291272948,0,-1,1,0, got allocated to elevator, 0
868.0,Elev,0,  arrived at dest, 0, this call is done!, Elevator call,554.0892922920482,4,0,3,0, Done, dt, 313.9107077079518
868.0,Elev,0,  arrived at dest, 0, this call is done!, Elevator call,666.0340294605869,4,0,3,0, Done, dt, 201.9659705394131
868.0,Elev,0,  arrived at src, 0, Elevator call,839.8525652620532,0,1,2,0
868.0,Elev,0,  arrived at src, 0, Elevator call,863.893291272948,0,-1,2,0
868.0, elevID,0,  pos,0,  cmd, goto,10
871.0,Elevator call,870.5053023797483,0,7,1,1, got allocated to elevator, 1
871.0,Elev,1,  arrived at src, 6, Elevator call,854.2002278085795,6,-1,2,1
871.0, elevID,1,  pos,6,  cmd, goto,-1
887.0,Elevator call,886.5649993239458,-1,-2,1,0, got allocated to elevator, 0
888.0, elevID,0,  pos,10,  cmd, goto,0
888.0,Elev,1,  arrived at dest, -1, this call is done!, Elevator call,854.2002278085795,6,-1,3,1, Done, dt, 33.799772191420516
888.0, elevID,1,  pos,-1,  cmd, goto,0
893.0,Elevator call,892.5212150591021,9,-1,1,0, got allocated to elevator, 0
899.0,Elev,1,  arrived at src, 0, Elevator call,870.5053023797483,0,7,2,1
899.0, elevID,1,  pos,0,  cmd, goto,7
908.0, elevID,0,  pos,0,  cmd, goto,0
909.0, elevID,0,  pos,0,  cmd, goto,1
911.0,Elevator call,910.5388559417848,6,5,1,0, got allocated to elevator, 0
916.0,Elevator call,915.9490574608818,4,-1,1,0, got allocated to elevator, 0
916.0,Elev,1,  arrived at dest, 7, this call is done!, Elevator call,870.5053023797483,0,7,3,1, Done, dt, 45.49469762025171
920.0,Elev,0,  arrived at src, 1, Elevator call,737.314720213409,1,0,2,0
920.0,Elev,0,  arrived at dest, 1, this call is done!, Elevator call,839.8525652620532,0,1,3,0, Done, dt, 80.14743473794681
920.0, elevID,0,  pos,1,  cmd, goto,7
934.0,Elevator call,933.8580452488764,7,5,1,1, got allocated to elevator, 1
934.0,Elev,1,  arrived at src, 7, Elevator call,933.8580452488764,7,5,2,1
934.0, elevID,1,  pos,7,  cmd, goto,5
936.0,Elev,0,  arrived at src, 7, Elevator call,816.1516998390152,7,-1,2,0
936.0,Elev,0,  arrived at src, 7, Elevator call,825.4575184586336,7,0,2,0
936.0, elevID,0,  pos,7,  cmd, goto,0
946.0,Elev,1,  arrived at dest, 5, this call is done!, Elevator call,933.8580452488764,7,5,3,1, Done, dt, 12.141954751123649
953.0,Elev,0,  arrived at dest, 0, this call is done!, Elevator call,737.314720213409,1,0,3,0, Done, dt, 215.68527978659097
953.0,Elev,0,  arrived at dest, 0, this call is done!, Elevator call,825.4575184586336,7,0,3,0, Done, dt, 127.54248154136644
953.0, elevID,0,  pos,0,  cmd, goto,9
962.0,Elevator call,961.6862855708133,6,-1,1,0, got allocated to elevator, 0
972.0,Elev,0,  arrived at src, 9, Elevator call,619.6454196970012,9,0,2,0
972.0,Elev,0,  arrived at src, 9, Elevator call,892.5212150591021,9,-1,2,0
972.0, elevID,0,  pos,9,  cmd, goto,0
973.0,Elevator call,972.8032126022729,1,0,1,0, got allocated to elevator, 0
976.0,Elevator call,975.8361202753667,0,-1,1,0, got allocated to elevator, 0
979.0,Elevator call,978.5925148564796,10,0,1,1, got allocated to elevator, 1
979.0,Elevator call,978.6210500641439,10,-1,1,1, got allocated to elevator, 1
979.0, elevID,1,  pos,5,  cmd, goto,10
985.0,Elevator call,984.1840185574983,7,0,1,0, got allocated to elevator, 0
991.0,Elev,0,  arrived at dest, 0, this call is done!, Elevator call,619.6454196970012,9,0,3,0, Done, dt, 371.3545803029988
991.0,Elev,0,  arrived at src, 0, Elevator call,975.8361202753667,0,-1,2,0
991.0, elevID,0,  pos,0,  cmd, goto,0
992.0, elevID,0,  pos,0,  cmd, goto,-1
994.0,Elev,1,  arrived at src, 10, Elevator call,978.5925148564796,10,0,2,1
994.0,Elev,1,  arrived at src, 10, Elevator call,978.6210500641439,10,-1,2,1
994.0, elevID,1,  pos,10,  cmd, goto,0
1000.0,************* Simulation Ended ************
Code Owners,123456789,  Case,2,  Total waiting time: 12003.792822120191,  average waiting time per call: 120.03792822120191,  unCompleted calls,18,  certificate, -4200557553
