**** The Simulator log: stage 2
0.0,OOP_Ex0_Elevator_Simulator
0.0,Simulated Building, ex0.simulator.Builging_A [-2,10]
0) ex0.simulator.Elevator_A, Elev_0, speed: 1.0, open/close: 2.0,  start/stop: 3.0
1) ex0.simulator.Elevator_A, Elev_1, speed: 1.0, open/close: 2.0,  start/stop: 3.0
0.0,Simulated Period starTime,0.0,  endTime,1000.0,  dt,1.0
0.0,Simulated  calls,Elevetor log, size: 100
0.0,**** Simulation starts!! ****
0.0, elevID,0,  pos,-2,  cmd, goto,1
0.0, elevID,1,  pos,-2,  cmd, goto,-2
0.0, elevID,1,  pos,-2,  cmd, goto,-2
1.0, elevID,1,  pos,-2,  cmd, goto,5
5.0,Elevator call,4.374727290393253,0,-1,1,0, got allocated to elevator, 0
7.0, elevID,0,  pos,0,  cmd, stop,0
12.0,Elev,0,  arrived at src, 0, Elevator call,4.374727290393253,0,-1,2,0
12.0, elevID,0,  pos,0,  cmd, goto,8
17.0,Elevator call,16.957882888088932,-1,0,1,0, got allocated to elevator, 0
, elevID,0,  pos,0,  WRONG cmd, stop,-1,  the elevator is not moving!
18.0, elevID,1,  pos,5,  cmd, goto,9
23.0,Elevator call,22.094056301593582,0,-1,1,1, got allocated to elevator, 1
, elevID,1,  pos,5,  WRONG cmd, stop,0,  the elevator is not moving!
30.0, elevID,0,  pos,8,  cmd, goto,8
30.0, elevID,0,  pos,8,  cmd, goto,4
32.0, elevID,1,  pos,9,  cmd, goto,4
44.0, elevID,0,  pos,4,  cmd, goto,2
47.0, elevID,1,  pos,4,  cmd, goto,0
56.0, elevID,0,  pos,2,  cmd, goto,6
61.0,Elev,1,  arrived at src, 0, Elevator call,22.094056301593582,0,-1,2,1
61.0, elevID,1,  pos,0,  cmd, goto,1
70.0, elevID,0,  pos,6,  cmd, goto,9
72.0, elevID,1,  pos,1,  cmd, goto,-1
83.0, elevID,0,  pos,9,  cmd, goto,9
83.0, elevID,0,  pos,9,  cmd, goto,8
84.0,Elev,1,  arrived at dest, -1, this call is done!, Elevator call,22.094056301593582,0,-1,3,1, Done, dt, 61.90594369840642
84.0, elevID,1,  pos,-1,  cmd, goto,-2
86.0,Elevator call,85.5209666204754,3,2,1,1, got allocated to elevator, 1
, elevID,1,  pos,-1,  WRONG cmd, stop,3,  the elevator is not moving!
92.0,Elevator call,91.21019413453945,-1,-2,1,1, got allocated to elevator, 1
, elevID,1,  pos,-2,  WRONG cmd, stop,-1,  the elevator is not moving!
94.0, elevID,0,  pos,8,  cmd, goto,1
95.0, elevID,1,  pos,-2,  cmd, goto,3
105.0,Elevator call,104.13701241869234,0,4,1,0, got allocated to elevator, 0
110.0,Elevator call,109.21352909346587,-1,0,1,0, got allocated to elevator, 0
110.0,Elev,1,  arrived at src, 3, Elevator call,85.5209666204754,3,2,2,1
110.0, elevID,1,  pos,3,  cmd, goto,0
111.0, elevID,0,  pos,1,  cmd, goto,-1
115.0,Elevator call,114.39235096774041,3,0,1,1, got allocated to elevator, 1
, elevID,1,  pos,3,  cmd, stop,3
, elevID,0,  pos,-1,  WRONG cmd, stop,-1,  the elevator is not moving!
, elevID,0,  pos,-1,  WRONG cmd, stop,0,  the elevator is not moving!
120.0,Elev,1,  arrived at src, 3, Elevator call,114.39235096774041,3,0,2,1
120.0, elevID,1,  pos,3,  cmd, goto,5
123.0,Elev,0,  arrived at dest, -1, this call is done!, Elevator call,4.374727290393253,0,-1,3,0, Done, dt, 118.62527270960675
123.0,Elev,0,  arrived at src, -1, Elevator call,16.957882888088932,-1,0,2,0
123.0,Elev,0,  arrived at src, -1, Elevator call,109.21352909346587,-1,0,2,0
123.0, elevID,0,  pos,-1,  cmd, goto,9
125.0,Elevator call,124.42557095980362,0,9,1,0, got allocated to elevator, 0
129.0, elevID,0,  pos,0,  cmd, stop,0
131.0,Elevator call,130.02495678190564,8,10,1,1, got allocated to elevator, 1
131.0,Elevator call,130.224911275492,-1,1,1,0, got allocated to elevator, 0
, elevID,0,  pos,0,  WRONG cmd, stop,-1,  the elevator is not moving!
, elevID,1,  pos,5,  WRONG cmd, stop,8,  the elevator is not moving!
133.0, elevID,1,  pos,5,  cmd, goto,0
134.0,Elev,0,  arrived at dest, 0, this call is done!, Elevator call,16.957882888088932,-1,0,3,0, Done, dt, 117.04211711191107
134.0,Elev,0,  arrived at src, 0, Elevator call,104.13701241869234,0,4,2,0
134.0,Elev,0,  arrived at dest, 0, this call is done!, Elevator call,109.21352909346587,-1,0,3,0, Done, dt, 24.786470906534134
134.0,Elev,0,  arrived at src, 0, Elevator call,124.42557095980362,0,9,2,0
134.0, elevID,0,  pos,0,  cmd, goto,-1
138.0,Elevator call,137.9515274326701,0,4,1,0, got allocated to elevator, 0
, elevID,0,  pos,0,  cmd, stop,0
144.0,Elevator call,143.91335838799415,0,6,1,0, got allocated to elevator, 0
144.0,Elev,0,  arrived at src, 0, Elevator call,137.9515274326701,0,4,2,0
144.0,Elev,0,  arrived at src, 0, Elevator call,143.91335838799415,0,6,2,0
, elevID,0,  pos,0,  WRONG cmd, stop,0,  the elevator is not moving!
145.0, elevID,0,  pos,0,  cmd, goto,-2
148.0,Elev,1,  arrived at dest, 0, this call is done!, Elevator call,114.39235096774041,3,0,3,1, Done, dt, 33.60764903225959
148.0, elevID,1,  pos,0,  cmd, goto,1
157.0, elevID,0,  pos,-2,  cmd, goto,7
159.0, elevID,1,  pos,1,  cmd, goto,-2
170.0,Elevator call,169.78458339380109,-1,0,1,1, got allocated to elevator, 1
, elevID,1,  pos,-2,  WRONG cmd, stop,-1,  the elevator is not moving!
171.0,Elevator call,170.0099620835246,0,6,1,1, got allocated to elevator, 1
, elevID,1,  pos,-2,  WRONG cmd, stop,0,  the elevator is not moving!
172.0,Elevator call,171.21173315221364,-1,8,1,1, got allocated to elevator, 1
, elevID,1,  pos,-2,  WRONG cmd, stop,-1,  the elevator is not moving!
173.0, elevID,1,  pos,-2,  cmd, goto,-1
175.0,Elevator call,174.84385152106802,0,-1,1,1, got allocated to elevator, 1
176.0, elevID,0,  pos,7,  cmd, goto,4
184.0,Elev,1,  arrived at src, -1, Elevator call,91.21019413453945,-1,-2,2,1
184.0,Elev,1,  arrived at src, -1, Elevator call,169.78458339380109,-1,0,2,1
184.0,Elev,1,  arrived at src, -1, Elevator call,171.21173315221364,-1,8,2,1
, elevID,1,  pos,-1,  WRONG cmd, stop,0,  the elevator is not moving!
185.0, elevID,1,  pos,-1,  cmd, goto,5
188.0,Elevator call,187.11678617348463,-1,-2,1,1, got allocated to elevator, 1
188.0,Elevator call,187.7299317966884,-1,-2,1,1, got allocated to elevator, 1
188.0, elevID,1,  pos,-1,  cmd, stop,-1
189.0,Elev,0,  arrived at dest, 4, this call is done!, Elevator call,104.13701241869234,0,4,3,0, Done, dt, 84.86298758130766
189.0,Elev,0,  arrived at dest, 4, this call is done!, Elevator call,137.9515274326701,0,4,3,0, Done, dt, 51.048472567329895
189.0, elevID,0,  pos,4,  cmd, goto,5
, elevID,1,  pos,-1,  WRONG cmd, stop,-1,  the elevator is not moving!
195.0,Elev,1,  arrived at src, -1, Elevator call,187.11678617348463,-1,-2,2,1
195.0,Elev,1,  arrived at src, -1, Elevator call,187.7299317966884,-1,-2,2,1
195.0, elevID,1,  pos,-1,  cmd, goto,8
196.0,Elevator call,195.90869649656992,0,7,1,1, got allocated to elevator, 1
198.0,Elevator call,197.5359191292572,-1,1,1,1, got allocated to elevator, 1
198.0, elevID,1,  pos,-1,  cmd, stop,-1
200.0, elevID,0,  pos,5,  cmd, goto,-1
205.0,Elev,1,  arrived at src, -1, Elevator call,197.5359191292572,-1,1,2,1
, elevID,1,  pos,-1,  WRONG cmd, stop,0,  the elevator is not moving!
206.0,Elevator call,205.9895199338651,-1,0,1,1, got allocated to elevator, 1
206.0,Elev,1,  arrived at src, -1, Elevator call,205.9895199338651,-1,0,2,1
, elevID,1,  pos,-1,  WRONG cmd, stop,-1,  the elevator is not moving!
207.0, elevID,1,  pos,-1,  cmd, goto,8
216.0,Elev,0,  arrived at src, -1, Elevator call,130.224911275492,-1,1,2,0
216.0, elevID,0,  pos,-1,  cmd, goto,5
226.0,Elev,1,  arrived at src, 8, Elevator call,130.02495678190564,8,10,2,1
226.0,Elev,1,  arrived at dest, 8, this call is done!, Elevator call,171.21173315221364,-1,8,3,1, Done, dt, 54.78826684778636
226.0, elevID,1,  pos,8,  cmd, goto,8
226.0, elevID,1,  pos,8,  cmd, goto,5
228.0,Elevator call,227.0798304557929,-1,5,1,0, got allocated to elevator, 0
, elevID,0,  pos,5,  WRONG cmd, stop,-1,  the elevator is not moving!
232.0,Elevator call,231.51578817426258,-1,0,1,0, got allocated to elevator, 0
232.0, elevID,0,  pos,5,  cmd, goto,-1
233.0,Elevator call,232.95043623946805,0,-1,1,1, got allocated to elevator, 1
239.0, elevID,1,  pos,5,  cmd, goto,0
, elevID,0,  pos,-1,  WRONG cmd, stop,-1,  the elevator is not moving!
248.0,Elev,0,  arrived at src, -1, Elevator call,227.0798304557929,-1,5,2,0
248.0,Elev,0,  arrived at src, -1, Elevator call,231.51578817426258,-1,0,2,0
248.0, elevID,0,  pos,-1,  cmd, goto,5
, elevID,1,  pos,0,  WRONG cmd, stop,0,  the elevator is not moving!
252.0,Elevator call,251.10444690749756,-1,-2,1,0, got allocated to elevator, 0
252.0,Elevator call,251.23593354161653,0,9,1,1, got allocated to elevator, 1
252.0, elevID,0,  pos,-1,  cmd, stop,-1
, elevID,1,  pos,0,  WRONG cmd, stop,0,  the elevator is not moving!
254.0,Elev,1,  arrived at dest, 0, this call is done!, Elevator call,169.78458339380109,-1,0,3,1, Done, dt, 84.21541660619891
254.0,Elev,1,  arrived at src, 0, Elevator call,170.0099620835246,0,6,2,1
254.0,Elev,1,  arrived at src, 0, Elevator call,174.84385152106802,0,-1,2,1
254.0,Elev,1,  arrived at src, 0, Elevator call,195.90869649656992,0,7,2,1
254.0,Elev,1,  arrived at dest, 0, this call is done!, Elevator call,205.9895199338651,-1,0,3,1, Done, dt, 48.0104800661349
254.0,Elev,1,  arrived at src, 0, Elevator call,232.95043623946805,0,-1,2,1
254.0,Elev,1,  arrived at src, 0, Elevator call,251.23593354161653,0,9,2,1
254.0, elevID,1,  pos,0,  cmd, goto,-1
255.0,Elevator call,254.69771525200505,3,4,1,1, got allocated to elevator, 1
, elevID,1,  pos,0,  WRONG cmd, stop,3,  the elevator is not moving!
258.0,Elevator call,257.7974435335086,-1,0,1,0, got allocated to elevator, 0
258.0,Elev,0,  arrived at src, -1, Elevator call,251.10444690749756,-1,-2,2,0
258.0,Elev,0,  arrived at src, -1, Elevator call,257.7974435335086,-1,0,2,0
, elevID,0,  pos,-1,  WRONG cmd, stop,-1,  the elevator is not moving!
259.0, elevID,0,  pos,-1,  cmd, goto,-1
259.0, elevID,0,  pos,-1,  cmd, goto,2
265.0,Elev,1,  arrived at dest, -1, this call is done!, Elevator call,174.84385152106802,0,-1,3,1, Done, dt, 90.15614847893198
265.0,Elev,1,  arrived at dest, -1, this call is done!, Elevator call,232.95043623946805,0,-1,3,1, Done, dt, 32.04956376053195
265.0, elevID,1,  pos,-1,  cmd, goto,9
272.0, elevID,0,  pos,2,  cmd, goto,0
284.0,Elev,0,  arrived at dest, 0, this call is done!, Elevator call,231.51578817426258,-1,0,3,0, Done, dt, 52.48421182573742
284.0,Elev,0,  arrived at dest, 0, this call is done!, Elevator call,257.7974435335086,-1,0,3,0, Done, dt, 26.202556466491387
284.0, elevID,0,  pos,0,  cmd, goto,7
285.0,Elev,1,  arrived at dest, 9, this call is done!, Elevator call,251.23593354161653,0,9,3,1, Done, dt, 33.76406645838347
285.0, elevID,1,  pos,9,  cmd, goto,8
296.0,Elevator call,295.7943356681491,0,1,1,0, got allocated to elevator, 0
, elevID,0,  pos,7,  WRONG cmd, stop,0,  the elevator is not moving!
296.0, elevID,1,  pos,8,  cmd, goto,5
301.0, elevID,0,  pos,7,  cmd, goto,2
305.0,Elevator call,304.99843880775313,6,0,1,0, got allocated to elevator, 0
, elevID,0,  pos,6,  cmd, stop,6
309.0, elevID,1,  pos,5,  cmd, goto,-2
310.0,Elevator call,309.30053828560517,0,-1,1,1, got allocated to elevator, 1
312.0,Elev,0,  arrived at dest, 6, this call is done!, Elevator call,143.91335838799415,0,6,3,0, Done, dt, 168.08664161200585
312.0,Elev,0,  arrived at src, 6, Elevator call,304.99843880775313,6,0,2,0
312.0, elevID,0,  pos,6,  cmd, goto,4
313.0,Elevator call,312.30185564398687,0,-1,1,0, got allocated to elevator, 0
317.0,Elevator call,316.03237827404377,0,-1,1,1, got allocated to elevator, 1
, elevID,1,  pos,0,  cmd, stop,0
320.0,Elevator call,319.90520204415634,6,5,1,0, got allocated to elevator, 0
, elevID,0,  pos,4,  WRONG cmd, stop,6,  the elevator is not moving!
, elevID,1,  pos,0,  WRONG cmd, stop,0,  the elevator is not moving!
321.0,Elevator call,320.97607492210807,-1,0,1,1, got allocated to elevator, 1
322.0,Elevator call,321.37040904796595,7,-1,1,0, got allocated to elevator, 0
, elevID,0,  pos,4,  WRONG cmd, stop,7,  the elevator is not moving!
324.0, elevID,0,  pos,4,  cmd, goto,0
324.0,Elev,1,  arrived at src, 0, Elevator call,309.30053828560517,0,-1,2,1
324.0,Elev,1,  arrived at src, 0, Elevator call,316.03237827404377,0,-1,2,1
324.0, elevID,1,  pos,0,  cmd, goto,-1
, elevID,1,  pos,-1,  WRONG cmd, stop,-1,  the elevator is not moving!
333.0,Elevator call,332.4267319393355,0,10,1,0, got allocated to elevator, 0
, elevID,0,  pos,0,  WRONG cmd, stop,0,  the elevator is not moving!
, elevID,0,  pos,0,  WRONG cmd, stop,0,  the elevator is not moving!
335.0,Elev,1,  arrived at dest, -1, this call is done!, Elevator call,309.30053828560517,0,-1,3,1, Done, dt, 25.69946171439483
335.0,Elev,1,  arrived at dest, -1, this call is done!, Elevator call,316.03237827404377,0,-1,3,1, Done, dt, 18.967621725956235
335.0,Elev,1,  arrived at src, -1, Elevator call,320.97607492210807,-1,0,2,1
335.0, elevID,1,  pos,-1,  cmd, goto,4
337.0,Elevator call,336.93043046159545,-1,0,1,1, got allocated to elevator, 1
337.0, elevID,1,  pos,-1,  cmd, stop,-1
338.0,Elev,0,  arrived at src, 0, Elevator call,295.7943356681491,0,1,2,0
338.0,Elev,0,  arrived at dest, 0, this call is done!, Elevator call,304.99843880775313,6,0,3,0, Done, dt, 33.00156119224687
338.0,Elev,0,  arrived at src, 0, Elevator call,312.30185564398687,0,-1,2,0
338.0,Elev,0,  arrived at src, 0, Elevator call,332.4267319393355,0,10,2,0
338.0, elevID,0,  pos,0,  cmd, goto,1
345.0,Elev,1,  arrived at src, -1, Elevator call,336.93043046159545,-1,0,2,1
345.0, elevID,1,  pos,-1,  cmd, goto,1
349.0,Elev,0,  arrived at dest, 1, this call is done!, Elevator call,130.224911275492,-1,1,3,0, Done, dt, 218.775088724508
349.0,Elev,0,  arrived at dest, 1, this call is done!, Elevator call,295.7943356681491,0,1,3,0, Done, dt, 53.205664331850926
349.0, elevID,0,  pos,1,  cmd, goto,9
357.0,Elev,1,  arrived at dest, 1, this call is done!, Elevator call,197.5359191292572,-1,1,3,1, Done, dt, 159.4640808707428
357.0, elevID,1,  pos,1,  cmd, goto,7
367.0,Elev,0,  arrived at dest, 9, this call is done!, Elevator call,124.42557095980362,0,9,3,0, Done, dt, 242.57442904019638
367.0, elevID,0,  pos,9,  cmd, goto,8
373.0,Elev,1,  arrived at dest, 7, this call is done!, Elevator call,195.90869649656992,0,7,3,1, Done, dt, 177.09130350343008
373.0, elevID,1,  pos,7,  cmd, goto,0
376.0,Elevator call,375.49048095381363,1,0,1,1, got allocated to elevator, 1
378.0, elevID,0,  pos,8,  cmd, goto,-2
, elevID,1,  pos,1,  cmd, stop,1
389.0,Elev,1,  arrived at src, 1, Elevator call,375.49048095381363,1,0,2,1
389.0, elevID,1,  pos,1,  cmd, goto,4
393.0,Elevator call,392.5160764870397,0,5,1,1, got allocated to elevator, 1
, elevID,1,  pos,1,  WRONG cmd, stop,0,  the elevator is not moving!
398.0,Elev,0,  arrived at dest, -2, this call is done!, Elevator call,251.10444690749756,-1,-2,3,0, Done, dt, 146.89555309250244
398.0, elevID,0,  pos,-2,  cmd, goto,8
402.0, elevID,1,  pos,4,  cmd, goto,5
406.0,Elevator call,405.1821140884023,-1,10,1,0, got allocated to elevator, 0
, elevID,0,  pos,1,  WRONG cmd, stop,-1,  the elevator is not moving!
413.0, elevID,1,  pos,5,  cmd, goto,8
418.0, elevID,0,  pos,8,  cmd, goto,5
426.0, elevID,1,  pos,8,  cmd, goto,7
427.0,Elevator call,426.8615805478589,2,0,1,0, got allocated to elevator, 0
431.0,Elev,0,  arrived at dest, 5, this call is done!, Elevator call,227.0798304557929,-1,5,3,0, Done, dt, 203.9201695442071
431.0, elevID,0,  pos,5,  cmd, goto,2
437.0, elevID,1,  pos,7,  cmd, goto,7
437.0, elevID,1,  pos,7,  cmd, goto,5
438.0,Elevator call,437.17111576125836,1,0,1,0, got allocated to elevator, 0
444.0,Elev,0,  arrived at src, 2, Elevator call,426.8615805478589,2,0,2,0
444.0, elevID,0,  pos,2,  cmd, goto,1
449.0, elevID,1,  pos,5,  cmd, goto,1
, elevID,0,  pos,1,  WRONG cmd, stop,1,  the elevator is not moving!
, elevID,0,  pos,1,  WRONG cmd, stop,2,  the elevator is not moving!
455.0,Elev,0,  arrived at src, 1, Elevator call,437.17111576125836,1,0,2,0
455.0, elevID,0,  pos,1,  cmd, goto,8
463.0, elevID,1,  pos,1,  cmd, goto,-2
472.0, elevID,0,  pos,8,  cmd, goto,3
473.0,Elevator call,472.7445473930129,10,-1,1,0, got allocated to elevator, 0
, elevID,0,  pos,8,  WRONG cmd, stop,10,  the elevator is not moving!
476.0,Elev,1,  arrived at dest, -2, this call is done!, Elevator call,91.21019413453945,-1,-2,3,1, Done, dt, 384.78980586546055
476.0,Elev,1,  arrived at dest, -2, this call is done!, Elevator call,187.11678617348463,-1,-2,3,1, Done, dt, 288.8832138265154
476.0,Elev,1,  arrived at dest, -2, this call is done!, Elevator call,187.7299317966884,-1,-2,3,1, Done, dt, 288.2700682033116
476.0, elevID,1,  pos,-2,  cmd, goto,-2
476.0, elevID,1,  pos,-2,  cmd, goto,2
487.0, elevID,0,  pos,3,  cmd, goto,5
490.0,Elev,1,  arrived at dest, 2, this call is done!, Elevator call,85.5209666204754,3,2,3,1, Done, dt, 404.4790333795246
490.0, elevID,1,  pos,2,  cmd, goto,4
499.0, elevID,0,  pos,5,  cmd, goto,2
501.0,Elevator call,500.3712044996745,8,-1,1,0, got allocated to elevator, 0
, elevID,0,  pos,5,  WRONG cmd, stop,8,  the elevator is not moving!
502.0, elevID,1,  pos,4,  cmd, goto,6
504.0,Elevator call,503.13847841893045,1,-1,1,1, got allocated to elevator, 1
, elevID,1,  pos,4,  WRONG cmd, stop,1,  the elevator is not moving!
505.0,Elevator call,504.4317942159655,0,-1,1,0, got allocated to elevator, 0
512.0, elevID,0,  pos,2,  cmd, goto,0
514.0,Elev,1,  arrived at dest, 6, this call is done!, Elevator call,170.0099620835246,0,6,3,1, Done, dt, 343.9900379164754
514.0, elevID,1,  pos,6,  cmd, goto,3
, elevID,0,  pos,0,  WRONG cmd, stop,0,  the elevator is not moving!
524.0,Elev,0,  arrived at dest, 0, this call is done!, Elevator call,426.8615805478589,2,0,3,0, Done, dt, 97.13841945214108
524.0,Elev,0,  arrived at dest, 0, this call is done!, Elevator call,437.17111576125836,1,0,3,0, Done, dt, 86.82888423874164
524.0,Elev,0,  arrived at src, 0, Elevator call,504.4317942159655,0,-1,2,0
524.0, elevID,0,  pos,0,  cmd, goto,5
527.0,Elev,1,  arrived at src, 3, Elevator call,254.69771525200505,3,4,2,1
527.0, elevID,1,  pos,3,  cmd, goto,-1
530.0,Elevator call,529.6277472128405,3,-1,1,1, got allocated to elevator, 1
, elevID,1,  pos,3,  cmd, stop,3
537.0,Elev,1,  arrived at src, 3, Elevator call,529.6277472128405,3,-1,2,1
537.0, elevID,1,  pos,3,  cmd, goto,4
538.0,Elevator call,537.7866883694313,-1,6,1,1, got allocated to elevator, 1
, elevID,1,  pos,3,  WRONG cmd, stop,-1,  the elevator is not moving!
539.0, elevID,0,  pos,5,  cmd, goto,5
539.0, elevID,0,  pos,5,  cmd, goto,3
545.0,Elevator call,544.7880392034898,6,-1,1,0, got allocated to elevator, 0
, elevID,0,  pos,4,  WRONG cmd, stop,6,  the elevator is not moving!
548.0,Elev,1,  arrived at dest, 4, this call is done!, Elevator call,254.69771525200505,3,4,3,1, Done, dt, 293.3022847479949
548.0, elevID,1,  pos,4,  cmd, goto,8
551.0, elevID,0,  pos,3,  cmd, goto,6
555.0,Elevator call,554.0892922920482,4,0,1,0, got allocated to elevator, 0
557.0, elevID,0,  pos,4,  cmd, stop,4
558.0,Elevator call,557.2441390036331,10,0,1,1, got allocated to elevator, 1
562.0,Elev,0,  arrived at src, 4, Elevator call,554.0892922920482,4,0,2,0
562.0, elevID,0,  pos,4,  cmd, goto,-1
, elevID,1,  pos,8,  WRONG cmd, stop,10,  the elevator is not moving!
563.0, elevID,1,  pos,8,  cmd, goto,6
566.0,Elevator call,565.0195521745534,0,-1,1,0, got allocated to elevator, 0
, elevID,0,  pos,0,  cmd, stop,0
575.0, elevID,1,  pos,6,  cmd, goto,2
576.0,Elev,0,  arrived at dest, 0, this call is done!, Elevator call,554.0892922920482,4,0,3,0, Done, dt, 21.910707707951815
576.0,Elev,0,  arrived at src, 0, Elevator call,565.0195521745534,0,-1,2,0
576.0, elevID,0,  pos,0,  cmd, goto,4
582.0,Elevator call,581.8703090238192,0,3,1,0, got allocated to elevator, 0
, elevID,0,  pos,1,  WRONG cmd, stop,0,  the elevator is not moving!
589.0, elevID,1,  pos,2,  cmd, goto,5
590.0, elevID,0,  pos,4,  cmd, goto,0
597.0,Elevator call,596.1232022872633,8,0,1,1, got allocated to elevator, 1
601.0,Elevator call,600.9312879686208,1,0,1,0, got allocated to elevator, 0
, elevID,0,  pos,0,  WRONG cmd, stop,1,  the elevator is not moving!
, elevID,1,  pos,5,  WRONG cmd, stop,8,  the elevator is not moving!
603.0, elevID,1,  pos,5,  cmd, goto,6
604.0,Elevator call,603.9342326983083,7,0,1,1, got allocated to elevator, 1
604.0,Elev,0,  arrived at src, 0, Elevator call,581.8703090238192,0,3,2,0
604.0, elevID,0,  pos,0,  cmd, goto,8
, elevID,1,  pos,6,  WRONG cmd, stop,7,  the elevator is not moving!
615.0, elevID,1,  pos,6,  cmd, goto,-2
618.0,Elevator call,617.9628338542149,0,3,1,1, got allocated to elevator, 1
620.0,Elevator call,619.6454196970012,9,0,1,0, got allocated to elevator, 0
622.0,Elev,0,  arrived at src, 8, Elevator call,500.3712044996745,8,-1,2,0
, elevID,0,  pos,8,  WRONG cmd, stop,9,  the elevator is not moving!
623.0, elevID,0,  pos,8,  cmd, goto,0
, elevID,1,  pos,0,  cmd, stop,0
627.0,Elevator call,626.2116172047942,0,1,1,1, got allocated to elevator, 1
, elevID,1,  pos,0,  WRONG cmd, stop,0,  the elevator is not moving!
631.0,Elev,1,  arrived at dest, 0, this call is done!, Elevator call,320.97607492210807,-1,0,3,1, Done, dt, 310.02392507789193
631.0,Elev,1,  arrived at dest, 0, this call is done!, Elevator call,336.93043046159545,-1,0,3,1, Done, dt, 294.06956953840455
631.0,Elev,1,  arrived at dest, 0, this call is done!, Elevator call,375.49048095381363,1,0,3,1, Done, dt, 255.50951904618637
631.0,Elev,1,  arrived at src, 0, Elevator call,392.5160764870397,0,5,2,1
631.0,Elev,1,  arrived at src, 0, Elevator call,617.9628338542149,0,3,2,1
631.0,Elev,1,  arrived at src, 0, Elevator call,626.2116172047942,0,1,2,1
631.0, elevID,1,  pos,0,  cmd, goto,7
641.0, elevID,0,  pos,0,  cmd, goto,-2
644.0,Elevator call,643.8547514955396,-1,2,1,0, got allocated to elevator, 0
, elevID,0,  pos,-1,  cmd, stop,-1
648.0,Elev,1,  arrived at src, 7, Elevator call,603.9342326983083,7,0,2,1
648.0, elevID,1,  pos,7,  cmd, goto,-2
652.0,Elev,0,  arrived at dest, -1, this call is done!, Elevator call,312.30185564398687,0,-1,3,0, Done, dt, 339.69814435601313
652.0,Elev,0,  arrived at src, -1, Elevator call,405.1821140884023,-1,10,2,0
652.0,Elev,0,  arrived at dest, -1, this call is done!, Elevator call,500.3712044996745,8,-1,3,0, Done, dt, 151.6287955003255
652.0,Elev,0,  arrived at dest, -1, this call is done!, Elevator call,504.4317942159655,0,-1,3,0, Done, dt, 147.5682057840345
652.0,Elev,0,  arrived at dest, -1, this call is done!, Elevator call,565.0195521745534,0,-1,3,0, Done, dt, 86.98044782544662
652.0,Elev,0,  arrived at src, -1, Elevator call,643.8547514955396,-1,2,2,0
652.0, elevID,0,  pos,-1,  cmd, goto,7
661.0,Elevator call,660.0732907797126,6,10,1,0, got allocated to elevator, 0
662.0,Elevator call,661.0420820268716,-1,3,1,1, got allocated to elevator, 1
, elevID,1,  pos,-2,  WRONG cmd, stop,-1,  the elevator is not moving!
663.0,Elevator call,662.1730527520776,-1,5,1,1, got allocated to elevator, 1
, elevID,1,  pos,-2,  WRONG cmd, stop,-1,  the elevator is not moving!
664.0, elevID,0,  pos,6,  cmd, stop,6
666.0,Elevator call,665.1155548533167,-1,8,1,1, got allocated to elevator, 1
, elevID,1,  pos,-2,  WRONG cmd, stop,-1,  the elevator is not moving!
667.0,Elevator call,666.0340294605869,4,0,1,0, got allocated to elevator, 0
667.0,Elevator call,666.2411586665262,5,-1,1,0, got allocated to elevator, 0
, elevID,0,  pos,6,  WRONG cmd, stop,5,  the elevator is not moving!
667.0, elevID,1,  pos,-2,  cmd, goto,6
, elevID,0,  pos,6,  WRONG cmd, stop,4,  the elevator is not moving!
669.0,Elev,0,  arrived at src, 6, Elevator call,319.90520204415634,6,5,2,0
669.0,Elev,0,  arrived at src, 6, Elevator call,544.7880392034898,6,-1,2,0
669.0,Elev,0,  arrived at src, 6, Elevator call,660.0732907797126,6,10,2,0
669.0, elevID,0,  pos,6,  cmd, goto,-1
673.0,Elevator call,672.677314157026,0,-1,1,1, got allocated to elevator, 1
674.0, elevID,1,  pos,0,  cmd, stop,0
678.0,Elevator call,677.7341948387335,0,-1,1,1, got allocated to elevator, 1
, elevID,1,  pos,0,  WRONG cmd, stop,0,  the elevator is not moving!
679.0,Elevator call,678.9953584914538,-1,-2,1,1, got allocated to elevator, 1
679.0,Elev,1,  arrived at dest, 0, this call is done!, Elevator call,603.9342326983083,7,0,3,1, Done, dt, 75.06576730169172
679.0,Elev,1,  arrived at src, 0, Elevator call,672.677314157026,0,-1,2,1
679.0,Elev,1,  arrived at src, 0, Elevator call,677.7341948387335,0,-1,2,1
679.0, elevID,1,  pos,0,  cmd, goto,-1
, elevID,1,  pos,-1,  WRONG cmd, stop,-1,  the elevator is not moving!
686.0,Elev,0,  arrived at dest, -1, this call is done!, Elevator call,544.7880392034898,6,-1,3,0, Done, dt, 141.2119607965102
686.0, elevID,0,  pos,-1,  cmd, goto,0
690.0,Elev,1,  arrived at dest, -1, this call is done!, Elevator call,529.6277472128405,3,-1,3,1, Done, dt, 160.37225278715948
690.0,Elev,1,  arrived at src, -1, Elevator call,537.7866883694313,-1,6,2,1
690.0,Elev,1,  arrived at src, -1, Elevator call,661.0420820268716,-1,3,2,1
690.0,Elev,1,  arrived at src, -1, Elevator call,662.1730527520776,-1,5,2,1
690.0,Elev,1,  arrived at src, -1, Elevator call,665.1155548533167,-1,8,2,1
690.0,Elev,1,  arrived at dest, -1, this call is done!, Elevator call,672.677314157026,0,-1,3,1, Done, dt, 17.32268584297401
690.0,Elev,1,  arrived at dest, -1, this call is done!, Elevator call,677.7341948387335,0,-1,3,1, Done, dt, 12.265805161266485
690.0,Elev,1,  arrived at src, -1, Elevator call,678.9953584914538,-1,-2,2,1
690.0, elevID,1,  pos,-1,  cmd, goto,2
696.0,Elevator call,695.2239881566923,0,10,1,0, got allocated to elevator, 0
, elevID,0,  pos,0,  WRONG cmd, stop,0,  the elevator is not moving!
697.0,Elev,0,  arrived at src, 0, Elevator call,695.2239881566923,0,10,2,0
697.0, elevID,0,  pos,0,  cmd, goto,1
703.0, elevID,1,  pos,2,  cmd, goto,9
707.0,Elevator call,706.1583474999188,-1,-2,1,0, got allocated to elevator, 0
, elevID,0,  pos,1,  WRONG cmd, stop,-1,  the elevator is not moving!
708.0,Elev,0,  arrived at src, 1, Elevator call,600.9312879686208,1,0,2,0
708.0, elevID,0,  pos,1,  cmd, goto,4
711.0,Elevator call,710.3249770041223,0,1,1,0, got allocated to elevator, 0
, elevID,0,  pos,1,  WRONG cmd, stop,0,  the elevator is not moving!
714.0,Elevator call,713.0191971398395,1,0,1,0, got allocated to elevator, 0
714.0,Elevator call,713.2499766424826,10,-1,1,1, got allocated to elevator, 1
, elevID,0,  pos,2,  WRONG cmd, stop,1,  the elevator is not moving!
, elevID,1,  pos,9,  WRONG cmd, stop,10,  the elevator is not moving!
721.0,Elev,0,  arrived at src, 4, Elevator call,666.0340294605869,4,0,2,0
721.0, elevID,0,  pos,4,  cmd, goto,1
721.0, elevID,1,  pos,9,  cmd, goto,1
723.0,Elevator call,722.6161212799507,10,0,1,1, got allocated to elevator, 1
, elevID,1,  pos,9,  WRONG cmd, stop,10,  the elevator is not moving!
728.0,Elevator call,727.514602863032,-1,0,1,0, got allocated to elevator, 0
733.0,Elevator call,732.9746341348998,6,-1,1,1, got allocated to elevator, 1
, elevID,1,  pos,2,  WRONG cmd, stop,6,  the elevator is not moving!
734.0,Elev,0,  arrived at src, 1, Elevator call,713.0191971398395,1,0,2,0
734.0, elevID,0,  pos,1,  cmd, goto,-1
738.0,Elevator call,737.314720213409,1,0,1,0, got allocated to elevator, 0
, elevID,0,  pos,1,  cmd, stop,1
739.0,Elev,1,  arrived at src, 1, Elevator call,503.13847841893045,1,-1,2,1
739.0,Elev,1,  arrived at dest, 1, this call is done!, Elevator call,626.2116172047942,0,1,3,1, Done, dt, 112.78838279520585
739.0, elevID,1,  pos,1,  cmd, goto,1
739.0, elevID,1,  pos,1,  cmd, goto,-1
744.0,Elev,0,  arrived at src, 1, Elevator call,737.314720213409,1,0,2,0
744.0, elevID,0,  pos,1,  cmd, goto,-1
, elevID,0,  pos,-1,  WRONG cmd, stop,-1,  the elevator is not moving!
751.0,Elev,1,  arrived at dest, -1, this call is done!, Elevator call,503.13847841893045,1,-1,3,1, Done, dt, 247.86152158106955
751.0, elevID,1,  pos,-1,  cmd, goto,1
756.0,Elev,0,  arrived at src, -1, Elevator call,706.1583474999188,-1,-2,2,0
756.0,Elev,0,  arrived at src, -1, Elevator call,727.514602863032,-1,0,2,0
756.0, elevID,0,  pos,-1,  cmd, goto,6
763.0, elevID,1,  pos,1,  cmd, goto,0
773.0, elevID,0,  pos,6,  cmd, goto,0
774.0, elevID,1,  pos,0,  cmd, goto,6
780.0,Elevator call,779.399691386574,-1,5,1,1, got allocated to elevator, 1
, elevID,1,  pos,1,  WRONG cmd, stop,-1,  the elevator is not moving!
789.0,Elev,0,  arrived at dest, 0, this call is done!, Elevator call,600.9312879686208,1,0,3,0, Done, dt, 188.06871203137916
789.0,Elev,0,  arrived at dest, 0, this call is done!, Elevator call,666.0340294605869,4,0,3,0, Done, dt, 122.96597053941309
789.0,Elev,0,  arrived at src, 0, Elevator call,710.3249770041223,0,1,2,0
789.0,Elev,0,  arrived at dest, 0, this call is done!, Elevator call,713.0191971398395,1,0,3,0, Done, dt, 75.98080286016045
789.0,Elev,0,  arrived at dest, 0, this call is done!, Elevator call,727.514602863032,-1,0,3,0, Done, dt, 61.485397136968004
789.0,Elev,0,  arrived at dest, 0, this call is done!, Elevator call,737.314720213409,1,0,3,0, Done, dt, 51.68527978659097
789.0, elevID,0,  pos,0,  cmd, goto,4
790.0,Elev,1,  arrived at dest, 6, this call is done!, Elevator call,537.7866883694313,-1,6,3,1, Done, dt, 252.21331163056868
790.0,Elev,1,  arrived at src, 6, Elevator call,732.9746341348998,6,-1,2,1
790.0, elevID,1,  pos,6,  cmd, goto,4
802.0, elevID,1,  pos,4,  cmd, goto,6
803.0, elevID,0,  pos,4,  cmd, goto,-1
806.0,Elevator call,805.6754743307536,-1,-2,1,0, got allocated to elevator, 0
811.0,Elevator call,810.4469089359914,2,0,1,0, got allocated to elevator, 0
, elevID,0,  pos,1,  WRONG cmd, stop,2,  the elevator is not moving!
, elevID,0,  pos,-1,  WRONG cmd, stop,-1,  the elevator is not moving!
814.0, elevID,1,  pos,6,  cmd, goto,9
817.0,Elevator call,816.1516998390152,7,-1,1,1, got allocated to elevator, 1
818.0,Elev,0,  arrived at src, -1, Elevator call,805.6754743307536,-1,-2,2,0
818.0, elevID,0,  pos,-1,  cmd, goto,5
820.0, elevID,1,  pos,7,  cmd, stop,7
825.0,Elev,1,  arrived at src, 7, Elevator call,816.1516998390152,7,-1,2,1
825.0, elevID,1,  pos,7,  cmd, goto,4
826.0,Elevator call,825.4575184586336,7,0,1,1, got allocated to elevator, 1
, elevID,1,  pos,7,  cmd, stop,7
834.0,Elev,0,  arrived at dest, 5, this call is done!, Elevator call,319.90520204415634,6,5,3,0, Done, dt, 514.0947979558437
834.0,Elev,0,  arrived at src, 5, Elevator call,666.2411586665262,5,-1,2,0
834.0, elevID,0,  pos,5,  cmd, goto,1
835.0,Elev,1,  arrived at src, 7, Elevator call,825.4575184586336,7,0,2,1
835.0, elevID,1,  pos,7,  cmd, goto,4
840.0,Elevator call,839.8525652620532,0,1,1,0, got allocated to elevator, 0
848.0,Elev,0,  arrived at dest, 1, this call is done!, Elevator call,710.3249770041223,0,1,3,0, Done, dt, 137.67502299587773
848.0, elevID,0,  pos,1,  cmd, goto,0
848.0, elevID,1,  pos,4,  cmd, goto,0
, elevID,0,  pos,0,  WRONG cmd, stop,0,  the elevator is not moving!
855.0,Elevator call,854.2002278085795,6,-1,1,1, got allocated to elevator, 1
, elevID,1,  pos,2,  WRONG cmd, stop,6,  the elevator is not moving!
859.0,Elev,0,  arrived at src, 0, Elevator call,839.8525652620532,0,1,2,0
859.0, elevID,0,  pos,0,  cmd, goto,8
862.0,Elev,1,  arrived at dest, 0, this call is done!, Elevator call,825.4575184586336,7,0,3,1, Done, dt, 36.54248154136644
862.0, elevID,1,  pos,0,  cmd, goto,0
862.0, elevID,1,  pos,0,  cmd, goto,7
864.0,Elevator call,863.893291272948,0,-1,1,0, got allocated to elevator, 0
864.0, elevID,0,  pos,0,  cmd, stop,0
869.0,Elev,0,  arrived at src, 0, Elevator call,863.893291272948,0,-1,2,0
869.0, elevID,0,  pos,0,  cmd, goto,2
871.0,Elevator call,870.5053023797483,0,7,1,0, got allocated to elevator, 0
871.0, elevID,0,  pos,0,  cmd, stop,0
879.0,Elev,0,  arrived at src, 0, Elevator call,870.5053023797483,0,7,2,0
879.0, elevID,0,  pos,0,  cmd, goto,6
879.0, elevID,1,  pos,7,  cmd, goto,8
887.0,Elevator call,886.5649993239458,-1,-2,1,0, got allocated to elevator, 0
, elevID,0,  pos,3,  WRONG cmd, stop,-1,  the elevator is not moving!
890.0,Elev,1,  arrived at src, 8, Elevator call,596.1232022872633,8,0,2,1
890.0,Elev,1,  arrived at dest, 8, this call is done!, Elevator call,665.1155548533167,-1,8,3,1, Done, dt, 224.88444514668333
890.0, elevID,1,  pos,8,  cmd, goto,7
893.0,Elevator call,892.5212150591021,9,-1,1,1, got allocated to elevator, 1
, elevID,1,  pos,8,  WRONG cmd, stop,9,  the elevator is not moving!
895.0, elevID,0,  pos,6,  cmd, goto,7
901.0, elevID,1,  pos,7,  cmd, goto,8
906.0,Elev,0,  arrived at src, 7, Elevator call,321.37040904796595,7,-1,2,0
906.0,Elev,0,  arrived at dest, 7, this call is done!, Elevator call,870.5053023797483,0,7,3,0, Done, dt, 35.49469762025171
906.0, elevID,0,  pos,7,  cmd, goto,0
911.0,Elevator call,910.5388559417848,6,5,1,0, got allocated to elevator, 0
, elevID,0,  pos,6,  cmd, stop,6
912.0, elevID,1,  pos,8,  cmd, goto,-1
916.0,Elevator call,915.9490574608818,4,-1,1,0, got allocated to elevator, 0
917.0,Elev,0,  arrived at src, 6, Elevator call,910.5388559417848,6,5,2,0
917.0, elevID,0,  pos,6,  cmd, goto,4
, elevID,0,  pos,4,  WRONG cmd, stop,4,  the elevator is not moving!
929.0,Elev,0,  arrived at src, 4, Elevator call,915.9490574608818,4,-1,2,0
929.0, elevID,0,  pos,4,  cmd, goto,1
931.0,Elev,1,  arrived at dest, -1, this call is done!, Elevator call,732.9746341348998,6,-1,3,1, Done, dt, 198.02536586510018
931.0,Elev,1,  arrived at src, -1, Elevator call,779.399691386574,-1,5,2,1
931.0,Elev,1,  arrived at dest, -1, this call is done!, Elevator call,816.1516998390152,7,-1,3,1, Done, dt, 114.84830016098476
931.0, elevID,1,  pos,-1,  cmd, goto,0
934.0,Elevator call,933.8580452488764,7,5,1,0, got allocated to elevator, 0
, elevID,0,  pos,4,  WRONG cmd, stop,7,  the elevator is not moving!
942.0,Elev,0,  arrived at dest, 1, this call is done!, Elevator call,839.8525652620532,0,1,3,0, Done, dt, 102.14743473794681
942.0, elevID,0,  pos,1,  cmd, goto,1
942.0, elevID,0,  pos,1,  cmd, goto,3
942.0,Elev,1,  arrived at dest, 0, this call is done!, Elevator call,596.1232022872633,8,0,3,1, Done, dt, 345.8767977127367
942.0, elevID,1,  pos,0,  cmd, goto,-2
954.0,Elev,0,  arrived at dest, 3, this call is done!, Elevator call,581.8703090238192,0,3,3,0, Done, dt, 372.12969097618077
954.0, elevID,0,  pos,3,  cmd, goto,-2
954.0,Elev,1,  arrived at dest, -2, this call is done!, Elevator call,678.9953584914538,-1,-2,3,1, Done, dt, 275.00464150854623
954.0, elevID,1,  pos,-2,  cmd, goto,8
962.0,Elevator call,961.6862855708133,6,-1,1,1, got allocated to elevator, 1
967.0, elevID,1,  pos,6,  cmd, stop,6
969.0,Elev,0,  arrived at dest, -2, this call is done!, Elevator call,706.1583474999188,-1,-2,3,0, Done, dt, 262.8416525000812
969.0,Elev,0,  arrived at dest, -2, this call is done!, Elevator call,805.6754743307536,-1,-2,3,0, Done, dt, 163.32452566924644
969.0, elevID,0,  pos,-2,  cmd, goto,9
972.0,Elev,1,  arrived at src, 6, Elevator call,854.2002278085795,6,-1,2,1
972.0,Elev,1,  arrived at src, 6, Elevator call,961.6862855708133,6,-1,2,1
972.0, elevID,1,  pos,6,  cmd, goto,0
973.0,Elevator call,972.8032126022729,1,0,1,0, got allocated to elevator, 0
976.0,Elevator call,975.8361202753667,0,-1,1,0, got allocated to elevator, 0
976.0, elevID,0,  pos,0,  cmd, stop,0
979.0,Elevator call,978.5925148564796,10,0,1,1, got allocated to elevator, 1
979.0,Elevator call,978.6210500641439,10,-1,1,1, got allocated to elevator, 1
, elevID,1,  pos,4,  WRONG cmd, stop,10,  the elevator is not moving!
, elevID,1,  pos,3,  WRONG cmd, stop,10,  the elevator is not moving!
981.0,Elev,0,  arrived at src, 0, Elevator call,975.8361202753667,0,-1,2,0
, elevID,0,  pos,0,  WRONG cmd, stop,1,  the elevator is not moving!
982.0, elevID,0,  pos,0,  cmd, goto,0
982.0, elevID,0,  pos,0,  cmd, goto,5
985.0,Elevator call,984.1840185574983,7,0,1,0, got allocated to elevator, 0
988.0, elevID,1,  pos,0,  cmd, goto,6
997.0,Elev,0,  arrived at dest, 5, this call is done!, Elevator call,910.5388559417848,6,5,3,0, Done, dt, 86.46114405821515
, elevID,0,  pos,5,  WRONG cmd, stop,7,  the elevator is not moving!
998.0, elevID,0,  pos,5,  cmd, goto,8
1000.0,************* Simulation Ended ************
Code Owners,123456789,  Case,2,  Total waiting time: 19482.79282212021,  average waiting time per call: 194.8279282212021,  unCompleted calls,31,  certificate, -6557083976
