**** The Simulator log: stage 2
0.0,OOP_Ex0_Elevator_Simulator
0.0,Simulated Building, ex0.simulator.Builging_A [-2,10]
0) ex0.simulator.Elevator_A, Elev_0, speed: 1.0, open/close: 2.0,  start/stop: 3.0
1) ex0.simulator.Elevator_A, Elev_1, speed: 1.0, open/close: 2.0,  start/stop: 3.0
0.0,Simulated Period starTime,0.0,  endTime,1000.0,  dt,1.0
0.0,Simulated  calls,Elevetor log, size: 100
0.0,**** Simulation starts!! ****
0.0, elevID,0,  pos,-2,  cmd, goto,2
0.0, elevID,1,  pos,-2,  cmd, goto,2
5.0,Elevator call,4.374727290393253,0,-1,1,0, got allocated to elevator, 0
7.0, elevID,0,  pos,0,  cmd, stop,0
12.0,Elev,0,  arrived at src, 0, Elevator call,4.374727290393253,0,-1,2,0
12.0, elevID,0,  pos,0,  cmd, goto,3
14.0, elevID,1,  pos,2,  cmd, goto,1
17.0,Elevator call,16.957882888088932,-1,0,1,0, got allocated to elevator, 0
, elevID,0,  pos,0,  WRONG cmd, stop,-1,  the elevator is not moving!
23.0,Elevator call,22.094056301593582,0,-1,1,1, got allocated to elevator, 1
25.0, elevID,0,  pos,3,  cmd, goto,9
25.0, elevID,1,  pos,1,  cmd, goto,0
, elevID,1,  pos,0,  WRONG cmd, stop,0,  the elevator is not moving!
36.0,Elev,1,  arrived at src, 0, Elevator call,22.094056301593582,0,-1,2,1
36.0, elevID,1,  pos,0,  cmd, goto,5
41.0, elevID,0,  pos,9,  cmd, goto,5
51.0, elevID,1,  pos,5,  cmd, goto,4
55.0, elevID,0,  pos,5,  cmd, goto,1
62.0, elevID,1,  pos,4,  cmd, goto,-1
69.0, elevID,0,  pos,1,  cmd, goto,3
77.0,Elev,1,  arrived at dest, -1, this call is done!, Elevator call,22.094056301593582,0,-1,3,1, Done, dt, 54.90594369840642
77.0, elevID,1,  pos,-1,  cmd, goto,9
81.0, elevID,0,  pos,3,  cmd, goto,-2
86.0,Elevator call,85.5209666204754,3,2,1,0, got allocated to elevator, 0
, elevID,0,  pos,3,  cmd, stop,3
91.0,Elev,0,  arrived at src, 3, Elevator call,85.5209666204754,3,2,2,0
91.0, elevID,0,  pos,3,  cmd, goto,8
92.0,Elevator call,91.21019413453945,-1,-2,1,0, got allocated to elevator, 0
, elevID,0,  pos,3,  WRONG cmd, stop,-1,  the elevator is not moving!
97.0, elevID,1,  pos,9,  cmd, goto,0
105.0,Elevator call,104.13701241869234,0,4,1,1, got allocated to elevator, 1
106.0, elevID,0,  pos,8,  cmd, goto,4
110.0,Elevator call,109.21352909346587,-1,0,1,1, got allocated to elevator, 1
115.0,Elevator call,114.39235096774041,3,0,1,0, got allocated to elevator, 0
116.0,Elev,1,  arrived at src, 0, Elevator call,104.13701241869234,0,4,2,1
116.0, elevID,1,  pos,0,  cmd, goto,-1
120.0, elevID,0,  pos,4,  cmd, goto,3
, elevID,1,  pos,-1,  WRONG cmd, stop,-1,  the elevator is not moving!
, elevID,1,  pos,-1,  WRONG cmd, stop,0,  the elevator is not moving!
125.0,Elevator call,124.42557095980362,0,9,1,1, got allocated to elevator, 1
, elevID,1,  pos,-1,  WRONG cmd, stop,0,  the elevator is not moving!
, elevID,0,  pos,3,  WRONG cmd, stop,3,  the elevator is not moving!
127.0,Elev,1,  arrived at src, -1, Elevator call,109.21352909346587,-1,0,2,1
127.0, elevID,1,  pos,-1,  cmd, goto,1
131.0,Elevator call,130.02495678190564,8,10,1,0, got allocated to elevator, 0
131.0,Elevator call,130.224911275492,-1,1,1,1, got allocated to elevator, 1
131.0,Elev,0,  arrived at src, 3, Elevator call,114.39235096774041,3,0,2,0
, elevID,0,  pos,3,  WRONG cmd, stop,8,  the elevator is not moving!
131.0, elevID,1,  pos,-1,  cmd, stop,-1
132.0, elevID,0,  pos,3,  cmd, goto,6
137.0,Elev,1,  arrived at src, -1, Elevator call,130.224911275492,-1,1,2,1
137.0, elevID,1,  pos,-1,  cmd, goto,8
138.0,Elevator call,137.9515274326701,0,4,1,1, got allocated to elevator, 1
143.0, elevID,1,  pos,0,  cmd, stop,0
144.0,Elevator call,143.91335838799415,0,6,1,1, got allocated to elevator, 1
, elevID,1,  pos,0,  WRONG cmd, stop,0,  the elevator is not moving!
145.0, elevID,0,  pos,6,  cmd, goto,-1
148.0,Elev,1,  arrived at dest, 0, this call is done!, Elevator call,109.21352909346587,-1,0,3,1, Done, dt, 38.786470906534134
148.0,Elev,1,  arrived at src, 0, Elevator call,124.42557095980362,0,9,2,1
148.0,Elev,1,  arrived at src, 0, Elevator call,137.9515274326701,0,4,2,1
148.0,Elev,1,  arrived at src, 0, Elevator call,143.91335838799415,0,6,2,1
148.0, elevID,1,  pos,0,  cmd, goto,8
162.0,Elev,0,  arrived at dest, -1, this call is done!, Elevator call,4.374727290393253,0,-1,3,0, Done, dt, 157.62527270960675
162.0,Elev,0,  arrived at src, -1, Elevator call,16.957882888088932,-1,0,2,0
162.0,Elev,0,  arrived at src, -1, Elevator call,91.21019413453945,-1,-2,2,0
162.0, elevID,0,  pos,-1,  cmd, goto,6
166.0, elevID,1,  pos,8,  cmd, goto,7
170.0,Elevator call,169.78458339380109,-1,0,1,0, got allocated to elevator, 0
, elevID,0,  pos,2,  WRONG cmd, stop,-1,  the elevator is not moving!
171.0,Elevator call,170.0099620835246,0,6,1,0, got allocated to elevator, 0
, elevID,0,  pos,3,  WRONG cmd, stop,0,  the elevator is not moving!
172.0,Elevator call,171.21173315221364,-1,8,1,0, got allocated to elevator, 0
, elevID,0,  pos,4,  WRONG cmd, stop,-1,  the elevator is not moving!
175.0,Elevator call,174.84385152106802,0,-1,1,0, got allocated to elevator, 0
, elevID,0,  pos,6,  WRONG cmd, stop,0,  the elevator is not moving!
177.0, elevID,1,  pos,7,  cmd, goto,-1
179.0, elevID,0,  pos,6,  cmd, goto,3
188.0,Elevator call,187.11678617348463,-1,-2,1,1, got allocated to elevator, 1
188.0,Elevator call,187.7299317966884,-1,-2,1,1, got allocated to elevator, 1
, elevID,1,  pos,-1,  WRONG cmd, stop,-1,  the elevator is not moving!
, elevID,1,  pos,-1,  WRONG cmd, stop,-1,  the elevator is not moving!
192.0, elevID,0,  pos,3,  cmd, goto,-2
195.0,Elev,1,  arrived at src, -1, Elevator call,187.11678617348463,-1,-2,2,1
195.0,Elev,1,  arrived at src, -1, Elevator call,187.7299317966884,-1,-2,2,1
195.0, elevID,1,  pos,-1,  cmd, goto,9
196.0,Elevator call,195.90869649656992,0,7,1,1, got allocated to elevator, 1
198.0,Elevator call,197.5359191292572,-1,1,1,1, got allocated to elevator, 1
198.0, elevID,1,  pos,-1,  cmd, stop,-1
205.0,Elev,1,  arrived at src, -1, Elevator call,197.5359191292572,-1,1,2,1
, elevID,1,  pos,-1,  WRONG cmd, stop,0,  the elevator is not moving!
206.0,Elevator call,205.9895199338651,-1,0,1,1, got allocated to elevator, 1
206.0,Elev,1,  arrived at src, -1, Elevator call,205.9895199338651,-1,0,2,1
, elevID,1,  pos,-1,  WRONG cmd, stop,-1,  the elevator is not moving!
207.0,Elev,0,  arrived at dest, -2, this call is done!, Elevator call,91.21019413453945,-1,-2,3,0, Done, dt, 115.78980586546055
207.0, elevID,0,  pos,-2,  cmd, goto,-1
207.0, elevID,1,  pos,-1,  cmd, goto,5
218.0,Elev,0,  arrived at src, -1, Elevator call,169.78458339380109,-1,0,2,0
218.0,Elev,0,  arrived at src, -1, Elevator call,171.21173315221364,-1,8,2,0
218.0, elevID,0,  pos,-1,  cmd, goto,5
223.0, elevID,1,  pos,5,  cmd, goto,4
228.0,Elevator call,227.0798304557929,-1,5,1,0, got allocated to elevator, 0
, elevID,0,  pos,4,  WRONG cmd, stop,-1,  the elevator is not moving!
232.0,Elevator call,231.51578817426258,-1,0,1,1, got allocated to elevator, 1
233.0,Elevator call,232.95043623946805,0,-1,1,0, got allocated to elevator, 0
, elevID,0,  pos,5,  WRONG cmd, stop,0,  the elevator is not moving!
234.0, elevID,0,  pos,5,  cmd, goto,5
234.0, elevID,0,  pos,5,  cmd, goto,-2
234.0,Elev,1,  arrived at dest, 4, this call is done!, Elevator call,104.13701241869234,0,4,3,1, Done, dt, 129.86298758130766
234.0,Elev,1,  arrived at dest, 4, this call is done!, Elevator call,137.9515274326701,0,4,3,1, Done, dt, 96.0484725673299
234.0, elevID,1,  pos,4,  cmd, goto,-1
, elevID,1,  pos,-1,  WRONG cmd, stop,-1,  the elevator is not moving!
249.0,Elev,1,  arrived at src, -1, Elevator call,231.51578817426258,-1,0,2,1
249.0, elevID,1,  pos,-1,  cmd, goto,2
251.0, elevID,0,  pos,-2,  cmd, goto,9
252.0,Elevator call,251.10444690749756,-1,-2,1,1, got allocated to elevator, 1
252.0,Elevator call,251.23593354161653,0,9,1,1, got allocated to elevator, 1
252.0, elevID,1,  pos,-1,  cmd, stop,-1
255.0,Elevator call,254.69771525200505,3,4,1,0, got allocated to elevator, 0
258.0,Elevator call,257.7974435335086,-1,0,1,1, got allocated to elevator, 1
, elevID,1,  pos,-1,  WRONG cmd, stop,-1,  the elevator is not moving!
259.0,Elev,1,  arrived at src, -1, Elevator call,251.10444690749756,-1,-2,2,1
259.0,Elev,1,  arrived at src, -1, Elevator call,257.7974435335086,-1,0,2,1
, elevID,1,  pos,-1,  WRONG cmd, stop,0,  the elevator is not moving!
260.0, elevID,1,  pos,-1,  cmd, goto,5
261.0, elevID,0,  pos,3,  cmd, stop,3
266.0,Elev,0,  arrived at src, 3, Elevator call,254.69771525200505,3,4,2,0
266.0, elevID,0,  pos,3,  cmd, goto,4
276.0, elevID,1,  pos,5,  cmd, goto,0
277.0,Elev,0,  arrived at dest, 4, this call is done!, Elevator call,254.69771525200505,3,4,3,0, Done, dt, 22.302284747994946
277.0, elevID,0,  pos,4,  cmd, goto,-1
291.0,Elev,1,  arrived at src, 0, Elevator call,195.90869649656992,0,7,2,1
291.0,Elev,1,  arrived at dest, 0, this call is done!, Elevator call,205.9895199338651,-1,0,3,1, Done, dt, 85.0104800661349
291.0,Elev,1,  arrived at dest, 0, this call is done!, Elevator call,231.51578817426258,-1,0,3,1, Done, dt, 59.48421182573742
291.0,Elev,1,  arrived at src, 0, Elevator call,251.23593354161653,0,9,2,1
291.0,Elev,1,  arrived at dest, 0, this call is done!, Elevator call,257.7974435335086,-1,0,3,1, Done, dt, 33.20255646649139
291.0, elevID,1,  pos,0,  cmd, goto,2
292.0,Elev,0,  arrived at src, -1, Elevator call,227.0798304557929,-1,5,2,0
292.0, elevID,0,  pos,-1,  cmd, goto,7
296.0,Elevator call,295.7943356681491,0,1,1,1, got allocated to elevator, 1
296.0, elevID,1,  pos,0,  cmd, stop,0
301.0,Elev,1,  arrived at src, 0, Elevator call,295.7943356681491,0,1,2,1
301.0, elevID,1,  pos,0,  cmd, goto,2
305.0,Elevator call,304.99843880775313,6,0,1,0, got allocated to elevator, 0
, elevID,0,  pos,7,  WRONG cmd, stop,6,  the elevator is not moving!
310.0,Elevator call,309.30053828560517,0,-1,1,1, got allocated to elevator, 1
310.0, elevID,0,  pos,7,  cmd, goto,9
, elevID,1,  pos,2,  WRONG cmd, stop,0,  the elevator is not moving!
313.0,Elevator call,312.30185564398687,0,-1,1,1, got allocated to elevator, 1
313.0, elevID,1,  pos,2,  cmd, goto,0
317.0,Elevator call,316.03237827404377,0,-1,1,1, got allocated to elevator, 1
320.0,Elevator call,319.90520204415634,6,5,1,0, got allocated to elevator, 0
, elevID,0,  pos,9,  WRONG cmd, stop,6,  the elevator is not moving!
, elevID,1,  pos,0,  WRONG cmd, stop,0,  the elevator is not moving!
321.0,Elevator call,320.97607492210807,-1,0,1,1, got allocated to elevator, 1
322.0,Elevator call,321.37040904796595,7,-1,1,0, got allocated to elevator, 0
322.0, elevID,0,  pos,9,  cmd, goto,7
325.0,Elev,1,  arrived at src, 0, Elevator call,309.30053828560517,0,-1,2,1
325.0,Elev,1,  arrived at src, 0, Elevator call,312.30185564398687,0,-1,2,1
325.0,Elev,1,  arrived at src, 0, Elevator call,316.03237827404377,0,-1,2,1
325.0, elevID,1,  pos,0,  cmd, goto,-1
, elevID,0,  pos,7,  WRONG cmd, stop,7,  the elevator is not moving!
, elevID,1,  pos,-1,  WRONG cmd, stop,-1,  the elevator is not moving!
, elevID,1,  pos,-1,  WRONG cmd, stop,0,  the elevator is not moving!
333.0,Elevator call,332.4267319393355,0,10,1,1, got allocated to elevator, 1
, elevID,1,  pos,-1,  WRONG cmd, stop,0,  the elevator is not moving!
334.0,Elev,0,  arrived at src, 7, Elevator call,321.37040904796595,7,-1,2,0
334.0, elevID,0,  pos,7,  cmd, goto,8
336.0,Elev,1,  arrived at dest, -1, this call is done!, Elevator call,309.30053828560517,0,-1,3,1, Done, dt, 26.69946171439483
336.0,Elev,1,  arrived at dest, -1, this call is done!, Elevator call,312.30185564398687,0,-1,3,1, Done, dt, 23.69814435601313
336.0,Elev,1,  arrived at dest, -1, this call is done!, Elevator call,316.03237827404377,0,-1,3,1, Done, dt, 19.967621725956235
336.0,Elev,1,  arrived at src, -1, Elevator call,320.97607492210807,-1,0,2,1
336.0, elevID,1,  pos,-1,  cmd, goto,8
337.0,Elevator call,336.93043046159545,-1,0,1,1, got allocated to elevator, 1
337.0, elevID,1,  pos,-1,  cmd, stop,-1
345.0,Elev,0,  arrived at src, 8, Elevator call,130.02495678190564,8,10,2,0
345.0,Elev,0,  arrived at dest, 8, this call is done!, Elevator call,171.21173315221364,-1,8,3,0, Done, dt, 173.78826684778636
345.0, elevID,0,  pos,8,  cmd, goto,9
346.0,Elev,1,  arrived at src, -1, Elevator call,336.93043046159545,-1,0,2,1
346.0, elevID,1,  pos,-1,  cmd, goto,0
356.0, elevID,0,  pos,9,  cmd, goto,6
357.0,Elev,1,  arrived at dest, 0, this call is done!, Elevator call,320.97607492210807,-1,0,3,1, Done, dt, 36.02392507789193
357.0,Elev,1,  arrived at src, 0, Elevator call,332.4267319393355,0,10,2,1
357.0,Elev,1,  arrived at dest, 0, this call is done!, Elevator call,336.93043046159545,-1,0,3,1, Done, dt, 20.06956953840455
357.0, elevID,1,  pos,0,  cmd, goto,1
368.0,Elev,1,  arrived at dest, 1, this call is done!, Elevator call,130.224911275492,-1,1,3,1, Done, dt, 237.775088724508
368.0,Elev,1,  arrived at dest, 1, this call is done!, Elevator call,197.5359191292572,-1,1,3,1, Done, dt, 170.4640808707428
368.0,Elev,1,  arrived at dest, 1, this call is done!, Elevator call,295.7943356681491,0,1,3,1, Done, dt, 72.20566433185093
368.0, elevID,1,  pos,1,  cmd, goto,3
369.0,Elev,0,  arrived at src, 6, Elevator call,304.99843880775313,6,0,2,0
369.0,Elev,0,  arrived at src, 6, Elevator call,319.90520204415634,6,5,2,0
369.0, elevID,0,  pos,6,  cmd, goto,6
369.0, elevID,0,  pos,6,  cmd, goto,2
376.0,Elevator call,375.49048095381363,1,0,1,1, got allocated to elevator, 1
, elevID,1,  pos,3,  WRONG cmd, stop,1,  the elevator is not moving!
380.0, elevID,1,  pos,3,  cmd, goto,8
383.0,Elev,0,  arrived at dest, 2, this call is done!, Elevator call,85.5209666204754,3,2,3,0, Done, dt, 297.4790333795246
383.0, elevID,0,  pos,2,  cmd, goto,-1
393.0,Elevator call,392.5160764870397,0,5,1,0, got allocated to elevator, 0
, elevID,0,  pos,-1,  WRONG cmd, stop,0,  the elevator is not moving!
395.0, elevID,1,  pos,8,  cmd, goto,3
396.0,Elev,0,  arrived at dest, -1, this call is done!, Elevator call,321.37040904796595,7,-1,3,0, Done, dt, 74.62959095203405
396.0, elevID,0,  pos,-1,  cmd, goto,9
406.0,Elevator call,405.1821140884023,-1,10,1,1, got allocated to elevator, 1
410.0, elevID,1,  pos,3,  cmd, goto,-1
416.0, elevID,0,  pos,9,  cmd, goto,6
, elevID,1,  pos,-1,  WRONG cmd, stop,-1,  the elevator is not moving!
424.0,Elev,1,  arrived at src, -1, Elevator call,405.1821140884023,-1,10,2,1
424.0, elevID,1,  pos,-1,  cmd, goto,9
427.0,Elevator call,426.8615805478589,2,0,1,1, got allocated to elevator, 1
429.0, elevID,0,  pos,6,  cmd, goto,2
432.0, elevID,1,  pos,2,  cmd, stop,2
437.0,Elev,1,  arrived at src, 2, Elevator call,426.8615805478589,2,0,2,1
437.0, elevID,1,  pos,2,  cmd, goto,9
438.0,Elevator call,437.17111576125836,1,0,1,0, got allocated to elevator, 0
443.0, elevID,0,  pos,2,  cmd, goto,1
, elevID,0,  pos,1,  WRONG cmd, stop,1,  the elevator is not moving!
454.0,Elev,0,  arrived at src, 1, Elevator call,437.17111576125836,1,0,2,0
454.0, elevID,0,  pos,1,  cmd, goto,2
454.0,Elev,1,  arrived at dest, 9, this call is done!, Elevator call,124.42557095980362,0,9,3,1, Done, dt, 329.5744290401964
454.0,Elev,1,  arrived at dest, 9, this call is done!, Elevator call,251.23593354161653,0,9,3,1, Done, dt, 202.76406645838347
454.0, elevID,1,  pos,9,  cmd, goto,1
465.0, elevID,0,  pos,2,  cmd, goto,4
472.0,Elev,1,  arrived at src, 1, Elevator call,375.49048095381363,1,0,2,1
472.0, elevID,1,  pos,1,  cmd, goto,0
473.0,Elevator call,472.7445473930129,10,-1,1,0, got allocated to elevator, 0
, elevID,0,  pos,4,  WRONG cmd, stop,10,  the elevator is not moving!
478.0, elevID,0,  pos,4,  cmd, goto,4
478.0, elevID,0,  pos,4,  cmd, goto,0
483.0,Elev,1,  arrived at dest, 0, this call is done!, Elevator call,375.49048095381363,1,0,3,1, Done, dt, 107.50951904618637
483.0,Elev,1,  arrived at dest, 0, this call is done!, Elevator call,426.8615805478589,2,0,3,1, Done, dt, 56.13841945214108
483.0, elevID,1,  pos,0,  cmd, goto,6
492.0,Elev,0,  arrived at dest, 0, this call is done!, Elevator call,16.957882888088932,-1,0,3,0, Done, dt, 475.04211711191107
492.0,Elev,0,  arrived at dest, 0, this call is done!, Elevator call,114.39235096774041,3,0,3,0, Done, dt, 377.6076490322596
492.0,Elev,0,  arrived at dest, 0, this call is done!, Elevator call,169.78458339380109,-1,0,3,0, Done, dt, 322.2154166061989
492.0,Elev,0,  arrived at src, 0, Elevator call,170.0099620835246,0,6,2,0
492.0,Elev,0,  arrived at src, 0, Elevator call,174.84385152106802,0,-1,2,0
492.0,Elev,0,  arrived at src, 0, Elevator call,232.95043623946805,0,-1,2,0
492.0,Elev,0,  arrived at dest, 0, this call is done!, Elevator call,304.99843880775313,6,0,3,0, Done, dt, 187.00156119224687
492.0,Elev,0,  arrived at src, 0, Elevator call,392.5160764870397,0,5,2,0
492.0,Elev,0,  arrived at dest, 0, this call is done!, Elevator call,437.17111576125836,1,0,3,0, Done, dt, 54.82888423874164
492.0, elevID,0,  pos,0,  cmd, goto,-2
499.0,Elev,1,  arrived at dest, 6, this call is done!, Elevator call,143.91335838799415,0,6,3,1, Done, dt, 355.08664161200585
499.0, elevID,1,  pos,6,  cmd, goto,7
501.0,Elevator call,500.3712044996745,8,-1,1,1, got allocated to elevator, 1
504.0,Elevator call,503.13847841893045,1,-1,1,0, got allocated to elevator, 0
, elevID,0,  pos,-2,  WRONG cmd, stop,1,  the elevator is not moving!
505.0,Elevator call,504.4317942159655,0,-1,1,0, got allocated to elevator, 0
, elevID,0,  pos,-2,  WRONG cmd, stop,0,  the elevator is not moving!
506.0, elevID,0,  pos,-2,  cmd, goto,8
510.0,Elev,1,  arrived at dest, 7, this call is done!, Elevator call,195.90869649656992,0,7,3,1, Done, dt, 314.0913035034301
, elevID,1,  pos,7,  WRONG cmd, stop,8,  the elevator is not moving!
511.0, elevID,1,  pos,7,  cmd, goto,9
523.0, elevID,1,  pos,9,  cmd, goto,-1
526.0, elevID,0,  pos,8,  cmd, goto,8
526.0, elevID,0,  pos,8,  cmd, goto,7
530.0,Elevator call,529.6277472128405,3,-1,1,1, got allocated to elevator, 1
, elevID,1,  pos,3,  cmd, stop,3
537.0, elevID,0,  pos,7,  cmd, goto,4
538.0,Elevator call,537.7866883694313,-1,6,1,1, got allocated to elevator, 1
539.0,Elev,1,  arrived at src, 3, Elevator call,529.6277472128405,3,-1,2,1
539.0, elevID,1,  pos,3,  cmd, goto,-1
545.0,Elevator call,544.7880392034898,6,-1,1,0, got allocated to elevator, 0
, elevID,0,  pos,4,  WRONG cmd, stop,6,  the elevator is not moving!
, elevID,1,  pos,-1,  WRONG cmd, stop,-1,  the elevator is not moving!
550.0, elevID,0,  pos,4,  cmd, goto,9
553.0,Elev,1,  arrived at dest, -1, this call is done!, Elevator call,529.6277472128405,3,-1,3,1, Done, dt, 23.372252787159482
553.0,Elev,1,  arrived at src, -1, Elevator call,537.7866883694313,-1,6,2,1
553.0, elevID,1,  pos,-1,  cmd, goto,3
555.0,Elevator call,554.0892922920482,4,0,1,0, got allocated to elevator, 0
555.0, elevID,0,  pos,4,  cmd, stop,4
558.0,Elevator call,557.2441390036331,10,0,1,0, got allocated to elevator, 0
560.0,Elev,0,  arrived at src, 4, Elevator call,554.0892922920482,4,0,2,0
, elevID,0,  pos,4,  WRONG cmd, stop,10,  the elevator is not moving!
561.0, elevID,0,  pos,4,  cmd, goto,3
566.0,Elevator call,565.0195521745534,0,-1,1,1, got allocated to elevator, 1
, elevID,1,  pos,3,  WRONG cmd, stop,0,  the elevator is not moving!
567.0, elevID,1,  pos,3,  cmd, goto,6
572.0, elevID,0,  pos,3,  cmd, goto,6
580.0,Elev,1,  arrived at dest, 6, this call is done!, Elevator call,537.7866883694313,-1,6,3,1, Done, dt, 42.21331163056868
580.0, elevID,1,  pos,6,  cmd, goto,3
582.0,Elevator call,581.8703090238192,0,3,1,0, got allocated to elevator, 0
, elevID,0,  pos,6,  WRONG cmd, stop,0,  the elevator is not moving!
585.0,Elev,0,  arrived at dest, 6, this call is done!, Elevator call,170.0099620835246,0,6,3,0, Done, dt, 414.9900379164754
585.0,Elev,0,  arrived at src, 6, Elevator call,544.7880392034898,6,-1,2,0
585.0, elevID,0,  pos,6,  cmd, goto,2
593.0, elevID,1,  pos,3,  cmd, goto,7
597.0,Elevator call,596.1232022872633,8,0,1,1, got allocated to elevator, 1
599.0, elevID,0,  pos,2,  cmd, goto,3
601.0,Elevator call,600.9312879686208,1,0,1,0, got allocated to elevator, 0
, elevID,0,  pos,2,  WRONG cmd, stop,1,  the elevator is not moving!
604.0,Elevator call,603.9342326983083,7,0,1,1, got allocated to elevator, 1
, elevID,1,  pos,7,  WRONG cmd, stop,7,  the elevator is not moving!
607.0,Elev,1,  arrived at src, 7, Elevator call,603.9342326983083,7,0,2,1
, elevID,1,  pos,7,  WRONG cmd, stop,8,  the elevator is not moving!
608.0, elevID,1,  pos,7,  cmd, goto,-2
610.0, elevID,0,  pos,3,  cmd, goto,8
618.0,Elevator call,617.9628338542149,0,3,1,1, got allocated to elevator, 1
620.0,Elevator call,619.6454196970012,9,0,1,0, got allocated to elevator, 0
, elevID,1,  pos,0,  cmd, stop,0
, elevID,0,  pos,8,  WRONG cmd, stop,9,  the elevator is not moving!
625.0,Elev,1,  arrived at src, 0, Elevator call,565.0195521745534,0,-1,2,1
625.0,Elev,1,  arrived at dest, 0, this call is done!, Elevator call,603.9342326983083,7,0,3,1, Done, dt, 21.06576730169172
625.0,Elev,1,  arrived at src, 0, Elevator call,617.9628338542149,0,3,2,1
625.0, elevID,1,  pos,0,  cmd, goto,1
626.0, elevID,0,  pos,8,  cmd, goto,6
627.0,Elevator call,626.2116172047942,0,1,1,1, got allocated to elevator, 1
627.0, elevID,1,  pos,0,  cmd, stop,0
635.0,Elev,1,  arrived at src, 0, Elevator call,626.2116172047942,0,1,2,1
635.0, elevID,1,  pos,0,  cmd, goto,9
638.0, elevID,0,  pos,6,  cmd, goto,5
644.0,Elevator call,643.8547514955396,-1,2,1,1, got allocated to elevator, 1
, elevID,1,  pos,4,  WRONG cmd, stop,-1,  the elevator is not moving!
649.0,Elev,0,  arrived at dest, 5, this call is done!, Elevator call,227.0798304557929,-1,5,3,0, Done, dt, 421.9201695442071
649.0,Elev,0,  arrived at dest, 5, this call is done!, Elevator call,319.90520204415634,6,5,3,0, Done, dt, 329.09479795584366
649.0,Elev,0,  arrived at dest, 5, this call is done!, Elevator call,392.5160764870397,0,5,3,0, Done, dt, 256.4839235129603
649.0, elevID,0,  pos,5,  cmd, goto,8
654.0, elevID,1,  pos,9,  cmd, goto,9
654.0, elevID,1,  pos,9,  cmd, goto,5
661.0,Elevator call,660.0732907797126,6,10,1,1, got allocated to elevator, 1
662.0,Elevator call,661.0420820268716,-1,3,1,0, got allocated to elevator, 0
662.0, elevID,0,  pos,8,  cmd, goto,-1
, elevID,1,  pos,6,  cmd, stop,6
663.0,Elevator call,662.1730527520776,-1,5,1,1, got allocated to elevator, 1
666.0,Elevator call,665.1155548533167,-1,8,1,1, got allocated to elevator, 1
667.0,Elevator call,666.0340294605869,4,0,1,1, got allocated to elevator, 1
667.0,Elevator call,666.2411586665262,5,-1,1,1, got allocated to elevator, 1
667.0,Elev,1,  arrived at src, 6, Elevator call,660.0732907797126,6,10,2,1
667.0, elevID,1,  pos,6,  cmd, goto,-1
673.0,Elevator call,672.677314157026,0,-1,1,0, got allocated to elevator, 0
, elevID,0,  pos,-1,  WRONG cmd, stop,-1,  the elevator is not moving!
, elevID,0,  pos,-1,  WRONG cmd, stop,0,  the elevator is not moving!
678.0,Elevator call,677.7341948387335,0,-1,1,1, got allocated to elevator, 1
679.0,Elevator call,678.9953584914538,-1,-2,1,0, got allocated to elevator, 0
, elevID,0,  pos,-1,  WRONG cmd, stop,-1,  the elevator is not moving!
, elevID,1,  pos,-1,  WRONG cmd, stop,-1,  the elevator is not moving!
, elevID,1,  pos,-1,  WRONG cmd, stop,-1,  the elevator is not moving!
681.0,Elev,0,  arrived at dest, -1, this call is done!, Elevator call,174.84385152106802,0,-1,3,0, Done, dt, 506.156148478932
681.0,Elev,0,  arrived at dest, -1, this call is done!, Elevator call,232.95043623946805,0,-1,3,0, Done, dt, 448.04956376053195
681.0,Elev,0,  arrived at dest, -1, this call is done!, Elevator call,544.7880392034898,6,-1,3,0, Done, dt, 136.2119607965102
681.0,Elev,0,  arrived at src, -1, Elevator call,661.0420820268716,-1,3,2,0
681.0,Elev,0,  arrived at src, -1, Elevator call,678.9953584914538,-1,-2,2,0
681.0, elevID,0,  pos,-1,  cmd, goto,0
, elevID,1,  pos,-1,  WRONG cmd, stop,0,  the elevator is not moving!
, elevID,1,  pos,-1,  WRONG cmd, stop,4,  the elevator is not moving!
, elevID,1,  pos,-1,  WRONG cmd, stop,5,  the elevator is not moving!
684.0,Elev,1,  arrived at dest, -1, this call is done!, Elevator call,565.0195521745534,0,-1,3,1, Done, dt, 118.98044782544662
684.0,Elev,1,  arrived at src, -1, Elevator call,643.8547514955396,-1,2,2,1
684.0,Elev,1,  arrived at src, -1, Elevator call,662.1730527520776,-1,5,2,1
684.0,Elev,1,  arrived at src, -1, Elevator call,665.1155548533167,-1,8,2,1
684.0, elevID,1,  pos,-1,  cmd, goto,3
692.0,Elev,0,  arrived at src, 0, Elevator call,504.4317942159655,0,-1,2,0
692.0,Elev,0,  arrived at dest, 0, this call is done!, Elevator call,554.0892922920482,4,0,3,0, Done, dt, 137.91070770795181
692.0,Elev,0,  arrived at src, 0, Elevator call,581.8703090238192,0,3,2,0
692.0,Elev,0,  arrived at src, 0, Elevator call,672.677314157026,0,-1,2,0
692.0, elevID,0,  pos,0,  cmd, goto,4
696.0,Elevator call,695.2239881566923,0,10,1,0, got allocated to elevator, 0
696.0, elevID,0,  pos,0,  cmd, stop,0
698.0,Elev,1,  arrived at dest, 3, this call is done!, Elevator call,617.9628338542149,0,3,3,1, Done, dt, 80.03716614578514
698.0, elevID,1,  pos,3,  cmd, goto,3
698.0, elevID,1,  pos,3,  cmd, goto,-1
702.0,Elev,0,  arrived at src, 0, Elevator call,695.2239881566923,0,10,2,0
702.0, elevID,0,  pos,0,  cmd, goto,-1
707.0,Elevator call,706.1583474999188,-1,-2,1,1, got allocated to elevator, 1
, elevID,1,  pos,-1,  WRONG cmd, stop,-1,  the elevator is not moving!
711.0,Elevator call,710.3249770041223,0,1,1,0, got allocated to elevator, 0
, elevID,0,  pos,-1,  WRONG cmd, stop,0,  the elevator is not moving!
712.0,Elev,1,  arrived at src, -1, Elevator call,706.1583474999188,-1,-2,2,1
712.0, elevID,1,  pos,-1,  cmd, goto,8
713.0,Elev,0,  arrived at dest, -1, this call is done!, Elevator call,504.4317942159655,0,-1,3,0, Done, dt, 208.5682057840345
713.0,Elev,0,  arrived at dest, -1, this call is done!, Elevator call,672.677314157026,0,-1,3,0, Done, dt, 40.32268584297401
713.0, elevID,0,  pos,-1,  cmd, goto,4
714.0,Elevator call,713.0191971398395,1,0,1,0, got allocated to elevator, 0
714.0,Elevator call,713.2499766424826,10,-1,1,1, got allocated to elevator, 1
720.0, elevID,0,  pos,1,  cmd, stop,1
723.0,Elevator call,722.6161212799507,10,0,1,0, got allocated to elevator, 0
725.0,Elev,0,  arrived at src, 1, Elevator call,503.13847841893045,1,-1,2,0
725.0,Elev,0,  arrived at src, 1, Elevator call,600.9312879686208,1,0,2,0
725.0,Elev,0,  arrived at src, 1, Elevator call,713.0191971398395,1,0,2,0
, elevID,0,  pos,1,  WRONG cmd, stop,10,  the elevator is not moving!
726.0, elevID,0,  pos,1,  cmd, goto,1
726.0, elevID,0,  pos,1,  cmd, goto,1
727.0, elevID,0,  pos,1,  cmd, goto,2
728.0,Elevator call,727.514602863032,-1,0,1,0, got allocated to elevator, 0
, elevID,0,  pos,1,  WRONG cmd, stop,-1,  the elevator is not moving!
731.0,Elev,1,  arrived at src, 8, Elevator call,500.3712044996745,8,-1,2,1
731.0,Elev,1,  arrived at src, 8, Elevator call,596.1232022872633,8,0,2,1
731.0,Elev,1,  arrived at dest, 8, this call is done!, Elevator call,665.1155548533167,-1,8,3,1, Done, dt, 65.88444514668333
, elevID,1,  pos,8,  WRONG cmd, stop,10,  the elevator is not moving!
732.0, elevID,1,  pos,8,  cmd, goto,7
733.0,Elevator call,732.9746341348998,6,-1,1,1, got allocated to elevator, 1
738.0,Elevator call,737.314720213409,1,0,1,0, got allocated to elevator, 0
738.0, elevID,0,  pos,2,  cmd, goto,1
743.0, elevID,1,  pos,7,  cmd, goto,6
, elevID,0,  pos,1,  WRONG cmd, stop,1,  the elevator is not moving!
749.0,Elev,0,  arrived at src, 1, Elevator call,737.314720213409,1,0,2,0
749.0, elevID,0,  pos,1,  cmd, goto,8
, elevID,1,  pos,6,  WRONG cmd, stop,6,  the elevator is not moving!
754.0,Elev,1,  arrived at src, 6, Elevator call,732.9746341348998,6,-1,2,1
754.0, elevID,1,  pos,6,  cmd, goto,-1
766.0, elevID,0,  pos,8,  cmd, goto,3
771.0,Elev,1,  arrived at dest, -1, this call is done!, Elevator call,500.3712044996745,8,-1,3,1, Done, dt, 270.6287955003255
771.0,Elev,1,  arrived at dest, -1, this call is done!, Elevator call,732.9746341348998,6,-1,3,1, Done, dt, 38.025365865100184
771.0, elevID,1,  pos,-1,  cmd, goto,6
780.0,Elevator call,779.399691386574,-1,5,1,0, got allocated to elevator, 0
781.0,Elev,0,  arrived at dest, 3, this call is done!, Elevator call,581.8703090238192,0,3,3,0, Done, dt, 199.12969097618077
781.0,Elev,0,  arrived at dest, 3, this call is done!, Elevator call,661.0420820268716,-1,3,3,0, Done, dt, 119.95791797312836
781.0, elevID,0,  pos,3,  cmd, goto,-1
788.0, elevID,1,  pos,6,  cmd, goto,6
788.0, elevID,1,  pos,6,  cmd, goto,5
, elevID,0,  pos,-1,  WRONG cmd, stop,-1,  the elevator is not moving!
795.0,Elev,0,  arrived at dest, -1, this call is done!, Elevator call,503.13847841893045,1,-1,3,0, Done, dt, 291.86152158106955
795.0,Elev,0,  arrived at src, -1, Elevator call,727.514602863032,-1,0,2,0
795.0,Elev,0,  arrived at src, -1, Elevator call,779.399691386574,-1,5,2,0
795.0, elevID,0,  pos,-1,  cmd, goto,4
799.0,Elev,1,  arrived at dest, 5, this call is done!, Elevator call,662.1730527520776,-1,5,3,1, Done, dt, 136.82694724792236
799.0,Elev,1,  arrived at src, 5, Elevator call,666.2411586665262,5,-1,2,1
799.0, elevID,1,  pos,5,  cmd, goto,4
806.0,Elevator call,805.6754743307536,-1,-2,1,0, got allocated to elevator, 0
, elevID,0,  pos,4,  WRONG cmd, stop,-1,  the elevator is not moving!
810.0, elevID,0,  pos,4,  cmd, goto,8
810.0,Elev,1,  arrived at src, 4, Elevator call,666.0340294605869,4,0,2,1
810.0, elevID,1,  pos,4,  cmd, goto,3
811.0,Elevator call,810.4469089359914,2,0,1,0, got allocated to elevator, 0
, elevID,0,  pos,4,  WRONG cmd, stop,2,  the elevator is not moving!
817.0,Elevator call,816.1516998390152,7,-1,1,0, got allocated to elevator, 0
818.0, elevID,0,  pos,7,  cmd, stop,7
821.0, elevID,1,  pos,3,  cmd, goto,1
823.0,Elev,0,  arrived at src, 7, Elevator call,816.1516998390152,7,-1,2,0
823.0, elevID,0,  pos,7,  cmd, goto,4
826.0,Elevator call,825.4575184586336,7,0,1,0, got allocated to elevator, 0
, elevID,0,  pos,7,  cmd, stop,7
833.0,Elev,0,  arrived at src, 7, Elevator call,825.4575184586336,7,0,2,0
833.0, elevID,0,  pos,7,  cmd, goto,6
833.0,Elev,1,  arrived at dest, 1, this call is done!, Elevator call,626.2116172047942,0,1,3,1, Done, dt, 206.78838279520585
833.0, elevID,1,  pos,1,  cmd, goto,9
840.0,Elevator call,839.8525652620532,0,1,1,1, got allocated to elevator, 1
, elevID,1,  pos,3,  WRONG cmd, stop,0,  the elevator is not moving!
844.0, elevID,0,  pos,6,  cmd, goto,7
851.0, elevID,1,  pos,9,  cmd, goto,7
855.0,Elevator call,854.2002278085795,6,-1,1,0, got allocated to elevator, 0
855.0, elevID,0,  pos,7,  cmd, goto,6
, elevID,0,  pos,6,  WRONG cmd, stop,6,  the elevator is not moving!
863.0, elevID,1,  pos,7,  cmd, goto,-1
864.0,Elevator call,863.893291272948,0,-1,1,0, got allocated to elevator, 0
866.0,Elev,0,  arrived at src, 6, Elevator call,854.2002278085795,6,-1,2,0
866.0, elevID,0,  pos,6,  cmd, goto,0
871.0,Elevator call,870.5053023797483,0,7,1,1, got allocated to elevator, 1
, elevID,1,  pos,0,  cmd, stop,0
, elevID,0,  pos,0,  WRONG cmd, stop,0,  the elevator is not moving!
880.0,Elev,1,  arrived at dest, 0, this call is done!, Elevator call,596.1232022872633,8,0,3,1, Done, dt, 283.8767977127367
880.0,Elev,1,  arrived at dest, 0, this call is done!, Elevator call,666.0340294605869,4,0,3,1, Done, dt, 213.9659705394131
880.0,Elev,1,  arrived at src, 0, Elevator call,677.7341948387335,0,-1,2,1
880.0,Elev,1,  arrived at src, 0, Elevator call,839.8525652620532,0,1,2,1
880.0,Elev,1,  arrived at src, 0, Elevator call,870.5053023797483,0,7,2,1
880.0, elevID,1,  pos,0,  cmd, goto,5
882.0,Elev,0,  arrived at dest, 0, this call is done!, Elevator call,600.9312879686208,1,0,3,0, Done, dt, 281.06871203137916
882.0,Elev,0,  arrived at src, 0, Elevator call,710.3249770041223,0,1,2,0
882.0,Elev,0,  arrived at dest, 0, this call is done!, Elevator call,713.0191971398395,1,0,3,0, Done, dt, 168.98080286016045
882.0,Elev,0,  arrived at dest, 0, this call is done!, Elevator call,727.514602863032,-1,0,3,0, Done, dt, 154.485397136968
882.0,Elev,0,  arrived at dest, 0, this call is done!, Elevator call,737.314720213409,1,0,3,0, Done, dt, 144.68527978659097
882.0,Elev,0,  arrived at dest, 0, this call is done!, Elevator call,825.4575184586336,7,0,3,0, Done, dt, 56.54248154136644
882.0,Elev,0,  arrived at src, 0, Elevator call,863.893291272948,0,-1,2,0
882.0, elevID,0,  pos,0,  cmd, goto,3
887.0,Elevator call,886.5649993239458,-1,-2,1,0, got allocated to elevator, 0
, elevID,0,  pos,0,  WRONG cmd, stop,-1,  the elevator is not moving!
893.0,Elevator call,892.5212150591021,9,-1,1,1, got allocated to elevator, 1
895.0, elevID,0,  pos,3,  cmd, goto,2
, elevID,1,  pos,5,  WRONG cmd, stop,9,  the elevator is not moving!
896.0, elevID,1,  pos,5,  cmd, goto,-2
906.0,Elev,0,  arrived at src, 2, Elevator call,810.4469089359914,2,0,2,0
906.0, elevID,0,  pos,2,  cmd, goto,5
911.0,Elevator call,910.5388559417848,6,5,1,0, got allocated to elevator, 0
913.0,Elev,1,  arrived at dest, -2, this call is done!, Elevator call,187.11678617348463,-1,-2,3,1, Done, dt, 725.8832138265154
913.0,Elev,1,  arrived at dest, -2, this call is done!, Elevator call,187.7299317966884,-1,-2,3,1, Done, dt, 725.2700682033117
913.0,Elev,1,  arrived at dest, -2, this call is done!, Elevator call,251.10444690749756,-1,-2,3,1, Done, dt, 661.8955530925025
913.0,Elev,1,  arrived at dest, -2, this call is done!, Elevator call,706.1583474999188,-1,-2,3,1, Done, dt, 206.84165250008118
913.0, elevID,1,  pos,-2,  cmd, goto,5
916.0,Elevator call,915.9490574608818,4,-1,1,0, got allocated to elevator, 0
, elevID,0,  pos,5,  WRONG cmd, stop,4,  the elevator is not moving!
919.0,Elev,0,  arrived at dest, 5, this call is done!, Elevator call,779.399691386574,-1,5,3,0, Done, dt, 139.60030861342602
, elevID,0,  pos,5,  WRONG cmd, stop,6,  the elevator is not moving!
920.0, elevID,0,  pos,5,  cmd, goto,0
930.0, elevID,1,  pos,5,  cmd, goto,7
934.0,Elevator call,933.8580452488764,7,5,1,1, got allocated to elevator, 1
935.0,Elev,0,  arrived at dest, 0, this call is done!, Elevator call,810.4469089359914,2,0,3,0, Done, dt, 124.55309106400864
935.0, elevID,0,  pos,0,  cmd, goto,8
, elevID,1,  pos,7,  WRONG cmd, stop,7,  the elevator is not moving!
942.0,Elev,1,  arrived at dest, 7, this call is done!, Elevator call,870.5053023797483,0,7,3,1, Done, dt, 71.49469762025171
942.0,Elev,1,  arrived at src, 7, Elevator call,933.8580452488764,7,5,2,1
942.0, elevID,1,  pos,7,  cmd, goto,5
953.0, elevID,0,  pos,8,  cmd, goto,8
953.0, elevID,0,  pos,8,  cmd, goto,4
954.0,Elev,1,  arrived at dest, 5, this call is done!, Elevator call,933.8580452488764,7,5,3,1, Done, dt, 20.14195475112365
954.0, elevID,1,  pos,5,  cmd, goto,6
962.0,Elevator call,961.6862855708133,6,-1,1,1, got allocated to elevator, 1
, elevID,1,  pos,6,  WRONG cmd, stop,6,  the elevator is not moving!
965.0,Elev,1,  arrived at src, 6, Elevator call,961.6862855708133,6,-1,2,1
965.0, elevID,1,  pos,6,  cmd, goto,-1
967.0,Elev,0,  arrived at src, 4, Elevator call,915.9490574608818,4,-1,2,0
967.0, elevID,0,  pos,4,  cmd, goto,1
973.0,Elevator call,972.8032126022729,1,0,1,0, got allocated to elevator, 0
, elevID,0,  pos,1,  WRONG cmd, stop,1,  the elevator is not moving!
976.0,Elevator call,975.8361202753667,0,-1,1,1, got allocated to elevator, 1
, elevID,1,  pos,0,  cmd, stop,0
979.0,Elevator call,978.5925148564796,10,0,1,0, got allocated to elevator, 0
979.0,Elevator call,978.6210500641439,10,-1,1,1, got allocated to elevator, 1
, elevID,0,  pos,1,  WRONG cmd, stop,10,  the elevator is not moving!
, elevID,1,  pos,0,  WRONG cmd, stop,10,  the elevator is not moving!
980.0,Elev,0,  arrived at dest, 1, this call is done!, Elevator call,710.3249770041223,0,1,3,0, Done, dt, 269.6750229958777
980.0,Elev,0,  arrived at src, 1, Elevator call,972.8032126022729,1,0,2,0
980.0, elevID,0,  pos,1,  cmd, goto,5
981.0,Elev,1,  arrived at src, 0, Elevator call,975.8361202753667,0,-1,2,1
981.0, elevID,1,  pos,0,  cmd, goto,-1
985.0,Elevator call,984.1840185574983,7,0,1,0, got allocated to elevator, 0
992.0,Elev,1,  arrived at dest, -1, this call is done!, Elevator call,666.2411586665262,5,-1,3,1, Done, dt, 325.7588413334738
992.0,Elev,1,  arrived at dest, -1, this call is done!, Elevator call,677.7341948387335,0,-1,3,1, Done, dt, 314.2658051612665
992.0,Elev,1,  arrived at dest, -1, this call is done!, Elevator call,961.6862855708133,6,-1,3,1, Done, dt, 30.31371442918669
992.0,Elev,1,  arrived at dest, -1, this call is done!, Elevator call,975.8361202753667,0,-1,3,1, Done, dt, 16.16387972463326
992.0, elevID,1,  pos,-1,  cmd, goto,0
, elevID,0,  pos,5,  WRONG cmd, stop,7,  the elevator is not moving!
995.0, elevID,0,  pos,5,  cmd, goto,3
1000.0,************* Simulation Ended ************
Code Owners,123456789,  Case,2,  Total waiting time: 20846.79282212021,  average waiting time per call: 208.4679282212021,  unCompleted calls,25,  certificate, -7093979961
