**** The Simulator log: stage 2
0.0,OOP_Ex0_Elevator_Simulator
0.0,Simulated Building, ex0.simulator.Builging_A [-2,10]
0) ex0.simulator.Elevator_A, Elev_0, speed: 1.0, open/close: 2.0,  start/stop: 3.0
1) ex0.simulator.Elevator_A, Elev_1, speed: 1.0, open/close: 2.0,  start/stop: 3.0
0.0,Simulated Period starTime,0.0,  endTime,1000.0,  dt,1.0
0.0,Simulated  calls,Elevetor log, size: 100
0.0,**** Simulation starts!! ****
0.0, elevID,0,  pos,-2,  cmd, goto,-1
5.0,Elevator call,4.374727290393253,0,-1,1,0, got allocated to elevator, 0
, elevID,0,  pos,-1,  WRONG cmd, stop,0,  the elevator is not moving!
12.0, elevID,0,  pos,-1,  cmd, goto,0
17.0,Elevator call,16.957882888088932,-1,0,1,0, got allocated to elevator, 0
23.0,Elevator call,22.094056301593582,0,-1,1,0, got allocated to elevator, 0
23.0,Elev,0,  arrived at src, 0, Elevator call,4.374727290393253,0,-1,2,0
23.0,Elev,0,  arrived at src, 0, Elevator call,22.094056301593582,0,-1,2,0
, elevID,0,  pos,0,  WRONG cmd, stop,0,  the elevator is not moving!
24.0, elevID,0,  pos,0,  cmd, goto,0
86.0,Elevator call,85.5209666204754,3,2,1,0, got allocated to elevator, 0
, elevID,0,  pos,0,  WRONG cmd, stop,3,  the elevator is not moving!
87.0, elevID,0,  pos,0,  cmd, goto,3
92.0,Elevator call,91.21019413453945,-1,-2,1,0, got allocated to elevator, 0
100.0,Elev,0,  arrived at src, 3, Elevator call,85.5209666204754,3,2,2,0
, elevID,0,  pos,3,  WRONG cmd, stop,-1,  the elevator is not moving!
101.0, elevID,0,  pos,3,  cmd, goto,-1
105.0,Elevator call,104.13701241869234,0,4,1,0, got allocated to elevator, 0
110.0,Elevator call,109.21352909346587,-1,0,1,0, got allocated to elevator, 0
115.0,Elevator call,114.39235096774041,3,0,1,0, got allocated to elevator, 0
115.0,Elev,0,  arrived at dest, -1, this call is done!, Elevator call,4.374727290393253,0,-1,3,0, Done, dt, 110.62527270960675
115.0,Elev,0,  arrived at src, -1, Elevator call,16.957882888088932,-1,0,2,0
115.0,Elev,0,  arrived at dest, -1, this call is done!, Elevator call,22.094056301593582,0,-1,3,0, Done, dt, 92.90594369840642
115.0,Elev,0,  arrived at src, -1, Elevator call,91.21019413453945,-1,-2,2,0
115.0,Elev,0,  arrived at src, -1, Elevator call,109.21352909346587,-1,0,2,0
, elevID,0,  pos,-1,  WRONG cmd, stop,0,  the elevator is not moving!
, elevID,0,  pos,-1,  WRONG cmd, stop,3,  the elevator is not moving!
, elevID,0,  pos,-1,  WRONG cmd, stop,4,  the elevator is not moving!
118.0, elevID,0,  pos,-1,  cmd, goto,4
125.0,Elevator call,124.42557095980362,0,9,1,0, got allocated to elevator, 0
131.0,Elevator call,130.02495678190564,8,10,1,0, got allocated to elevator, 0
131.0,Elevator call,130.224911275492,-1,1,1,0, got allocated to elevator, 0
, elevID,0,  pos,4,  WRONG cmd, stop,0,  the elevator is not moving!
, elevID,0,  pos,4,  WRONG cmd, stop,1,  the elevator is not moving!
, elevID,0,  pos,4,  WRONG cmd, stop,8,  the elevator is not moving!
, elevID,0,  pos,4,  WRONG cmd, stop,9,  the elevator is not moving!
, elevID,0,  pos,4,  WRONG cmd, stop,10,  the elevator is not moving!
138.0,Elevator call,137.9515274326701,0,4,1,0, got allocated to elevator, 0
, elevID,0,  pos,4,  WRONG cmd, stop,4,  the elevator is not moving!
, elevID,0,  pos,4,  WRONG cmd, stop,10,  the elevator is not moving!
140.0, elevID,0,  pos,4,  cmd, goto,10
144.0,Elevator call,143.91335838799415,0,6,1,0, got allocated to elevator, 0
, elevID,0,  pos,10,  WRONG cmd, stop,6,  the elevator is not moving!
157.0, elevID,0,  pos,10,  cmd, goto,6
170.0,Elevator call,169.78458339380109,-1,0,1,0, got allocated to elevator, 0
171.0,Elevator call,170.0099620835246,0,6,1,0, got allocated to elevator, 0
, elevID,0,  pos,6,  WRONG cmd, stop,0,  the elevator is not moving!
172.0,Elevator call,171.21173315221364,-1,8,1,0, got allocated to elevator, 0
, elevID,0,  pos,6,  WRONG cmd, stop,0,  the elevator is not moving!
, elevID,0,  pos,6,  WRONG cmd, stop,6,  the elevator is not moving!
, elevID,0,  pos,6,  WRONG cmd, stop,8,  the elevator is not moving!
175.0,Elevator call,174.84385152106802,0,-1,1,0, got allocated to elevator, 0
, elevID,0,  pos,6,  WRONG cmd, stop,0,  the elevator is not moving!
, elevID,0,  pos,6,  WRONG cmd, stop,8,  the elevator is not moving!
177.0, elevID,0,  pos,6,  cmd, goto,8
188.0,Elevator call,187.11678617348463,-1,-2,1,0, got allocated to elevator, 0
188.0,Elevator call,187.7299317966884,-1,-2,1,0, got allocated to elevator, 0
189.0,Elev,0,  arrived at src, 8, Elevator call,130.02495678190564,8,10,2,0
, elevID,0,  pos,8,  WRONG cmd, stop,-1,  the elevator is not moving!
190.0, elevID,0,  pos,8,  cmd, goto,-1
196.0,Elevator call,195.90869649656992,0,7,1,0, got allocated to elevator, 0
198.0,Elevator call,197.5359191292572,-1,1,1,0, got allocated to elevator, 0
206.0,Elevator call,205.9895199338651,-1,0,1,0, got allocated to elevator, 0
209.0,Elev,0,  arrived at src, -1, Elevator call,130.224911275492,-1,1,2,0
209.0,Elev,0,  arrived at src, -1, Elevator call,169.78458339380109,-1,0,2,0
209.0,Elev,0,  arrived at src, -1, Elevator call,171.21173315221364,-1,8,2,0
209.0,Elev,0,  arrived at src, -1, Elevator call,187.11678617348463,-1,-2,2,0
209.0,Elev,0,  arrived at src, -1, Elevator call,187.7299317966884,-1,-2,2,0
209.0,Elev,0,  arrived at src, -1, Elevator call,197.5359191292572,-1,1,2,0
209.0,Elev,0,  arrived at src, -1, Elevator call,205.9895199338651,-1,0,2,0
, elevID,0,  pos,-1,  WRONG cmd, stop,0,  the elevator is not moving!
, elevID,0,  pos,-1,  WRONG cmd, stop,1,  the elevator is not moving!
, elevID,0,  pos,-1,  WRONG cmd, stop,7,  the elevator is not moving!
212.0, elevID,0,  pos,-1,  cmd, goto,7
228.0,Elevator call,227.0798304557929,-1,5,1,0, got allocated to elevator, 0
, elevID,0,  pos,7,  WRONG cmd, stop,5,  the elevator is not moving!
231.0, elevID,0,  pos,7,  cmd, goto,5
232.0,Elevator call,231.51578817426258,-1,0,1,0, got allocated to elevator, 0
233.0,Elevator call,232.95043623946805,0,-1,1,0, got allocated to elevator, 0
, elevID,0,  pos,5,  WRONG cmd, stop,0,  the elevator is not moving!
244.0, elevID,0,  pos,5,  cmd, goto,0
252.0,Elevator call,251.10444690749756,-1,-2,1,0, got allocated to elevator, 0
252.0,Elevator call,251.23593354161653,0,9,1,0, got allocated to elevator, 0
255.0,Elevator call,254.69771525200505,3,4,1,0, got allocated to elevator, 0
258.0,Elevator call,257.7974435335086,-1,0,1,0, got allocated to elevator, 0
259.0,Elev,0,  arrived at dest, 0, this call is done!, Elevator call,16.957882888088932,-1,0,3,0, Done, dt, 242.04211711191107
259.0,Elev,0,  arrived at src, 0, Elevator call,104.13701241869234,0,4,2,0
259.0,Elev,0,  arrived at dest, 0, this call is done!, Elevator call,109.21352909346587,-1,0,3,0, Done, dt, 149.78647090653413
259.0,Elev,0,  arrived at src, 0, Elevator call,124.42557095980362,0,9,2,0
259.0,Elev,0,  arrived at src, 0, Elevator call,137.9515274326701,0,4,2,0
259.0,Elev,0,  arrived at src, 0, Elevator call,143.91335838799415,0,6,2,0
259.0,Elev,0,  arrived at dest, 0, this call is done!, Elevator call,169.78458339380109,-1,0,3,0, Done, dt, 89.21541660619891
259.0,Elev,0,  arrived at src, 0, Elevator call,170.0099620835246,0,6,2,0
259.0,Elev,0,  arrived at src, 0, Elevator call,174.84385152106802,0,-1,2,0
259.0,Elev,0,  arrived at src, 0, Elevator call,195.90869649656992,0,7,2,0
259.0,Elev,0,  arrived at dest, 0, this call is done!, Elevator call,205.9895199338651,-1,0,3,0, Done, dt, 53.0104800661349
259.0,Elev,0,  arrived at src, 0, Elevator call,232.95043623946805,0,-1,2,0
259.0,Elev,0,  arrived at src, 0, Elevator call,251.23593354161653,0,9,2,0
, elevID,0,  pos,0,  WRONG cmd, stop,-1,  the elevator is not moving!
, elevID,0,  pos,0,  WRONG cmd, stop,0,  the elevator is not moving!
, elevID,0,  pos,0,  WRONG cmd, stop,3,  the elevator is not moving!
, elevID,0,  pos,0,  WRONG cmd, stop,4,  the elevator is not moving!
, elevID,0,  pos,0,  WRONG cmd, stop,9,  the elevator is not moving!
264.0, elevID,0,  pos,0,  cmd, goto,9
283.0,Elev,0,  arrived at dest, 9, this call is done!, Elevator call,124.42557095980362,0,9,3,0, Done, dt, 158.57442904019638
283.0,Elev,0,  arrived at dest, 9, this call is done!, Elevator call,251.23593354161653,0,9,3,0, Done, dt, 31.764066458383468
296.0,Elevator call,295.7943356681491,0,1,1,0, got allocated to elevator, 0
, elevID,0,  pos,9,  WRONG cmd, stop,1,  the elevator is not moving!
297.0, elevID,0,  pos,9,  cmd, goto,1
305.0,Elevator call,304.99843880775313,6,0,1,0, got allocated to elevator, 0
310.0,Elevator call,309.30053828560517,0,-1,1,0, got allocated to elevator, 0
313.0,Elevator call,312.30185564398687,0,-1,1,0, got allocated to elevator, 0
315.0,Elev,0,  arrived at dest, 1, this call is done!, Elevator call,130.224911275492,-1,1,3,0, Done, dt, 184.775088724508
315.0,Elev,0,  arrived at dest, 1, this call is done!, Elevator call,197.5359191292572,-1,1,3,0, Done, dt, 117.4640808707428
, elevID,0,  pos,1,  WRONG cmd, stop,0,  the elevator is not moving!
, elevID,0,  pos,1,  WRONG cmd, stop,6,  the elevator is not moving!
317.0,Elevator call,316.03237827404377,0,-1,1,0, got allocated to elevator, 0
, elevID,0,  pos,1,  WRONG cmd, stop,0,  the elevator is not moving!
, elevID,0,  pos,1,  WRONG cmd, stop,6,  the elevator is not moving!
319.0, elevID,0,  pos,1,  cmd, goto,6
320.0,Elevator call,319.90520204415634,6,5,1,0, got allocated to elevator, 0
321.0,Elevator call,320.97607492210807,-1,0,1,0, got allocated to elevator, 0
322.0,Elevator call,321.37040904796595,7,-1,1,0, got allocated to elevator, 0
333.0,Elevator call,332.4267319393355,0,10,1,0, got allocated to elevator, 0
334.0,Elev,0,  arrived at dest, 6, this call is done!, Elevator call,143.91335838799415,0,6,3,0, Done, dt, 190.08664161200585
334.0,Elev,0,  arrived at dest, 6, this call is done!, Elevator call,170.0099620835246,0,6,3,0, Done, dt, 163.9900379164754
334.0,Elev,0,  arrived at src, 6, Elevator call,304.99843880775313,6,0,2,0
334.0,Elev,0,  arrived at src, 6, Elevator call,319.90520204415634,6,5,2,0
, elevID,0,  pos,6,  WRONG cmd, stop,0,  the elevator is not moving!
, elevID,0,  pos,6,  WRONG cmd, stop,5,  the elevator is not moving!
, elevID,0,  pos,6,  WRONG cmd, stop,6,  the elevator is not moving!
337.0,Elevator call,336.93043046159545,-1,0,1,0, got allocated to elevator, 0
, elevID,0,  pos,6,  WRONG cmd, stop,0,  the elevator is not moving!
, elevID,0,  pos,6,  WRONG cmd, stop,6,  the elevator is not moving!
, elevID,0,  pos,6,  WRONG cmd, stop,7,  the elevator is not moving!
, elevID,0,  pos,6,  WRONG cmd, stop,10,  the elevator is not moving!
341.0, elevID,0,  pos,6,  cmd, goto,10
355.0,Elev,0,  arrived at dest, 10, this call is done!, Elevator call,130.02495678190564,8,10,3,0, Done, dt, 224.97504321809436
376.0,Elevator call,375.49048095381363,1,0,1,0, got allocated to elevator, 0
, elevID,0,  pos,10,  WRONG cmd, stop,1,  the elevator is not moving!
377.0, elevID,0,  pos,10,  cmd, goto,1
393.0,Elevator call,392.5160764870397,0,5,1,0, got allocated to elevator, 0
396.0,Elev,0,  arrived at src, 1, Elevator call,375.49048095381363,1,0,2,0
, elevID,0,  pos,1,  WRONG cmd, stop,5,  the elevator is not moving!
397.0, elevID,0,  pos,1,  cmd, goto,5
406.0,Elevator call,405.1821140884023,-1,10,1,0, got allocated to elevator, 0
411.0,Elev,0,  arrived at dest, 5, this call is done!, Elevator call,319.90520204415634,6,5,3,0, Done, dt, 91.09479795584366
, elevID,0,  pos,5,  WRONG cmd, stop,10,  the elevator is not moving!
412.0, elevID,0,  pos,5,  cmd, goto,10
427.0,Elevator call,426.8615805478589,2,0,1,0, got allocated to elevator, 0
, elevID,0,  pos,10,  WRONG cmd, stop,2,  the elevator is not moving!
428.0, elevID,0,  pos,10,  cmd, goto,2
438.0,Elevator call,437.17111576125836,1,0,1,0, got allocated to elevator, 0
446.0,Elev,0,  arrived at dest, 2, this call is done!, Elevator call,85.5209666204754,3,2,3,0, Done, dt, 360.4790333795246
446.0,Elev,0,  arrived at src, 2, Elevator call,426.8615805478589,2,0,2,0
, elevID,0,  pos,2,  WRONG cmd, stop,1,  the elevator is not moving!
447.0, elevID,0,  pos,2,  cmd, goto,1
458.0,Elev,0,  arrived at src, 1, Elevator call,437.17111576125836,1,0,2,0
473.0,Elevator call,472.7445473930129,10,-1,1,0, got allocated to elevator, 0
, elevID,0,  pos,1,  WRONG cmd, stop,10,  the elevator is not moving!
474.0, elevID,0,  pos,1,  cmd, goto,10
493.0,Elev,0,  arrived at src, 10, Elevator call,472.7445473930129,10,-1,2,0
501.0,Elevator call,500.3712044996745,8,-1,1,0, got allocated to elevator, 0
, elevID,0,  pos,10,  WRONG cmd, stop,8,  the elevator is not moving!
502.0, elevID,0,  pos,10,  cmd, goto,8
504.0,Elevator call,503.13847841893045,1,-1,1,0, got allocated to elevator, 0
505.0,Elevator call,504.4317942159655,0,-1,1,0, got allocated to elevator, 0
514.0,Elev,0,  arrived at dest, 8, this call is done!, Elevator call,171.21173315221364,-1,8,3,0, Done, dt, 342.78826684778636
514.0,Elev,0,  arrived at src, 8, Elevator call,500.3712044996745,8,-1,2,0
, elevID,0,  pos,8,  WRONG cmd, stop,0,  the elevator is not moving!
, elevID,0,  pos,8,  WRONG cmd, stop,1,  the elevator is not moving!
516.0, elevID,0,  pos,8,  cmd, goto,1
530.0,Elevator call,529.6277472128405,3,-1,1,0, got allocated to elevator, 0
533.0,Elev,0,  arrived at src, 1, Elevator call,503.13847841893045,1,-1,2,0
, elevID,0,  pos,1,  WRONG cmd, stop,3,  the elevator is not moving!
534.0, elevID,0,  pos,1,  cmd, goto,3
538.0,Elevator call,537.7866883694313,-1,6,1,0, got allocated to elevator, 0
545.0,Elevator call,544.7880392034898,6,-1,1,0, got allocated to elevator, 0
546.0,Elev,0,  arrived at src, 3, Elevator call,114.39235096774041,3,0,2,0
546.0,Elev,0,  arrived at src, 3, Elevator call,254.69771525200505,3,4,2,0
546.0,Elev,0,  arrived at src, 3, Elevator call,529.6277472128405,3,-1,2,0
, elevID,0,  pos,3,  WRONG cmd, stop,6,  the elevator is not moving!
547.0, elevID,0,  pos,3,  cmd, goto,6
555.0,Elevator call,554.0892922920482,4,0,1,0, got allocated to elevator, 0
558.0,Elevator call,557.2441390036331,10,0,1,0, got allocated to elevator, 0
560.0,Elev,0,  arrived at src, 6, Elevator call,544.7880392034898,6,-1,2,0
, elevID,0,  pos,6,  WRONG cmd, stop,4,  the elevator is not moving!
, elevID,0,  pos,6,  WRONG cmd, stop,10,  the elevator is not moving!
562.0, elevID,0,  pos,6,  cmd, goto,10
566.0,Elevator call,565.0195521745534,0,-1,1,0, got allocated to elevator, 0
576.0,Elev,0,  arrived at src, 10, Elevator call,557.2441390036331,10,0,2,0
, elevID,0,  pos,10,  WRONG cmd, stop,0,  the elevator is not moving!
577.0, elevID,0,  pos,10,  cmd, goto,0
582.0,Elevator call,581.8703090238192,0,3,1,0, got allocated to elevator, 0
597.0,Elevator call,596.1232022872633,8,0,1,0, got allocated to elevator, 0
597.0,Elev,0,  arrived at dest, 0, this call is done!, Elevator call,114.39235096774041,3,0,3,0, Done, dt, 482.6076490322596
597.0,Elev,0,  arrived at src, 0, Elevator call,295.7943356681491,0,1,2,0
597.0,Elev,0,  arrived at dest, 0, this call is done!, Elevator call,304.99843880775313,6,0,3,0, Done, dt, 292.00156119224687
597.0,Elev,0,  arrived at src, 0, Elevator call,309.30053828560517,0,-1,2,0
597.0,Elev,0,  arrived at src, 0, Elevator call,312.30185564398687,0,-1,2,0
597.0,Elev,0,  arrived at src, 0, Elevator call,316.03237827404377,0,-1,2,0
597.0,Elev,0,  arrived at src, 0, Elevator call,332.4267319393355,0,10,2,0
597.0,Elev,0,  arrived at dest, 0, this call is done!, Elevator call,375.49048095381363,1,0,3,0, Done, dt, 221.50951904618637
597.0,Elev,0,  arrived at src, 0, Elevator call,392.5160764870397,0,5,2,0
597.0,Elev,0,  arrived at dest, 0, this call is done!, Elevator call,426.8615805478589,2,0,3,0, Done, dt, 170.13841945214108
597.0,Elev,0,  arrived at dest, 0, this call is done!, Elevator call,437.17111576125836,1,0,3,0, Done, dt, 159.82888423874164
597.0,Elev,0,  arrived at src, 0, Elevator call,504.4317942159655,0,-1,2,0
597.0,Elev,0,  arrived at dest, 0, this call is done!, Elevator call,557.2441390036331,10,0,3,0, Done, dt, 39.75586099636689
597.0,Elev,0,  arrived at src, 0, Elevator call,565.0195521745534,0,-1,2,0
597.0,Elev,0,  arrived at src, 0, Elevator call,581.8703090238192,0,3,2,0
, elevID,0,  pos,0,  WRONG cmd, stop,3,  the elevator is not moving!
, elevID,0,  pos,0,  WRONG cmd, stop,8,  the elevator is not moving!
599.0, elevID,0,  pos,0,  cmd, goto,8
601.0,Elevator call,600.9312879686208,1,0,1,0, got allocated to elevator, 0
604.0,Elevator call,603.9342326983083,7,0,1,0, got allocated to elevator, 0
617.0,Elev,0,  arrived at src, 8, Elevator call,596.1232022872633,8,0,2,0
, elevID,0,  pos,8,  WRONG cmd, stop,1,  the elevator is not moving!
618.0,Elevator call,617.9628338542149,0,3,1,0, got allocated to elevator, 0
, elevID,0,  pos,8,  WRONG cmd, stop,1,  the elevator is not moving!
, elevID,0,  pos,8,  WRONG cmd, stop,3,  the elevator is not moving!
620.0,Elevator call,619.6454196970012,9,0,1,0, got allocated to elevator, 0
, elevID,0,  pos,8,  WRONG cmd, stop,3,  the elevator is not moving!
, elevID,0,  pos,8,  WRONG cmd, stop,7,  the elevator is not moving!
, elevID,0,  pos,8,  WRONG cmd, stop,9,  the elevator is not moving!
623.0, elevID,0,  pos,8,  cmd, goto,9
627.0,Elevator call,626.2116172047942,0,1,1,0, got allocated to elevator, 0
634.0,Elev,0,  arrived at src, 9, Elevator call,619.6454196970012,9,0,2,0
, elevID,0,  pos,9,  WRONG cmd, stop,1,  the elevator is not moving!
635.0, elevID,0,  pos,9,  cmd, goto,1
644.0,Elevator call,643.8547514955396,-1,2,1,0, got allocated to elevator, 0
653.0,Elev,0,  arrived at dest, 1, this call is done!, Elevator call,295.7943356681491,0,1,3,0, Done, dt, 357.2056643318509
653.0,Elev,0,  arrived at src, 1, Elevator call,600.9312879686208,1,0,2,0
, elevID,0,  pos,1,  WRONG cmd, stop,2,  the elevator is not moving!
654.0, elevID,0,  pos,1,  cmd, goto,2
661.0,Elevator call,660.0732907797126,6,10,1,0, got allocated to elevator, 0
662.0,Elevator call,661.0420820268716,-1,3,1,0, got allocated to elevator, 0
663.0,Elevator call,662.1730527520776,-1,5,1,0, got allocated to elevator, 0
, elevID,0,  pos,2,  WRONG cmd, stop,3,  the elevator is not moving!
666.0,Elevator call,665.1155548533167,-1,8,1,0, got allocated to elevator, 0
, elevID,0,  pos,2,  WRONG cmd, stop,3,  the elevator is not moving!
667.0,Elevator call,666.0340294605869,4,0,1,0, got allocated to elevator, 0
667.0,Elevator call,666.2411586665262,5,-1,1,0, got allocated to elevator, 0
, elevID,0,  pos,2,  WRONG cmd, stop,0,  the elevator is not moving!
, elevID,0,  pos,2,  WRONG cmd, stop,3,  the elevator is not moving!
, elevID,0,  pos,2,  WRONG cmd, stop,4,  the elevator is not moving!
, elevID,0,  pos,2,  WRONG cmd, stop,5,  the elevator is not moving!
, elevID,0,  pos,2,  WRONG cmd, stop,6,  the elevator is not moving!
, elevID,0,  pos,2,  WRONG cmd, stop,8,  the elevator is not moving!
673.0,Elevator call,672.677314157026,0,-1,1,0, got allocated to elevator, 0
, elevID,0,  pos,2,  WRONG cmd, stop,0,  the elevator is not moving!
, elevID,0,  pos,2,  WRONG cmd, stop,8,  the elevator is not moving!
, elevID,0,  pos,2,  WRONG cmd, stop,10,  the elevator is not moving!
676.0, elevID,0,  pos,2,  cmd, goto,10
678.0,Elevator call,677.7341948387335,0,-1,1,0, got allocated to elevator, 0
679.0,Elevator call,678.9953584914538,-1,-2,1,0, got allocated to elevator, 0
694.0,Elev,0,  arrived at dest, 10, this call is done!, Elevator call,332.4267319393355,0,10,3,0, Done, dt, 361.5732680606645
, elevID,0,  pos,10,  WRONG cmd, stop,-1,  the elevator is not moving!
, elevID,0,  pos,10,  WRONG cmd, stop,0,  the elevator is not moving!
696.0,Elevator call,695.2239881566923,0,10,1,0, got allocated to elevator, 0
, elevID,0,  pos,10,  WRONG cmd, stop,10,  the elevator is not moving!
697.0, elevID,0,  pos,10,  cmd, goto,10
707.0,Elevator call,706.1583474999188,-1,-2,1,0, got allocated to elevator, 0
, elevID,0,  pos,10,  WRONG cmd, stop,-1,  the elevator is not moving!
708.0, elevID,0,  pos,10,  cmd, goto,-1
711.0,Elevator call,710.3249770041223,0,1,1,0, got allocated to elevator, 0
714.0,Elevator call,713.0191971398395,1,0,1,0, got allocated to elevator, 0
714.0,Elevator call,713.2499766424826,10,-1,1,0, got allocated to elevator, 0
723.0,Elevator call,722.6161212799507,10,0,1,0, got allocated to elevator, 0
728.0,Elevator call,727.514602863032,-1,0,1,0, got allocated to elevator, 0
729.0,Elev,0,  arrived at dest, -1, this call is done!, Elevator call,174.84385152106802,0,-1,3,0, Done, dt, 554.156148478932
729.0,Elev,0,  arrived at src, -1, Elevator call,227.0798304557929,-1,5,2,0
729.0,Elev,0,  arrived at src, -1, Elevator call,231.51578817426258,-1,0,2,0
729.0,Elev,0,  arrived at dest, -1, this call is done!, Elevator call,232.95043623946805,0,-1,3,0, Done, dt, 496.04956376053195
729.0,Elev,0,  arrived at src, -1, Elevator call,251.10444690749756,-1,-2,2,0
729.0,Elev,0,  arrived at src, -1, Elevator call,257.7974435335086,-1,0,2,0
729.0,Elev,0,  arrived at dest, -1, this call is done!, Elevator call,309.30053828560517,0,-1,3,0, Done, dt, 419.69946171439483
729.0,Elev,0,  arrived at dest, -1, this call is done!, Elevator call,312.30185564398687,0,-1,3,0, Done, dt, 416.69814435601313
729.0,Elev,0,  arrived at dest, -1, this call is done!, Elevator call,316.03237827404377,0,-1,3,0, Done, dt, 412.96762172595623
729.0,Elev,0,  arrived at src, -1, Elevator call,320.97607492210807,-1,0,2,0
729.0,Elev,0,  arrived at src, -1, Elevator call,336.93043046159545,-1,0,2,0
729.0,Elev,0,  arrived at src, -1, Elevator call,405.1821140884023,-1,10,2,0
729.0,Elev,0,  arrived at dest, -1, this call is done!, Elevator call,472.7445473930129,10,-1,3,0, Done, dt, 256.2554526069871
729.0,Elev,0,  arrived at dest, -1, this call is done!, Elevator call,500.3712044996745,8,-1,3,0, Done, dt, 228.6287955003255
729.0,Elev,0,  arrived at dest, -1, this call is done!, Elevator call,503.13847841893045,1,-1,3,0, Done, dt, 225.86152158106955
729.0,Elev,0,  arrived at dest, -1, this call is done!, Elevator call,504.4317942159655,0,-1,3,0, Done, dt, 224.5682057840345
729.0,Elev,0,  arrived at dest, -1, this call is done!, Elevator call,529.6277472128405,3,-1,3,0, Done, dt, 199.37225278715948
729.0,Elev,0,  arrived at src, -1, Elevator call,537.7866883694313,-1,6,2,0
729.0,Elev,0,  arrived at dest, -1, this call is done!, Elevator call,544.7880392034898,6,-1,3,0, Done, dt, 184.2119607965102
729.0,Elev,0,  arrived at dest, -1, this call is done!, Elevator call,565.0195521745534,0,-1,3,0, Done, dt, 163.98044782544662
729.0,Elev,0,  arrived at src, -1, Elevator call,643.8547514955396,-1,2,2,0
729.0,Elev,0,  arrived at src, -1, Elevator call,661.0420820268716,-1,3,2,0
729.0,Elev,0,  arrived at src, -1, Elevator call,662.1730527520776,-1,5,2,0
729.0,Elev,0,  arrived at src, -1, Elevator call,665.1155548533167,-1,8,2,0
729.0,Elev,0,  arrived at src, -1, Elevator call,678.9953584914538,-1,-2,2,0
729.0,Elev,0,  arrived at src, -1, Elevator call,706.1583474999188,-1,-2,2,0
729.0,Elev,0,  arrived at src, -1, Elevator call,727.514602863032,-1,0,2,0
, elevID,0,  pos,-1,  WRONG cmd, stop,0,  the elevator is not moving!
, elevID,0,  pos,-1,  WRONG cmd, stop,1,  the elevator is not moving!
, elevID,0,  pos,-1,  WRONG cmd, stop,10,  the elevator is not moving!
732.0, elevID,0,  pos,-1,  cmd, goto,10
733.0,Elevator call,732.9746341348998,6,-1,1,0, got allocated to elevator, 0
738.0,Elevator call,737.314720213409,1,0,1,0, got allocated to elevator, 0
753.0,Elev,0,  arrived at dest, 10, this call is done!, Elevator call,405.1821140884023,-1,10,3,0, Done, dt, 347.8178859115977
753.0,Elev,0,  arrived at src, 10, Elevator call,713.2499766424826,10,-1,2,0
753.0,Elev,0,  arrived at src, 10, Elevator call,722.6161212799507,10,0,2,0
, elevID,0,  pos,10,  WRONG cmd, stop,0,  the elevator is not moving!
, elevID,0,  pos,10,  WRONG cmd, stop,1,  the elevator is not moving!
, elevID,0,  pos,10,  WRONG cmd, stop,6,  the elevator is not moving!
756.0, elevID,0,  pos,10,  cmd, goto,6
770.0,Elev,0,  arrived at dest, 6, this call is done!, Elevator call,537.7866883694313,-1,6,3,0, Done, dt, 232.21331163056868
770.0,Elev,0,  arrived at src, 6, Elevator call,660.0732907797126,6,10,2,0
770.0,Elev,0,  arrived at src, 6, Elevator call,732.9746341348998,6,-1,2,0
780.0,Elevator call,779.399691386574,-1,5,1,0, got allocated to elevator, 0
, elevID,0,  pos,6,  WRONG cmd, stop,5,  the elevator is not moving!
781.0, elevID,0,  pos,6,  cmd, goto,5
792.0,Elev,0,  arrived at dest, 5, this call is done!, Elevator call,227.0798304557929,-1,5,3,0, Done, dt, 564.920169544207
792.0,Elev,0,  arrived at dest, 5, this call is done!, Elevator call,392.5160764870397,0,5,3,0, Done, dt, 399.4839235129603
792.0,Elev,0,  arrived at dest, 5, this call is done!, Elevator call,662.1730527520776,-1,5,3,0, Done, dt, 129.82694724792236
792.0,Elev,0,  arrived at src, 5, Elevator call,666.2411586665262,5,-1,2,0
806.0,Elevator call,805.6754743307536,-1,-2,1,0, got allocated to elevator, 0
, elevID,0,  pos,5,  WRONG cmd, stop,-1,  the elevator is not moving!
807.0, elevID,0,  pos,5,  cmd, goto,-1
811.0,Elevator call,810.4469089359914,2,0,1,0, got allocated to elevator, 0
817.0,Elevator call,816.1516998390152,7,-1,1,0, got allocated to elevator, 0
823.0,Elev,0,  arrived at dest, -1, this call is done!, Elevator call,666.2411586665262,5,-1,3,0, Done, dt, 156.7588413334738
823.0,Elev,0,  arrived at dest, -1, this call is done!, Elevator call,713.2499766424826,10,-1,3,0, Done, dt, 109.75002335751742
823.0,Elev,0,  arrived at dest, -1, this call is done!, Elevator call,732.9746341348998,6,-1,3,0, Done, dt, 90.02536586510018
823.0,Elev,0,  arrived at src, -1, Elevator call,779.399691386574,-1,5,2,0
823.0,Elev,0,  arrived at src, -1, Elevator call,805.6754743307536,-1,-2,2,0
, elevID,0,  pos,-1,  WRONG cmd, stop,0,  the elevator is not moving!
, elevID,0,  pos,-1,  WRONG cmd, stop,2,  the elevator is not moving!
, elevID,0,  pos,-1,  WRONG cmd, stop,7,  the elevator is not moving!
826.0,Elevator call,825.4575184586336,7,0,1,0, got allocated to elevator, 0
, elevID,0,  pos,-1,  WRONG cmd, stop,7,  the elevator is not moving!
827.0, elevID,0,  pos,-1,  cmd, goto,7
840.0,Elevator call,839.8525652620532,0,1,1,0, got allocated to elevator, 0
845.0,Elev,0,  arrived at dest, 7, this call is done!, Elevator call,195.90869649656992,0,7,3,0, Done, dt, 649.09130350343
845.0,Elev,0,  arrived at src, 7, Elevator call,321.37040904796595,7,-1,2,0
845.0,Elev,0,  arrived at src, 7, Elevator call,603.9342326983083,7,0,2,0
845.0,Elev,0,  arrived at src, 7, Elevator call,816.1516998390152,7,-1,2,0
845.0,Elev,0,  arrived at src, 7, Elevator call,825.4575184586336,7,0,2,0
, elevID,0,  pos,7,  WRONG cmd, stop,1,  the elevator is not moving!
846.0, elevID,0,  pos,7,  cmd, goto,1
855.0,Elevator call,854.2002278085795,6,-1,1,0, got allocated to elevator, 0
862.0,Elev,0,  arrived at src, 1, Elevator call,713.0191971398395,1,0,2,0
862.0,Elev,0,  arrived at src, 1, Elevator call,737.314720213409,1,0,2,0
, elevID,0,  pos,1,  WRONG cmd, stop,6,  the elevator is not moving!
863.0, elevID,0,  pos,1,  cmd, goto,6
864.0,Elevator call,863.893291272948,0,-1,1,0, got allocated to elevator, 0
871.0,Elevator call,870.5053023797483,0,7,1,0, got allocated to elevator, 0
878.0,Elev,0,  arrived at src, 6, Elevator call,854.2002278085795,6,-1,2,0
, elevID,0,  pos,6,  WRONG cmd, stop,0,  the elevator is not moving!
, elevID,0,  pos,6,  WRONG cmd, stop,7,  the elevator is not moving!
880.0, elevID,0,  pos,6,  cmd, goto,7
887.0,Elevator call,886.5649993239458,-1,-2,1,0, got allocated to elevator, 0
, elevID,0,  pos,7,  WRONG cmd, stop,-1,  the elevator is not moving!
892.0, elevID,0,  pos,7,  cmd, goto,-1
893.0,Elevator call,892.5212150591021,9,-1,1,0, got allocated to elevator, 0
910.0,Elev,0,  arrived at dest, -1, this call is done!, Elevator call,321.37040904796595,7,-1,3,0, Done, dt, 588.629590952034
910.0,Elev,0,  arrived at dest, -1, this call is done!, Elevator call,816.1516998390152,7,-1,3,0, Done, dt, 93.84830016098476
910.0,Elev,0,  arrived at dest, -1, this call is done!, Elevator call,854.2002278085795,6,-1,3,0, Done, dt, 55.799772191420516
910.0,Elev,0,  arrived at src, -1, Elevator call,886.5649993239458,-1,-2,2,0
, elevID,0,  pos,-1,  WRONG cmd, stop,9,  the elevator is not moving!
911.0,Elevator call,910.5388559417848,6,5,1,0, got allocated to elevator, 0
, elevID,0,  pos,-1,  WRONG cmd, stop,6,  the elevator is not moving!
, elevID,0,  pos,-1,  WRONG cmd, stop,9,  the elevator is not moving!
913.0, elevID,0,  pos,-1,  cmd, goto,9
916.0,Elevator call,915.9490574608818,4,-1,1,0, got allocated to elevator, 0
933.0,Elev,0,  arrived at src, 9, Elevator call,892.5212150591021,9,-1,2,0
, elevID,0,  pos,9,  WRONG cmd, stop,4,  the elevator is not moving!
934.0,Elevator call,933.8580452488764,7,5,1,0, got allocated to elevator, 0
, elevID,0,  pos,9,  WRONG cmd, stop,5,  the elevator is not moving!
, elevID,0,  pos,9,  WRONG cmd, stop,7,  the elevator is not moving!
936.0, elevID,0,  pos,9,  cmd, goto,7
948.0,Elev,0,  arrived at src, 7, Elevator call,933.8580452488764,7,5,2,0
962.0,Elevator call,961.6862855708133,6,-1,1,0, got allocated to elevator, 0
, elevID,0,  pos,7,  WRONG cmd, stop,6,  the elevator is not moving!
963.0, elevID,0,  pos,7,  cmd, goto,6
973.0,Elevator call,972.8032126022729,1,0,1,0, got allocated to elevator, 0
974.0,Elev,0,  arrived at src, 6, Elevator call,910.5388559417848,6,5,2,0
974.0,Elev,0,  arrived at src, 6, Elevator call,961.6862855708133,6,-1,2,0
, elevID,0,  pos,6,  WRONG cmd, stop,1,  the elevator is not moving!
975.0, elevID,0,  pos,6,  cmd, goto,1
976.0,Elevator call,975.8361202753667,0,-1,1,0, got allocated to elevator, 0
979.0,Elevator call,978.5925148564796,10,0,1,0, got allocated to elevator, 0
979.0,Elevator call,978.6210500641439,10,-1,1,0, got allocated to elevator, 0
985.0,Elevator call,984.1840185574983,7,0,1,0, got allocated to elevator, 0
990.0,Elev,0,  arrived at src, 1, Elevator call,972.8032126022729,1,0,2,0
, elevID,0,  pos,1,  WRONG cmd, stop,0,  the elevator is not moving!
, elevID,0,  pos,1,  WRONG cmd, stop,7,  the elevator is not moving!
, elevID,0,  pos,1,  WRONG cmd, stop,10,  the elevator is not moving!
993.0, elevID,0,  pos,1,  cmd, goto,10
1000.0,************* Simulation Ended ************
Code Owners,123456789,  Case,2,  Total waiting time: 30202.79282212021,  average waiting time per call: 302.0279282212021,  unCompleted calls,52,  certificate, -9302804617
